[I 200715 08:03:23 inrepo:36] Testing notebook ARIMA_exploration_detrended.ipynb
[W 200715 08:03:23 inrepo:48] No such kernel python2, falling back on kernel language=python
[W 200715 08:03:23 inrepo:60] Using kernel python3 to provide language: python
[I 200715 08:03:25 execute:404] Executing notebook with kernel: python3
Traceback (most recent call last):
  File "/src/inrepo.py", line 114, in <module>
    main()
  File "/src/inrepo.py", line 110, in main
    test_f(opts.test, opts.output_dir)
  File "/src/inrepo.py", line 75, in run_notebook
    nb, cwd=os.path.dirname(nb_path), kernel_name=kernel_name, timeout=600
  File "/srv/conda/envs/notebook/lib/python3.7/site-packages/nbconvert/preprocessors/execute.py", line 737, in executenb
    return ep.preprocess(nb, resources, km=km)[0]
  File "/srv/conda/envs/notebook/lib/python3.7/site-packages/nbconvert/preprocessors/execute.py", line 405, in preprocess
    nb, resources = super(ExecutePreprocessor, self).preprocess(nb, resources)
  File "/srv/conda/envs/notebook/lib/python3.7/site-packages/nbconvert/preprocessors/base.py", line 69, in preprocess
    nb.cells[index], resources = self.preprocess_cell(cell, resources, index)
  File "/srv/conda/envs/notebook/lib/python3.7/site-packages/nbconvert/preprocessors/execute.py", line 448, in preprocess_cell
    raise CellExecutionError.from_cell_and_msg(cell, out)
nbconvert.preprocessors.execute.CellExecutionError: An error occurred while executing the following cell:
------------------
from core.problems import SumToSumARIMA
from core.preprocessing import make_small_train, make_small_dev
from core.utilities import plot_forecasts, calc_test_mse
import numpy as np
import pandas as pd
import matplotlib.pyplot as plt
%matplotlib inline
import seaborn as sns
sns.set(style='darkgrid', palette='colorblind', context='talk')
from time import time
------------------

[0;31m---------------------------------------------------------------------------[0m
[0;31mModuleNotFoundError[0m                       Traceback (most recent call last)
[0;32m<ipython-input-1-3227675bbe06>[0m in [0;36m<module>[0;34m[0m
[0;32m----> 1[0;31m [0;32mfrom[0m [0mcore[0m[0;34m.[0m[0mproblems[0m [0;32mimport[0m [0mSumToSumARIMA[0m[0;34m[0m[0;34m[0m[0m
[0m[1;32m      2[0m [0;32mfrom[0m [0mcore[0m[0;34m.[0m[0mpreprocessing[0m [0;32mimport[0m [0mmake_small_train[0m[0;34m,[0m [0mmake_small_dev[0m[0;34m[0m[0;34m[0m[0m
[1;32m      3[0m [0;32mfrom[0m [0mcore[0m[0;34m.[0m[0mutilities[0m [0;32mimport[0m [0mplot_forecasts[0m[0;34m,[0m [0mcalc_test_mse[0m[0;34m[0m[0;34m[0m[0m
[1;32m      4[0m [0;32mimport[0m [0mnumpy[0m [0;32mas[0m [0mnp[0m[0;34m[0m[0;34m[0m[0m
[1;32m      5[0m [0;32mimport[0m [0mpandas[0m [0;32mas[0m [0mpd[0m[0;34m[0m[0;34m[0m[0m

[0;32m~/core/problems.py[0m in [0;36m<module>[0;34m[0m
[1;32m      3[0m [0mThis[0m [0mmodule[0m [0mcontains[0m [0mproblem[0m [0mtypes[0m [0mthat[0m [0mwe[0m [0mare[0m [0mplanning[0m [0mto[0m [0maddress[0m[0;34m.[0m[0;34m[0m[0;34m[0m[0m
[1;32m      4[0m """
[0;32m----> 5[0;31m [0;32mfrom[0m [0mcore[0m[0;34m.[0m[0mutilities[0m [0;32mimport[0m [0mplot_forecasts[0m[0;34m,[0m [0mcalc_test_mse[0m[0;34m[0m[0;34m[0m[0m
[0m[1;32m      6[0m [0;32mimport[0m [0mnumpy[0m [0;32mas[0m [0mnp[0m[0;34m[0m[0;34m[0m[0m
[1;32m      7[0m [0;32mimport[0m [0mpandas[0m [0;32mas[0m [0mpd[0m[0;34m[0m[0;34m[0m[0m

[0;32m~/core/utilities.py[0m in [0;36m<module>[0;34m[0m
[1;32m      4[0m """
[1;32m      5[0m [0;34m[0m[0m
[0;32m----> 6[0;31m [0;32mimport[0m [0mnumpy[0m [0;32mas[0m [0mnp[0m[0;34m[0m[0;34m[0m[0m
[0m[1;32m      7[0m [0;32mimport[0m [0mpandas[0m [0;32mas[0m [0mpd[0m[0;34m[0m[0;34m[0m[0m
[1;32m      8[0m [0;32mimport[0m [0mmatplotlib[0m[0;34m.[0m[0mpyplot[0m [0;32mas[0m [0mplt[0m[0;34m[0m[0;34m[0m[0m

[0;31mModuleNotFoundError[0m: No module named 'numpy'
ModuleNotFoundError: No module named 'numpy'


Container exited with status: {'Error': None, 'StatusCode': 1}
