[I 200703 07:59:48 inrepo:35] Testing notebook docs/source/examples/Einstein Tensor symbolic calculation.ipynb
[I 200703 07:59:49 execute:404] Executing notebook with kernel: python3
Traceback (most recent call last):
  File "/src/inrepo.py", line 76, in <module>
    main()
  File "/src/inrepo.py", line 72, in main
    test_f(opts.test, opts.output_dir)
  File "/src/inrepo.py", line 38, in run_notebook
    exported = executenb(nb, cwd=os.path.dirname(nb_path))
  File "/srv/conda/envs/notebook/lib/python3.7/site-packages/nbconvert/preprocessors/execute.py", line 737, in executenb
    return ep.preprocess(nb, resources, km=km)[0]
  File "/srv/conda/envs/notebook/lib/python3.7/site-packages/nbconvert/preprocessors/execute.py", line 405, in preprocess
    nb, resources = super(ExecutePreprocessor, self).preprocess(nb, resources)
  File "/srv/conda/envs/notebook/lib/python3.7/site-packages/nbconvert/preprocessors/base.py", line 69, in preprocess
    nb.cells[index], resources = self.preprocess_cell(cell, resources, index)
  File "/srv/conda/envs/notebook/lib/python3.7/site-packages/nbconvert/preprocessors/execute.py", line 448, in preprocess_cell
    raise CellExecutionError.from_cell_and_msg(cell, out)
nbconvert.preprocessors.execute.CellExecutionError: An error occurred while executing the following cell:
------------------
import numpy as np
import pytest
import sympy
from sympy import cos, simplify, sin, sinh, tensorcontraction
from einsteinpy.symbolic import EinsteinTensor, MetricTensor, RicciScalar

sympy.init_printing()
------------------

[0;31m---------------------------------------------------------------------------[0m
[0;31mModuleNotFoundError[0m                       Traceback (most recent call last)
[0;32m<ipython-input-1-acd6139be439>[0m in [0;36m<module>[0;34m[0m
[1;32m      1[0m [0;32mimport[0m [0mnumpy[0m [0;32mas[0m [0mnp[0m[0;34m[0m[0;34m[0m[0m
[0;32m----> 2[0;31m [0;32mimport[0m [0mpytest[0m[0;34m[0m[0;34m[0m[0m
[0m[1;32m      3[0m [0;32mimport[0m [0msympy[0m[0;34m[0m[0;34m[0m[0m
[1;32m      4[0m [0;32mfrom[0m [0msympy[0m [0;32mimport[0m [0mcos[0m[0;34m,[0m [0msimplify[0m[0;34m,[0m [0msin[0m[0;34m,[0m [0msinh[0m[0;34m,[0m [0mtensorcontraction[0m[0;34m[0m[0;34m[0m[0m
[1;32m      5[0m [0;32mfrom[0m [0meinsteinpy[0m[0;34m.[0m[0msymbolic[0m [0;32mimport[0m [0mEinsteinTensor[0m[0;34m,[0m [0mMetricTensor[0m[0;34m,[0m [0mRicciScalar[0m[0;34m[0m[0;34m[0m[0m

[0;31mModuleNotFoundError[0m: No module named 'pytest'
ModuleNotFoundError: No module named 'pytest'


Container exited with status: {'Error': None, 'StatusCode': 1}
