Picked Local content provider.
Using local repo /tmp/r2d-test-2020-07-20T12.59rdp6jeha/github.com/martako/AI-SVM-classifier.
Using PythonBuildPack builder
Step 1/51 : FROM buildpack-deps:bionic
 ---> 5d109dc6d8a0
Step 2/51 : ENV DEBIAN_FRONTEND=noninteractive
 ---> Using cache
 ---> 84875aa039ff
Step 3/51 : RUN apt-get -qq update &&     apt-get -qq install --yes --no-install-recommends locales > /dev/null &&     apt-get -qq purge &&     apt-get -qq clean &&     rm -rf /var/lib/apt/lists/*
 ---> Using cache
 ---> 2c6f3445209c
Step 4/51 : RUN echo "en_US.UTF-8 UTF-8" > /etc/locale.gen &&     locale-gen
 ---> Using cache
 ---> 5ac40a1069ef
Step 5/51 : ENV LC_ALL en_US.UTF-8
 ---> Using cache
 ---> 0569ecd6efb3
Step 6/51 : ENV LANG en_US.UTF-8
 ---> Using cache
 ---> bd3372a8f400
Step 7/51 : ENV LANGUAGE en_US.UTF-8
 ---> Using cache
 ---> ab87a637d837
Step 8/51 : ENV SHELL /bin/bash
 ---> Using cache
 ---> 50ed7363eaf5
Step 9/51 : ARG NB_USER
 ---> Using cache
 ---> 0b8893bd6422
Step 10/51 : ARG NB_UID
 ---> Using cache
 ---> b9e6fa4ea16e
Step 11/51 : ENV USER ${NB_USER}
 ---> Using cache
 ---> b142a4c01942
Step 12/51 : ENV HOME /home/${NB_USER}
 ---> Using cache
 ---> e11d5723ab90
Step 13/51 : RUN groupadd         --gid ${NB_UID}         ${NB_USER} &&     useradd         --comment "Default user"         --create-home         --gid ${NB_UID}         --no-log-init         --shell /bin/bash         --uid ${NB_UID}         ${NB_USER}
 ---> Using cache
 ---> e20a5903ae77
Step 14/51 : RUN wget --quiet -O - https://deb.nodesource.com/gpgkey/nodesource.gpg.key |  apt-key add - &&     DISTRO="bionic" &&     echo "deb https://deb.nodesource.com/node_10.x $DISTRO main" >> /etc/apt/sources.list.d/nodesource.list &&     echo "deb-src https://deb.nodesource.com/node_10.x $DISTRO main" >> /etc/apt/sources.list.d/nodesource.list
 ---> Using cache
 ---> 730bb79c819d
Step 15/51 : RUN apt-get -qq update &&     apt-get -qq install --yes --no-install-recommends        less        nodejs        unzip        > /dev/null &&     apt-get -qq purge &&     apt-get -qq clean &&     rm -rf /var/lib/apt/lists/*
 ---> Using cache
 ---> 2be5b9d2edc7
Step 16/51 : EXPOSE 8888
 ---> Using cache
 ---> 7fcdbaf0fe40
Step 17/51 : ENV APP_BASE /srv
 ---> Using cache
 ---> ee51ea8ec11a
Step 18/51 : ENV NPM_DIR ${APP_BASE}/npm
 ---> Using cache
 ---> f34fdbe18446
Step 19/51 : ENV NPM_CONFIG_GLOBALCONFIG ${NPM_DIR}/npmrc
 ---> Using cache
 ---> 833e25d9d235
Step 20/51 : ENV CONDA_DIR ${APP_BASE}/conda
 ---> Using cache
 ---> 8ee468f15616
Step 21/51 : ENV NB_PYTHON_PREFIX ${CONDA_DIR}/envs/notebook
 ---> Using cache
 ---> 971c9391c0ab
Step 22/51 : ENV KERNEL_PYTHON_PREFIX ${NB_PYTHON_PREFIX}
 ---> Using cache
 ---> 7fa50abe8e21
Step 23/51 : ENV PATH ${NB_PYTHON_PREFIX}/bin:${CONDA_DIR}/bin:${NPM_DIR}/bin:${PATH}
 ---> Using cache
 ---> eaa621b5d97f
Step 24/51 : COPY build_script_files/-2fusr-2flocal-2flib-2fpython3-2e8-2fdist-2dpackages-2frepo2docker-2fbuildpacks-2fconda-2factivate-2dconda-2esh-1be18e /etc/profile.d/activate-conda.sh
 ---> Using cache
 ---> 9ffab983afa0
Step 25/51 : COPY build_script_files/-2fusr-2flocal-2flib-2fpython3-2e8-2fdist-2dpackages-2frepo2docker-2fbuildpacks-2fconda-2fenvironment-2epy-2d3-2e7-2efrozen-2eyml-26bd38 /tmp/environment.yml
 ---> Using cache
 ---> 9b3e6c528ba6
Step 26/51 : COPY build_script_files/-2fusr-2flocal-2flib-2fpython3-2e8-2fdist-2dpackages-2frepo2docker-2fbuildpacks-2fconda-2finstall-2dminiconda-2ebash-813f10 /tmp/install-miniconda.bash
 ---> Using cache
 ---> e52d3b4016a9
Step 27/51 : RUN mkdir -p ${NPM_DIR} && chown -R ${NB_USER}:${NB_USER} ${NPM_DIR}
 ---> Using cache
 ---> 0a8f7bcc0bd7
Step 28/51 : USER ${NB_USER}
 ---> Using cache
 ---> e295fca18e9d
Step 29/51 : RUN npm config --global set prefix ${NPM_DIR}
 ---> Using cache
 ---> b3629329dd8f
Step 30/51 : USER root
 ---> Using cache
 ---> 5ba3698f0957
Step 31/51 : RUN bash /tmp/install-miniconda.bash && rm /tmp/install-miniconda.bash /tmp/environment.yml
 ---> Using cache
 ---> ecb18ec9bb2f
Step 32/51 : ARG REPO_DIR=${HOME}
 ---> Using cache
 ---> 8f78500beba3
Step 33/51 : ENV REPO_DIR ${REPO_DIR}
 ---> Using cache
 ---> 300bfe3eb940
Step 34/51 : WORKDIR ${REPO_DIR}
 ---> Using cache
 ---> ab56d4c94aaf
Step 35/51 : ENV PATH ${HOME}/.local/bin:${REPO_DIR}/.local/bin:${PATH}
 ---> Using cache
 ---> 26a826700420
Step 36/51 : ENV CONDA_DEFAULT_ENV ${KERNEL_PYTHON_PREFIX}
 ---> Using cache
 ---> ebb7f28a23e9
Step 37/51 : COPY src/requirements.txt ${REPO_DIR}/requirements.txt
 ---> Using cache
 ---> b969dc7bed77
Step 38/51 : USER root
 ---> Using cache
 ---> 50f1d2041f56
Step 39/51 : RUN chown -R ${NB_USER}:${NB_USER} ${REPO_DIR}
 ---> Using cache
 ---> e4be2787b3aa
Step 40/51 : USER ${NB_USER}
 ---> Using cache
 ---> 7706c565b694
Step 41/51 : RUN ${KERNEL_PYTHON_PREFIX}/bin/pip install --no-cache-dir -r "requirements.txt"
 ---> Running in d7ee5a6c5e56
[91mWARNING: pip is being invoked by an old script wrapper. This will fail in a future version of pip.
Please see https://github.com/pypa/pip/issues/5599 for advice on fixing the underlying issue.
To avoid this problem you can invoke Python with '-m pip' instead of running pip directly.
[0mCollecting scipy
  Downloading scipy-1.5.1-cp37-cp37m-manylinux1_x86_64.whl (25.9 MB)
Collecting tfidf
  Downloading tfidf-0.0.6.tar.gz (2.0 kB)
Collecting jupyter
  Downloading jupyter-1.0.0-py2.py3-none-any.whl (2.7 kB)
Collecting numpy
  Downloading numpy-1.19.0-cp37-cp37m-manylinux2010_x86_64.whl (14.6 MB)
Collecting matplotlib
  Downloading matplotlib-3.3.0-1-cp37-cp37m-manylinux1_x86_64.whl (11.5 MB)
Collecting pandas
  Downloading pandas-1.0.5-cp37-cp37m-manylinux1_x86_64.whl (10.1 MB)
Collecting sklearn
  Downloading sklearn-0.0.tar.gz (1.1 kB)
Collecting pysal
  Downloading pysal-2.2.0.tar.gz (104 kB)
Collecting jupyterthemes
  Downloading jupyterthemes-0.20.0-py2.py3-none-any.whl (7.0 MB)
Collecting etl_utils>=0.0.9
  Downloading etl_utils-0.1.11.tar.gz (14 kB)
Requirement already satisfied: ipykernel in /srv/conda/envs/notebook/lib/python3.7/site-packages (from jupyter->-r requirements.txt (line 3)) (5.1.4)
Collecting qtconsole
  Downloading qtconsole-4.7.5-py2.py3-none-any.whl (118 kB)
Requirement already satisfied: nbconvert in /srv/conda/envs/notebook/lib/python3.7/site-packages (from jupyter->-r requirements.txt (line 3)) (5.6.1)
Collecting jupyter-console
  Downloading jupyter_console-6.1.0-py2.py3-none-any.whl (21 kB)
Requirement already satisfied: ipywidgets in /srv/conda/envs/notebook/lib/python3.7/site-packages (from jupyter->-r requirements.txt (line 3)) (7.5.1)
Requirement already satisfied: notebook in /srv/conda/envs/notebook/lib/python3.7/site-packages (from jupyter->-r requirements.txt (line 3)) (6.0.3)
Collecting pyparsing!=2.0.4,!=2.1.2,!=2.1.6,>=2.0.3
  Downloading pyparsing-2.4.7-py2.py3-none-any.whl (67 kB)
Collecting kiwisolver>=1.0.1
  Downloading kiwisolver-1.2.0-cp37-cp37m-manylinux1_x86_64.whl (88 kB)
Collecting pillow>=6.2.0
  Downloading Pillow-7.2.0-cp37-cp37m-manylinux1_x86_64.whl (2.2 MB)
Collecting cycler>=0.10
  Downloading cycler-0.10.0-py2.py3-none-any.whl (6.5 kB)
Requirement already satisfied: python-dateutil>=2.1 in /srv/conda/envs/notebook/lib/python3.7/site-packages (from matplotlib->-r requirements.txt (line 5)) (2.8.1)
Collecting pytz>=2017.2
  Downloading pytz-2020.1-py2.py3-none-any.whl (510 kB)
Collecting scikit-learn
  Downloading scikit_learn-0.23.1-cp37-cp37m-manylinux1_x86_64.whl (6.8 MB)
Collecting libpysal>=4.2.2
  Downloading libpysal-4.3.0.tar.gz (2.4 MB)
Collecting esda>=2.2.1
  Downloading esda-2.3.1.tar.gz (71 kB)
Collecting giddy>=2.3.0
  Downloading giddy-2.3.3-py3-none-any.whl (60 kB)
Collecting inequality>=1.0.0
  Downloading inequality-1.0.0.tar.gz (11 kB)
Collecting pointpats>=2.1.0
  Downloading pointpats-2.1.0.tar.gz (27 kB)
Collecting segregation>=1.2.0
  Downloading segregation-1.3.0-py3-none-any.whl (82 kB)
Collecting spaghetti>=1.4.1
  Downloading spaghetti-1.5.0-py3-none-any.whl (43 kB)
Collecting mgwr>=2.1.1
  Downloading mgwr-2.1.1-py3-none-any.whl (44 kB)
Collecting spglm>=1.0.7
  Downloading spglm-1.0.7.tar.gz (38 kB)
Collecting spint>=1.0.6
  Downloading spint-1.0.6-py3-none-any.whl (31 kB)
Collecting spreg>=1.0.4
  Downloading spreg-1.1.1-py3-none-any.whl (264 kB)
Collecting spvcm>=0.3.0
  Downloading spvcm-0.3.0.tar.gz (5.7 MB)
Collecting tobler>=0.2.0
  Downloading tobler-0.3.1-py3-none-any.whl (19 kB)
Collecting mapclassify>=2.2.0
  Downloading mapclassify-2.3.0-py3-none-any.whl (35 kB)
Collecting splot>=1.1.2
  Downloading splot-1.1.3.tar.gz (34 kB)
Collecting urllib3<1.25
  Downloading urllib3-1.24.3-py2.py3-none-any.whl (118 kB)
Collecting lesscpy>=0.11.2
  Downloading lesscpy-0.14.0-py2.py3-none-any.whl (46 kB)
Requirement already satisfied: ipython>=5.4.1 in /srv/conda/envs/notebook/lib/python3.7/site-packages (from jupyterthemes->-r requirements.txt (line 9)) (7.11.1)
Requirement already satisfied: jupyter-core in /srv/conda/envs/notebook/lib/python3.7/site-packages (from jupyterthemes->-r requirements.txt (line 9)) (4.6.1)
Collecting cached_property
  Downloading cached_property-1.5.1-py2.py3-none-any.whl (6.0 kB)
Collecting progressbar==2.2
  Downloading progressbar-2.2.tar.gz (5.1 kB)
Collecting termcolor
  Downloading termcolor-1.1.0.tar.gz (3.9 kB)
Collecting pysingleton
  Downloading pysingleton-0.2.1.tar.gz (1.3 kB)
Collecting humanize==0.5.1
  Downloading humanize-0.5.1.tar.gz (14 kB)
Requirement already satisfied: jupyter-client in /srv/conda/envs/notebook/lib/python3.7/site-packages (from ipykernel->jupyter->-r requirements.txt (line 3)) (5.3.4)
Requirement already satisfied: traitlets>=4.1.0 in /srv/conda/envs/notebook/lib/python3.7/site-packages (from ipykernel->jupyter->-r requirements.txt (line 3)) (4.3.3)
Requirement already satisfied: tornado>=4.2 in /srv/conda/envs/notebook/lib/python3.7/site-packages (from ipykernel->jupyter->-r requirements.txt (line 3)) (6.0.3)
Requirement already satisfied: pyzmq>=17.1 in /srv/conda/envs/notebook/lib/python3.7/site-packages (from qtconsole->jupyter->-r requirements.txt (line 3)) (18.1.1)
Requirement already satisfied: ipython-genutils in /srv/conda/envs/notebook/lib/python3.7/site-packages (from qtconsole->jupyter->-r requirements.txt (line 3)) (0.2.0)
Collecting qtpy
  Downloading QtPy-1.9.0-py2.py3-none-any.whl (54 kB)
Requirement already satisfied: pygments in /srv/conda/envs/notebook/lib/python3.7/site-packages (from qtconsole->jupyter->-r requirements.txt (line 3)) (2.5.2)
Requirement already satisfied: testpath in /srv/conda/envs/notebook/lib/python3.7/site-packages (from nbconvert->jupyter->-r requirements.txt (line 3)) (0.4.4)
Requirement already satisfied: defusedxml in /srv/conda/envs/notebook/lib/python3.7/site-packages (from nbconvert->jupyter->-r requirements.txt (line 3)) (0.6.0)
Requirement already satisfied: bleach in /srv/conda/envs/notebook/lib/python3.7/site-packages (from nbconvert->jupyter->-r requirements.txt (line 3)) (3.1.0)
Requirement already satisfied: nbformat>=4.4 in /srv/conda/envs/notebook/lib/python3.7/site-packages (from nbconvert->jupyter->-r requirements.txt (line 3)) (5.0.4)
Requirement already satisfied: mistune<2,>=0.8.1 in /srv/conda/envs/notebook/lib/python3.7/site-packages (from nbconvert->jupyter->-r requirements.txt (line 3)) (0.8.4)
Requirement already satisfied: pandocfilters>=1.4.1 in /srv/conda/envs/notebook/lib/python3.7/site-packages (from nbconvert->jupyter->-r requirements.txt (line 3)) (1.4.2)
Requirement already satisfied: jinja2>=2.4 in /srv/conda/envs/notebook/lib/python3.7/site-packages (from nbconvert->jupyter->-r requirements.txt (line 3)) (2.11.0)
Requirement already satisfied: entrypoints>=0.2.2 in /srv/conda/envs/notebook/lib/python3.7/site-packages (from nbconvert->jupyter->-r requirements.txt (line 3)) (0.3)
Requirement already satisfied: prompt-toolkit!=3.0.0,!=3.0.1,<3.1.0,>=2.0.0 in /srv/conda/envs/notebook/lib/python3.7/site-packages (from jupyter-console->jupyter->-r requirements.txt (line 3)) (3.0.3)
Requirement already satisfied: widgetsnbextension~=3.5.0 in /srv/conda/envs/notebook/lib/python3.7/site-packages (from ipywidgets->jupyter->-r requirements.txt (line 3)) (3.5.1)
Requirement already satisfied: terminado>=0.8.1 in /srv/conda/envs/notebook/lib/python3.7/site-packages (from notebook->jupyter->-r requirements.txt (line 3)) (0.8.3)
Requirement already satisfied: Send2Trash in /srv/conda/envs/notebook/lib/python3.7/site-packages (from notebook->jupyter->-r requirements.txt (line 3)) (1.5.0)
Requirement already satisfied: prometheus-client in /srv/conda/envs/notebook/lib/python3.7/site-packages (from notebook->jupyter->-r requirements.txt (line 3)) (0.7.1)
Requirement already satisfied: six in /srv/conda/envs/notebook/lib/python3.7/site-packages (from cycler>=0.10->matplotlib->-r requirements.txt (line 5)) (1.14.0)
Collecting joblib>=0.11
  Downloading joblib-0.16.0-py3-none-any.whl (300 kB)
Collecting threadpoolctl>=2.0.0
  Downloading threadpoolctl-2.1.0-py3-none-any.whl (12 kB)
Collecting beautifulsoup4
  Downloading beautifulsoup4-4.9.1-py3-none-any.whl (115 kB)
Requirement already satisfied: requests in /srv/conda/envs/notebook/lib/python3.7/site-packages (from libpysal>=4.2.2->pysal->-r requirements.txt (line 8)) (2.22.0)
Collecting quantecon>=0.4.7
  Downloading quantecon-0.4.8-py3-none-any.whl (230 kB)
Collecting geopandas
  Downloading geopandas-0.8.1-py2.py3-none-any.whl (962 kB)
Collecting tqdm
  Downloading tqdm-4.48.0-py2.py3-none-any.whl (67 kB)
Collecting seaborn
  Downloading seaborn-0.10.1-py3-none-any.whl (215 kB)
Collecting rtree
  Downloading Rtree-0.9.4.tar.gz (62 kB)
[91m    ERROR: Command errored out with exit status 1:
     command: /srv/conda/envs/notebook/bin/python -c 'import sys, setuptools, tokenize; sys.argv[0] = '"'"'/tmp/pip-install-wwmx3dly/rtree/setup.py'"'"'; __file__='"'"'/tmp/pip-install-wwmx3dly/rtree/setup.py'"'"';f=getattr(tokenize, '"'"'open'"'"', open)(__file__);code=f.read().replace('"'"'\r\n'"'"', '"'"'\n'"'"');f.close();exec(compile(code, __file__, '"'"'exec'"'"'))' egg_info --egg-base /tmp/pip-install-wwmx3dly/rtree/pip-egg-info
         cwd: /tmp/pip-install-wwmx3dly/rtree/
    Complete output (15 lines):
    Traceback (most recent call last):
      File "<string>", line 1, in <module>
      File "/tmp/pip-install-wwmx3dly/rtree/setup.py", line 3, in <module>
        import rtree
      File "/tmp/pip-install-wwmx3dly/rtree/rtree/__init__.py", line 1, in <module>
        from .index import Rtree
      File "/tmp/pip-install-wwmx3dly/rtree/rtree/index.py", line 6, in <module>
        from . import core
      File "/tmp/pip-install-wwmx3dly/rtree/rtree/core.py", line 143, in <module>
        rt.Error_GetLastErrorNum.restype = ctypes.c_int
      File "/srv/conda/envs/notebook/lib/python3.7/ctypes/__init__.py", line 377, in __getattr__
        func = self.__getitem__(name)
      File "/srv/conda/envs/notebook/lib/python3.7/ctypes/__init__.py", line 382, in __getitem__
        func = self._FuncPtr((name_or_ordinal, self))
    AttributeError: /srv/conda/envs/notebook/bin/python: undefined symbol: Error_GetLastErrorNum
    ----------------------------------------
[0m[91mERROR: Command errored out with exit status 1: python setup.py egg_info Check the logs for full command output.
[0mRemoving intermediate container d7ee5a6c5e56
The command '/bin/sh -c ${KERNEL_PYTHON_PREFIX}/bin/pip install --no-cache-dir -r "requirements.txt"' returned a non-zero code: 1Traceback (most recent call last):
  File "/usr/local/lib/python3.8/dist-packages/repo2docker_checker/checker.py", line 318, in test_one_repo
    image, checkout_path = build_repo(
  File "/usr/local/lib/python3.8/dist-packages/repo2docker_checker/checker.py", line 128, in build_repo
    run(
  File "/usr/lib/python3.8/subprocess.py", line 512, in run
    raise CalledProcessError(retcode, process.args,
subprocess.CalledProcessError: Command '['jupyter-repo2docker', '--no-run', '--no-clean', '--image-name', 'r2d-test-github.com-martako-ai-svm-classifier:d33f727', '/tmp/r2d-test-2020-07-20T12.59rdp6jeha/github.com/martako/AI-SVM-classifier']' returned non-zero exit status 1.
