Picked Local content provider.
Using local repo /tmp/r2d-test-2020-07-15T12.52y0ssflvy/github.com/yoheikikuta/sandbox-edward.
Using PythonBuildPack builder
Step 1/51 : FROM buildpack-deps:bionic
 ---> 5d109dc6d8a0
Step 2/51 : ENV DEBIAN_FRONTEND=noninteractive
 ---> Using cache
 ---> 84875aa039ff
Step 3/51 : RUN apt-get -qq update &&     apt-get -qq install --yes --no-install-recommends locales > /dev/null &&     apt-get -qq purge &&     apt-get -qq clean &&     rm -rf /var/lib/apt/lists/*
 ---> Using cache
 ---> 2c6f3445209c
Step 4/51 : RUN echo "en_US.UTF-8 UTF-8" > /etc/locale.gen &&     locale-gen
 ---> Using cache
 ---> 5ac40a1069ef
Step 5/51 : ENV LC_ALL en_US.UTF-8
 ---> Using cache
 ---> 0569ecd6efb3
Step 6/51 : ENV LANG en_US.UTF-8
 ---> Using cache
 ---> bd3372a8f400
Step 7/51 : ENV LANGUAGE en_US.UTF-8
 ---> Using cache
 ---> ab87a637d837
Step 8/51 : ENV SHELL /bin/bash
 ---> Using cache
 ---> 50ed7363eaf5
Step 9/51 : ARG NB_USER
 ---> Using cache
 ---> 0b8893bd6422
Step 10/51 : ARG NB_UID
 ---> Using cache
 ---> b9e6fa4ea16e
Step 11/51 : ENV USER ${NB_USER}
 ---> Using cache
 ---> b142a4c01942
Step 12/51 : ENV HOME /home/${NB_USER}
 ---> Using cache
 ---> e11d5723ab90
Step 13/51 : RUN groupadd         --gid ${NB_UID}         ${NB_USER} &&     useradd         --comment "Default user"         --create-home         --gid ${NB_UID}         --no-log-init         --shell /bin/bash         --uid ${NB_UID}         ${NB_USER}
 ---> Using cache
 ---> e20a5903ae77
Step 14/51 : RUN wget --quiet -O - https://deb.nodesource.com/gpgkey/nodesource.gpg.key |  apt-key add - &&     DISTRO="bionic" &&     echo "deb https://deb.nodesource.com/node_10.x $DISTRO main" >> /etc/apt/sources.list.d/nodesource.list &&     echo "deb-src https://deb.nodesource.com/node_10.x $DISTRO main" >> /etc/apt/sources.list.d/nodesource.list
 ---> Using cache
 ---> 730bb79c819d
Step 15/51 : RUN apt-get -qq update &&     apt-get -qq install --yes --no-install-recommends        less        nodejs        unzip        > /dev/null &&     apt-get -qq purge &&     apt-get -qq clean &&     rm -rf /var/lib/apt/lists/*
 ---> Using cache
 ---> 2be5b9d2edc7
Step 16/51 : EXPOSE 8888
 ---> Using cache
 ---> 7fcdbaf0fe40
Step 17/51 : ENV APP_BASE /srv
 ---> Using cache
 ---> ee51ea8ec11a
Step 18/51 : ENV NPM_DIR ${APP_BASE}/npm
 ---> Using cache
 ---> f34fdbe18446
Step 19/51 : ENV NPM_CONFIG_GLOBALCONFIG ${NPM_DIR}/npmrc
 ---> Using cache
 ---> 833e25d9d235
Step 20/51 : ENV CONDA_DIR ${APP_BASE}/conda
 ---> Using cache
 ---> 8ee468f15616
Step 21/51 : ENV NB_PYTHON_PREFIX ${CONDA_DIR}/envs/notebook
 ---> Using cache
 ---> 971c9391c0ab
Step 22/51 : ENV KERNEL_PYTHON_PREFIX ${NB_PYTHON_PREFIX}
 ---> Using cache
 ---> 7fa50abe8e21
Step 23/51 : ENV PATH ${NB_PYTHON_PREFIX}/bin:${CONDA_DIR}/bin:${NPM_DIR}/bin:${PATH}
 ---> Using cache
 ---> eaa621b5d97f
Step 24/51 : COPY build_script_files/-2fusr-2flocal-2flib-2fpython3-2e8-2fdist-2dpackages-2frepo2docker-2fbuildpacks-2fconda-2factivate-2dconda-2esh-1be18e /etc/profile.d/activate-conda.sh
 ---> Using cache
 ---> 9ffab983afa0
Step 25/51 : COPY build_script_files/-2fusr-2flocal-2flib-2fpython3-2e8-2fdist-2dpackages-2frepo2docker-2fbuildpacks-2fconda-2fenvironment-2epy-2d3-2e7-2efrozen-2eyml-26bd38 /tmp/environment.yml
 ---> Using cache
 ---> 9b3e6c528ba6
Step 26/51 : COPY build_script_files/-2fusr-2flocal-2flib-2fpython3-2e8-2fdist-2dpackages-2frepo2docker-2fbuildpacks-2fconda-2finstall-2dminiconda-2ebash-813f10 /tmp/install-miniconda.bash
 ---> Using cache
 ---> e52d3b4016a9
Step 27/51 : RUN mkdir -p ${NPM_DIR} && chown -R ${NB_USER}:${NB_USER} ${NPM_DIR}
 ---> Using cache
 ---> 0a8f7bcc0bd7
Step 28/51 : USER ${NB_USER}
 ---> Using cache
 ---> e295fca18e9d
Step 29/51 : RUN npm config --global set prefix ${NPM_DIR}
 ---> Using cache
 ---> b3629329dd8f
Step 30/51 : USER root
 ---> Using cache
 ---> 5ba3698f0957
Step 31/51 : RUN bash /tmp/install-miniconda.bash && rm /tmp/install-miniconda.bash /tmp/environment.yml
 ---> Using cache
 ---> ecb18ec9bb2f
Step 32/51 : ARG REPO_DIR=${HOME}
 ---> Using cache
 ---> 8f78500beba3
Step 33/51 : ENV REPO_DIR ${REPO_DIR}
 ---> Using cache
 ---> 300bfe3eb940
Step 34/51 : WORKDIR ${REPO_DIR}
 ---> Using cache
 ---> ab56d4c94aaf
Step 35/51 : ENV PATH ${HOME}/.local/bin:${REPO_DIR}/.local/bin:${PATH}
 ---> Using cache
 ---> 26a826700420
Step 36/51 : ENV CONDA_DEFAULT_ENV ${KERNEL_PYTHON_PREFIX}
 ---> Using cache
 ---> ebb7f28a23e9
Step 37/51 : COPY src/requirements.txt ${REPO_DIR}/requirements.txt
 ---> 2828a521135d
Step 38/51 : USER root
 ---> Running in 30cd8f5ba388
Removing intermediate container 30cd8f5ba388
 ---> 4ab07ef8f18b
Step 39/51 : RUN chown -R ${NB_USER}:${NB_USER} ${REPO_DIR}
 ---> Running in cbd4a01d3fe6
Removing intermediate container cbd4a01d3fe6
 ---> 32d4b55a6843
Step 40/51 : USER ${NB_USER}
 ---> Running in 2eca933bd60a
Removing intermediate container 2eca933bd60a
 ---> 1a24806cadb6
Step 41/51 : RUN ${KERNEL_PYTHON_PREFIX}/bin/pip install --no-cache-dir -r "requirements.txt"
 ---> Running in 01892fbf2580
[91mWARNING: pip is being invoked by an old script wrapper. This will fail in a future version of pip.
Please see https://github.com/pypa/pip/issues/5599 for advice on fixing the underlying issue.
To avoid this problem you can invoke Python with '-m pip' instead of running pip directly.
[0mCollecting absl-py==0.8.1
  Downloading absl-py-0.8.1.tar.gz (103 kB)
Collecting astor==0.8.0
  Downloading astor-0.8.0-py2.py3-none-any.whl (27 kB)
Collecting bleach==1.5.0
  Downloading bleach-1.5.0-py2.py3-none-any.whl (17 kB)
Collecting certifi==2017.7.27.1
  Downloading certifi-2017.7.27.1-py2.py3-none-any.whl (349 kB)
Requirement already satisfied: chardet==3.0.4 in /srv/conda/envs/notebook/lib/python3.7/site-packages (from -r requirements.txt (line 11)) (3.0.4)
Collecting click==6.7
  Downloading click-6.7-py2.py3-none-any.whl (71 kB)
Collecting cycler==0.10.0
  Downloading cycler-0.10.0-py2.py3-none-any.whl (6.5 kB)
Collecting decorator==4.1.2
  Downloading decorator-4.1.2-py2.py3-none-any.whl (9.1 kB)
Collecting edward==1.3.4
  Downloading edward-1.3.4.tar.gz (56 kB)
Collecting entrypoints==0.2.3
  Downloading entrypoints-0.2.3-py2.py3-none-any.whl (9.4 kB)
Collecting first==2.0.1
  Downloading first-2.0.1-py2.py3-none-any.whl (7.4 kB)
Collecting gast==0.2.2
  Downloading gast-0.2.2.tar.gz (10 kB)
Collecting google-pasta==0.1.7
  Downloading google_pasta-0.1.7-py3-none-any.whl (52 kB)
Collecting grpcio==1.24.1
  Downloading grpcio-1.24.1-cp37-cp37m-manylinux1_x86_64.whl (2.3 MB)
Collecting h5py==2.10.0
  Downloading h5py-2.10.0-cp37-cp37m-manylinux1_x86_64.whl (2.9 MB)
Collecting html5lib==0.9999999
  Downloading html5lib-0.9999999.tar.gz (889 kB)
Collecting idna==2.6
  Downloading idna-2.6-py2.py3-none-any.whl (56 kB)
Collecting ipykernel==4.6.1
  Downloading ipykernel-4.6.1-py3-none-any.whl (104 kB)
Requirement already satisfied: ipython-genutils==0.2.0 in /srv/conda/envs/notebook/lib/python3.7/site-packages (from -r requirements.txt (line 25)) (0.2.0)
Collecting ipython==5.8.0
  Downloading ipython-5.8.0-py3-none-any.whl (758 kB)
Collecting ipywidgets==7.0.1
  Downloading ipywidgets-7.0.1-py2.py3-none-any.whl (66 kB)
Collecting jinja2==2.9.6
  Downloading Jinja2-2.9.6-py2.py3-none-any.whl (340 kB)
Collecting jsonschema==2.6.0
  Downloading jsonschema-2.6.0-py2.py3-none-any.whl (39 kB)
Requirement already satisfied: jupyter-client==5.3.4 in /srv/conda/envs/notebook/lib/python3.7/site-packages (from -r requirements.txt (line 30)) (5.3.4)
Collecting jupyter-console==5.2.0
  Downloading jupyter_console-5.2.0-py2.py3-none-any.whl (20 kB)
Collecting jupyter-core==4.6.0
  Downloading jupyter_core-4.6.0-py2.py3-none-any.whl (82 kB)
Collecting jupyter==1.0.0
  Downloading jupyter-1.0.0-py2.py3-none-any.whl (2.7 kB)
Collecting keras-applications==1.0.8
  Downloading Keras_Applications-1.0.8-py3-none-any.whl (50 kB)
Collecting keras-preprocessing==1.1.0
  Downloading Keras_Preprocessing-1.1.0-py2.py3-none-any.whl (41 kB)
Collecting markdown==2.6.9
  Downloading Markdown-2.6.9.tar.gz (271 kB)
Collecting markupsafe==1.0
  Downloading MarkupSafe-1.0.tar.gz (14 kB)
Collecting matplotlib==2.1.0
  Downloading matplotlib-2.1.0.tar.gz (35.7 MB)
Collecting mistune==0.8.1
  Downloading mistune-0.8.1-py2.py3-none-any.whl (16 kB)
Collecting nbconvert==5.3.1
  Downloading nbconvert-5.3.1-py2.py3-none-any.whl (387 kB)
Collecting nbformat==4.4.0
  Downloading nbformat-4.4.0-py2.py3-none-any.whl (155 kB)
Collecting networkx==2.0
  Downloading networkx-2.0.zip (1.5 MB)
Collecting notebook==5.7.8
  Downloading notebook-5.7.8-py2.py3-none-any.whl (9.0 MB)
Collecting numpy==1.17.3
  Downloading numpy-1.17.3-cp37-cp37m-manylinux1_x86_64.whl (20.0 MB)
Collecting observations==0.1.3
  Downloading observations-0.1.3.tar.gz (18 kB)
Collecting opt-einsum==3.1.0
  Downloading opt_einsum-3.1.0.tar.gz (69 kB)
Collecting pandas==0.20.3
  Downloading pandas-0.20.3.tar.gz (10.4 MB)
Requirement already satisfied: pandocfilters==1.4.2 in /srv/conda/envs/notebook/lib/python3.7/site-packages (from -r requirements.txt (line 48)) (1.4.2)
Collecting pexpect==4.2.1
  Downloading pexpect-4.2.1-py2.py3-none-any.whl (55 kB)
Collecting pickleshare==0.7.4
  Downloading pickleshare-0.7.4-py2.py3-none-any.whl (6.9 kB)
Collecting pillow==6.2.0
  Downloading Pillow-6.2.0-cp37-cp37m-manylinux1_x86_64.whl (2.1 MB)
Collecting pip-tools==1.10.1
  Downloading pip_tools-1.10.1-py2.py3-none-any.whl (38 kB)
Collecting prompt-toolkit==1.0.15
  Downloading prompt_toolkit-1.0.15-py3-none-any.whl (247 kB)
Collecting protobuf==3.10.0
  Downloading protobuf-3.10.0-cp37-cp37m-manylinux1_x86_64.whl (1.3 MB)
Collecting ptyprocess==0.5.2
  Downloading ptyprocess-0.5.2-py2.py3-none-any.whl (39 kB)
Collecting pygments==2.2.0
  Downloading Pygments-2.2.0-py2.py3-none-any.whl (841 kB)
Collecting pyparsing==2.2.0
  Downloading pyparsing-2.2.0-py2.py3-none-any.whl (56 kB)
Collecting python-dateutil==2.6.1
  Downloading python_dateutil-2.6.1-py2.py3-none-any.whl (194 kB)
Collecting pytz==2017.2
  Downloading pytz-2017.2-py2.py3-none-any.whl (484 kB)
Collecting pywavelets==0.5.2
  Downloading PyWavelets-0.5.2-cp37-cp37m-manylinux1_x86_64.whl (4.3 MB)
Collecting pyzmq==18.1.0
  Downloading pyzmq-18.1.0-cp37-cp37m-manylinux1_x86_64.whl (1.1 MB)
Collecting qtconsole==4.3.1
  Downloading qtconsole-4.3.1-py2.py3-none-any.whl (108 kB)
Collecting requests==2.20.0
  Downloading requests-2.20.0-py2.py3-none-any.whl (60 kB)
Collecting scikit-image==0.13.1
  Downloading scikit-image-0.13.1.tar.gz (26.1 MB)
Collecting scikit-learn==0.19.0
  Downloading scikit-learn-0.19.0.tar.gz (9.3 MB)
Collecting scipy==0.19.1
  Downloading scipy-0.19.1.tar.gz (14.1 MB)
Collecting seaborn==0.8.1
  Downloading seaborn-0.8.1.tar.gz (178 kB)
Collecting simplegeneric==0.8.1
  Downloading simplegeneric-0.8.1.zip (12 kB)
Collecting six==1.11.0
  Downloading six-1.11.0-py2.py3-none-any.whl (10 kB)
Collecting tensorboard==2.0.0
  Downloading tensorboard-2.0.0-py3-none-any.whl (3.8 MB)
Collecting tensorflow-estimator==2.0.1
  Downloading tensorflow_estimator-2.0.1-py2.py3-none-any.whl (449 kB)
Collecting tensorflow==2.0.0
  Downloading tensorflow-2.0.0-cp37-cp37m-manylinux2010_x86_64.whl (86.3 MB)
Collecting termcolor==1.1.0
  Downloading termcolor-1.1.0.tar.gz (3.9 kB)
Collecting terminado==0.8.2
  Downloading terminado-0.8.2-py2.py3-none-any.whl (33 kB)
Collecting testpath==0.3.1
  Downloading testpath-0.3.1-py2.py3-none-any.whl (161 kB)
Collecting tornado==4.5.2
  Downloading tornado-4.5.2.tar.gz (483 kB)
Collecting traitlets==4.3.2
  Downloading traitlets-4.3.2-py2.py3-none-any.whl (74 kB)
Collecting urllib3==1.22
  Downloading urllib3-1.22-py2.py3-none-any.whl (132 kB)
Collecting wcwidth==0.1.7
  Downloading wcwidth-0.1.7-py2.py3-none-any.whl (21 kB)
Collecting werkzeug==0.15.3
  Downloading Werkzeug-0.15.3-py2.py3-none-any.whl (327 kB)
Collecting wheel==0.30.0
  Downloading wheel-0.30.0-py2.py3-none-any.whl (49 kB)
Collecting widgetsnbextension==3.0.3
  Downloading widgetsnbextension-3.0.3-py2.py3-none-any.whl (2.5 MB)
Collecting wrapt==1.11.2
  Downloading wrapt-1.11.2.tar.gz (27 kB)
Requirement already satisfied: setuptools>=18.5 in /srv/conda/envs/notebook/lib/python3.7/site-packages (from ipython==5.8.0->-r requirements.txt (line 26)) (45.1.0.post20200119)
Requirement already satisfied: prometheus-client in /srv/conda/envs/notebook/lib/python3.7/site-packages (from notebook==5.7.8->-r requirements.txt (line 43)) (0.7.1)
Requirement already satisfied: Send2Trash in /srv/conda/envs/notebook/lib/python3.7/site-packages (from notebook==5.7.8->-r requirements.txt (line 43)) (1.5.0)
Building wheels for collected packages: absl-py, edward, gast, html5lib, markdown, markupsafe, matplotlib, networkx, observations, opt-einsum, pandas, scikit-image, scikit-learn, scipy, seaborn, simplegeneric, termcolor, tornado, wrapt
  Building wheel for absl-py (setup.py): started
  Building wheel for absl-py (setup.py): finished with status 'done'
  Created wheel for absl-py: filename=absl_py-0.8.1-py3-none-any.whl size=121166 sha256=3e1b00238afc9e74e9ce4ae4151fcb50f676b21313a3f6fbe9d52b52b7837ce8
  Stored in directory: /tmp/pip-ephem-wheel-cache-4s0dzlqw/wheels/46/91/e3/0fced4f5fbc0a051a5667096826186c9ff60f2d0e9bf0f1cdc
  Building wheel for edward (setup.py): started
  Building wheel for edward (setup.py): finished with status 'done'
  Created wheel for edward: filename=edward-1.3.4-py3-none-any.whl size=84692 sha256=ffefac22a6f63add1cbe2ed9cb5e4ac8dedbb1fc76aceb51785f897e6bcc2738
  Stored in directory: /tmp/pip-ephem-wheel-cache-4s0dzlqw/wheels/89/cc/d5/92c51d478f6561f8440a2f5c3048611a99824875f0f2b0e379
  Building wheel for gast (setup.py): started
  Building wheel for gast (setup.py): finished with status 'done'
  Created wheel for gast: filename=gast-0.2.2-py3-none-any.whl size=7540 sha256=2c655a0bcd4a6f06cf81f164af0258bc11eb95117c6f7ce6ba60e25cb71ea25d
  Stored in directory: /tmp/pip-ephem-wheel-cache-4s0dzlqw/wheels/21/7f/02/420f32a803f7d0967b48dd823da3f558c5166991bfd204eef3
  Building wheel for html5lib (setup.py): started
  Building wheel for html5lib (setup.py): finished with status 'done'
  Created wheel for html5lib: filename=html5lib-0.9999999-py3-none-any.whl size=107217 sha256=e0ed9e047651d113c45833e5d23dc896a4fa1a5b6c75c40aa071364c3230a160
  Stored in directory: /tmp/pip-ephem-wheel-cache-4s0dzlqw/wheels/53/8d/2f/a9d4c8e58cffde4e60ba7f8aac7495de9bc12cffdc2f947723
  Building wheel for markdown (setup.py): started
  Building wheel for markdown (setup.py): finished with status 'done'
  Created wheel for markdown: filename=Markdown-2.6.9-py3-none-any.whl size=162939 sha256=b00142c54d2b1c92cea264f83dff78923bba630ebda7f391e752f103e0acc6ba
  Stored in directory: /tmp/pip-ephem-wheel-cache-4s0dzlqw/wheels/5b/56/e3/074699136a98a0f23baf8f24bde5ab7c8522dfd13dc3530c89
  Building wheel for markupsafe (setup.py): started
  Building wheel for markupsafe (setup.py): finished with status 'done'
  Created wheel for markupsafe: filename=MarkupSafe-1.0-cp37-cp37m-linux_x86_64.whl size=30607 sha256=9c6eadd9ba9ab0af337720fc67bb1a26afadcae2749edc890c922608eb7a9f58
  Stored in directory: /tmp/pip-ephem-wheel-cache-4s0dzlqw/wheels/8f/73/61/ad4c803fb36f6f2225882a6557fa2fbf5cf24fbe4be3f20b24
  Building wheel for matplotlib (setup.py): started
  Building wheel for matplotlib (setup.py): finished with status 'done'
  Created wheel for matplotlib: filename=matplotlib-2.1.0-cp37-cp37m-linux_x86_64.whl size=10843307 sha256=d5fbc4e333bfa40d9e3d2e014fb0719cbd5f4a3a02e438c9dfea0b37acddf91a
  Stored in directory: /tmp/pip-ephem-wheel-cache-4s0dzlqw/wheels/73/91/90/82e0effbb1a7e87eede54caf035471f9dc061eac46c14a5152
  Building wheel for networkx (setup.py): started
  Building wheel for networkx (setup.py): finished with status 'done'
  Created wheel for networkx: filename=networkx-2.0-py2.py3-none-any.whl size=1390391 sha256=8da915bd76af90ff1b1df3aed639fba36558f05b916dc1b4f50a9ba51ad88133
  Stored in directory: /tmp/pip-ephem-wheel-cache-4s0dzlqw/wheels/a8/51/49/73c72486a5600e541e926da7f6ddf3c9c5c2cb8470ce2275bc
  Building wheel for observations (setup.py): started
  Building wheel for observations (setup.py): finished with status 'done'
  Created wheel for observations: filename=observations-0.1.3-py3-none-any.whl size=34962 sha256=b2597d7b95954bb27a768d8af7a835ec7db2ca0d4e78775370a0e53624d65176
  Stored in directory: /tmp/pip-ephem-wheel-cache-4s0dzlqw/wheels/b6/aa/a1/3dbc1c4d75abd368045bb98ee2dc923ecc1e65eeb4759ea3ae
  Building wheel for opt-einsum (setup.py): started
  Building wheel for opt-einsum (setup.py): finished with status 'done'
  Created wheel for opt-einsum: filename=opt_einsum-3.1.0-py3-none-any.whl size=61681 sha256=1a8ebbc232043908e93189e8f517cd87c6972169d7728af26b826e1dcfa2cdf5
  Stored in directory: /tmp/pip-ephem-wheel-cache-4s0dzlqw/wheels/21/e3/31/0d3919995e859eff01713d381aac3b6b43c69915a2942e5c65
  Building wheel for pandas (setup.py): started
  Building wheel for pandas (setup.py): finished with status 'error'
[91m  ERROR: Command errored out with exit status 1:
   command: /srv/conda/envs/notebook/bin/python -u -c 'import sys, setuptools, tokenize; sys.argv[0] = '"'"'/tmp/pip-install-rcre6mi9/pandas/setup.py'"'"'; __file__='"'"'/tmp/pip-install-rcre6mi9/pandas/setup.py'"'"';f=getattr(tokenize, '"'"'open'"'"', open)(__file__);code=f.read().replace('"'"'\r\n'"'"', '"'"'\n'"'"');f.close();exec(compile(code, __file__, '"'"'exec'"'"'))' bdist_wheel -d /tmp/pip-wheel-4k4kaxbh
       cwd: /tmp/pip-install-rcre6mi9/pandas/
  Complete output (912 lines):
  running bdist_wheel
  running build
  running build_py
  creating build
  creating build/lib.linux-x86_64-3.7
  creating build/lib.linux-x86_64-3.7/pandas
  copying pandas/__init__.py -> build/lib.linux-x86_64-3.7/pandas
  copying pandas/tslib.py -> build/lib.linux-x86_64-3.7/pandas
  copying pandas/parser.py -> build/lib.linux-x86_64-3.7/pandas
  copying pandas/testing.py -> build/lib.linux-x86_64-3.7/pandas
  copying pandas/json.py -> build/lib.linux-x86_64-3.7/pandas
  copying pandas/conftest.py -> build/lib.linux-x86_64-3.7/pandas
  copying pandas/lib.py -> build/lib.linux-x86_64-3.7/pandas
  copying pandas/_version.py -> build/lib.linux-x86_64-3.7/pandas
  creating build/lib.linux-x86_64-3.7/pandas/api
  copying pandas/api/__init__.py -> build/lib.linux-x86_64-3.7/pandas/api
  creating build/lib.linux-x86_64-3.7/pandas/api/types
  copying pandas/api/types/__init__.py -> build/lib.linux-x86_64-3.7/pandas/api/types
  creating build/lib.linux-x86_64-3.7/pandas/compat
  copying pandas/compat/__init__.py -> build/lib.linux-x86_64-3.7/pandas/compat
  copying pandas/compat/pickle_compat.py -> build/lib.linux-x86_64-3.7/pandas/compat
  copying pandas/compat/chainmap_impl.py -> build/lib.linux-x86_64-3.7/pandas/compat
  copying pandas/compat/chainmap.py -> build/lib.linux-x86_64-3.7/pandas/compat
  copying pandas/compat/openpyxl_compat.py -> build/lib.linux-x86_64-3.7/pandas/compat
  creating build/lib.linux-x86_64-3.7/pandas/compat/numpy
  copying pandas/compat/numpy/__init__.py -> build/lib.linux-x86_64-3.7/pandas/compat/numpy
  copying pandas/compat/numpy/function.py -> build/lib.linux-x86_64-3.7/pandas/compat/numpy
  creating build/lib.linux-x86_64-3.7/pandas/core
  copying pandas/core/ops.py -> build/lib.linux-x86_64-3.7/pandas/core
  copying pandas/core/__init__.py -> build/lib.linux-x86_64-3.7/pandas/core
  copying pandas/core/nanops.py -> build/lib.linux-x86_64-3.7/pandas/core
  copying pandas/core/algorithms.py -> build/lib.linux-x86_64-3.7/pandas/core
  copying pandas/core/sorting.py -> build/lib.linux-x86_64-3.7/pandas/core
  copying pandas/core/missing.py -> build/lib.linux-x86_64-3.7/pandas/core
  copying pandas/core/common.py -> build/lib.linux-x86_64-3.7/pandas/core
  copying pandas/core/panel4d.py -> build/lib.linux-x86_64-3.7/pandas/core
  copying pandas/core/panelnd.py -> build/lib.linux-x86_64-3.7/pandas/core
  copying pandas/core/frame.py -> build/lib.linux-x86_64-3.7/pandas/core
  copying pandas/core/base.py -> build/lib.linux-x86_64-3.7/pandas/core
  copying pandas/core/api.py -> build/lib.linux-x86_64-3.7/pandas/core
  copying pandas/core/datetools.py -> build/lib.linux-x86_64-3.7/pandas/core
  copying pandas/core/config_init.py -> build/lib.linux-x86_64-3.7/pandas/core
  copying pandas/core/internals.py -> build/lib.linux-x86_64-3.7/pandas/core
  copying pandas/core/resample.py -> build/lib.linux-x86_64-3.7/pandas/core
  copying pandas/core/index.py -> build/lib.linux-x86_64-3.7/pandas/core
  copying pandas/core/categorical.py -> build/lib.linux-x86_64-3.7/pandas/core
  copying pandas/core/indexing.py -> build/lib.linux-x86_64-3.7/pandas/core
  copying pandas/core/config.py -> build/lib.linux-x86_64-3.7/pandas/core
  copying pandas/core/panel.py -> build/lib.linux-x86_64-3.7/pandas/core
  copying pandas/core/groupby.py -> build/lib.linux-x86_64-3.7/pandas/core
  copying pandas/core/series.py -> build/lib.linux-x86_64-3.7/pandas/core
  copying pandas/core/window.py -> build/lib.linux-x86_64-3.7/pandas/core
  copying pandas/core/generic.py -> build/lib.linux-x86_64-3.7/pandas/core
  copying pandas/core/strings.py -> build/lib.linux-x86_64-3.7/pandas/core
  creating build/lib.linux-x86_64-3.7/pandas/core/dtypes
  copying pandas/core/dtypes/__init__.py -> build/lib.linux-x86_64-3.7/pandas/core/dtypes
  copying pandas/core/dtypes/missing.py -> build/lib.linux-x86_64-3.7/pandas/core/dtypes
  copying pandas/core/dtypes/common.py -> build/lib.linux-x86_64-3.7/pandas/core/dtypes
  copying pandas/core/dtypes/concat.py -> build/lib.linux-x86_64-3.7/pandas/core/dtypes
  copying pandas/core/dtypes/api.py -> build/lib.linux-x86_64-3.7/pandas/core/dtypes
  copying pandas/core/dtypes/generic.py -> build/lib.linux-x86_64-3.7/pandas/core/dtypes
  copying pandas/core/dtypes/cast.py -> build/lib.linux-x86_64-3.7/pandas/core/dtypes
  copying pandas/core/dtypes/inference.py -> build/lib.linux-x86_64-3.7/pandas/core/dtypes
  copying pandas/core/dtypes/dtypes.py -> build/lib.linux-x86_64-3.7/pandas/core/dtypes
  creating build/lib.linux-x86_64-3.7/pandas/core/indexes
  copying pandas/core/indexes/__init__.py -> build/lib.linux-x86_64-3.7/pandas/core/indexes
  copying pandas/core/indexes/interval.py -> build/lib.linux-x86_64-3.7/pandas/core/indexes
  copying pandas/core/indexes/datetimelike.py -> build/lib.linux-x86_64-3.7/pandas/core/indexes
  copying pandas/core/indexes/multi.py -> build/lib.linux-x86_64-3.7/pandas/core/indexes
  copying pandas/core/indexes/base.py -> build/lib.linux-x86_64-3.7/pandas/core/indexes
  copying pandas/core/indexes/api.py -> build/lib.linux-x86_64-3.7/pandas/core/indexes
  copying pandas/core/indexes/frozen.py -> build/lib.linux-x86_64-3.7/pandas/core/indexes
  copying pandas/core/indexes/category.py -> build/lib.linux-x86_64-3.7/pandas/core/indexes
  copying pandas/core/indexes/period.py -> build/lib.linux-x86_64-3.7/pandas/core/indexes
  copying pandas/core/indexes/accessors.py -> build/lib.linux-x86_64-3.7/pandas/core/indexes
  copying pandas/core/indexes/numeric.py -> build/lib.linux-x86_64-3.7/pandas/core/indexes
  copying pandas/core/indexes/datetimes.py -> build/lib.linux-x86_64-3.7/pandas/core/indexes
  copying pandas/core/indexes/range.py -> build/lib.linux-x86_64-3.7/pandas/core/indexes
  copying pandas/core/indexes/timedeltas.py -> build/lib.linux-x86_64-3.7/pandas/core/indexes
  creating build/lib.linux-x86_64-3.7/pandas/core/computation
  copying pandas/core/computation/ops.py -> build/lib.linux-x86_64-3.7/pandas/core/computation
  copying pandas/core/computation/__init__.py -> build/lib.linux-x86_64-3.7/pandas/core/computation
  copying pandas/core/computation/expr.py -> build/lib.linux-x86_64-3.7/pandas/core/computation
  copying pandas/core/computation/align.py -> build/lib.linux-x86_64-3.7/pandas/core/computation
  copying pandas/core/computation/common.py -> build/lib.linux-x86_64-3.7/pandas/core/computation
  copying pandas/core/computation/api.py -> build/lib.linux-x86_64-3.7/pandas/core/computation
  copying pandas/core/computation/scope.py -> build/lib.linux-x86_64-3.7/pandas/core/computation
  copying pandas/core/computation/expressions.py -> build/lib.linux-x86_64-3.7/pandas/core/computation
  copying pandas/core/computation/pytables.py -> build/lib.linux-x86_64-3.7/pandas/core/computation
  copying pandas/core/computation/engines.py -> build/lib.linux-x86_64-3.7/pandas/core/computation
  copying pandas/core/computation/eval.py -> build/lib.linux-x86_64-3.7/pandas/core/computation
  creating build/lib.linux-x86_64-3.7/pandas/core/reshape
  copying pandas/core/reshape/__init__.py -> build/lib.linux-x86_64-3.7/pandas/core/reshape
  copying pandas/core/reshape/tile.py -> build/lib.linux-x86_64-3.7/pandas/core/reshape
  copying pandas/core/reshape/concat.py -> build/lib.linux-x86_64-3.7/pandas/core/reshape
  copying pandas/core/reshape/util.py -> build/lib.linux-x86_64-3.7/pandas/core/reshape
  copying pandas/core/reshape/api.py -> build/lib.linux-x86_64-3.7/pandas/core/reshape
  copying pandas/core/reshape/reshape.py -> build/lib.linux-x86_64-3.7/pandas/core/reshape
  copying pandas/core/reshape/merge.py -> build/lib.linux-x86_64-3.7/pandas/core/reshape
  copying pandas/core/reshape/pivot.py -> build/lib.linux-x86_64-3.7/pandas/core/reshape
  creating build/lib.linux-x86_64-3.7/pandas/core/sparse
  copying pandas/core/sparse/__init__.py -> build/lib.linux-x86_64-3.7/pandas/core/sparse
  copying pandas/core/sparse/frame.py -> build/lib.linux-x86_64-3.7/pandas/core/sparse
  copying pandas/core/sparse/list.py -> build/lib.linux-x86_64-3.7/pandas/core/sparse
  copying pandas/core/sparse/api.py -> build/lib.linux-x86_64-3.7/pandas/core/sparse
  copying pandas/core/sparse/scipy_sparse.py -> build/lib.linux-x86_64-3.7/pandas/core/sparse
  copying pandas/core/sparse/array.py -> build/lib.linux-x86_64-3.7/pandas/core/sparse
  copying pandas/core/sparse/series.py -> build/lib.linux-x86_64-3.7/pandas/core/sparse
  creating build/lib.linux-x86_64-3.7/pandas/core/tools
  copying pandas/core/tools/__init__.py -> build/lib.linux-x86_64-3.7/pandas/core/tools
  copying pandas/core/tools/numeric.py -> build/lib.linux-x86_64-3.7/pandas/core/tools
  copying pandas/core/tools/datetimes.py -> build/lib.linux-x86_64-3.7/pandas/core/tools
  copying pandas/core/tools/timedeltas.py -> build/lib.linux-x86_64-3.7/pandas/core/tools
  creating build/lib.linux-x86_64-3.7/pandas/core/util
  copying pandas/core/util/__init__.py -> build/lib.linux-x86_64-3.7/pandas/core/util
  copying pandas/core/util/hashing.py -> build/lib.linux-x86_64-3.7/pandas/core/util
  creating build/lib.linux-x86_64-3.7/pandas/computation
  copying pandas/computation/__init__.py -> build/lib.linux-x86_64-3.7/pandas/computation
  copying pandas/computation/expressions.py -> build/lib.linux-x86_64-3.7/pandas/computation
  creating build/lib.linux-x86_64-3.7/pandas/errors
  copying pandas/errors/__init__.py -> build/lib.linux-x86_64-3.7/pandas/errors
  creating build/lib.linux-x86_64-3.7/pandas/formats
  copying pandas/formats/__init__.py -> build/lib.linux-x86_64-3.7/pandas/formats
  copying pandas/formats/style.py -> build/lib.linux-x86_64-3.7/pandas/formats
  creating build/lib.linux-x86_64-3.7/pandas/io
  copying pandas/io/data.py -> build/lib.linux-x86_64-3.7/pandas/io
  copying pandas/io/__init__.py -> build/lib.linux-x86_64-3.7/pandas/io
  copying pandas/io/parsers.py -> build/lib.linux-x86_64-3.7/pandas/io
  copying pandas/io/pickle.py -> build/lib.linux-x86_64-3.7/pandas/io
  copying pandas/io/html.py -> build/lib.linux-x86_64-3.7/pandas/io
  copying pandas/io/common.py -> build/lib.linux-x86_64-3.7/pandas/io
  copying pandas/io/api.py -> build/lib.linux-x86_64-3.7/pandas/io
  copying pandas/io/excel.py -> build/lib.linux-x86_64-3.7/pandas/io
  copying pandas/io/stata.py -> build/lib.linux-x86_64-3.7/pandas/io
  copying pandas/io/packers.py -> build/lib.linux-x86_64-3.7/pandas/io
  copying pandas/io/clipboards.py -> build/lib.linux-x86_64-3.7/pandas/io
  copying pandas/io/gbq.py -> build/lib.linux-x86_64-3.7/pandas/io
  copying pandas/io/wb.py -> build/lib.linux-x86_64-3.7/pandas/io
  copying pandas/io/s3.py -> build/lib.linux-x86_64-3.7/pandas/io
  copying pandas/io/date_converters.py -> build/lib.linux-x86_64-3.7/pandas/io
  copying pandas/io/pytables.py -> build/lib.linux-x86_64-3.7/pandas/io
  copying pandas/io/feather_format.py -> build/lib.linux-x86_64-3.7/pandas/io
  copying pandas/io/sql.py -> build/lib.linux-x86_64-3.7/pandas/io
  creating build/lib.linux-x86_64-3.7/pandas/io/json
  copying pandas/io/json/normalize.py -> build/lib.linux-x86_64-3.7/pandas/io/json
  copying pandas/io/json/table_schema.py -> build/lib.linux-x86_64-3.7/pandas/io/json
  copying pandas/io/json/__init__.py -> build/lib.linux-x86_64-3.7/pandas/io/json
  copying pandas/io/json/json.py -> build/lib.linux-x86_64-3.7/pandas/io/json
  creating build/lib.linux-x86_64-3.7/pandas/io/sas
  copying pandas/io/sas/__init__.py -> build/lib.linux-x86_64-3.7/pandas/io/sas
  copying pandas/io/sas/sasreader.py -> build/lib.linux-x86_64-3.7/pandas/io/sas
  copying pandas/io/sas/sas7bdat.py -> build/lib.linux-x86_64-3.7/pandas/io/sas
  copying pandas/io/sas/sas_xport.py -> build/lib.linux-x86_64-3.7/pandas/io/sas
  copying pandas/io/sas/sas_constants.py -> build/lib.linux-x86_64-3.7/pandas/io/sas
  creating build/lib.linux-x86_64-3.7/pandas/io/msgpack
  copying pandas/io/msgpack/__init__.py -> build/lib.linux-x86_64-3.7/pandas/io/msgpack
  copying pandas/io/msgpack/exceptions.py -> build/lib.linux-x86_64-3.7/pandas/io/msgpack
  copying pandas/io/msgpack/_version.py -> build/lib.linux-x86_64-3.7/pandas/io/msgpack
  creating build/lib.linux-x86_64-3.7/pandas/io/formats
  copying pandas/io/formats/css.py -> build/lib.linux-x86_64-3.7/pandas/io/formats
  copying pandas/io/formats/__init__.py -> build/lib.linux-x86_64-3.7/pandas/io/formats
  copying pandas/io/formats/common.py -> build/lib.linux-x86_64-3.7/pandas/io/formats
  copying pandas/io/formats/terminal.py -> build/lib.linux-x86_64-3.7/pandas/io/formats
  copying pandas/io/formats/excel.py -> build/lib.linux-x86_64-3.7/pandas/io/formats
  copying pandas/io/formats/printing.py -> build/lib.linux-x86_64-3.7/pandas/io/formats
  copying pandas/io/formats/format.py -> build/lib.linux-x86_64-3.7/pandas/io/formats
  copying pandas/io/formats/style.py -> build/lib.linux-x86_64-3.7/pandas/io/formats
  copying pandas/io/formats/console.py -> build/lib.linux-x86_64-3.7/pandas/io/formats
  creating build/lib.linux-x86_64-3.7/pandas/io/clipboard
  copying pandas/io/clipboard/__init__.py -> build/lib.linux-x86_64-3.7/pandas/io/clipboard
  copying pandas/io/clipboard/windows.py -> build/lib.linux-x86_64-3.7/pandas/io/clipboard
  copying pandas/io/clipboard/clipboards.py -> build/lib.linux-x86_64-3.7/pandas/io/clipboard
  copying pandas/io/clipboard/exceptions.py -> build/lib.linux-x86_64-3.7/pandas/io/clipboard
  creating build/lib.linux-x86_64-3.7/pandas/_libs
  copying pandas/_libs/__init__.py -> build/lib.linux-x86_64-3.7/pandas/_libs
  creating build/lib.linux-x86_64-3.7/pandas/plotting
  copying pandas/plotting/__init__.py -> build/lib.linux-x86_64-3.7/pandas/plotting
  copying pandas/plotting/_misc.py -> build/lib.linux-x86_64-3.7/pandas/plotting
  copying pandas/plotting/_core.py -> build/lib.linux-x86_64-3.7/pandas/plotting
  copying pandas/plotting/_converter.py -> build/lib.linux-x86_64-3.7/pandas/plotting
  copying pandas/plotting/_tools.py -> build/lib.linux-x86_64-3.7/pandas/plotting
  copying pandas/plotting/_style.py -> build/lib.linux-x86_64-3.7/pandas/plotting
  copying pandas/plotting/_timeseries.py -> build/lib.linux-x86_64-3.7/pandas/plotting
  copying pandas/plotting/_compat.py -> build/lib.linux-x86_64-3.7/pandas/plotting
  creating build/lib.linux-x86_64-3.7/pandas/stats
  copying pandas/stats/__init__.py -> build/lib.linux-x86_64-3.7/pandas/stats
  copying pandas/stats/api.py -> build/lib.linux-x86_64-3.7/pandas/stats
  copying pandas/stats/moments.py -> build/lib.linux-x86_64-3.7/pandas/stats
  creating build/lib.linux-x86_64-3.7/pandas/types
  copying pandas/types/__init__.py -> build/lib.linux-x86_64-3.7/pandas/types
  copying pandas/types/common.py -> build/lib.linux-x86_64-3.7/pandas/types
  copying pandas/types/concat.py -> build/lib.linux-x86_64-3.7/pandas/types
  creating build/lib.linux-x86_64-3.7/pandas/util
  copying pandas/util/_validators.py -> build/lib.linux-x86_64-3.7/pandas/util
  copying pandas/util/__init__.py -> build/lib.linux-x86_64-3.7/pandas/util
  copying pandas/util/_print_versions.py -> build/lib.linux-x86_64-3.7/pandas/util
  copying pandas/util/_doctools.py -> build/lib.linux-x86_64-3.7/pandas/util
  copying pandas/util/testing.py -> build/lib.linux-x86_64-3.7/pandas/util
  copying pandas/util/_tester.py -> build/lib.linux-x86_64-3.7/pandas/util
  copying pandas/util/_decorators.py -> build/lib.linux-x86_64-3.7/pandas/util
  copying pandas/util/decorators.py -> build/lib.linux-x86_64-3.7/pandas/util
  copying pandas/util/_depr_module.py -> build/lib.linux-x86_64-3.7/pandas/util
  copying pandas/util/hashing.py -> build/lib.linux-x86_64-3.7/pandas/util
  creating build/lib.linux-x86_64-3.7/pandas/tests
  copying pandas/tests/test_compat.py -> build/lib.linux-x86_64-3.7/pandas/tests
  copying pandas/tests/test_panel4d.py -> build/lib.linux-x86_64-3.7/pandas/tests
  copying pandas/tests/__init__.py -> build/lib.linux-x86_64-3.7/pandas/tests
  copying pandas/tests/test_multilevel.py -> build/lib.linux-x86_64-3.7/pandas/tests
  copying pandas/tests/test_downstream.py -> build/lib.linux-x86_64-3.7/pandas/tests
  copying pandas/tests/test_strings.py -> build/lib.linux-x86_64-3.7/pandas/tests
  copying pandas/tests/test_panel.py -> build/lib.linux-x86_64-3.7/pandas/tests
  copying pandas/tests/test_join.py -> build/lib.linux-x86_64-3.7/pandas/tests
  copying pandas/tests/test_errors.py -> build/lib.linux-x86_64-3.7/pandas/tests
  copying pandas/tests/test_expressions.py -> build/lib.linux-x86_64-3.7/pandas/tests
  copying pandas/tests/test_nanops.py -> build/lib.linux-x86_64-3.7/pandas/tests
  copying pandas/tests/test_categorical.py -> build/lib.linux-x86_64-3.7/pandas/tests
  copying pandas/tests/test_internals.py -> build/lib.linux-x86_64-3.7/pandas/tests
  copying pandas/tests/test_take.py -> build/lib.linux-x86_64-3.7/pandas/tests
  copying pandas/tests/test_window.py -> build/lib.linux-x86_64-3.7/pandas/tests
  copying pandas/tests/test_algos.py -> build/lib.linux-x86_64-3.7/pandas/tests
  copying pandas/tests/test_panelnd.py -> build/lib.linux-x86_64-3.7/pandas/tests
  copying pandas/tests/test_config.py -> build/lib.linux-x86_64-3.7/pandas/tests
  copying pandas/tests/test_sorting.py -> build/lib.linux-x86_64-3.7/pandas/tests
  copying pandas/tests/test_resample.py -> build/lib.linux-x86_64-3.7/pandas/tests
  copying pandas/tests/test_lib.py -> build/lib.linux-x86_64-3.7/pandas/tests
  copying pandas/tests/test_base.py -> build/lib.linux-x86_64-3.7/pandas/tests
  copying pandas/tests/test_common.py -> build/lib.linux-x86_64-3.7/pandas/tests
  creating build/lib.linux-x86_64-3.7/pandas/tests/api
  copying pandas/tests/api/__init__.py -> build/lib.linux-x86_64-3.7/pandas/tests/api
  copying pandas/tests/api/test_api.py -> build/lib.linux-x86_64-3.7/pandas/tests/api
  copying pandas/tests/api/test_types.py -> build/lib.linux-x86_64-3.7/pandas/tests/api
  creating build/lib.linux-x86_64-3.7/pandas/tests/dtypes
  copying pandas/tests/dtypes/__init__.py -> build/lib.linux-x86_64-3.7/pandas/tests/dtypes
  copying pandas/tests/dtypes/test_generic.py -> build/lib.linux-x86_64-3.7/pandas/tests/dtypes
  copying pandas/tests/dtypes/test_io.py -> build/lib.linux-x86_64-3.7/pandas/tests/dtypes
  copying pandas/tests/dtypes/test_missing.py -> build/lib.linux-x86_64-3.7/pandas/tests/dtypes
  copying pandas/tests/dtypes/test_dtypes.py -> build/lib.linux-x86_64-3.7/pandas/tests/dtypes
  copying pandas/tests/dtypes/test_inference.py -> build/lib.linux-x86_64-3.7/pandas/tests/dtypes
  copying pandas/tests/dtypes/test_convert.py -> build/lib.linux-x86_64-3.7/pandas/tests/dtypes
  copying pandas/tests/dtypes/test_concat.py -> build/lib.linux-x86_64-3.7/pandas/tests/dtypes
  copying pandas/tests/dtypes/test_common.py -> build/lib.linux-x86_64-3.7/pandas/tests/dtypes
  copying pandas/tests/dtypes/test_cast.py -> build/lib.linux-x86_64-3.7/pandas/tests/dtypes
  creating build/lib.linux-x86_64-3.7/pandas/tests/computation
  copying pandas/tests/computation/test_compat.py -> build/lib.linux-x86_64-3.7/pandas/tests/computation
  copying pandas/tests/computation/__init__.py -> build/lib.linux-x86_64-3.7/pandas/tests/computation
  copying pandas/tests/computation/test_eval.py -> build/lib.linux-x86_64-3.7/pandas/tests/computation
  creating build/lib.linux-x86_64-3.7/pandas/tests/sparse
  copying pandas/tests/sparse/test_array.py -> build/lib.linux-x86_64-3.7/pandas/tests/sparse
  copying pandas/tests/sparse/__init__.py -> build/lib.linux-x86_64-3.7/pandas/tests/sparse
  copying pandas/tests/sparse/test_libsparse.py -> build/lib.linux-x86_64-3.7/pandas/tests/sparse
  copying pandas/tests/sparse/test_list.py -> build/lib.linux-x86_64-3.7/pandas/tests/sparse
  copying pandas/tests/sparse/test_combine_concat.py -> build/lib.linux-x86_64-3.7/pandas/tests/sparse
  copying pandas/tests/sparse/test_indexing.py -> build/lib.linux-x86_64-3.7/pandas/tests/sparse
  copying pandas/tests/sparse/common.py -> build/lib.linux-x86_64-3.7/pandas/tests/sparse
  copying pandas/tests/sparse/test_format.py -> build/lib.linux-x86_64-3.7/pandas/tests/sparse
  copying pandas/tests/sparse/test_arithmetics.py -> build/lib.linux-x86_64-3.7/pandas/tests/sparse
  copying pandas/tests/sparse/test_pivot.py -> build/lib.linux-x86_64-3.7/pandas/tests/sparse
  copying pandas/tests/sparse/test_groupby.py -> build/lib.linux-x86_64-3.7/pandas/tests/sparse
  copying pandas/tests/sparse/test_series.py -> build/lib.linux-x86_64-3.7/pandas/tests/sparse
  copying pandas/tests/sparse/test_frame.py -> build/lib.linux-x86_64-3.7/pandas/tests/sparse
  creating build/lib.linux-x86_64-3.7/pandas/tests/frame
  copying pandas/tests/frame/test_rank.py -> build/lib.linux-x86_64-3.7/pandas/tests/frame
  copying pandas/tests/frame/__init__.py -> build/lib.linux-x86_64-3.7/pandas/tests/frame
  copying pandas/tests/frame/test_combine_concat.py -> build/lib.linux-x86_64-3.7/pandas/tests/frame
  copying pandas/tests/frame/test_repr_info.py -> build/lib.linux-x86_64-3.7/pandas/tests/frame
  copying pandas/tests/frame/test_indexing.py -> build/lib.linux-x86_64-3.7/pandas/tests/frame
  copying pandas/tests/frame/test_join.py -> build/lib.linux-x86_64-3.7/pandas/tests/frame
  copying pandas/tests/frame/test_quantile.py -> build/lib.linux-x86_64-3.7/pandas/tests/frame
  copying pandas/tests/frame/test_period.py -> build/lib.linux-x86_64-3.7/pandas/tests/frame
  copying pandas/tests/frame/common.py -> build/lib.linux-x86_64-3.7/pandas/tests/frame
  copying pandas/tests/frame/test_validate.py -> build/lib.linux-x86_64-3.7/pandas/tests/frame
  copying pandas/tests/frame/test_missing.py -> build/lib.linux-x86_64-3.7/pandas/tests/frame
  copying pandas/tests/frame/test_axis_select_reindex.py -> build/lib.linux-x86_64-3.7/pandas/tests/frame
  copying pandas/tests/frame/test_dtypes.py -> build/lib.linux-x86_64-3.7/pandas/tests/frame
  copying pandas/tests/frame/test_mutate_columns.py -> build/lib.linux-x86_64-3.7/pandas/tests/frame
  copying pandas/tests/frame/test_operators.py -> build/lib.linux-x86_64-3.7/pandas/tests/frame
  copying pandas/tests/frame/test_reshape.py -> build/lib.linux-x86_64-3.7/pandas/tests/frame
  copying pandas/tests/frame/test_nonunique_indexes.py -> build/lib.linux-x86_64-3.7/pandas/tests/frame
  copying pandas/tests/frame/test_subclass.py -> build/lib.linux-x86_64-3.7/pandas/tests/frame
  copying pandas/tests/frame/test_constructors.py -> build/lib.linux-x86_64-3.7/pandas/tests/frame
  copying pandas/tests/frame/test_to_csv.py -> build/lib.linux-x86_64-3.7/pandas/tests/frame
  copying pandas/tests/frame/test_api.py -> build/lib.linux-x86_64-3.7/pandas/tests/frame
  copying pandas/tests/frame/test_query_eval.py -> build/lib.linux-x86_64-3.7/pandas/tests/frame
  copying pandas/tests/frame/test_convert_to.py -> build/lib.linux-x86_64-3.7/pandas/tests/frame
  copying pandas/tests/frame/test_timeseries.py -> build/lib.linux-x86_64-3.7/pandas/tests/frame
  copying pandas/tests/frame/test_replace.py -> build/lib.linux-x86_64-3.7/pandas/tests/frame
  copying pandas/tests/frame/test_block_internals.py -> build/lib.linux-x86_64-3.7/pandas/tests/frame
  copying pandas/tests/frame/test_analytics.py -> build/lib.linux-x86_64-3.7/pandas/tests/frame
  copying pandas/tests/frame/test_sorting.py -> build/lib.linux-x86_64-3.7/pandas/tests/frame
  copying pandas/tests/frame/test_apply.py -> build/lib.linux-x86_64-3.7/pandas/tests/frame
  copying pandas/tests/frame/test_asof.py -> build/lib.linux-x86_64-3.7/pandas/tests/frame
  copying pandas/tests/frame/test_alter_axes.py -> build/lib.linux-x86_64-3.7/pandas/tests/frame
  creating build/lib.linux-x86_64-3.7/pandas/tests/indexes
  copying pandas/tests/indexes/__init__.py -> build/lib.linux-x86_64-3.7/pandas/tests/indexes
  copying pandas/tests/indexes/datetimelike.py -> build/lib.linux-x86_64-3.7/pandas/tests/indexes
  copying pandas/tests/indexes/common.py -> build/lib.linux-x86_64-3.7/pandas/tests/indexes
  copying pandas/tests/indexes/test_numeric.py -> build/lib.linux-x86_64-3.7/pandas/tests/indexes
  copying pandas/tests/indexes/test_multi.py -> build/lib.linux-x86_64-3.7/pandas/tests/indexes
  copying pandas/tests/indexes/test_frozen.py -> build/lib.linux-x86_64-3.7/pandas/tests/indexes
  copying pandas/tests/indexes/test_interval.py -> build/lib.linux-x86_64-3.7/pandas/tests/indexes
  copying pandas/tests/indexes/test_range.py -> build/lib.linux-x86_64-3.7/pandas/tests/indexes
  copying pandas/tests/indexes/test_category.py -> build/lib.linux-x86_64-3.7/pandas/tests/indexes
  copying pandas/tests/indexes/test_base.py -> build/lib.linux-x86_64-3.7/pandas/tests/indexes
  creating build/lib.linux-x86_64-3.7/pandas/tests/indexes/datetimes
  copying pandas/tests/indexes/datetimes/test_datetimelike.py -> build/lib.linux-x86_64-3.7/pandas/tests/indexes/datetimes
  copying pandas/tests/indexes/datetimes/__init__.py -> build/lib.linux-x86_64-3.7/pandas/tests/indexes/datetimes
  copying pandas/tests/indexes/datetimes/test_formats.py -> build/lib.linux-x86_64-3.7/pandas/tests/indexes/datetimes
  copying pandas/tests/indexes/datetimes/test_tools.py -> build/lib.linux-x86_64-3.7/pandas/tests/indexes/datetimes
  copying pandas/tests/indexes/datetimes/test_indexing.py -> build/lib.linux-x86_64-3.7/pandas/tests/indexes/datetimes
  copying pandas/tests/indexes/datetimes/test_missing.py -> build/lib.linux-x86_64-3.7/pandas/tests/indexes/datetimes
  copying pandas/tests/indexes/datetimes/test_astype.py -> build/lib.linux-x86_64-3.7/pandas/tests/indexes/datetimes
  copying pandas/tests/indexes/datetimes/test_misc.py -> build/lib.linux-x86_64-3.7/pandas/tests/indexes/datetimes
  copying pandas/tests/indexes/datetimes/test_date_range.py -> build/lib.linux-x86_64-3.7/pandas/tests/indexes/datetimes
  copying pandas/tests/indexes/datetimes/test_setops.py -> build/lib.linux-x86_64-3.7/pandas/tests/indexes/datetimes
  copying pandas/tests/indexes/datetimes/test_datetime.py -> build/lib.linux-x86_64-3.7/pandas/tests/indexes/datetimes
  copying pandas/tests/indexes/datetimes/test_construction.py -> build/lib.linux-x86_64-3.7/pandas/tests/indexes/datetimes
  copying pandas/tests/indexes/datetimes/test_ops.py -> build/lib.linux-x86_64-3.7/pandas/tests/indexes/datetimes
  copying pandas/tests/indexes/datetimes/test_partial_slicing.py -> build/lib.linux-x86_64-3.7/pandas/tests/indexes/datetimes
  creating build/lib.linux-x86_64-3.7/pandas/tests/indexes/timedeltas
  copying pandas/tests/indexes/timedeltas/test_timedelta_range.py -> build/lib.linux-x86_64-3.7/pandas/tests/indexes/timedeltas
  copying pandas/tests/indexes/timedeltas/__init__.py -> build/lib.linux-x86_64-3.7/pandas/tests/indexes/timedeltas
  copying pandas/tests/indexes/timedeltas/test_tools.py -> build/lib.linux-x86_64-3.7/pandas/tests/indexes/timedeltas
  copying pandas/tests/indexes/timedeltas/test_indexing.py -> build/lib.linux-x86_64-3.7/pandas/tests/indexes/timedeltas
  copying pandas/tests/indexes/timedeltas/test_timedelta.py -> build/lib.linux-x86_64-3.7/pandas/tests/indexes/timedeltas
  copying pandas/tests/indexes/timedeltas/test_astype.py -> build/lib.linux-x86_64-3.7/pandas/tests/indexes/timedeltas
  copying pandas/tests/indexes/timedeltas/test_setops.py -> build/lib.linux-x86_64-3.7/pandas/tests/indexes/timedeltas
  copying pandas/tests/indexes/timedeltas/test_construction.py -> build/lib.linux-x86_64-3.7/pandas/tests/indexes/timedeltas
  copying pandas/tests/indexes/timedeltas/test_ops.py -> build/lib.linux-x86_64-3.7/pandas/tests/indexes/timedeltas
  copying pandas/tests/indexes/timedeltas/test_partial_slicing.py -> build/lib.linux-x86_64-3.7/pandas/tests/indexes/timedeltas
  creating build/lib.linux-x86_64-3.7/pandas/tests/indexes/period
  copying pandas/tests/indexes/period/__init__.py -> build/lib.linux-x86_64-3.7/pandas/tests/indexes/period
  copying pandas/tests/indexes/period/test_formats.py -> build/lib.linux-x86_64-3.7/pandas/tests/indexes/period
  copying pandas/tests/indexes/period/test_tools.py -> build/lib.linux-x86_64-3.7/pandas/tests/indexes/period
  copying pandas/tests/indexes/period/test_indexing.py -> build/lib.linux-x86_64-3.7/pandas/tests/indexes/period
  copying pandas/tests/indexes/period/test_period.py -> build/lib.linux-x86_64-3.7/pandas/tests/indexes/period
  copying pandas/tests/indexes/period/test_setops.py -> build/lib.linux-x86_64-3.7/pandas/tests/indexes/period
  copying pandas/tests/indexes/period/test_construction.py -> build/lib.linux-x86_64-3.7/pandas/tests/indexes/period
  copying pandas/tests/indexes/period/test_asfreq.py -> build/lib.linux-x86_64-3.7/pandas/tests/indexes/period
  copying pandas/tests/indexes/period/test_ops.py -> build/lib.linux-x86_64-3.7/pandas/tests/indexes/period
  copying pandas/tests/indexes/period/test_partial_slicing.py -> build/lib.linux-x86_64-3.7/pandas/tests/indexes/period
  creating build/lib.linux-x86_64-3.7/pandas/tests/io
  copying pandas/tests/io/test_packers.py -> build/lib.linux-x86_64-3.7/pandas/tests/io
  copying pandas/tests/io/__init__.py -> build/lib.linux-x86_64-3.7/pandas/tests/io
  copying pandas/tests/io/test_html.py -> build/lib.linux-x86_64-3.7/pandas/tests/io
  copying pandas/tests/io/test_clipboard.py -> build/lib.linux-x86_64-3.7/pandas/tests/io
  copying pandas/tests/io/test_excel.py -> build/lib.linux-x86_64-3.7/pandas/tests/io
  copying pandas/tests/io/test_stata.py -> build/lib.linux-x86_64-3.7/pandas/tests/io
  copying pandas/tests/io/generate_legacy_storage_files.py -> build/lib.linux-x86_64-3.7/pandas/tests/io
  copying pandas/tests/io/test_pickle.py -> build/lib.linux-x86_64-3.7/pandas/tests/io
  copying pandas/tests/io/test_gbq.py -> build/lib.linux-x86_64-3.7/pandas/tests/io
  copying pandas/tests/io/test_pytables.py -> build/lib.linux-x86_64-3.7/pandas/tests/io
  copying pandas/tests/io/test_s3.py -> build/lib.linux-x86_64-3.7/pandas/tests/io
  copying pandas/tests/io/test_sql.py -> build/lib.linux-x86_64-3.7/pandas/tests/io
  copying pandas/tests/io/test_common.py -> build/lib.linux-x86_64-3.7/pandas/tests/io
  copying pandas/tests/io/test_feather.py -> build/lib.linux-x86_64-3.7/pandas/tests/io
  creating build/lib.linux-x86_64-3.7/pandas/tests/io/json
  copying pandas/tests/io/json/__init__.py -> build/lib.linux-x86_64-3.7/pandas/tests/io/json
  copying pandas/tests/io/json/test_json_table_schema.py -> build/lib.linux-x86_64-3.7/pandas/tests/io/json
  copying pandas/tests/io/json/test_ujson.py -> build/lib.linux-x86_64-3.7/pandas/tests/io/json
  copying pandas/tests/io/json/test_pandas.py -> build/lib.linux-x86_64-3.7/pandas/tests/io/json
  copying pandas/tests/io/json/test_normalize.py -> build/lib.linux-x86_64-3.7/pandas/tests/io/json
  creating build/lib.linux-x86_64-3.7/pandas/tests/io/parser
  copying pandas/tests/io/parser/__init__.py -> build/lib.linux-x86_64-3.7/pandas/tests/io/parser
  copying pandas/tests/io/parser/quoting.py -> build/lib.linux-x86_64-3.7/pandas/tests/io/parser
  copying pandas/tests/io/parser/usecols.py -> build/lib.linux-x86_64-3.7/pandas/tests/io/parser
  copying pandas/tests/io/parser/parse_dates.py -> build/lib.linux-x86_64-3.7/pandas/tests/io/parser
  copying pandas/tests/io/parser/comment.py -> build/lib.linux-x86_64-3.7/pandas/tests/io/parser
  copying pandas/tests/io/parser/common.py -> build/lib.linux-x86_64-3.7/pandas/tests/io/parser
  copying pandas/tests/io/parser/dialect.py -> build/lib.linux-x86_64-3.7/pandas/tests/io/parser
  copying pandas/tests/io/parser/test_parsers.py -> build/lib.linux-x86_64-3.7/pandas/tests/io/parser
  copying pandas/tests/io/parser/test_network.py -> build/lib.linux-x86_64-3.7/pandas/tests/io/parser
  copying pandas/tests/io/parser/test_unsupported.py -> build/lib.linux-x86_64-3.7/pandas/tests/io/parser
  copying pandas/tests/io/parser/test_textreader.py -> build/lib.linux-x86_64-3.7/pandas/tests/io/parser
  copying pandas/tests/io/parser/header.py -> build/lib.linux-x86_64-3.7/pandas/tests/io/parser
  copying pandas/tests/io/parser/c_parser_only.py -> build/lib.linux-x86_64-3.7/pandas/tests/io/parser
  copying pandas/tests/io/parser/multithread.py -> build/lib.linux-x86_64-3.7/pandas/tests/io/parser
  copying pandas/tests/io/parser/compression.py -> build/lib.linux-x86_64-3.7/pandas/tests/io/parser
  copying pandas/tests/io/parser/skiprows.py -> build/lib.linux-x86_64-3.[0m[91m7/pandas/tests/io/parser
  copying pandas/tests/io/parser/converters.py -> build/lib.linux-x86_64-3.7/pandas/tests/io/parser
  copying pandas/tests/io/parser/test_read_fwf.py -> build/lib.linux-x86_64-3.7/pandas/tests/io/parser
  copying pandas/tests/io/parser/index_col.py -> build/lib.linux-x86_64-3.7/pandas/tests/io/parser
  copying pandas/tests/io/parser/dtypes.py -> build/lib.linux-x86_64-3.7/pandas/tests/io/parser
  copying pandas/tests/io/parser/na_values.py -> build/lib.linux-x86_64-3.7/pandas/tests/io/parser
  copying pandas/tests/io/parser/python_parser_only.py -> build/lib.linux-x86_64-3.7/pandas/tests/io/parser
  creating build/lib.linux-x86_64-3.7/pandas/tests/io/sas
  copying pandas/tests/io/sas/test_sas.py -> build/lib.linux-x86_64-3.7/pandas/tests/io/sas
  copying pandas/tests/io/sas/test_xport.py -> build/lib.linux-x86_64-3.7/pandas/tests/io/sas
  copying pandas/tests/io/sas/__init__.py -> build/lib.linux-x86_64-3.7/pandas/tests/io/sas
  copying pandas/tests/io/sas/test_sas7bdat.py -> build/lib.linux-x86_64-3.7/pandas/tests/io/sas
  creating build/lib.linux-x86_64-3.7/pandas/tests/io/msgpack
  copying pandas/tests/io/msgpack/test_pack.py -> build/lib.linux-x86_64-3.7/pandas/tests/io/msgpack
  copying pandas/tests/io/msgpack/test_limits.py -> build/lib.linux-x86_64-3.7/pandas/tests/io/msgpack
  copying pandas/tests/io/msgpack/__init__.py -> build/lib.linux-x86_64-3.7/pandas/tests/io/msgpack
  copying pandas/tests/io/msgpack/test_obj.py -> build/lib.linux-x86_64-3.7/pandas/tests/io/msgpack
  copying pandas/tests/io/msgpack/test_seq.py -> build/lib.linux-x86_64-3.7/pandas/tests/io/msgpack
  copying pandas/tests/io/msgpack/common.py -> build/lib.linux-x86_64-3.7/pandas/tests/io/msgpack
  copying pandas/tests/io/msgpack/test_extension.py -> build/lib.linux-x86_64-3.7/pandas/tests/io/msgpack
  copying pandas/tests/io/msgpack/test_read_size.py -> build/lib.linux-x86_64-3.7/pandas/tests/io/msgpack
  copying pandas/tests/io/msgpack/test_case.py -> build/lib.linux-x86_64-3.7/pandas/tests/io/msgpack
  copying pandas/tests/io/msgpack/test_format.py -> build/lib.linux-x86_64-3.7/pandas/tests/io/msgpack
  copying pandas/tests/io/msgpack/test_sequnpack.py -> build/lib.linux-x86_64-3.7/pandas/tests/io/msgpack
  copying pandas/tests/io/msgpack/test_except.py -> build/lib.linux-x86_64-3.7/pandas/tests/io/msgpack
  copying pandas/tests/io/msgpack/test_subtype.py -> build/lib.linux-x86_64-3.7/pandas/tests/io/msgpack
  copying pandas/tests/io/msgpack/test_newspec.py -> build/lib.linux-x86_64-3.7/pandas/tests/io/msgpack
  copying pandas/tests/io/msgpack/test_unpack_raw.py -> build/lib.linux-x86_64-3.7/pandas/tests/io/msgpack
  copying pandas/tests/io/msgpack/test_buffer.py -> build/lib.linux-x86_64-3.7/pandas/tests/io/msgpack
  copying pandas/tests/io/msgpack/test_unpack.py -> build/lib.linux-x86_64-3.7/pandas/tests/io/msgpack
  creating build/lib.linux-x86_64-3.7/pandas/tests/io/formats
  copying pandas/tests/io/formats/test_to_html.py -> build/lib.linux-x86_64-3.7/pandas/tests/io/formats
  copying pandas/tests/io/formats/__init__.py -> build/lib.linux-x86_64-3.7/pandas/tests/io/formats
  copying pandas/tests/io/formats/test_css.py -> build/lib.linux-x86_64-3.7/pandas/tests/io/formats
  copying pandas/tests/io/formats/test_style.py -> build/lib.linux-x86_64-3.7/pandas/tests/io/formats
  copying pandas/tests/io/formats/test_to_excel.py -> build/lib.linux-x86_64-3.7/pandas/tests/io/formats
  copying pandas/tests/io/formats/test_format.py -> build/lib.linux-x86_64-3.7/pandas/tests/io/formats
  copying pandas/tests/io/formats/test_eng_formatting.py -> build/lib.linux-x86_64-3.7/pandas/tests/io/formats
  copying pandas/tests/io/formats/test_printing.py -> build/lib.linux-x86_64-3.7/pandas/tests/io/formats
  copying pandas/tests/io/formats/test_to_csv.py -> build/lib.linux-x86_64-3.7/pandas/tests/io/formats
  copying pandas/tests/io/formats/test_to_latex.py -> build/lib.linux-x86_64-3.7/pandas/tests/io/formats
  creating build/lib.linux-x86_64-3.7/pandas/tests/groupby
  copying pandas/tests/groupby/__init__.py -> build/lib.linux-x86_64-3.7/pandas/tests/groupby
  copying pandas/tests/groupby/common.py -> build/lib.linux-x86_64-3.7/pandas/tests/groupby
  copying pandas/tests/groupby/test_filters.py -> build/lib.linux-x86_64-3.7/pandas/tests/groupby
  copying pandas/tests/groupby/test_nth.py -> build/lib.linux-x86_64-3.7/pandas/tests/groupby
  copying pandas/tests/groupby/test_categorical.py -> build/lib.linux-x86_64-3.7/pandas/tests/groupby
  copying pandas/tests/groupby/test_counting.py -> build/lib.linux-x86_64-3.7/pandas/tests/groupby
  copying pandas/tests/groupby/test_timegrouper.py -> build/lib.linux-x86_64-3.7/pandas/tests/groupby
  copying pandas/tests/groupby/test_whitelist.py -> build/lib.linux-x86_64-3.7/pandas/tests/groupby
  copying pandas/tests/groupby/test_transform.py -> build/lib.linux-x86_64-3.7/pandas/tests/groupby
  copying pandas/tests/groupby/test_value_counts.py -> build/lib.linux-x86_64-3.7/pandas/tests/groupby
  copying pandas/tests/groupby/test_bin_groupby.py -> build/lib.linux-x86_64-3.7/pandas/tests/groupby
  copying pandas/tests/groupby/test_groupby.py -> build/lib.linux-x86_64-3.7/pandas/tests/groupby
  copying pandas/tests/groupby/test_aggregate.py -> build/lib.linux-x86_64-3.7/pandas/tests/groupby
  creating build/lib.linux-x86_64-3.7/pandas/tests/series
  copying pandas/tests/series/test_rank.py -> build/lib.linux-x86_64-3.7/pandas/tests/series
  copying pandas/tests/series/__init__.py -> build/lib.linux-x86_64-3.7/pandas/tests/series
  copying pandas/tests/series/test_combine_concat.py -> build/lib.linux-x86_64-3.7/pandas/tests/series
  copying pandas/tests/series/test_indexing.py -> build/lib.linux-x86_64-3.7/pandas/tests/series
  copying pandas/tests/series/test_quantile.py -> build/lib.linux-x86_64-3.7/pandas/tests/series
  copying pandas/tests/series/test_period.py -> build/lib.linux-x86_64-3.7/pandas/tests/series
  copying pandas/tests/series/common.py -> build/lib.linux-x86_64-3.7/pandas/tests/series
  copying pandas/tests/series/test_io.py -> build/lib.linux-x86_64-3.7/pandas/tests/series
  copying pandas/tests/series/test_repr.py -> build/lib.linux-x86_64-3.7/pandas/tests/series
  copying pandas/tests/series/test_validate.py -> build/lib.linux-x86_64-3.7/pandas/tests/series
  copying pandas/tests/series/test_missing.py -> build/lib.linux-x86_64-3.7/pandas/tests/series
  copying pandas/tests/series/test_dtypes.py -> build/lib.linux-x86_64-3.7/pandas/tests/series
  copying pandas/tests/series/test_datetime_values.py -> build/lib.linux-x86_64-3.7/pandas/tests/series
  copying pandas/tests/series/test_operators.py -> build/lib.linux-x86_64-3.7/pandas/tests/series
  copying pandas/tests/series/test_internals.py -> build/lib.linux-x86_64-3.7/pandas/tests/series
  copying pandas/tests/series/test_subclass.py -> build/lib.linux-x86_64-3.7/pandas/tests/series
  copying pandas/tests/series/test_constructors.py -> build/lib.linux-x86_64-3.7/pandas/tests/series
  copying pandas/tests/series/test_api.py -> build/lib.linux-x86_64-3.7/pandas/tests/series
  copying pandas/tests/series/test_timeseries.py -> build/lib.linux-x86_64-3.7/pandas/tests/series
  copying pandas/tests/series/test_replace.py -> build/lib.linux-x86_64-3.7/pandas/tests/series
  copying pandas/tests/series/test_analytics.py -> build/lib.linux-x86_64-3.7/pandas/tests/series
  copying pandas/tests/series/test_sorting.py -> build/lib.linux-x86_64-3.7/pandas/tests/series
  copying pandas/tests/series/test_apply.py -> build/lib.linux-x86_64-3.7/pandas/tests/series
  copying pandas/tests/series/test_asof.py -> build/lib.linux-x86_64-3.7/pandas/tests/series
  copying pandas/tests/series/test_alter_axes.py -> build/lib.linux-x86_64-3.7/pandas/tests/series
  creating build/lib.linux-x86_64-3.7/pandas/tests/scalar
  copying pandas/tests/scalar/__init__.py -> build/lib.linux-x86_64-3.7/pandas/tests/scalar
  copying pandas/tests/scalar/test_period.py -> build/lib.linux-x86_64-3.7/pandas/tests/scalar
  copying pandas/tests/scalar/test_nat.py -> build/lib.linux-x86_64-3.7/pandas/tests/scalar
  copying pandas/tests/scalar/test_timedelta.py -> build/lib.linux-x86_64-3.7/pandas/tests/scalar
  copying pandas/tests/scalar/test_timestamp.py -> build/lib.linux-x86_64-3.7/pandas/tests/scalar
  copying pandas/tests/scalar/test_period_asfreq.py -> build/lib.linux-x86_64-3.7/pandas/tests/scalar
  copying pandas/tests/scalar/test_interval.py -> build/lib.linux-x86_64-3.7/pandas/tests/scalar
  creating build/lib.linux-x86_64-3.7/pandas/tests/tseries
  copying pandas/tests/tseries/test_frequencies.py -> build/lib.linux-x86_64-3.7/pandas/tests/tseries
  copying pandas/tests/tseries/__init__.py -> build/lib.linux-x86_64-3.7/pandas/tests/tseries
  copying pandas/tests/tseries/test_holiday.py -> build/lib.linux-x86_64-3.7/pandas/tests/tseries
  copying pandas/tests/tseries/test_timezones.py -> build/lib.linux-x86_64-3.7/pandas/tests/tseries
  copying pandas/tests/tseries/test_offsets.py -> build/lib.linux-x86_64-3.7/pandas/tests/tseries
  creating build/lib.linux-x86_64-3.7/pandas/tests/plotting
  copying pandas/tests/plotting/test_datetimelike.py -> build/lib.linux-x86_64-3.7/pandas/tests/plotting
  copying pandas/tests/plotting/__init__.py -> build/lib.linux-x86_64-3.7/pandas/tests/plotting
  copying pandas/tests/plotting/test_boxplot_method.py -> build/lib.linux-x86_64-3.7/pandas/tests/plotting
  copying pandas/tests/plotting/common.py -> build/lib.linux-x86_64-3.7/pandas/tests/plotting
  copying pandas/tests/plotting/test_converter.py -> build/lib.linux-x86_64-3.7/pandas/tests/plotting
  copying pandas/tests/plotting/test_misc.py -> build/lib.linux-x86_64-3.7/pandas/tests/plotting
  copying pandas/tests/plotting/test_deprecated.py -> build/lib.linux-x86_64-3.7/pandas/tests/plotting
  copying pandas/tests/plotting/test_groupby.py -> build/lib.linux-x86_64-3.7/pandas/tests/plotting
  copying pandas/tests/plotting/test_series.py -> build/lib.linux-x86_64-3.7/pandas/tests/plotting
  copying pandas/tests/plotting/test_hist_method.py -> build/lib.linux-x86_64-3.7/pandas/tests/plotting
  copying pandas/tests/plotting/test_frame.py -> build/lib.linux-x86_64-3.7/pandas/tests/plotting
  creating build/lib.linux-x86_64-3.7/pandas/tests/tools
  copying pandas/tests/tools/__init__.py -> build/lib.linux-x86_64-3.7/pandas/tests/tools
  copying pandas/tests/tools/test_numeric.py -> build/lib.linux-x86_64-3.7/pandas/tests/tools
  creating build/lib.linux-x86_64-3.7/pandas/tests/util
  copying pandas/tests/util/test_testing.py -> build/lib.linux-x86_64-3.7/pandas/tests/util
  copying pandas/tests/util/__init__.py -> build/lib.linux-x86_64-3.7/pandas/tests/util
  copying pandas/tests/util/test_hashing.py -> build/lib.linux-x86_64-3.7/pandas/tests/util
  copying pandas/tests/util/test_util.py -> build/lib.linux-x86_64-3.7/pandas/tests/util
  creating build/lib.linux-x86_64-3.7/pandas/tools
  copying pandas/tools/__init__.py -> build/lib.linux-x86_64-3.7/pandas/tools
  copying pandas/tools/plotting.py -> build/lib.linux-x86_64-3.7/pandas/tools
  copying pandas/tools/merge.py -> build/lib.linux-x86_64-3.7/pandas/tools
  copying pandas/tools/hashing.py -> build/lib.linux-x86_64-3.7/pandas/tools
  creating build/lib.linux-x86_64-3.7/pandas/tseries
  copying pandas/tseries/holiday.py -> build/lib.linux-x86_64-3.7/pandas/tseries
  copying pandas/tseries/__init__.py -> build/lib.linux-x86_64-3.7/pandas/tseries
  copying pandas/tseries/plotting.py -> build/lib.linux-x86_64-3.7/pandas/tseries
  copying pandas/tseries/util.py -> build/lib.linux-x86_64-3.7/pandas/tseries
  copying pandas/tseries/api.py -> build/lib.linux-x86_64-3.7/pandas/tseries
  copying pandas/tseries/converter.py -> build/lib.linux-x86_64-3.7/pandas/tseries
  copying pandas/tseries/offsets.py -> build/lib.linux-x86_64-3.7/pandas/tseries
  copying pandas/tseries/frequencies.py -> build/lib.linux-x86_64-3.7/pandas/tseries
  creating build/lib.linux-x86_64-3.7/pandas/io/formats/templates
  copying pandas/io/formats/templates/html.tpl -> build/lib.linux-x86_64-3.7/pandas/io/formats/templates
  creating build/lib.linux-x86_64-3.7/pandas/tests/data
  copying pandas/tests/data/iris.csv -> build/lib.linux-x86_64-3.7/pandas/tests/data
  copying pandas/tests/data/tips.csv -> build/lib.linux-x86_64-3.7/pandas/tests/data
  creating build/lib.linux-x86_64-3.7/pandas/tests/indexes/data
  copying pandas/tests/indexes/data/multiindex_v1.pickle -> build/lib.linux-x86_64-3.7/pandas/tests/indexes/data
  copying pandas/tests/indexes/data/mindex_073.pickle -> build/lib.linux-x86_64-3.7/pandas/tests/indexes/data
  creating build/lib.linux-x86_64-3.7/pandas/tests/io/data
  creating build/lib.linux-x86_64-3.7/pandas/tests/io/data/legacy_hdf
  copying pandas/tests/io/data/legacy_hdf/legacy_0.10.h5 -> build/lib.linux-x86_64-3.7/pandas/tests/io/data/legacy_hdf
  copying pandas/tests/io/data/legacy_hdf/pytables_native2.h5 -> build/lib.linux-x86_64-3.7/pandas/tests/io/data/legacy_hdf
  copying pandas/tests/io/data/legacy_hdf/periodindex_0.20.1_x86_64_darwin_2.7.13.h5 -> build/lib.linux-x86_64-3.7/pandas/tests/io/data/legacy_hdf
  copying pandas/tests/io/data/legacy_hdf/datetimetz_object.h5 -> build/lib.linux-x86_64-3.7/pandas/tests/io/data/legacy_hdf
  copying pandas/tests/io/data/legacy_hdf/legacy_table.h5 -> build/lib.linux-x86_64-3.7/pandas/tests/io/data/legacy_hdf
  copying pandas/tests/io/data/legacy_hdf/pytables_native.h5 -> build/lib.linux-x86_64-3.7/pandas/tests/io/data/legacy_hdf
  copying pandas/tests/io/data/legacy_hdf/legacy_table_0.11.h5 -> build/lib.linux-x86_64-3.7/pandas/tests/io/data/legacy_hdf
  creating build/lib.linux-x86_64-3.7/pandas/tests/io/data/legacy_pickle
  creating build/lib.linux-x86_64-3.7/pandas/tests/io/data/legacy_pickle/0.14.0
  copying pandas/tests/io/data/legacy_pickle/0.14.0/0.14.0_x86_64_linux_2.7.8.pickle -> build/lib.linux-x86_64-3.7/pandas/tests/io/data/legacy_pickle/0.14.0
  copying pandas/tests/io/data/legacy_pickle/0.14.0/0.14.0_x86_64_darwin_2.7.6.pickle -> build/lib.linux-x86_64-3.7/pandas/tests/io/data/legacy_pickle/0.14.0
  creating build/lib.linux-x86_64-3.7/pandas/tests/io/data/legacy_pickle/0.15.2
  copying pandas/tests/io/data/legacy_pickle/0.15.2/0.15.2_x86_64_darwin_2.7.9.pickle -> build/lib.linux-x86_64-3.7/pandas/tests/io/data/legacy_pickle/0.15.2
  creating build/lib.linux-x86_64-3.7/pandas/tests/io/data/legacy_pickle/0.15.0
  copying pandas/tests/io/data/legacy_pickle/0.15.0/0.15.0_x86_64_darwin_2.7.12.pickle -> build/lib.linux-x86_64-3.7/pandas/tests/io/data/legacy_pickle/0.15.0
  copying pandas/tests/io/data/legacy_pickle/0.15.0/0.15.0_x86_64_linux_2.7.8.pickle -> build/lib.linux-x86_64-3.7/pandas/tests/io/data/legacy_pickle/0.15.0
  creating build/lib.linux-x86_64-3.7/pandas/tests/io/data/legacy_pickle/0.12.0
  copying pandas/tests/io/data/legacy_pickle/0.12.0/0.12.0_x86_64_linux_2.7.3.pickle -> build/lib.linux-x86_64-3.7/pandas/tests/io/data/legacy_pickle/0.12.0
  copying pandas/tests/io/data/legacy_pickle/0.12.0/0.12.0_AMD64_windows_2.7.3.pickle -> build/lib.linux-x86_64-3.7/pandas/tests/io/data/legacy_pickle/0.12.0
  creating build/lib.linux-x86_64-3.7/pandas/tests/io/data/legacy_pickle/0.16.2
  copying pandas/tests/io/data/legacy_pickle/0.16.2/0.16.2_AMD64_windows_3.4.3.pickle -> build/lib.linux-x86_64-3.7/pandas/tests/io/data/legacy_pickle/0.16.2
  copying pandas/tests/io/data/legacy_pickle/0.16.2/0.16.2_x86_64_linux_2.7.10.pickle -> build/lib.linux-x86_64-3.7/pandas/tests/io/data/legacy_pickle/0.16.2
  copying pandas/tests/io/data/legacy_pickle/0.16.2/0.16.2_x86_64_darwin_2.7.9.pickle -> build/lib.linux-x86_64-3.7/pandas/tests/io/data/legacy_pickle/0.16.2
  copying pandas/tests/io/data/legacy_pickle/0.16.2/0.16.2_x86_64_linux_3.4.3.pickle -> build/lib.linux-x86_64-3.7/pandas/tests/io/data/legacy_pickle/0.16.2
  copying pandas/tests/io/data/legacy_pickle/0.16.2/0.16.2_x86_64_darwin_3.4.3.pickle -> build/lib.linux-x86_64-3.7/pandas/tests/io/data/legacy_pickle/0.16.2
  copying pandas/tests/io/data/legacy_pickle/0.16.2/0.16.2_x86_64_darwin_2.7.10.pickle -> build/lib.linux-x86_64-3.7/pandas/tests/io/data/legacy_pickle/0.16.2
  copying pandas/tests/io/data/legacy_pickle/0.16.2/0.16.2_AMD64_windows_2.7.10.pickle -> build/lib.linux-x86_64-3.7/pandas/tests/io/data/legacy_pickle/0.16.2
  creating build/lib.linux-x86_64-3.7/pandas/tests/io/data/legacy_pickle/0.14.1
  copying pandas/tests/io/data/legacy_pickle/0.14.1/0.14.1_x86_64_linux_2.7.8.pickle -> build/lib.linux-x86_64-3.7/pandas/tests/io/data/legacy_pickle/0.14.1
  copying pandas/tests/io/data/legacy_pickle/0.14.1/0.14.1_x86_64_darwin_2.7.12.pickle -> build/lib.linux-x86_64-3.7/pandas/tests/io/data/legacy_pickle/0.14.1
  creating build/lib.linux-x86_64-3.7/pandas/tests/io/data/legacy_pickle/0.10.1
  copying pandas/tests/io/data/legacy_pickle/0.10.1/AMD64_windows_2.7.3.pickle -> build/lib.linux-x86_64-3.7/pandas/tests/io/data/legacy_pickle/0.10.1
  copying pandas/tests/io/data/legacy_pickle/0.10.1/x86_64_linux_2.7.3.pickle -> build/lib.linux-x86_64-3.7/pandas/tests/io/data/legacy_pickle/0.10.1
  creating build/lib.linux-x86_64-3.7/pandas/tests/io/data/legacy_pickle/0.18.0
  copying pandas/tests/io/data/legacy_pickle/0.18.0/0.18.0_AMD64_windows_2.7.11.pickle -> build/lib.linux-x86_64-3.7/pandas/tests/io/data/legacy_pickle/0.18.0
  copying pandas/tests/io/data/legacy_pickle/0.18.0/0.18.0_AMD64_windows_3.5.1.pickle -> build/lib.linux-x86_64-3.7/pandas/tests/io/data/legacy_pickle/0.18.0
  copying pandas/tests/io/data/legacy_pickle/0.18.0/0.18.0_x86_64_darwin_3.5.1.pickle -> build/lib.linux-x86_64-3.7/pandas/tests/io/data/legacy_pickle/0.18.0
  copying pandas/tests/io/data/legacy_pickle/0.18.0/0.18.0_x86_64_darwin_2.7.11.pickle -> build/lib.linux-x86_64-3.7/pandas/tests/io/data/legacy_pickle/0.18.0
  creating build/lib.linux-x86_64-3.7/pandas/tests/io/data/legacy_pickle/0.13.0
  copying pandas/tests/io/data/legacy_pickle/0.13.0/0.13.0_x86_64_darwin_2.7.6.pickle -> build/lib.linux-x86_64-3.7/pandas/tests/io/data/legacy_pickle/0.13.0
  copying pandas/tests/io/data/legacy_pickle/0.13.0/0.13.0_x86_64_linux_3.3.0.pickle -> build/lib.linux-x86_64-3.7/pandas/tests/io/data/legacy_pickle/0.13.0
  copying pandas/tests/io/data/legacy_pickle/0.13.0/0.13.0_x86_64_linux_2.7.8.pickle -> build/lib.linux-x86_64-3.7/pandas/tests/io/data/legacy_pickle/0.13.0
  copying pandas/tests/io/data/legacy_pickle/0.13.0/0.13.0_x86_64_linux_2.7.3.pickle -> build/lib.linux-x86_64-3.7/pandas/tests/io/data/legacy_pickle/0.13.0
  copying pandas/tests/io/data/legacy_pickle/0.13.0/0.13.0_i686_linux_2.6.5.pickle -> build/lib.linux-x86_64-3.7/pandas/tests/io/data/legacy_pickle/0.13.0
  copying pandas/tests/io/data/legacy_pickle/0.13.0/0.13.0_AMD64_windows_2.7.3.pickle -> build/lib.linux-x86_64-3.7/pandas/tests/io/data/legacy_pickle/0.13.0
  copying pandas/tests/io/data/legacy_pickle/0.13.0/0.13.0_x86_64_darwin_2.7.5.pickle -> build/lib.linux-x86_64-3.7/pandas/tests/io/data/legacy_pickle/0.13.0
  copying pandas/tests/io/data/legacy_pickle/0.13.0/0.13.0_i686_linux_3.2.3.pickle -> build/lib.linux-x86_64-3.7/pandas/tests/io/data/legacy_pickle/0.13.0
  copying pandas/tests/io/data/legacy_pickle/0.13.0/0.13.0_i686_linux_2.7.3.pickle -> build/lib.linux-x86_64-3.7/pandas/tests/io/data/legacy_pickle/0.13.0
  creating build/lib.linux-x86_64-3.7/pandas/tests/io/data/legacy_pickle/0.17.0
  copying pandas/tests/io/data/legacy_pickle/0.17.0/0.17.0_x86_64_darwin_2.7.11.pickle -> build/lib.linux-x86_64-3.7/pandas/tests/io/data/legacy_pickle/0.17.0
  copying pandas/tests/io/data/legacy_pickle/0.17.0/0.17.0_x86_64_darwin_3.4.4.pickle -> build/lib.linux-x86_64-3.7/pandas/tests/io/data/legacy_pickle/0.17.0
  copying pandas/tests/io/data/legacy_pickle/0.17.0/0.17.0_x86_64_linux_3.4.4.pickle -> build/lib.linux-x86_64-3.7/pandas/tests/io/data/legacy_pickle/0.17.0
  copying pandas/tests/io/data/legacy_pickle/0.17.0/0.17.0_x86_64_linux_2.7.11.pickle -> build/lib.linux-x86_64-3.7/pandas/tests/io/data/legacy_pickle/0.17.0
  copying pandas/tests/io/data/legacy_pickle/0.17.0/0.17.0_AMD64_windows_2.7.11.pickle -> build/lib.linux-x86_64-3.7/pandas/tests/io/data/legacy_pickle/0.17.0
  copying pandas/tests/io/data/legacy_pickle/0.17.0/0.17.1_AMD64_windows_2.7.11.pickle -> build/lib.linux-x86_64-3.7/pandas/tests/io/data/legacy_pickle/0.17.0
  copying pandas/tests/io/data/legacy_pickle/0.17.0/0.17.0_AMD64_windows_3.4.4.pickle -> build/lib.linux-x86_64-3.7/pandas/tests/io/data/legacy_pickle/0.17.0
  creating build/lib.linux-x86_64-3.7/pandas/tests/io/data/legacy_pickle/0.17.1
  copying pandas/tests/io/data/legacy_pickle/0.17.1/0.17.1_x86_64_darwin_2.7.11.pickle -> build/lib.linux-x86_64-3.7/pandas/tests/io/data/legacy_pickle/0.17.1
  copying pandas/tests/io/data/legacy_pickle/0.17.1/0.17.1_AMD64_windows_2.7.11.pickle -> build/lib.linux-x86_64-3.7/pandas/tests/io/data/legacy_pickle/0.17.1
  creating build/lib.linux-x86_64-3.7/pandas/tests/io/data/legacy_pickle/0.11.0
  copying pandas/tests/io/data/legacy_pickle/0.11.0/x86_64_linux_3.3.0.pickle -> build/lib.linux-x86_64-3.7/pandas/tests/io/data/legacy_pickle/0.11.0
  copying pandas/tests/io/data/legacy_pickle/0.11.0/x86_64_linux_2.7.3.pickle -> build/lib.linux-x86_64-3.7/pandas/tests/io/data/legacy_pickle/0.11.0
  copying pandas/tests/io/data/legacy_pickle/0.11.0/0.11.0_x86_64_linux_3.3.0.pickle -> build/lib.linux-x86_64-3.7/pandas/tests/io/data/legacy_pickle/0.11.0
  creating build/lib.linux-x86_64-3.7/pandas/tests/io/data/legacy_pickle/0.16.0
  copying pandas/tests/io/data/legacy_pickle/0.16.0/0.16.0_x86_64_darwin_2.7.9.pickle -> build/lib.linux-x86_64-3.7/pandas/tests/io/data/legacy_pickle/0.16.0
  creating build/lib.linux-x86_64-3.7/pandas/tests/io/data/legacy_pickle/0.19.2
  copying pandas/tests/io/data/legacy_pickle/0.19.2/0.19.2_x86_64_darwin_3.6.1.pickle -> build/lib.linux-x86_64-3.7/pandas/tests/io/data/legacy_pickle/0.19.2
  copying pandas/tests/io/data/legacy_pickle/0.19.2/0.19.2_x86_64_darwin_2.7.12.pickle -> build/lib.linux-x86_64-3.7/pandas/tests/io/data/legacy_pickle/0.19.2
  creating build/lib.linux-x86_64-3.7/pandas/tests/io/data/legacy_pickle/0.18.1
  copying pandas/tests/io/data/legacy_pickle/0.18.1/0.18.1_x86_64_darwin_3.5.2.pickle -> build/lib.linux-x86_64-3.7/pandas/tests/io/data/legacy_pickle/0.18.1
  copying pandas/tests/io/data/legacy_pickle/0.18.1/0.18.1_x86_64_darwin_2.7.12.pickle -> build/lib.linux-x86_64-3.7/pandas/tests/io/data/legacy_pickle/0.18.1
  creating build/lib.linux-x86_64-3.7/pandas/tests/io/data/legacy_msgpack
  creating build/lib.linux-x86_64-3.7/pandas/tests/io/data/legacy_msgpack/0.16.2
  copying pandas/tests/io/data/legacy_msgpack/0.16.2/0.16.2_x86_64_darwin_2.7.9.msgpack -> build/lib.linux-x86_64-3.7/pandas/tests/io/data/legacy_msgpack/0.16.2
  copying pandas/tests/io/data/legacy_msgpack/0.16.2/0.16.2_AMD64_windows_2.7.10.msgpack -> build/lib.linux-x86_64-3.7/pandas/tests/io/data/legacy_msgpack/0.16.2
  copying pandas/tests/io/data/legacy_msgpack/0.16.2/0.16.2_x86_64_linux_3.4.3.msgpack -> build/lib.linux-x86_64-3.7/pandas/tests/io/data/legacy_msgpack/0.16.2
  copying pandas/tests/io/data/legacy_msgpack/0.16.2/0.16.2_AMD64_windows_3.4.3.msgpack -> build/lib.linux-x86_64-3.7/pandas/tests/io/data/legacy_msgpack/0.16.2
  copying pandas/tests/io/data/legacy_msgpack/0.16.2/0.16.2_x86_64_darwin_2.7.10.msgpack -> build/lib.linux-x86_64-3.7/pandas/tests/io/data/legacy_msgpack/0.16.2
  copying pandas/tests/io/data/legacy_msgpack/0.16.2/0.16.2_x86_64_darwin_3.4.3.msgpack -> build/lib.linux-x86_64-3.7/pandas/tests/io/data/legacy_msgpack/0.16.2
  copying pandas/tests/io/data/legacy_msgpack/0.16.2/0.16.2_x86_64_linux_2.7.10.msgpack -> build/lib.linux-x86_64-3.7/pandas/tests/io/data/legacy_msgpack/0.16.2
  creating build/lib.linux-x86_64-3.7/pandas/tests/io/data/legacy_msgpack/0.18.0
  copying pandas/tests/io/data/legacy_msgpack/0.18.0/0.18.0_AMD64_windows_2.7.11.msgpack -> build/lib.linux-x86_64-3.7/pandas/tests/io/data/legacy_msgpack/0.18.0
  copying pandas/tests/io/data/legacy_msgpack/0.18.0/0.18.0_x86_64_darwin_3.5.1.msgpack -> build/lib.linux-x86_64-3.7/pandas/tests/io/data/legacy_msgpack/0.18.0
  copying pandas/tests/io/data/legacy_msgpack/0.18.0/0.18.0_AMD64_windows_3.5.1.msgpack -> build/lib.linux-x86_64-3.7/pandas/tests/io/data/legacy_msgpack/0.18.0
  copying pandas/tests/io/data/legacy_msgpack/0.18.0/0.18.0_x86_64_darwin_2.7.11.msgpack -> build/lib.linux-x86_64-3.7/pandas/tests/io/data/legacy_msgpack/0.18.0
  creating build/lib.linux-x86_64-3.7/pandas/tests/io/data/legacy_msgpack/0.17.0
  copying pandas/tests/io/data/legacy_msgpack/0.17.0/0.17.0_AMD64_windows_3.4.4.msgpack -> build/lib.linux-x86_64-3.7/pandas/tests/io/data/legacy_msgpack/0.17.0
  copying pandas/tests/io/data/legacy_msgpack/0.17.0/0.17.0_x86_64_linux_3.4.4.msgpack -> build/lib.linux-x86_64-3.7/pandas/tests/io/data/legacy_msgpack/0.17.0
  copying pandas/tests/io/data/legacy_msgpack/0.17.0/0.17.1_AMD64_windows_3.5.1.msgpack -> build/lib.linux-x86_64-3.7/pandas/tests/io/data/legacy_msgpack/0.17.0
  copying pandas/tests/io/data/legacy_msgpack/0.17.0/0.17.0_AMD64_windows_2.7.11.msgpack -> build/lib.linux-x86_64-3.7/pandas/tests/io/data/legacy_msgpack/0.17.0
  copying pandas/tests/io/data/legacy_msgpack/0.17.0/0.17.0_x86_64_darwin_3.4.4.msgpack -> build/lib.linux-x86_64-3.7/pandas/tests/io/data/legacy_msgpack/0.17.0
  copying pandas/tests/io/data/legacy_msgpack/0.17.0/0.17.0_x86_64_darwin_2.7.11.msgpack -> build/lib.linux-x86_64-3.7/pandas/tests/io/data/legacy_msgpack/0.17.0
  copying pandas/tests/io/data/legacy_msgpack/0.17.0/0.17.1_AMD64_windows_2.7.11.msgpack -> build/lib.linux-x86_64-3.7/pandas/tests/io/data/legacy_msgpack/0.17.0
  copying pandas/tests/io/data/legacy_msgpack/0.17.0/0.17.0_x86_64_linux_2.7.11.msgpack -> build/lib.linux-x86_64-3.7/pandas/tests/io/data/legacy_msgpack/0.17.0
  creating build/lib.linux-x86_64-3.7/pandas/tests/io/data/legacy_msgpack/0.17.1
  copying pandas/tests/io/data/legacy_msgpack/0.17.1/0.17.1_x86_64_darwin_2.7.11.msgpack -> build/lib.linux-x86_64-3.7/pandas/tests/io/data/legacy_msgpack/0.17.1
  copying pandas/tests/io/data/legacy_msgpack/0.17.1/0.17.1_x86_64_linux_3.4.4.msgpack -> build/lib.linux-x86_64-3.7/pandas/tests/io/data/legacy_msgpack/0.17.1
  copying pandas/tests/io/data/legacy_msgpack/0.17.1/0.17.1_AMD64_windows_3.5.1.msgpack -> build/lib.linux-x86_64-3.7/pandas/tests/io/data/legacy_msgpack/0.17.1
  copying pandas/tests/io/data/legacy_msgpack/0.17.1/0.17.1_x86_64_darwin_3.5.1.msgpack -> build/lib.linux-x86_64-3.7/pandas/tests/io/data/legacy_msgpack/0.17.1
  copying pandas/tests/io/data/legacy_msgpack/0.17.1/0.17.1_x86_64_linux_2.7.11.msgpack -> build/lib.linux-x86_64-3.7/pandas/tests/io/data/legacy_msgpack/0.17.1
  copying pandas/tests/io/data/legacy_msgpack/0.17.1/0.17.1_AMD64_windows_2.7.11.msgpack -> build/lib.linux-x86_64-3.7/pandas/tests/io/data/legacy_msgpack/0.17.1
  creating build/lib.linux-x86_64-3.7/pandas/tests/io/data/legacy_msgpack/0.16.0
  copying pandas/tests/io/data/legacy_msgpack/0.16.0/0.16.0_x86_64_darwin_2.7.9.msgpack -> build/lib.linux-x86_64-3.7/pandas/tests/io/data/legacy_msgpack/0.16.0
  creating build/lib.linux-x86_64-3.7/pandas/tests/io/data/legacy_msgpack/0.19.2
  copying pandas/tests/io/data/legacy_msgpack/0.19.2/0.19.2_x86_64_darwin_3.6.1.msgpack -> build/lib.linux-x86_64-3.7/pandas/tests/io/data/legacy_msgpack/0.19.2
  copying pandas/tests/io/data/legacy_msgpack/0.19.2/0.19.2_x86_64_darwin_2.7.12.msgpack -> build/lib.linux-x86_64-3.7/pandas/tests/io/data/legacy_msgpack/0.19.2
  creating build/lib.linux-x86_64-3.7/pandas/tests/io/data/legacy_msgpack/0.18.1
  copying pandas/tests/io/data/legacy_msgpack/0.18.1/0.18.1_x86_64_darwin_3.5.2.msgpack -> build/lib.linux-x86_64-3.7/pandas/tests/io/data/legacy_msgpack/0.18.1
  copying pandas/tests/io/data/legacy_msgpack/0.18.1/0.18.1_x86_64_darwin_2.7.12.msgpack -> build/lib.linux-x86_64-3.7/pandas/tests/io/data/legacy_msgpack/0.18.1
  copying pandas/tests/io/data/test1.csv -> build/lib.linux-x86_64-3.7/pandas/tests/io/data
  copying pandas/tests/io/data/banklist.csv -> build/lib.linux-x86_64-3.7/pandas/tests/io/data
  copying pandas/tests/io/data/stata6.csv -> build/lib.linux-x86_64-3.7/pandas/tests/io/data
  copying pandas/tests/io/data/test_mmap.csv -> build/lib.linux-x86_64-3.7/pandas/tests/io/data
  copying pandas/tests/io/data/iris.csv -> build/lib.linux-x86_64-3.7/pandas/tests/io/data
  copying pandas/tests/io/data/stata3.csv -> build/lib.linux-x86_64-3.7/pandas/tests/io/data
  copying pandas/tests/io/data/tips.csv -> build/lib.linux-x86_64-3.7/pandas/tests/io/data
  copying pandas/tests/io/data/stata5.csv -> build/lib.linux-x86_64-3.7/pandas/tests/io/data
  copying pandas/tests/io/data/stata4_117.dta -> build/lib.linux-x86_64-3.7/pandas/tests/io/data
  copying pandas/tests/io/data/stata3_117.dta -> build/lib.linux-x86_64-3.7/pandas/tests/io/data
  copying pandas/tests/io/data/stata4_115.dta -> build/lib.linux-x86_64-3.7/pandas/tests/io/data
  copying pandas/tests/io/data/stata5_113.dta -> build/lib.linux-x86_64-3.7/pandas/tests/io/data
  copying pandas/tests/io/data/stata8_115.dta -> build/lib.linux-x86_64-3.7/pandas/tests/io/data
  copying pandas/tests/io/data/stata5_117.dta -> build/lib.linux-x86_64-3.7/pandas/tests/io/data
  copying pandas/tests/io/data/stata3_114.dta -> build/lib.linux-x86_64-3.7/pandas/tests/io/data
  copying pandas/tests/io/data/stata7_117.dta -> build/lib.linux-x86_64-3.7/pandas/tests/io/data
  copying pandas/tests/io/data/stata8_113.dta -> build/lib.linux-x86_64-3.7/pandas/tests/io/data
  copying pandas/tests/io/data/stata1_encoding.dta -> build/lib.linux-x86_64-3.7/pandas/tests/io/data
  copying pandas/tests/io/data/S4_EDUC1.dta -> build/lib.linux-x86_64-3.7/pandas/tests/io/data
  copying pandas/tests/io/data/stata6_113.dta -> build/lib.linux-x86_64-3.7/pandas/tests/io/data
  copying pandas/tests/io/data/stata6_114.dta -> build/lib.linux-x86_64-3.7/pandas/tests/io/data
  copying pandas/tests/io/data/stata1_114.dta -> build/lib.linux-x86_64-3.7/pandas/tests/io/data
  copying pandas/tests/io/data/stata6_117.dta -> build/lib.linux-x86_64-3.7/pandas/tests/io/data
  copying pandas/tests/io/data/stata6_115.dta -> build/lib.linux-x86_64-3.7/pandas/tests/io/data
  copying pandas/tests/io/data/stata3_115.dta -> build/lib.linux-x86_64-3.7/pandas/tests/io/data
  copying pandas/tests/io/data/stata9_117.dta -> build/lib.linux-x86_64-3.7/pandas/tests/io/data
  copying pandas/tests/io/data/stata2_114.dta -> build/lib.linux-x86_64-3.7/pandas/tests/io/data
  copying pandas/tests/io/data/stata10_115.dta -> build/lib.linux-x86_64-3.7/pandas/tests/io/data
  copying pandas/tests/io/data/stata2_117.dta -> build/lib.linux-x86_64-3.7/pandas/tests/io/data
  copying pandas/tests/io/data/stata11_115.dta -> build/lib.linux-x86_64-3.7/pandas/tests/io/data
  copying pandas/tests/io/data/stata12_117.dta -> build/lib.linux-x86_64-3.7/pandas/tests/io/data
  copying pandas/tests/io/data/stata14_118.dta -> build/lib.linux-x86_64-3.7/pandas/tests/io/data
  copying pandas/tests/io/data/stata1_117.dta -> build/lib.linux-x86_64-3.7/pandas/tests/io/data
  copying pandas/tests/io/data/stata2_115.dta -> build/lib.linux-x86_64-3.7/pandas/tests/io/data
  copying pandas/tests/io/data/stata15.dta -> build/lib.linux-x86_64-3.7/pandas/tests/io/data
  copying pandas/tests/io/data/stata7_111.dta -> build/lib.linux-x86_64-3.7/pandas/tests/io/data
  copying pandas/tests/io/data/stata9_115.dta -> build/lib.linux-x86_64-3.7/pandas/tests/io/data
  copying pandas/tests/io/data/stata5_115.dta -> build/lib.linux-x86_64-3.7/pandas/tests/io/data
  copying pandas/tests/io/data/stata5_114.dta -> build/lib.linux-x86_64-3.7/pandas/tests/io/data
  copying pandas/tests/io/data/stata4_113.dta -> build/lib.linux-x86_64-3.7/pandas/tests/io/data
  copying pandas/tests/io/data/stata2_113.dta -> build/lib.linux-x86_64-3.7/pandas/tests/io/data
  copying pandas/tests/io/data/stata11_117.dta -> build/lib.linux-x86_64-3.7/pandas/tests/io/data
  copying pandas/tests/io/data/stata10_117.dta -> build/lib.linux-x86_64-3.7/pandas/tests/io/data
  copying pandas/tests/io/data/stata4_114.dta -> build/lib.linux-x86_64-3.7/pandas/tests/io/data
  copying pandas/tests/io/data/stata8_117.dta -> build/lib.linux-x86_64-3.7/pandas/tests/io/data
  copying pandas/tests/io/data/stata7_115.dta -> build/lib.linux-x86_64-3.7/pandas/tests/io/data
  copying pandas/tests/io/data/stata3_113.dta -> build/lib.linux-x86_64-3.7/pandas/tests/io/data
  copying pandas/tests/io/data/categorical_0_15_2.pickle -> build/lib.linux-x86_64-3.7/pandas/tests/io/data
  copying pandas/tests/io/data/categorical_0_14_1.pickle -> build/lib.linux-x86_64-3.7/pandas/tests/io/data
  copying pandas/tests/io/data/gbq_fake_job.txt -> build/lib.linux-x86_64-3.7/p[0m[91mandas/tests/io/data
  copying pandas/tests/io/data/times_1904.xls -> build/lib.linux-x86_64-3.7/pandas/tests/io/data
  copying pandas/tests/io/data/blank.xls -> build/lib.linux-x86_64-3.7/pandas/tests/io/data
  copying pandas/tests/io/data/testdtype.xls -> build/lib.linux-x86_64-3.7/pandas/tests/io/data
  copying pandas/tests/io/data/times_1900.xls -> build/lib.linux-x86_64-3.7/pandas/tests/io/data
  copying pandas/tests/io/data/test_converters.xls -> build/lib.linux-x86_64-3.7/pandas/tests/io/data
  copying pandas/tests/io/data/test_squeeze.xls -> build/lib.linux-x86_64-3.7/pandas/tests/io/data
  copying pandas/tests/io/data/test1.xls -> build/lib.linux-x86_64-3.7/pandas/tests/io/data
  copying pandas/tests/io/data/test3.xls -> build/lib.linux-x86_64-3.7/pandas/tests/io/data
  copying pandas/tests/io/data/test4.xls -> build/lib.linux-x86_64-3.7/pandas/tests/io/data
  copying pandas/tests/io/data/testmultiindex.xls -> build/lib.linux-x86_64-3.7/pandas/tests/io/data
  copying pandas/tests/io/data/test2.xls -> build/lib.linux-x86_64-3.7/pandas/tests/io/data
  copying pandas/tests/io/data/testskiprows.xls -> build/lib.linux-x86_64-3.7/pandas/tests/io/data
  copying pandas/tests/io/data/test_types.xls -> build/lib.linux-x86_64-3.7/pandas/tests/io/data
  copying pandas/tests/io/data/test_index_name_pre17.xls -> build/lib.linux-x86_64-3.7/pandas/tests/io/data
  copying pandas/tests/io/data/blank_with_header.xls -> build/lib.linux-x86_64-3.7/pandas/tests/io/data
  copying pandas/tests/io/data/test5.xls -> build/lib.linux-x86_64-3.7/pandas/tests/io/data
  copying pandas/tests/io/data/testdateoverflow.xls -> build/lib.linux-x86_64-3.7/pandas/tests/io/data
  copying pandas/tests/io/data/test_multisheet.xls -> build/lib.linux-x86_64-3.7/pandas/tests/io/data
  copying pandas/tests/io/data/test3.xlsx -> build/lib.linux-x86_64-3.7/pandas/tests/io/data
  copying pandas/tests/io/data/blank.xlsx -> build/lib.linux-x86_64-3.7/pandas/tests/io/data
  copying pandas/tests/io/data/testskiprows.xlsx -> build/lib.linux-x86_64-3.7/pandas/tests/io/data
  copying pandas/tests/io/data/testmultiindex.xlsx -> build/lib.linux-x86_64-3.7/pandas/tests/io/data
  copying pandas/tests/io/data/testdtype.xlsx -> build/lib.linux-x86_64-3.7/pandas/tests/io/data
  copying pandas/tests/io/data/test1.xlsx -> build/lib.linux-x86_64-3.7/pandas/tests/io/data
  copying pandas/tests/io/data/test_types.xlsx -> build/lib.linux-x86_64-3.7/pandas/tests/io/data
  copying pandas/tests/io/data/test_converters.xlsx -> build/lib.linux-x86_64-3.7/pandas/tests/io/data
  copying pandas/tests/io/data/test2.xlsx -> build/lib.linux-x86_64-3.7/pandas/tests/io/data
  copying pandas/tests/io/data/test5.xlsx -> build/lib.linux-x86_64-3.7/pandas/tests/io/data
  copying pandas/tests/io/data/test_index_name_pre17.xlsx -> build/lib.linux-x86_64-3.7/pandas/tests/io/data
  copying pandas/tests/io/data/test_multisheet.xlsx -> build/lib.linux-x86_64-3.7/pandas/tests/io/data
  copying pandas/tests/io/data/blank_with_header.xlsx -> build/lib.linux-x86_64-3.7/pandas/tests/io/data
  copying pandas/tests/io/data/test_squeeze.xlsx -> build/lib.linux-x86_64-3.7/pandas/tests/io/data
  copying pandas/tests/io/data/test4.xlsx -> build/lib.linux-x86_64-3.7/pandas/tests/io/data
  copying pandas/tests/io/data/testdateoverflow.xlsx -> build/lib.linux-x86_64-3.7/pandas/tests/io/data
  copying pandas/tests/io/data/times_1904.xlsx -> build/lib.linux-x86_64-3.7/pandas/tests/io/data
  copying pandas/tests/io/data/times_1900.xlsx -> build/lib.linux-x86_64-3.7/pandas/tests/io/data
  copying pandas/tests/io/data/test_types.xlsm -> build/lib.linux-x86_64-3.7/pandas/tests/io/data
  copying pandas/tests/io/data/test1.xlsm -> build/lib.linux-x86_64-3.7/pandas/tests/io/data
  copying pandas/tests/io/data/test_converters.xlsm -> build/lib.linux-x86_64-3.7/pandas/tests/io/data
  copying pandas/tests/io/data/test_squeeze.xlsm -> build/lib.linux-x86_64-3.7/pandas/tests/io/data
  copying pandas/tests/io/data/test2.xlsm -> build/lib.linux-x86_64-3.7/pandas/tests/io/data
  copying pandas/tests/io/data/test3.xlsm -> build/lib.linux-x86_64-3.7/pandas/tests/io/data
  copying pandas/tests/io/data/testdtype.xlsm -> build/lib.linux-x86_64-3.7/pandas/tests/io/data
  copying pandas/tests/io/data/test_index_name_pre17.xlsm -> build/lib.linux-x86_64-3.7/pandas/tests/io/data
  copying pandas/tests/io/data/times_1904.xlsm -> build/lib.linux-x86_64-3.7/pandas/tests/io/data
  copying pandas/tests/io/data/test4.xlsm -> build/lib.linux-x86_64-3.7/pandas/tests/io/data
  copying pandas/tests/io/data/testdateoverflow.xlsm -> build/lib.linux-x86_64-3.7/pandas/tests/io/data
  copying pandas/tests/io/data/testmultiindex.xlsm -> build/lib.linux-x86_64-3.7/pandas/tests/io/data
  copying pandas/tests/io/data/test_multisheet.xlsm -> build/lib.linux-x86_64-3.7/pandas/tests/io/data
  copying pandas/tests/io/data/testskiprows.xlsm -> build/lib.linux-x86_64-3.7/pandas/tests/io/data
  copying pandas/tests/io/data/times_1900.xlsm -> build/lib.linux-x86_64-3.7/pandas/tests/io/data
  copying pandas/tests/io/data/blank_with_header.xlsm -> build/lib.linux-x86_64-3.7/pandas/tests/io/data
  copying pandas/tests/io/data/blank.xlsm -> build/lib.linux-x86_64-3.7/pandas/tests/io/data
  copying pandas/tests/io/data/test5.xlsm -> build/lib.linux-x86_64-3.7/pandas/tests/io/data
  creating build/lib.linux-x86_64-3.7/pandas/tests/io/parser/data
  copying pandas/tests/io/parser/data/salaries.csv -> build/lib.linux-x86_64-3.7/pandas/tests/io/parser/data
  copying pandas/tests/io/parser/data/sauron.SHIFT_JIS.csv -> build/lib.linux-x86_64-3.7/pandas/tests/io/parser/data
  copying pandas/tests/io/parser/data/test1.csv -> build/lib.linux-x86_64-3.7/pandas/tests/io/parser/data
  copying pandas/tests/io/parser/data/test_mmap.csv -> build/lib.linux-x86_64-3.7/pandas/tests/io/parser/data
  copying pandas/tests/io/parser/data/iris.csv -> build/lib.linux-x86_64-3.7/pandas/tests/io/parser/data
  copying pandas/tests/io/parser/data/test2.csv -> build/lib.linux-x86_64-3.7/pandas/tests/io/parser/data
  copying pandas/tests/io/parser/data/unicode_series.csv -> build/lib.linux-x86_64-3.7/pandas/tests/io/parser/data
  copying pandas/tests/io/parser/data/tips.csv -> build/lib.linux-x86_64-3.7/pandas/tests/io/parser/data
  copying pandas/tests/io/parser/data/test1.csv.gz -> build/lib.linux-x86_64-3.7/pandas/tests/io/parser/data
  copying pandas/tests/io/parser/data/salaries.csv.gz -> build/lib.linux-x86_64-3.7/pandas/tests/io/parser/data
  copying pandas/tests/io/parser/data/tar_csv.tar.gz -> build/lib.linux-x86_64-3.7/pandas/tests/io/parser/data
  copying pandas/tests/io/parser/data/test1.csv.bz2 -> build/lib.linux-x86_64-3.7/pandas/tests/io/parser/data
  copying pandas/tests/io/parser/data/salaries.csv.bz2 -> build/lib.linux-x86_64-3.7/pandas/tests/io/parser/data
  copying pandas/tests/io/parser/data/utf16_ex.txt -> build/lib.linux-x86_64-3.7/pandas/tests/io/parser/data
  copying pandas/tests/io/parser/data/tar_csv.tar -> build/lib.linux-x86_64-3.7/pandas/tests/io/parser/data
  creating build/lib.linux-x86_64-3.7/pandas/tests/io/sas/data
  copying pandas/tests/io/sas/data/test_sas7bdat_1.csv -> build/lib.linux-x86_64-3.7/pandas/tests/io/sas/data
  copying pandas/tests/io/sas/data/DRXFCD_G.csv -> build/lib.linux-x86_64-3.7/pandas/tests/io/sas/data
  copying pandas/tests/io/sas/data/test_sas7bdat_2.csv -> build/lib.linux-x86_64-3.7/pandas/tests/io/sas/data
  copying pandas/tests/io/sas/data/paxraw_d_short.csv -> build/lib.linux-x86_64-3.7/pandas/tests/io/sas/data
  copying pandas/tests/io/sas/data/airline.csv -> build/lib.linux-x86_64-3.7/pandas/tests/io/sas/data
  copying pandas/tests/io/sas/data/test_12659.csv -> build/lib.linux-x86_64-3.7/pandas/tests/io/sas/data
  copying pandas/tests/io/sas/data/productsales.csv -> build/lib.linux-x86_64-3.7/pandas/tests/io/sas/data
  copying pandas/tests/io/sas/data/SSHSV1_A.csv -> build/lib.linux-x86_64-3.7/pandas/tests/io/sas/data
  copying pandas/tests/io/sas/data/DEMO_G.csv -> build/lib.linux-x86_64-3.7/pandas/tests/io/sas/data
  copying pandas/tests/io/sas/data/SSHSV1_A.xpt -> build/lib.linux-x86_64-3.7/pandas/tests/io/sas/data
  copying pandas/tests/io/sas/data/paxraw_d_short.xpt -> build/lib.linux-x86_64-3.7/pandas/tests/io/sas/data
  copying pandas/tests/io/sas/data/DEMO_G.xpt -> build/lib.linux-x86_64-3.7/pandas/tests/io/sas/data
  copying pandas/tests/io/sas/data/DRXFCD_G.xpt -> build/lib.linux-x86_64-3.7/pandas/tests/io/sas/data
  copying pandas/tests/io/sas/data/test16.sas7bdat -> build/lib.linux-x86_64-3.7/pandas/tests/io/sas/data
  copying pandas/tests/io/sas/data/test10.sas7bdat -> build/lib.linux-x86_64-3.7/pandas/tests/io/sas/data
  copying pandas/tests/io/sas/data/test13.sas7bdat -> build/lib.linux-x86_64-3.7/pandas/tests/io/sas/data
  copying pandas/tests/io/sas/data/test15.sas7bdat -> build/lib.linux-x86_64-3.7/pandas/tests/io/sas/data
  copying pandas/tests/io/sas/data/test7.sas7bdat -> build/lib.linux-x86_64-3.7/pandas/tests/io/sas/data
  copying pandas/tests/io/sas/data/productsales.sas7bdat -> build/lib.linux-x86_64-3.7/pandas/tests/io/sas/data
  copying pandas/tests/io/sas/data/test_12659.sas7bdat -> build/lib.linux-x86_64-3.7/pandas/tests/io/sas/data
  copying pandas/tests/io/sas/data/test3.sas7bdat -> build/lib.linux-x86_64-3.7/pandas/tests/io/sas/data
  copying pandas/tests/io/sas/data/test5.sas7bdat -> build/lib.linux-x86_64-3.7/pandas/tests/io/sas/data
  copying pandas/tests/io/sas/data/test4.sas7bdat -> build/lib.linux-x86_64-3.7/pandas/tests/io/sas/data
  copying pandas/tests/io/sas/data/test1.sas7bdat -> build/lib.linux-x86_64-3.7/pandas/tests/io/sas/data
  copying pandas/tests/io/sas/data/test8.sas7bdat -> build/lib.linux-x86_64-3.7/pandas/tests/io/sas/data
  copying pandas/tests/io/sas/data/test9.sas7bdat -> build/lib.linux-x86_64-3.7/pandas/tests/io/sas/data
  copying pandas/tests/io/sas/data/airline.sas7bdat -> build/lib.linux-x86_64-3.7/pandas/tests/io/sas/data
  copying pandas/tests/io/sas/data/test11.sas7bdat -> build/lib.linux-x86_64-3.7/pandas/tests/io/sas/data
  copying pandas/tests/io/sas/data/test6.sas7bdat -> build/lib.linux-x86_64-3.7/pandas/tests/io/sas/data
  copying pandas/tests/io/sas/data/test12.sas7bdat -> build/lib.linux-x86_64-3.7/pandas/tests/io/sas/data
  copying pandas/tests/io/sas/data/test2.sas7bdat -> build/lib.linux-x86_64-3.7/pandas/tests/io/sas/data
  copying pandas/tests/io/sas/data/test14.sas7bdat -> build/lib.linux-x86_64-3.7/pandas/tests/io/sas/data
  copying pandas/tests/io/data/valid_markup.html -> build/lib.linux-x86_64-3.7/pandas/tests/io/data
  copying pandas/tests/io/data/computer_sales_page.html -> build/lib.linux-x86_64-3.7/pandas/tests/io/data
  copying pandas/tests/io/data/nyse_wsj.html -> build/lib.linux-x86_64-3.7/pandas/tests/io/data
  copying pandas/tests/io/data/wikipedia_states.html -> build/lib.linux-x86_64-3.7/pandas/tests/io/data
  copying pandas/tests/io/data/banklist.html -> build/lib.linux-x86_64-3.7/pandas/tests/io/data
  copying pandas/tests/io/data/spam.html -> build/lib.linux-x86_64-3.7/pandas/tests/io/data
  copying pandas/tests/io/data/macau.html -> build/lib.linux-x86_64-3.7/pandas/tests/io/data
  creating build/lib.linux-x86_64-3.7/pandas/tests/io/data/html_encoding
  copying pandas/tests/io/data/html_encoding/letz_latin1.html -> build/lib.linux-x86_64-3.7/pandas/tests/io/data/html_encoding
  copying pandas/tests/io/data/html_encoding/chinese_utf-8.html -> build/lib.linux-x86_64-3.7/pandas/tests/io/data/html_encoding
  copying pandas/tests/io/data/html_encoding/chinese_utf-32.html -> build/lib.linux-x86_64-3.7/pandas/tests/io/data/html_encoding
  copying pandas/tests/io/data/html_encoding/chinese_utf-16.html -> build/lib.linux-x86_64-3.7/pandas/tests/io/data/html_encoding
  creating build/lib.linux-x86_64-3.7/pandas/tests/io/json/data
  copying pandas/tests/io/json/data/tsframe_iso_v012.json -> build/lib.linux-x86_64-3.7/pandas/tests/io/json/data
  copying pandas/tests/io/json/data/tsframe_v012.json -> build/lib.linux-x86_64-3.7/pandas/tests/io/json/data
  creating build/lib.linux-x86_64-3.7/pandas/tests/io/formats/data
  copying pandas/tests/io/formats/data/unicode_series.csv -> build/lib.linux-x86_64-3.7/pandas/tests/io/formats/data
  creating build/lib.linux-x86_64-3.7/pandas/tests/tseries/data
  copying pandas/tests/tseries/data/cday-0.14.1.pickle -> build/lib.linux-x86_64-3.7/pandas/tests/tseries/data
  copying pandas/tests/tseries/data/dateoffset_0_15_2.pickle -> build/lib.linux-x86_64-3.7/pandas/tests/tseries/data
  UPDATING build/lib.linux-x86_64-3.7/pandas/_version.py
  set build/lib.linux-x86_64-3.7/pandas/_version.py to '0.20.3'
  running build_ext
  building 'pandas._libs.lib' extension
  creating build/temp.linux-x86_64-3.7
  creating build/temp.linux-x86_64-3.7/pandas
  creating build/temp.linux-x86_64-3.7/pandas/_libs
  gcc -pthread -B /srv/conda/envs/notebook/compiler_compat -Wl,--sysroot=/ -Wsign-compare -DNDEBUG -g -fwrapv -O3 -Wall -Wstrict-prototypes -fPIC -Ipandas/_libs/src/klib -Ipandas/_libs/src -I/tmp/pip-install-rcre6mi9/pandas/.eggs/numpy-1.19.0-py3.7-linux-x86_64.egg/numpy/core/include -I/srv/conda/envs/notebook/include/python3.7m -c pandas/_libs/lib.c -o build/temp.linux-x86_64-3.7/pandas/_libs/lib.o -Wno-unused-function
  In file included from /tmp/pip-install-rcre6mi9/pandas/.eggs/numpy-1.19.0-py3.7-linux-x86_64.egg/numpy/core/include/numpy/ndarraytypes.h:1822:0,
                   from /tmp/pip-install-rcre6mi9/pandas/.eggs/numpy-1.19.0-py3.7-linux-x86_64.egg/numpy/core/include/numpy/ndarrayobject.h:12,
                   from /tmp/pip-install-rcre6mi9/pandas/.eggs/numpy-1.19.0-py3.7-linux-x86_64.egg/numpy/core/include/numpy/arrayobject.h:4,
                   from pandas/_libs/lib.c:435:
  /tmp/pip-install-rcre6mi9/pandas/.eggs/numpy-1.19.0-py3.7-linux-x86_64.egg/numpy/core/include/numpy/npy_1_7_deprecated_api.h:17:2: warning: #warning "Using deprecated NumPy API, disable it with " "#define NPY_NO_DEPRECATED_API NPY_1_7_API_VERSION" [-Wcpp]
   #warning "Using deprecated NumPy API, disable it with " \
    ^~~~~~~
  In file included from pandas/_libs/src/compat_helper.h:14:0,
                   from pandas/_libs/lib.c:437:
  pandas/_libs/src/numpy_helper.h: In function ‘get_c_string’:
  pandas/_libs/src/numpy_helper.h:94:12: warning: return discards ‘const’ qualifier from pointer target type [-Wdiscarded-qualifiers]
       return PyUnicode_AsUTF8(obj);
              ^~~~~~~~~~~~~~~~~~~~~
  pandas/_libs/lib.c: In function ‘__Pyx_PyCFunction_FastCall’:
  pandas/_libs/lib.c:93231:13: error: too many arguments to function ‘(PyObject * (*)(PyObject *, PyObject * const*, Py_ssize_t))meth’
       return (*((__Pyx_PyCFunctionFast)meth)) (self, args, nargs, NULL);
              ~^~~~~~~~~~~~~~~~~~~~~~~~~~~~~~~
  pandas/_libs/lib.c: In function ‘__Pyx__ExceptionSave’:
  pandas/_libs/lib.c:94406:21: error: ‘PyThreadState {aka struct _ts}’ has no member named ‘exc_type’; did you mean ‘curexc_type’?
       *type = tstate->exc_type;
                       ^~~~~~~~
                       curexc_type
  pandas/_libs/lib.c:94407:22: error: ‘PyThreadState {aka struct _ts}’ has no member named ‘exc_value’; did you mean ‘curexc_value’?
       *value = tstate->exc_value;
                        ^~~~~~~~~
                        curexc_value
  pandas/_libs/lib.c:94408:19: error: ‘PyThreadState {aka struct _ts}’ has no member named ‘exc_traceback’; did you mean ‘curexc_traceback’?
       *tb = tstate->exc_traceback;
                     ^~~~~~~~~~~~~
                     curexc_traceback
  pandas/_libs/lib.c: In function ‘__Pyx__ExceptionReset’:
  pandas/_libs/lib.c:94415:24: error: ‘PyThreadState {aka struct _ts}’ has no member named ‘exc_type’; did you mean ‘curexc_type’?
       tmp_type = tstate->exc_type;
                          ^~~~~~~~
                          curexc_type
  pandas/_libs/lib.c:94416:25: error: ‘PyThreadState {aka struct _ts}’ has no member named ‘exc_value’; did you mean ‘curexc_value’?
       tmp_value = tstate->exc_value;
                           ^~~~~~~~~
                           curexc_value
  pandas/_libs/lib.c:94417:22: error: ‘PyThreadState {aka struct _ts}’ has no member named ‘exc_traceback’; did you mean ‘curexc_traceback’?
       tmp_tb = tstate->exc_traceback;
                        ^~~~~~~~~~~~~
                        curexc_traceback
  pandas/_libs/lib.c:94418:13: error: ‘PyThreadState {aka struct _ts}’ has no member named ‘exc_type’; did you mean ‘curexc_type’?
       tstate->exc_type = type;
               ^~~~~~~~
               curexc_type
  pandas/_libs/lib.c:94419:13: error: ‘PyThreadState {aka struct _ts}’ has no member named ‘exc_value’; did you mean ‘curexc_value’?
       tstate->exc_value = value;
               ^~~~~~~~~
               curexc_value
  pandas/_libs/lib.c:94420:13: error: ‘PyThreadState {aka struct _ts}’ has no member named ‘exc_traceback’; did you mean ‘curexc_traceback’?
       tstate->exc_traceback = tb;
               ^~~~~~~~~~~~~
               curexc_traceback
  pandas/_libs/lib.c: In function ‘__Pyx__GetException’:
  pandas/_libs/lib.c:94868:24: error: ‘PyThreadState {aka struct _ts}’ has no member named ‘exc_type’; did you mean ‘curexc_type’?
       tmp_type = tstate->exc_type;
                          ^~~~~~~~
                          curexc_type
  pandas/_libs/lib.c:94869:25: error: ‘PyThreadState {aka struct _ts}’ has no member named ‘exc_value’; did you mean ‘curexc_value’?
       tmp_value = tstate->exc_value;
                           ^~~~~~~~~
                           curexc_value
  pandas/_libs/lib.c:94870:22: error: ‘PyThreadState {aka struct _ts}’ has no member named ‘exc_traceback’; did you mean ‘curexc_traceback’?
       tmp_tb = tstate->exc_traceback;
                        ^~~~~~~~~~~~~
                        curexc_traceback
  pandas/_libs/lib.c:94871:13: error: ‘PyThreadState {aka struct _ts}’ has no member named ‘exc_type’; did you mean ‘curexc_type’?
       tstate->exc_type = local_type;
               ^~~~~~~~
               curexc_type
  pandas/_libs/lib.c:94872:13: error: ‘PyThreadState {aka struct _ts}’ has no member named ‘exc_value’; did you mean ‘curexc_value’?
       tstate->exc_value = local_value;
               ^~~~~~~~~
               curexc_value
  pandas/_libs/lib.c:94873:13: error: ‘PyThreadState {aka struct _ts}’ has no member named ‘exc_traceback’; did you mean ‘curexc_traceback’?
       tstate->exc_traceback = local_tb;
               ^~~~~~~~~~~~~
               curexc_traceback
  pandas/_libs/lib.c: In function ‘__Pyx__ExceptionSwap’:
  pandas/_libs/lib.c:95858:24: error: ‘PyThreadState {aka struct _ts}’ has no member named ‘exc_type’; did you mean ‘curexc_type’?
       tmp_type = tstate->exc_type;
                          ^~~~~~~~
                          curexc_type
  pandas/_libs/lib.c:95859:25: error: ‘PyThreadState {aka struct _ts}’ has no member named ‘exc_value’; did you mean ‘curexc_value’?
       tmp_value = tstate->exc_value;
                           ^~~~~~~~~
                           curexc_value
  pandas/_libs/lib.c:95860:22: error: ‘PyThreadState {aka struct _ts}’ has no member named ‘exc_traceback’; did you mean ‘curexc_traceback’?
       tmp_tb = tstate->exc_traceback;
                        ^~~~~~~~~~~~~
                        curexc_traceback
  pandas/_libs/lib.c:95861:13: error: ‘PyThreadState {aka struct _ts}’ has no member named ‘exc_type’; did you mean ‘curexc_type’?
       tstate->exc_type = *type;
               ^~~~~~~~
               curexc_type
  pandas/_libs/lib.c:95862:13: error: ‘PyThreadState {aka struct _ts}’ has no member named ‘exc_value’; did you mean ‘curexc_value’?
       tstate->exc_value = *value;
               ^~~~~~~~~
               curexc_value
  pandas/_libs/lib.c:95863:13: error: ‘PyThreadState {aka struct _ts}’ has no member named ‘exc_traceback’; did you mean ‘curexc_traceback’?
       tstate->exc_traceback = *tb;
               ^~~~~~~~~~~~~
               curexc_traceback
  error: command 'gcc' failed with exit status 1
  ----------------------------------------
  ERROR: Failed building wheel for pandas
[0m  Running setup.py clean for pandas
  Building wheel for scikit-image (setup.py): started
  Building wheel for scikit-image (setup.py): finished with status 'error'
[91m  ERROR: Command errored out with exit status 1:
   command: /srv/conda/envs/notebook/bin/python -u -c 'import sys, setuptools, tokenize; sys.argv[0] = '"'"'/tmp/pip-install-rcre6mi9/scikit-image/setup.py'"'"'; __file__='"'"'/tmp/pip-install-rcre6mi9/scikit-image/setup.py'"'"';f=getattr(tokenize, '"'"'open'"'"', open)(__file__);code=f.read().replace('"'"'\r\n'"'"', '"'"'\n'"'"');f.close();exec(compile(code, __file__, '"'"'exec'"'"'))' bdist_wheel -d /tmp/pip-wheel-cb5hf6xo
       cwd: /tmp/pip-install-rcre6mi9/scikit-image/
  Complete output (5 lines):
  To install scikit-image from source, you will need numpy.
  Install numpy with pip:
  pip install numpy
  Or use your operating system package manager. For more
  details, see http://scikit-image.org/docs/stable/install.html
  ----------------------------------------
  ERROR: Failed building wheel for scikit-image
[0m  Running setup.py clean for scikit-image
  Building wheel for scikit-learn (setup.py): started
  Building wheel for scikit-learn (setup.py): finished with status 'error'
[91m  ERROR: Command errored out with exit status 1:
   command: /srv/conda/envs/notebook/bin/python -u -c 'import sys, setuptools, tokenize; sys.argv[0] = '"'"'/tmp/pip-install-rcre6mi9/scikit-learn/setup.py'"'"'; __file__='"'"'/tmp/pip-install-rcre6mi9/scikit-learn/setup.py'"'"';f=getattr(tokenize, '"'"'open'"'"', open)(__file__);code=f.read().replace('"'"'\r\n'"'"', '"'"'\n'"'"');f.close();exec(compile(code, __file__, '"'"'exec'"'"'))' bdist_wheel -d /tmp/pip-wheel-bj09v3_g
       cwd: /tmp/pip-install-rcre6mi9/scikit-learn/
  Complete output (19 lines):
  Partial import of sklearn during the build process.
  Traceback (most recent call last):
    File "/tmp/pip-install-rcre6mi9/scikit-learn/setup.py", line 168, in get_numpy_status
      import numpy
  ModuleNotFoundError: No module named 'numpy'
  Traceback (most recent call last):
    File "/tmp/pip-install-rcre6mi9/scikit-learn/setup.py", line 148, in get_scipy_status
      import scipy
  ModuleNotFoundError: No module named 'scipy'
  Traceback (most recent call last):
    File "<string>", line 1, in <module>
    File "/tmp/pip-install-rcre6mi9/scikit-learn/setup.py", line 269, in <module>
      setup_package()
    File "/tmp/pip-install-rcre6mi9/scikit-learn/setup.py", line 249, in setup_package
      .format(numpy_req_str, instructions))
  ImportError: Numerical Python (NumPy) is not installed.
  scikit-learn requires NumPy >= 1.8.2.
  Installation instructions are available on the scikit-learn website: http://scikit-learn.org/stable/install.html
  
  ----------------------------------------
[0m  Running setup.py clean for scikit-learn
[91m  ERROR: Failed building wheel for scikit-learn
[0m  Building wheel for scipy (setup.py): started
  Building wheel for scipy (setup.py): finished with status 'error'
[91m  ERROR: Command errored out with exit status 1:
   command: /srv/conda/envs/notebook/bin/python -u -c 'import sys, setuptools, tokenize; sys.argv[0] = '"'"'/tmp/pip-install-rcre6mi9/scipy/setup.py'"'"'; __file__='"'"'/tmp/pip-install-rcre6mi9/scipy/setup.py'"'"';f=getattr(tokenize, '"'"'open'"'"', open)(__file__);code=f.read().replace('"'"'\r\n'"'"', '"'"'\n'"'"');f.close();exec(compile(code, __file__, '"'"'exec'"'"'))' bdist_wheel -d /tmp/pip-wheel-g2xuolua
       cwd: /tmp/pip-install-rcre6mi9/scipy/
  Complete output (9 lines):
  /tmp/pip-install-rcre6mi9/scipy/setup.py:116: DeprecationWarning: the imp module is deprecated in favour of importlib; see the module's documentation for alternative uses
    import imp
  Traceback (most recent call last):
    File "<string>", line 1, in <module>
    File "/tmp/pip-install-rcre6mi9/scipy/setup.py", line 416, in <module>
      setup_package()
    File "/tmp/pip-install-rcre6mi9/scipy/setup.py", line 396, in setup_package
      from numpy.distutils.core import setup
  ModuleNotFoundError: No module named 'numpy'
  ----------------------------------------
[0m[91m  ERROR: Failed building wheel for scipy
[0m  Running setup.py clean for scipy
[91m  ERROR: Command errored out with exit status 1:
   command: /srv/conda/envs/notebook/bin/python -u -c 'import sys, setuptools, tokenize; sys.argv[0] = '"'"'/tmp/pip-install-rcre6mi9/scipy/setup.py'"'"'; __file__='"'"'/tmp/pip-install-rcre6mi9/scipy/setup.py'"'"';f=getattr(tokenize, '"'"'open'"'"', open)(__file__);code=f.read().replace('"'"'\r\n'"'"', '"'"'\n'"'"');f.close();exec(compile(code, __file__, '"'"'exec'"'"'))' clean --all
       cwd: /tmp/pip-install-rcre6mi9/scipy
  Complete output (11 lines):
  /tmp/pip-install-rcre6mi9/scipy/setup.py:116: DeprecationWarning: the imp module is deprecated in favour of importlib; see the module's documentation for alternative uses
    import imp
  
  `setup.py clean` is not supported, use one of the following instead:
  
    - `git clean -xdf` (cleans all files)
    - `git clean -Xdf` (cleans all versioned files, doesn't touch
                        files that aren't checked into the git repo)
  
  Add `--force` to your command to use it anyway if you must (unsupported).
  
  ----------------------------------------
[0m[91m  ERROR: Failed cleaning build dir for scipy
[0m  Building wheel for seaborn (setup.py): started
  Building wheel for seaborn (setup.py): finished with status 'done'
  Created wheel for seaborn: filename=seaborn-0.8.1-py3-none-any.whl size=184860 sha256=aaa260a9b0d33ec0cdb14717d475bde82196ad842f744235d0ed994a987a35d3
  Stored in directory: /tmp/pip-ephem-wheel-cache-4s0dzlqw/wheels/5f/54/36/8bf02b21dbff2da8fcc84a6d11903cc5fc6cc42a13aa501233
  Building wheel for simplegeneric (setup.py): started
  Building wheel for simplegeneric (setup.py): finished with status 'done'
  Created wheel for simplegeneric: filename=simplegeneric-0.8.1-py3-none-any.whl size=5075 sha256=5269c586f4f308951ede3d417b9a742efaa44a84b3a814f2bf350ac90644a219
  Stored in directory: /tmp/pip-ephem-wheel-cache-4s0dzlqw/wheels/90/de/df/f1324f4dd966636ab877b82d467acad38a0998b1c42ddb7288
  Building wheel for termcolor (setup.py): started
  Building wheel for termcolor (setup.py): finished with status 'done'
  Created wheel for termcolor: filename=termcolor-1.1.0-py3-none-any.whl size=4830 sha256=dc2762c011c335fe5f8793a4d20e2db1fe00540ad52e91446febfccd371e6739
  Stored in directory: /tmp/pip-ephem-wheel-cache-4s0dzlqw/wheels/3f/e3/ec/8a8336ff196023622fbcb36de0c5a5c218cbb24111d1d4c7f2
  Building wheel for tornado (setup.py): started
  Building wheel for tornado (setup.py): finished with status 'done'
  Created wheel for tornado: filename=tornado-4.5.2-cp37-cp37m-linux_x86_64.whl size=433423 sha256=434bbb709786adda58d3e0c854df787b44cd86affef7b19b01a9337d2210ef12
  Stored in directory: /tmp/pip-ephem-wheel-cache-4s0dzlqw/wheels/c3/1a/eb/ac0eb7669ef06a0c595f492de8ef76a90124b14c5fcb262131
  Building wheel for wrapt (setup.py): started
  Building wheel for wrapt (setup.py): finished with status 'done'
  Created wheel for wrapt: filename=wrapt-1.11.2-cp37-cp37m-linux_x86_64.whl size=70730 sha256=05a6d8a0ad67cf4624b5d0843a43b09dfa775aa06716bbdfe8e054cf226f413c
  Stored in directory: /tmp/pip-ephem-wheel-cache-4s0dzlqw/wheels/23/5f/62/304b411f20be41821465a82bc98baabc5e68c3cdd1eb99db71
Successfully built absl-py edward gast html5lib markdown markupsafe matplotlib networkx observations opt-einsum seaborn simplegeneric termcolor tornado wrapt
Failed to build pandas scikit-image scikit-learn scipy
[91mERROR: jupyterlab 1.2.6 has requirement jinja2>=2.10, but you'll have jinja2 2.9.6 which is incompatible.
[0m[91mERROR: jupyterlab-server 1.0.6 has requirement jinja2>=2.10, but you'll have jinja2 2.9.6 which is incompatible.
ERROR: jupyterlab-server 1.0.6 has requirement jsonschema>=3.0.1, but you'll have jsonschema 2.6.0 which is incompatible.
ERROR: jupyterhub 1.1.0 has requirement tornado>=5.0, but you'll have tornado 4.5.2 which is incompatible.
[0mInstalling collected packages: six, absl-py, astor, html5lib, bleach, certifi, click, cycler, decorator, numpy, edward, entrypoints, first, gast, google-pasta, grpcio, h5py, idna, tornado, ptyprocess, pexpect, traitlets, pygments, simplegeneric, pickleshare, wcwidth, prompt-toolkit, ipython, ipykernel, jupyter-core, jsonschema, nbformat, pyzmq, markupsafe, jinja2, terminado, mistune, testpath, nbconvert, notebook, widgetsnbextension, ipywidgets, jupyter-console, qtconsole, jupyter, keras-applications, keras-preprocessing, markdown, python-dateutil, pytz, pyparsing, matplotlib, networkx, observations, opt-einsum, pandas, pillow, pip-tools, protobuf, pywavelets, urllib3, requests, scipy, scikit-image, scikit-learn, seaborn, wheel, werkzeug, tensorboard, tensorflow-estimator, wrapt, termcolor, tensorflow
  Attempting uninstall: six
    Found existing installation: six 1.14.0
    Uninstalling six-1.14.0:
      Successfully uninstalled six-1.14.0
  Attempting uninstall: bleach
    Found existing installation: bleach 3.1.0
    Uninstalling bleach-3.1.0:
      Successfully uninstalled bleach-3.1.0
  Attempting uninstall: certifi
    Found existing installation: certifi 2019.11.28
    Uninstalling certifi-2019.11.28:
      Successfully uninstalled certifi-2019.11.28
  Attempting uninstall: decorator
    Found existing installation: decorator 4.4.1
    Uninstalling decorator-4.4.1:
      Successfully uninstalled decorator-4.4.1
  Attempting uninstall: entrypoints
    Found existing installation: entrypoints 0.3
    Uninstalling entrypoints-0.3:
      Successfully uninstalled entrypoints-0.3
  Attempting uninstall: idna
    Found existing installation: idna 2.8
    Uninstalling idna-2.8:
      Successfully uninstalled idna-2.8
  Attempting uninstall: tornado
    Found existing installation: tornado 6.0.3
    Uninstalling tornado-6.0.3:
      Successfully uninstalled tornado-6.0.3
  Attempting uninstall: ptyprocess
    Found existing installation: ptyprocess 0.6.0
    Uninstalling ptyprocess-0.6.0:
      Successfully uninstalled ptyprocess-0.6.0
  Attempting uninstall: pexpect
    Found existing installation: pexpect 4.8.0
    Uninstalling pexpect-4.8.0:
      Successfully uninstalled pexpect-4.8.0
  Attempting uninstall: traitlets
    Found existing installation: traitlets 4.3.3
    Uninstalling traitlets-4.3.3:
      Successfully uninstalled traitlets-4.3.3
  Attempting uninstall: pygments
    Found existing installation: Pygments 2.5.2
    Uninstalling Pygments-2.5.2:
      Successfully uninstalled Pygments-2.5.2
  Attempting uninstall: pickleshare
    Found existing installation: pickleshare 0.7.5
    Uninstalling pickleshare-0.7.5:
      Successfully uninstalled pickleshare-0.7.5
  Attempting uninstall: wcwidth
    Found existing installation: wcwidth 0.1.8
    Uninstalling wcwidth-0.1.8:
      Successfully uninstalled wcwidth-0.1.8
  Attempting uninstall: prompt-toolkit
    Found existing installation: prompt-toolkit 3.0.3
    Uninstalling prompt-toolkit-3.0.3:
      Successfully uninstalled prompt-toolkit-3.0.3
  Attempting uninstall: ipython
    Found existing installation: ipython 7.11.1
    Uninstalling ipython-7.11.1:
      Successfully uninstalled ipython-7.11.1
  Attempting uninstall: ipykernel
    Found existing installation: ipykernel 5.1.4
    Uninstalling ipykernel-5.1.4:
      Successfully uninstalled ipykernel-5.1.4
  Attempting uninstall: jupyter-core
    Found existing installation: jupyter-core 4.6.1
    Uninstalling jupyter-core-4.6.1:
      Successfully uninstalled jupyter-core-4.6.1
  Attempting uninstall: jsonschema
    Found existing installation: jsonschema 3.2.0
    Uninstalling jsonschema-3.2.0:
      Successfully uninstalled jsonschema-3.2.0
  Attempting uninstall: nbformat
    Found existing installation: nbformat 5.0.4
    Uninstalling nbformat-5.0.4:
      Successfully uninstalled nbformat-5.0.4
  Attempting uninstall: pyzmq
    Found existing installation: pyzmq 18.1.1
    Uninstalling pyzmq-18.1.1:
      Successfully uninstalled pyzmq-18.1.1
  Attempting uninstall: markupsafe
    Found existing installation: MarkupSafe 1.1.1
    Uninstalling MarkupSafe-1.1.1:
      Successfully uninstalled MarkupSafe-1.1.1
  Attempting uninstall: jinja2
    Found existing installation: Jinja2 2.11.0
    Uninstalling Jinja2-2.11.0:
      Successfully uninstalled Jinja2-2.11.0
  Attempting uninstall: terminado
    Found existing installation: terminado 0.8.3
[91mERROR: Cannot uninstall 'terminado'. It is a distutils installed project and thus we cannot accurately determine which files belong to it which would lead to only a partial uninstall.
[0mRemoving intermediate container 01892fbf2580
The command '/bin/sh -c ${KERNEL_PYTHON_PREFIX}/bin/pip install --no-cache-dir -r "requirements.txt"' returned a non-zero code: 1Traceback (most recent call last):
  File "/usr/local/lib/python3.8/dist-packages/repo2docker_checker/checker.py", line 318, in test_one_repo
    image, checkout_path = build_repo(
  File "/usr/local/lib/python3.8/dist-packages/repo2docker_checker/checker.py", line 128, in build_repo
    run(
  File "/usr/lib/python3.8/subprocess.py", line 512, in run
    raise CalledProcessError(retcode, process.args,
subprocess.CalledProcessError: Command '['jupyter-repo2docker', '--no-run', '--no-clean', '--image-name', 'r2d-test-github.com-yoheikikuta-sandbox-edward:0a491f5', '/tmp/r2d-test-2020-07-15T12.52y0ssflvy/github.com/yoheikikuta/sandbox-edward']' returned non-zero exit status 1.
