[I 200713 08:05:55 inrepo:36] Testing notebook notebooks/1.5 - PPO Atari.ipynb
[I 200713 08:05:55 inrepo:45] Found kernel python3
[I 200713 08:05:55 execute:404] Executing notebook with kernel: python3
Traceback (most recent call last):
  File "/src/inrepo.py", line 114, in <module>
    main()
  File "/src/inrepo.py", line 110, in main
    test_f(opts.test, opts.output_dir)
  File "/src/inrepo.py", line 75, in run_notebook
    nb, cwd=os.path.dirname(nb_path), kernel_name=kernel_name, timeout=600
  File "/srv/conda/envs/notebook/lib/python3.7/site-packages/nbconvert/preprocessors/execute.py", line 737, in executenb
    return ep.preprocess(nb, resources, km=km)[0]
  File "/srv/conda/envs/notebook/lib/python3.7/site-packages/nbconvert/preprocessors/execute.py", line 405, in preprocess
    nb, resources = super(ExecutePreprocessor, self).preprocess(nb, resources)
  File "/srv/conda/envs/notebook/lib/python3.7/site-packages/nbconvert/preprocessors/base.py", line 69, in preprocess
    nb.cells[index], resources = self.preprocess_cell(cell, resources, index)
  File "/srv/conda/envs/notebook/lib/python3.7/site-packages/nbconvert/preprocessors/execute.py", line 448, in preprocess_cell
    raise CellExecutionError.from_cell_and_msg(cell, out)
nbconvert.preprocessors.execute.CellExecutionError: An error occurred while executing the following cell:
------------------
import sys
from baselines import logger, bench
from baselines.common import set_global_seeds
from baselines.common.cmd_util import make_atari_env, atari_arg_parser
from baselines.common.atari_wrappers import wrap_deepmind, make_atari
from baselines.common.vec_env.vec_frame_stack import VecFrameStack
from baselines.common.vec_env.dummy_vec_env import DummyVecEnv
from baselines.ppo2 import ppo2
from baselines.ppo2.policies import CnnPolicy, LstmPolicy, LnLstmPolicy, MlpPolicy
import multiprocessing
import tensorflow as tf
------------------

[0;31m---------------------------------------------------------------------------[0m
[0;31mModuleNotFoundError[0m                       Traceback (most recent call last)
[0;32m<ipython-input-1-5f01ccbb4d80>[0m in [0;36m<module>[0;34m[0m
[1;32m      1[0m [0;32mimport[0m [0msys[0m[0;34m[0m[0;34m[0m[0m
[0;32m----> 2[0;31m [0;32mfrom[0m [0mbaselines[0m [0;32mimport[0m [0mlogger[0m[0;34m,[0m [0mbench[0m[0;34m[0m[0;34m[0m[0m
[0m[1;32m      3[0m [0;32mfrom[0m [0mbaselines[0m[0;34m.[0m[0mcommon[0m [0;32mimport[0m [0mset_global_seeds[0m[0;34m[0m[0;34m[0m[0m
[1;32m      4[0m [0;32mfrom[0m [0mbaselines[0m[0;34m.[0m[0mcommon[0m[0;34m.[0m[0mcmd_util[0m [0;32mimport[0m [0mmake_atari_env[0m[0;34m,[0m [0matari_arg_parser[0m[0;34m[0m[0;34m[0m[0m
[1;32m      5[0m [0;32mfrom[0m [0mbaselines[0m[0;34m.[0m[0mcommon[0m[0;34m.[0m[0matari_wrappers[0m [0;32mimport[0m [0mwrap_deepmind[0m[0;34m,[0m [0mmake_atari[0m[0;34m[0m[0;34m[0m[0m

[0;31mModuleNotFoundError[0m: No module named 'baselines'
ModuleNotFoundError: No module named 'baselines'


Container exited with status: {'Error': None, 'StatusCode': 1}
