Picked Local content provider.
Using local repo /tmp/r2d-test-2020-07-09T11.484h2tniqi/github.com/ComputoCienciasUniandes/FISI2028-201910.
Traceback (most recent call last):
  File "/usr/lib/python3/dist-packages/urllib3/connectionpool.py", line 421, in _make_request
    six.raise_from(e, None)
  File "<string>", line 3, in raise_from
  File "/usr/lib/python3/dist-packages/urllib3/connectionpool.py", line 416, in _make_request
    httplib_response = conn.getresponse()
  File "/usr/lib/python3.8/http/client.py", line 1332, in getresponse
    response.begin()
  File "/usr/lib/python3.8/http/client.py", line 303, in begin
    version, status, reason = self._read_status()
  File "/usr/lib/python3.8/http/client.py", line 264, in _read_status
    line = str(self.fp.readline(_MAXLINE + 1), "iso-8859-1")
  File "/usr/lib/python3.8/socket.py", line 669, in readinto
    return self._sock.recv_into(b)
socket.timeout: timed out

During handling of the above exception, another exception occurred:

Traceback (most recent call last):
  File "/usr/lib/python3/dist-packages/requests/adapters.py", line 439, in send
    resp = conn.urlopen(
  File "/usr/lib/python3/dist-packages/urllib3/connectionpool.py", line 719, in urlopen
    retries = retries.increment(
  File "/usr/lib/python3/dist-packages/urllib3/util/retry.py", line 400, in increment
    raise six.reraise(type(error), error, _stacktrace)
  File "/usr/lib/python3/dist-packages/six.py", line 703, in reraise
    raise value
  File "/usr/lib/python3/dist-packages/urllib3/connectionpool.py", line 665, in urlopen
    httplib_response = self._make_request(
  File "/usr/lib/python3/dist-packages/urllib3/connectionpool.py", line 423, in _make_request
    self._raise_timeout(err=e, url=url, timeout_value=read_timeout)
  File "/usr/lib/python3/dist-packages/urllib3/connectionpool.py", line 330, in _raise_timeout
    raise ReadTimeoutError(
urllib3.exceptions.ReadTimeoutError: UnixHTTPConnectionPool(host='localhost', port=None): Read timed out. (read timeout=60)

During handling of the above exception, another exception occurred:

Traceback (most recent call last):
  File "/usr/local/bin/jupyter-repo2docker", line 8, in <module>
    sys.exit(main())
  File "/usr/local/lib/python3.8/dist-packages/repo2docker/__main__.py", line 348, in main
    r2d.start()
  File "/usr/local/lib/python3.8/dist-packages/repo2docker/app.py", line 743, in start
    self.build()
  File "/usr/local/lib/python3.8/dist-packages/repo2docker/app.py", line 658, in build
    if self.find_image():
  File "/usr/local/lib/python3.8/dist-packages/repo2docker/app.py", line 620, in find_image
    for image in client.images():
  File "/usr/local/lib/python3.8/dist-packages/docker/api/image.py", line 90, in images
    res = self._result(self._get(self._url("/images/json"), params=params),
  File "/usr/local/lib/python3.8/dist-packages/docker/utils/decorators.py", line 46, in inner
    return f(self, *args, **kwargs)
  File "/usr/local/lib/python3.8/dist-packages/docker/api/client.py", line 230, in _get
    return self.get(url, **self._set_request_timeout(kwargs))
  File "/usr/lib/python3/dist-packages/requests/sessions.py", line 546, in get
    return self.request('GET', url, **kwargs)
  File "/usr/lib/python3/dist-packages/requests/sessions.py", line 533, in request
    resp = self.send(prep, **send_kwargs)
  File "/usr/lib/python3/dist-packages/requests/sessions.py", line 646, in send
    r = adapter.send(request, **kwargs)
  File "/usr/lib/python3/dist-packages/requests/adapters.py", line 529, in send
    raise ReadTimeout(e, request=request)
requests.exceptions.ReadTimeout: UnixHTTPConnectionPool(host='localhost', port=None): Read timed out. (read timeout=60)
Traceback (most recent call last):
  File "/usr/local/lib/python3.8/dist-packages/repo2docker_checker/checker.py", line 318, in test_one_repo
    image, checkout_path = build_repo(
  File "/usr/local/lib/python3.8/dist-packages/repo2docker_checker/checker.py", line 128, in build_repo
    run(
  File "/usr/lib/python3.8/subprocess.py", line 512, in run
    raise CalledProcessError(retcode, process.args,
subprocess.CalledProcessError: Command '['jupyter-repo2docker', '--no-run', '--no-clean', '--image-name', 'r2d-test-github.com-computocienciasuniandes-fisi2028-201910:f648dc9', '/tmp/r2d-test-2020-07-09T11.484h2tniqi/github.com/ComputoCienciasUniandes/FISI2028-201910']' returned non-zero exit status 1.
