[I 200717 06:49:58 inrepo:36] Testing notebook Assignment_week_2.ipynb
[E 200717 06:49:58 __init__:79] Notebook JSON is invalid: {'data': [{'x': [-2, -1.9, -1.7999999999999998, -1.6999999999999997, -1.5999999999999996, -1.4999999999999996, -1.3999999999999995, -1.2999999999999994, -1.1999999999999993, -1.0999999999999992, -0.9999999999999991, -0.899999999999999, -0.7999999999999989, -0.6999999999999988, -0.5999999999999988, -0.49999999999999867, -0.3999999999999986, -0.2999999999999985, -0.1999999999999984, -0.09999999999999831, 1.7763568394002505e-15, 0.10000000000000187, 0.20000000000000195, 0.30000000000000204, 0.40000000000000213, 0.5000000000000022, 0.6000000000000023, 0.7000000000000024, 0.8000000000000025, 0.9000000000000026, 1.0000000000000027, 1.1000000000000028, 1.2000000000000028, 1.300000000000003, 1.400000000000003, 1.500000000000003, 1.6000000000000032, 1.7000000000000033, 1.8000000000000034, 1.9000000000000035, 2.0000000000000036], 'y': [4, 3.61, 3.2399999999999993, 2.8899999999999992, 2.5599999999999987, 2.2499999999999987, 1.9599999999999984, 1.6899999999999984, 1.4399999999999984, 1.2099999999999982, 0.9999999999999982, 0.8099999999999983, 0.6399999999999983, 0.4899999999999984, 0.3599999999999985, 0.24999999999999867, 0.15999999999999887, 0.0899999999999991, 0.03999999999999936, 0.009999999999999662, 3.1554436208840472e-30, 0.010000000000000373, 0.040000000000000785, 0.09000000000000123, 0.1600000000000017, 0.2500000000000022, 0.36000000000000276, 0.4900000000000034, 0.640000000000004, 0.8100000000000046, 1.0000000000000053, 1.210000000000006, 1.4400000000000068, 1.6900000000000077, 1.9600000000000084, 2.2500000000000093, 2.5600000000000103, 2.8900000000000112, 3.240000000000012, 3.610000000000013, 4.000000000000014]}], 'layout': {}} is not valid under any of the given schemas
    
    Failed validating 'oneOf' in display_data['properties']['data']['patternProperties']['^(?!application/json$)[a-zA-Z0-9]+/[a-zA-Z0-9\\-\\+\\.]+$']:
    
    On instance['cells'][4]['outputs'][1]['data']['application/vnd.plotly.v1+json']:
    {'data': [{'x': [-2,
                     -1.9,
                     -1.7999999999999998,
                     -1.6999999999999997,
                     -1.5999999999999996,
                     -1.4999999999999996,
                     -1.3999999999999995,
                     -1.2999999999999994,
                     -1.1999999999999993,
                     -1.0999999999999992,
                     -0.9999999999999991,
                     -0.899999999999999,
                     -0.7999999999999989,
                     -0.6999999999999988,
                     -0.5999999999999988,
                     -0.49999999999999867,
                     '...25 items truncated...'],
               'y': [4,
                     3.61,
                     3.2399999999999993,
                     2.8899999999999992,
                     2.5599999999999987,
                     2.2499999999999987,
                     1.9599999999999984,
                     1.6899999999999984,
                     1.4399999999999984,
                     1.2099999999999982,
                     0.9999999999999982,
                     0.8099999999999983,
                     0.6399999999999983,
                     0.4899999999999984,
                     0.3599999999999985,
                     0.24999999999999867,
                     '...25 items truncated...']}],
     'layout': {}}
[I 200717 06:49:58 inrepo:45] Found kernel python3
[I 200717 06:49:59 execute:404] Executing notebook with kernel: python3
Traceback (most recent call last):
  File "/src/inrepo.py", line 114, in <module>
    main()
  File "/src/inrepo.py", line 110, in main
    test_f(opts.test, opts.output_dir)
  File "/src/inrepo.py", line 75, in run_notebook
    nb, cwd=os.path.dirname(nb_path), kernel_name=kernel_name, timeout=600
  File "/srv/conda/envs/notebook/lib/python3.7/site-packages/nbconvert/preprocessors/execute.py", line 737, in executenb
    return ep.preprocess(nb, resources, km=km)[0]
  File "/srv/conda/envs/notebook/lib/python3.7/site-packages/nbconvert/preprocessors/execute.py", line 405, in preprocess
    nb, resources = super(ExecutePreprocessor, self).preprocess(nb, resources)
  File "/srv/conda/envs/notebook/lib/python3.7/site-packages/nbconvert/preprocessors/base.py", line 69, in preprocess
    nb.cells[index], resources = self.preprocess_cell(cell, resources, index)
  File "/srv/conda/envs/notebook/lib/python3.7/site-packages/nbconvert/preprocessors/execute.py", line 448, in preprocess_cell
    raise CellExecutionError.from_cell_and_msg(cell, out)
nbconvert.preprocessors.execute.CellExecutionError: An error occurred while executing the following cell:
------------------
from plotly.offline import download_plotlyjs, init_notebook_mode, plot, iplot
from plotly.graph_objs import Bar, Scatter, Figure, Layout
init_notebook_mode(connected=True)
from numpy import arange
range_x = arange(-2,2.1,0.1)
iplot([{"x": range_x, "y": [x**2 for x in range_x]}])
------------------

[0;31m---------------------------------------------------------------------------[0m
[0;31mModuleNotFoundError[0m                       Traceback (most recent call last)
[0;32m<ipython-input-1-81ed3578ef2b>[0m in [0;36m<module>[0;34m[0m
[0;32m----> 1[0;31m [0;32mfrom[0m [0mplotly[0m[0;34m.[0m[0moffline[0m [0;32mimport[0m [0mdownload_plotlyjs[0m[0;34m,[0m [0minit_notebook_mode[0m[0;34m,[0m [0mplot[0m[0;34m,[0m [0miplot[0m[0;34m[0m[0;34m[0m[0m
[0m[1;32m      2[0m [0;32mfrom[0m [0mplotly[0m[0;34m.[0m[0mgraph_objs[0m [0;32mimport[0m [0mBar[0m[0;34m,[0m [0mScatter[0m[0;34m,[0m [0mFigure[0m[0;34m,[0m [0mLayout[0m[0;34m[0m[0;34m[0m[0m
[1;32m      3[0m [0minit_notebook_mode[0m[0;34m([0m[0mconnected[0m[0;34m=[0m[0;32mTrue[0m[0;34m)[0m[0;34m[0m[0;34m[0m[0m
[1;32m      4[0m [0;32mfrom[0m [0mnumpy[0m [0;32mimport[0m [0marange[0m[0;34m[0m[0;34m[0m[0m
[1;32m      5[0m [0mrange_x[0m [0;34m=[0m [0marange[0m[0;34m([0m[0;34m-[0m[0;36m2[0m[0;34m,[0m[0;36m2.1[0m[0;34m,[0m[0;36m0.1[0m[0;34m)[0m[0;34m[0m[0;34m[0m[0m

[0;31mModuleNotFoundError[0m: No module named 'plotly'
ModuleNotFoundError: No module named 'plotly'


Container exited with status: {'Error': None, 'StatusCode': 1}
