[I 200713 07:27:14 inrepo:36] Testing notebook pso_gaussian/ResultsAndNotes/Simple Pso Test 02.ipynb
[I 200713 07:27:15 inrepo:45] Found kernel python3
[I 200713 07:27:16 execute:404] Executing notebook with kernel: python3
Traceback (most recent call last):
  File "/src/inrepo.py", line 114, in <module>
    main()
  File "/src/inrepo.py", line 110, in main
    test_f(opts.test, opts.output_dir)
  File "/src/inrepo.py", line 75, in run_notebook
    nb, cwd=os.path.dirname(nb_path), kernel_name=kernel_name, timeout=600
  File "/srv/conda/envs/notebook/lib/python3.7/site-packages/nbconvert/preprocessors/execute.py", line 737, in executenb
    return ep.preprocess(nb, resources, km=km)[0]
  File "/srv/conda/envs/notebook/lib/python3.7/site-packages/nbconvert/preprocessors/execute.py", line 405, in preprocess
    nb, resources = super(ExecutePreprocessor, self).preprocess(nb, resources)
  File "/srv/conda/envs/notebook/lib/python3.7/site-packages/nbconvert/preprocessors/base.py", line 69, in preprocess
    nb.cells[index], resources = self.preprocess_cell(cell, resources, index)
  File "/srv/conda/envs/notebook/lib/python3.7/site-packages/nbconvert/preprocessors/execute.py", line 448, in preprocess_cell
    raise CellExecutionError.from_cell_and_msg(cell, out)
nbconvert.preprocessors.execute.CellExecutionError: An error occurred while executing the following cell:
------------------
from pso_gaussian import pso_gaussian
lb=[-10,-10,-10,-10,-10,-10]
ub=[10 , 10, 10, 10, 10, 10]
def f(x):
    return sum([e*e for e in x])

------------------

[0;31m---------------------------------------------------------------------------[0m
[0;31mModuleNotFoundError[0m                       Traceback (most recent call last)
[0;32m<ipython-input-1-8359d6502c28>[0m in [0;36m<module>[0;34m[0m
[0;32m----> 1[0;31m [0;32mfrom[0m [0mpso_gaussian[0m [0;32mimport[0m [0mpso_gaussian[0m[0;34m[0m[0;34m[0m[0m
[0m[1;32m      2[0m [0mlb[0m[0;34m=[0m[0;34m[[0m[0;34m-[0m[0;36m10[0m[0;34m,[0m[0;34m-[0m[0;36m10[0m[0;34m,[0m[0;34m-[0m[0;36m10[0m[0;34m,[0m[0;34m-[0m[0;36m10[0m[0;34m,[0m[0;34m-[0m[0;36m10[0m[0;34m,[0m[0;34m-[0m[0;36m10[0m[0;34m][0m[0;34m[0m[0;34m[0m[0m
[1;32m      3[0m [0mub[0m[0;34m=[0m[0;34m[[0m[0;36m10[0m [0;34m,[0m [0;36m10[0m[0;34m,[0m [0;36m10[0m[0;34m,[0m [0;36m10[0m[0;34m,[0m [0;36m10[0m[0;34m,[0m [0;36m10[0m[0;34m][0m[0;34m[0m[0;34m[0m[0m
[1;32m      4[0m [0;32mdef[0m [0mf[0m[0;34m([0m[0mx[0m[0;34m)[0m[0;34m:[0m[0;34m[0m[0;34m[0m[0m
[1;32m      5[0m     [0;32mreturn[0m [0msum[0m[0;34m([0m[0;34m[[0m[0me[0m[0;34m*[0m[0me[0m [0;32mfor[0m [0me[0m [0;32min[0m [0mx[0m[0;34m][0m[0;34m)[0m[0;34m[0m[0;34m[0m[0m

[0;31mModuleNotFoundError[0m: No module named 'pso_gaussian'
ModuleNotFoundError: No module named 'pso_gaussian'


Container exited with status: {'Error': None, 'StatusCode': 1}
