[I 200721 07:33:32 inrepo:36] Testing notebook 003_sf.ipynb
[W 200721 07:33:32 inrepo:48] No such kernel python2, falling back on kernel language=python
[W 200721 07:33:32 inrepo:60] Using kernel python3 to provide language: python
[I 200721 07:33:33 execute:404] Executing notebook with kernel: python3
Traceback (most recent call last):
  File "/src/inrepo.py", line 114, in <module>
    main()
  File "/src/inrepo.py", line 110, in main
    test_f(opts.test, opts.output_dir)
  File "/src/inrepo.py", line 75, in run_notebook
    nb, cwd=os.path.dirname(nb_path), kernel_name=kernel_name, timeout=600
  File "/srv/conda/envs/notebook/lib/python3.7/site-packages/nbconvert/preprocessors/execute.py", line 737, in executenb
    return ep.preprocess(nb, resources, km=km)[0]
  File "/srv/conda/envs/notebook/lib/python3.7/site-packages/nbconvert/preprocessors/execute.py", line 405, in preprocess
    nb, resources = super(ExecutePreprocessor, self).preprocess(nb, resources)
  File "/srv/conda/envs/notebook/lib/python3.7/site-packages/nbconvert/preprocessors/base.py", line 69, in preprocess
    nb.cells[index], resources = self.preprocess_cell(cell, resources, index)
  File "/srv/conda/envs/notebook/lib/python3.7/site-packages/nbconvert/preprocessors/execute.py", line 448, in preprocess_cell
    raise CellExecutionError.from_cell_and_msg(cell, out)
nbconvert.preprocessors.execute.CellExecutionError: An error occurred while executing the following cell:
------------------
# usamos pyspark_csv de https://github.com/seahboonsiew/pyspark-csv
# ver README.md

sc.addPyFile('/vagrant/lib/pyspark_csv.py')

import pyspark_csv as pycsv

plaintext_rdd = sc.textFile('/vagrant/sf/train.csv')
dataframe = pycsv.csvToDataFrame(sqlCtx, plaintext_rdd, parseDate=False)
------------------

[0;31m---------------------------------------------------------------------------[0m
[0;31mNameError[0m                                 Traceback (most recent call last)
[0;32m<ipython-input-1-bc28ed31ed42>[0m in [0;36m<module>[0;34m[0m
[1;32m      2[0m [0;31m# ver README.md[0m[0;34m[0m[0;34m[0m[0;34m[0m[0m
[1;32m      3[0m [0;34m[0m[0m
[0;32m----> 4[0;31m [0msc[0m[0;34m.[0m[0maddPyFile[0m[0;34m([0m[0;34m'/vagrant/lib/pyspark_csv.py'[0m[0;34m)[0m[0;34m[0m[0;34m[0m[0m
[0m[1;32m      5[0m [0;34m[0m[0m
[1;32m      6[0m [0;32mimport[0m [0mpyspark_csv[0m [0;32mas[0m [0mpycsv[0m[0;34m[0m[0;34m[0m[0m

[0;31mNameError[0m: name 'sc' is not defined
NameError: name 'sc' is not defined


Container exited with status: {'Error': None, 'StatusCode': 1}
