Picked Local content provider.
Using local repo /tmp/r2d-test-2020-07-13T11.00007b9792/github.com/c-labpl/qrs_detector.
Using PythonBuildPack builder
Step 1/51 : FROM buildpack-deps:bionic
 ---> 5d109dc6d8a0
Step 2/51 : ENV DEBIAN_FRONTEND=noninteractive
 ---> Using cache
 ---> 84875aa039ff
Step 3/51 : RUN apt-get -qq update &&     apt-get -qq install --yes --no-install-recommends locales > /dev/null &&     apt-get -qq purge &&     apt-get -qq clean &&     rm -rf /var/lib/apt/lists/*
 ---> Using cache
 ---> 2c6f3445209c
Step 4/51 : RUN echo "en_US.UTF-8 UTF-8" > /etc/locale.gen &&     locale-gen
 ---> Using cache
 ---> 5ac40a1069ef
Step 5/51 : ENV LC_ALL en_US.UTF-8
 ---> Using cache
 ---> 0569ecd6efb3
Step 6/51 : ENV LANG en_US.UTF-8
 ---> Using cache
 ---> bd3372a8f400
Step 7/51 : ENV LANGUAGE en_US.UTF-8
 ---> Using cache
 ---> ab87a637d837
Step 8/51 : ENV SHELL /bin/bash
 ---> Using cache
 ---> 50ed7363eaf5
Step 9/51 : ARG NB_USER
 ---> Using cache
 ---> 0b8893bd6422
Step 10/51 : ARG NB_UID
 ---> Using cache
 ---> b9e6fa4ea16e
Step 11/51 : ENV USER ${NB_USER}
 ---> Using cache
 ---> b142a4c01942
Step 12/51 : ENV HOME /home/${NB_USER}
 ---> Using cache
 ---> e11d5723ab90
Step 13/51 : RUN groupadd         --gid ${NB_UID}         ${NB_USER} &&     useradd         --comment "Default user"         --create-home         --gid ${NB_UID}         --no-log-init         --shell /bin/bash         --uid ${NB_UID}         ${NB_USER}
 ---> Using cache
 ---> e20a5903ae77
Step 14/51 : RUN wget --quiet -O - https://deb.nodesource.com/gpgkey/nodesource.gpg.key |  apt-key add - &&     DISTRO="bionic" &&     echo "deb https://deb.nodesource.com/node_10.x $DISTRO main" >> /etc/apt/sources.list.d/nodesource.list &&     echo "deb-src https://deb.nodesource.com/node_10.x $DISTRO main" >> /etc/apt/sources.list.d/nodesource.list
 ---> Using cache
 ---> 730bb79c819d
Step 15/51 : RUN apt-get -qq update &&     apt-get -qq install --yes --no-install-recommends        less        nodejs        unzip        > /dev/null &&     apt-get -qq purge &&     apt-get -qq clean &&     rm -rf /var/lib/apt/lists/*
 ---> Using cache
 ---> 2be5b9d2edc7
Step 16/51 : EXPOSE 8888
 ---> Using cache
 ---> 7fcdbaf0fe40
Step 17/51 : ENV APP_BASE /srv
 ---> Using cache
 ---> ee51ea8ec11a
Step 18/51 : ENV NPM_DIR ${APP_BASE}/npm
 ---> Using cache
 ---> f34fdbe18446
Step 19/51 : ENV NPM_CONFIG_GLOBALCONFIG ${NPM_DIR}/npmrc
 ---> Using cache
 ---> 833e25d9d235
Step 20/51 : ENV CONDA_DIR ${APP_BASE}/conda
 ---> Using cache
 ---> 8ee468f15616
Step 21/51 : ENV NB_PYTHON_PREFIX ${CONDA_DIR}/envs/notebook
 ---> Using cache
 ---> 971c9391c0ab
Step 22/51 : ENV KERNEL_PYTHON_PREFIX ${NB_PYTHON_PREFIX}
 ---> Using cache
 ---> 7fa50abe8e21
Step 23/51 : ENV PATH ${NB_PYTHON_PREFIX}/bin:${CONDA_DIR}/bin:${NPM_DIR}/bin:${PATH}
 ---> Using cache
 ---> eaa621b5d97f
Step 24/51 : COPY build_script_files/-2fusr-2flocal-2flib-2fpython3-2e8-2fdist-2dpackages-2frepo2docker-2fbuildpacks-2fconda-2factivate-2dconda-2esh-1be18e /etc/profile.d/activate-conda.sh
 ---> Using cache
 ---> 9ffab983afa0
Step 25/51 : COPY build_script_files/-2fusr-2flocal-2flib-2fpython3-2e8-2fdist-2dpackages-2frepo2docker-2fbuildpacks-2fconda-2fenvironment-2epy-2d3-2e7-2efrozen-2eyml-26bd38 /tmp/environment.yml
 ---> Using cache
 ---> 9b3e6c528ba6
Step 26/51 : COPY build_script_files/-2fusr-2flocal-2flib-2fpython3-2e8-2fdist-2dpackages-2frepo2docker-2fbuildpacks-2fconda-2finstall-2dminiconda-2ebash-813f10 /tmp/install-miniconda.bash
 ---> Using cache
 ---> e52d3b4016a9
Step 27/51 : RUN mkdir -p ${NPM_DIR} && chown -R ${NB_USER}:${NB_USER} ${NPM_DIR}
 ---> Using cache
 ---> 0a8f7bcc0bd7
Step 28/51 : USER ${NB_USER}
 ---> Using cache
 ---> e295fca18e9d
Step 29/51 : RUN npm config --global set prefix ${NPM_DIR}
 ---> Using cache
 ---> b3629329dd8f
Step 30/51 : USER root
 ---> Using cache
 ---> 5ba3698f0957
Step 31/51 : RUN bash /tmp/install-miniconda.bash && rm /tmp/install-miniconda.bash /tmp/environment.yml
 ---> Using cache
 ---> ecb18ec9bb2f
Step 32/51 : ARG REPO_DIR=${HOME}
 ---> Using cache
 ---> 8f78500beba3
Step 33/51 : ENV REPO_DIR ${REPO_DIR}
 ---> Using cache
 ---> 300bfe3eb940
Step 34/51 : WORKDIR ${REPO_DIR}
 ---> Using cache
 ---> ab56d4c94aaf
Step 35/51 : ENV PATH ${HOME}/.local/bin:${REPO_DIR}/.local/bin:${PATH}
 ---> Using cache
 ---> 26a826700420
Step 36/51 : ENV CONDA_DEFAULT_ENV ${KERNEL_PYTHON_PREFIX}
 ---> Using cache
 ---> ebb7f28a23e9
Step 37/51 : COPY src/requirements.txt ${REPO_DIR}/requirements.txt
 ---> 15080505b8aa
Step 38/51 : USER root
 ---> Running in 84537bb4097a
Removing intermediate container 84537bb4097a
 ---> de74e4c6622c
Step 39/51 : RUN chown -R ${NB_USER}:${NB_USER} ${REPO_DIR}
 ---> Running in 08c23a76c4ae
Removing intermediate container 08c23a76c4ae
 ---> c05856390681
Step 40/51 : USER ${NB_USER}
 ---> Running in d97a7ea86ea0
Removing intermediate container d97a7ea86ea0
 ---> 80ff20160f26
Step 41/51 : RUN ${KERNEL_PYTHON_PREFIX}/bin/pip install --no-cache-dir -r "requirements.txt"
 ---> Running in 9a2aa39d7121
[91mWARNING: pip is being invoked by an old script wrapper. This will fail in a future version of pip.
Please see https://github.com/pypa/pip/issues/5599 for advice on fixing the underlying issue.
To avoid this problem you can invoke Python with '-m pip' instead of running pip directly.
[0mCollecting jupyter==1.0.0
  Downloading jupyter-1.0.0-py2.py3-none-any.whl (2.7 kB)
Collecting jupyter-client==4.4.0
  Downloading jupyter_client-4.4.0-py2.py3-none-any.whl (76 kB)
Collecting jupyter-console==5.0.0
  Downloading jupyter_console-5.0.0-py2.py3-none-any.whl (20 kB)
Collecting jupyter-core==4.2.1
  Downloading jupyter_core-4.2.1-py2.py3-none-any.whl (125 kB)
Collecting matplotlib==2.0.0
  Downloading matplotlib-2.0.0.tar.gz (53.2 MB)
Collecting numpy==1.11.3
  Downloading numpy-1.11.3.zip (4.7 MB)
Collecting pyserial==2.7
  Downloading pyserial-2.7.tar.gz (122 kB)
Collecting scipy==0.18.1
  Downloading scipy-0.18.1.tar.gz (13.1 MB)
Requirement already satisfied: ipykernel in /srv/conda/envs/notebook/lib/python3.7/site-packages (from jupyter==1.0.0->-r requirements.txt (line 1)) (5.1.4)
Collecting qtconsole
  Downloading qtconsole-4.7.5-py2.py3-none-any.whl (118 kB)
Requirement already satisfied: ipywidgets in /srv/conda/envs/notebook/lib/python3.7/site-packages (from jupyter==1.0.0->-r requirements.txt (line 1)) (7.5.1)
Requirement already satisfied: nbconvert in /srv/conda/envs/notebook/lib/python3.7/site-packages (from jupyter==1.0.0->-r requirements.txt (line 1)) (5.6.1)
Requirement already satisfied: notebook in /srv/conda/envs/notebook/lib/python3.7/site-packages (from jupyter==1.0.0->-r requirements.txt (line 1)) (6.0.3)
Requirement already satisfied: traitlets in /srv/conda/envs/notebook/lib/python3.7/site-packages (from jupyter-client==4.4.0->-r requirements.txt (line 2)) (4.3.3)
Requirement already satisfied: pyzmq>=13 in /srv/conda/envs/notebook/lib/python3.7/site-packages (from jupyter-client==4.4.0->-r requirements.txt (line 2)) (18.1.1)
Requirement already satisfied: pygments in /srv/conda/envs/notebook/lib/python3.7/site-packages (from jupyter-console==5.0.0->-r requirements.txt (line 3)) (2.5.2)
Collecting prompt-toolkit<2.0.0,>=1.0.0
  Downloading prompt_toolkit-1.0.18-py3-none-any.whl (245 kB)
Requirement already satisfied: ipython in /srv/conda/envs/notebook/lib/python3.7/site-packages (from jupyter-console==5.0.0->-r requirements.txt (line 3)) (7.11.1)
Requirement already satisfied: six>=1.10 in /srv/conda/envs/notebook/lib/python3.7/site-packages (from matplotlib==2.0.0->-r requirements.txt (line 5)) (1.14.0)
Requirement already satisfied: python-dateutil in /srv/conda/envs/notebook/lib/python3.7/site-packages (from matplotlib==2.0.0->-r requirements.txt (line 5)) (2.8.1)
Collecting pytz
  Downloading pytz-2020.1-py2.py3-none-any.whl (510 kB)
Collecting cycler>=0.10
  Downloading cycler-0.10.0-py2.py3-none-any.whl (6.5 kB)
Collecting pyparsing!=2.0.0,!=2.0.4,!=2.1.2,!=2.1.6,>=1.5.6
  Downloading pyparsing-2.4.7-py2.py3-none-any.whl (67 kB)
Requirement already satisfied: tornado>=4.2 in /srv/conda/envs/notebook/lib/python3.7/site-packages (from ipykernel->jupyter==1.0.0->-r requirements.txt (line 1)) (6.0.3)
Collecting qtpy
  Downloading QtPy-1.9.0-py2.py3-none-any.whl (54 kB)
Requirement already satisfied: ipython-genutils in /srv/conda/envs/notebook/lib/python3.7/site-packages (from qtconsole->jupyter==1.0.0->-r requirements.txt (line 1)) (0.2.0)
Requirement already satisfied: nbformat>=4.2.0 in /srv/conda/envs/notebook/lib/python3.7/site-packages (from ipywidgets->jupyter==1.0.0->-r requirements.txt (line 1)) (5.0.4)
Requirement already satisfied: widgetsnbextension~=3.5.0 in /srv/conda/envs/notebook/lib/python3.7/site-packages (from ipywidgets->jupyter==1.0.0->-r requirements.txt (line 1)) (3.5.1)
Requirement already satisfied: jinja2>=2.4 in /srv/conda/envs/notebook/lib/python3.7/site-packages (from nbconvert->jupyter==1.0.0->-r requirements.txt (line 1)) (2.11.0)
Requirement already satisfied: defusedxml in /srv/conda/envs/notebook/lib/python3.7/site-packages (from nbconvert->jupyter==1.0.0->-r requirements.txt (line 1)) (0.6.0)
Requirement already satisfied: testpath in /srv/conda/envs/notebook/lib/python3.7/site-packages (from nbconvert->jupyter==1.0.0->-r requirements.txt (line 1)) (0.4.4)
Requirement already satisfied: mistune<2,>=0.8.1 in /srv/conda/envs/notebook/lib/python3.7/site-packages (from nbconvert->jupyter==1.0.0->-r requirements.txt (line 1)) (0.8.4)
Requirement already satisfied: pandocfilters>=1.4.1 in /srv/conda/envs/notebook/lib/python3.7/site-packages (from nbconvert->jupyter==1.0.0->-r requirements.txt (line 1)) (1.4.2)
Requirement already satisfied: bleach in /srv/conda/envs/notebook/lib/python3.7/site-packages (from nbconvert->jupyter==1.0.0->-r requirements.txt (line 1)) (3.1.0)
Requirement already satisfied: entrypoints>=0.2.2 in /srv/conda/envs/notebook/lib/python3.7/site-packages (from nbconvert->jupyter==1.0.0->-r requirements.txt (line 1)) (0.3)
Requirement already satisfied: Send2Trash in /srv/conda/envs/notebook/lib/python3.7/site-packages (from notebook->jupyter==1.0.0->-r requirements.txt (line 1)) (1.5.0)
Requirement already satisfied: prometheus-client in /srv/conda/envs/notebook/lib/python3.7/site-packages (from notebook->jupyter==1.0.0->-r requirements.txt (line 1)) (0.7.1)
Requirement already satisfied: terminado>=0.8.1 in /srv/conda/envs/notebook/lib/python3.7/site-packages (from notebook->jupyter==1.0.0->-r requirements.txt (line 1)) (0.8.3)
Requirement already satisfied: decorator in /srv/conda/envs/notebook/lib/python3.7/site-packages (from traitlets->jupyter-client==4.4.0->-r requirements.txt (line 2)) (4.4.1)
Requirement already satisfied: wcwidth in /srv/conda/envs/notebook/lib/python3.7/site-packages (from prompt-toolkit<2.0.0,>=1.0.0->jupyter-console==5.0.0->-r requirements.txt (line 3)) (0.1.8)
Requirement already satisfied: pexpect; sys_platform != "win32" in /srv/conda/envs/notebook/lib/python3.7/site-packages (from ipython->jupyter-console==5.0.0->-r requirements.txt (line 3)) (4.8.0)
Requirement already satisfied: pickleshare in /srv/conda/envs/notebook/lib/python3.7/site-packages (from ipython->jupyter-console==5.0.0->-r requirements.txt (line 3)) (0.7.5)
Requirement already satisfied: backcall in /srv/conda/envs/notebook/lib/python3.7/site-packages (from ipython->jupyter-console==5.0.0->-r requirements.txt (line 3)) (0.1.0)
Requirement already satisfied: jedi>=0.10 in /srv/conda/envs/notebook/lib/python3.7/site-packages (from ipython->jupyter-console==5.0.0->-r requirements.txt (line 3)) (0.16.0)
Requirement already satisfied: setuptools>=18.5 in /srv/conda/envs/notebook/lib/python3.7/site-packages (from ipython->jupyter-console==5.0.0->-r requirements.txt (line 3)) (45.1.0.post20200119)
Requirement already satisfied: jsonschema!=2.5.0,>=2.4 in /srv/conda/envs/notebook/lib/python3.7/site-packages (from nbformat>=4.2.0->ipywidgets->jupyter==1.0.0->-r requirements.txt (line 1)) (3.2.0)
Requirement already satisfied: MarkupSafe>=0.23 in /srv/conda/envs/notebook/lib/python3.7/site-packages (from jinja2>=2.4->nbconvert->jupyter==1.0.0->-r requirements.txt (line 1)) (1.1.1)
Requirement already satisfied: webencodings in /srv/conda/envs/notebook/lib/python3.7/site-packages (from bleach->nbconvert->jupyter==1.0.0->-r requirements.txt (line 1)) (0.5.1)
Requirement already satisfied: ptyprocess>=0.5 in /srv/conda/envs/notebook/lib/python3.7/site-packages (from pexpect; sys_platform != "win32"->ipython->jupyter-console==5.0.0->-r requirements.txt (line 3)) (0.6.0)
Requirement already satisfied: parso>=0.5.2 in /srv/conda/envs/notebook/lib/python3.7/site-packages (from jedi>=0.10->ipython->jupyter-console==5.0.0->-r requirements.txt (line 3)) (0.6.0)
Requirement already satisfied: pyrsistent>=0.14.0 in /srv/conda/envs/notebook/lib/python3.7/site-packages (from jsonschema!=2.5.0,>=2.4->nbformat>=4.2.0->ipywidgets->jupyter==1.0.0->-r requirements.txt (line 1)) (0.15.7)
Requirement already satisfied: importlib-metadata; python_version < "3.8" in /srv/conda/envs/notebook/lib/python3.7/site-packages (from jsonschema!=2.5.0,>=2.4->nbformat>=4.2.0->ipywidgets->jupyter==1.0.0->-r requirements.txt (line 1)) (1.5.0)
Requirement already satisfied: attrs>=17.4.0 in /srv/conda/envs/notebook/lib/python3.7/site-packages (from jsonschema!=2.5.0,>=2.4->nbformat>=4.2.0->ipywidgets->jupyter==1.0.0->-r requirements.txt (line 1)) (19.3.0)
Requirement already satisfied: zipp>=0.5 in /srv/conda/envs/notebook/lib/python3.7/site-packages (from importlib-metadata; python_version < "3.8"->jsonschema!=2.5.0,>=2.4->nbformat>=4.2.0->ipywidgets->jupyter==1.0.0->-r requirements.txt (line 1)) (2.1.0)
Building wheels for collected packages: matplotlib, numpy, pyserial, scipy
  Building wheel for matplotlib (setup.py): started
  Building wheel for matplotlib (setup.py): finished with status 'done'
  Created wheel for matplotlib: filename=matplotlib-2.0.0-cp37-cp37m-linux_x86_64.whl size=11322190 sha256=d86ae697bcc54024116d7e8ba2c4822e77d0ee3434cdd1c57a950108954d7be3
  Stored in directory: /tmp/pip-ephem-wheel-cache-pms0tbh6/wheels/4c/b4/87/9b99b67a71111498af7c91a7bdd0e252112b2be41fd8873575
  Building wheel for numpy (setup.py): started
  Building wheel for numpy (setup.py): still running...
  Building wheel for numpy (setup.py): finished with status 'error'
[91m  ERROR: Command errored out with exit status 1:
   command: /srv/conda/envs/notebook/bin/python -u -c 'import sys, setuptools, tokenize; sys.argv[0] = '"'"'/tmp/pip-install-mk7vnjyd/numpy/setup.py'"'"'; __file__='"'"'/tmp/pip-install-mk7vnjyd/numpy/setup.py'"'"';f=getattr(tokenize, '"'"'open'"'"', open)(__file__);code=f.read().replace('"'"'\r\n'"'"', '"'"'\n'"'"');f.close();exec(compile(code, __file__, '"'"'exec'"'"'))' bdist_wheel -d /tmp/pip-wheel-cwjyy8tu
       cwd: /tmp/pip-install-mk7vnjyd/numpy/
  Complete output (2323 lines):
  Running from numpy source directory.
  blas_opt_info:
  blas_mkl_info:
    libraries mkl_rt not found in ['/srv/conda/envs/notebook/lib', '/usr/local/lib', '/usr/lib', '/usr/lib/x86_64-linux-gnu']
    NOT AVAILABLE
  
  openblas_info:
    libraries openblas not found in ['/srv/conda/envs/notebook/lib', '/usr/local/lib', '/usr/lib', '/usr/lib/x86_64-linux-gnu']
    NOT AVAILABLE
  
  atlas_3_10_blas_threads_info:
  Setting PTATLAS=ATLAS
    libraries tatlas not found in ['/srv/conda/envs/notebook/lib', '/usr/local/lib', '/usr/lib', '/usr/lib/x86_64-linux-gnu']
    NOT AVAILABLE
  
  atlas_3_10_blas_info:
    libraries satlas not found in ['/srv/conda/envs/notebook/lib', '/usr/local/lib', '/usr/lib', '/usr/lib/x86_64-linux-gnu']
    NOT AVAILABLE
  
  atlas_blas_threads_info:
  Setting PTATLAS=ATLAS
    libraries ptf77blas,ptcblas,atlas not found in ['/srv/conda/envs/notebook/lib', '/usr/local/lib', '/usr/lib', '/usr/lib/x86_64-linux-gnu']
    NOT AVAILABLE
  
  atlas_blas_info:
    libraries f77blas,cblas,atlas not found in ['/srv/conda/envs/notebook/lib', '/usr/local/lib', '/usr/lib', '/usr/lib/x86_64-linux-gnu']
    NOT AVAILABLE
  
  /tmp/pip-install-mk7vnjyd/numpy/numpy/distutils/system_info.py:1630: UserWarning:
      Atlas (http://math-atlas.sourceforge.net/) libraries not found.
      Directories to search for the libraries can be specified in the
      numpy/distutils/site.cfg file (section [atlas]) or by setting
      the ATLAS environment variable.
    warnings.warn(AtlasNotFoundError.__doc__)
  blas_info:
    libraries blas not found in ['/srv/conda/envs/notebook/lib', '/usr/local/lib', '/usr/lib', '/usr/lib/x86_64-linux-gnu']
    NOT AVAILABLE
  
  /tmp/pip-install-mk7vnjyd/numpy/numpy/distutils/system_info.py:1639: UserWarning:
      Blas (http://www.netlib.org/blas/) libraries not found.
      Directories to search for the libraries can be specified in the
      numpy/distutils/site.cfg file (section [blas]) or by setting
      the BLAS environment variable.
    warnings.warn(BlasNotFoundError.__doc__)
  blas_src_info:
    NOT AVAILABLE
  
  /tmp/pip-install-mk7vnjyd/numpy/numpy/distutils/system_info.py:1642: UserWarning:
      Blas (http://www.netlib.org/blas/) sources not found.
      Directories to search for the sources can be specified in the
      numpy/distutils/site.cfg file (section [blas_src]) or by setting
      the BLAS_SRC environment variable.
    warnings.warn(BlasSrcNotFoundError.__doc__)
    NOT AVAILABLE
  
  non-existing path in 'numpy/distutils': 'site.cfg'
  F2PY Version 2
  lapack_opt_info:
  openblas_lapack_info:
    libraries openblas not found in ['/srv/conda/envs/notebook/lib', '/usr/local/lib', '/usr/lib', '/usr/lib/x86_64-linux-gnu']
    NOT AVAILABLE
  
  lapack_mkl_info:
    libraries mkl_rt not found in ['/srv/conda/envs/notebook/lib', '/usr/local/lib', '/usr/lib', '/usr/lib/x86_64-linux-gnu']
    NOT AVAILABLE
  
  atlas_3_10_threads_info:
  Setting PTATLAS=ATLAS
    libraries tatlas,tatlas not found in /srv/conda/envs/notebook/lib
    libraries lapack_atlas not found in /srv/conda/envs/notebook/lib
    libraries tatlas,tatlas not found in /usr/local/lib
    libraries lapack_atlas not found in /usr/local/lib
    libraries tatlas,tatlas not found in /usr/lib
    libraries lapack_atlas not found in /usr/lib
    libraries tatlas,tatlas not found in /usr/lib/x86_64-linux-gnu
    libraries lapack_atlas not found in /usr/lib/x86_64-linux-gnu
  <class 'numpy.distutils.system_info.atlas_3_10_threads_info'>
    NOT AVAILABLE
  
  atlas_3_10_info:
    libraries satlas,satlas not found in /srv/conda/envs/notebook/lib
    libraries lapack_atlas not found in /srv/conda/envs/notebook/lib
    libraries satlas,satlas not found in /usr/local/lib
    libraries lapack_atlas not found in /usr/local/lib
    libraries satlas,satlas not found in /usr/lib
    libraries lapack_atlas not found in /usr/lib
    libraries satlas,satlas not found in /usr/lib/x86_64-linux-gnu
    libraries lapack_atlas not found in /usr/lib/x86_64-linux-gnu
  <class 'numpy.distutils.system_info.atlas_3_10_info'>
    NOT AVAILABLE
  
  atlas_threads_info:
  Setting PTATLAS=ATLAS
    libraries ptf77blas,ptcblas,atlas not found in /srv/conda/envs/notebook/lib
    libraries lapack_atlas not found in /srv/conda/envs/notebook/lib
    libraries ptf77blas,ptcblas,atlas not found in /usr/local/lib
    libraries lapack_atlas not found in /usr/local/lib
    libraries ptf77blas,ptcblas,atlas not found in /usr/lib
    libraries lapack_atlas not found in /usr/lib
    libraries ptf77blas,ptcblas,atlas not found in /usr/lib/x86_64-linux-gnu
    libraries lapack_atlas not found in /usr/lib/x86_64-linux-gnu
  <class 'numpy.distutils.system_info.atlas_threads_info'>
    NOT AVAILABLE
  
  atlas_info:
    libraries f77blas,cblas,atlas not found in /srv/conda/envs/notebook/lib
    libraries lapack_atlas not found in /srv/conda/envs/notebook/lib
    libraries f77blas,cblas,atlas not found in /usr/local/lib
    libraries lapack_atlas not found in /usr/local/lib
    libraries f77blas,cblas,atlas not found in /usr/lib
    libraries lapack_atlas not found in /usr/lib
    libraries f77blas,cblas,atlas not found in /usr/lib/x86_64-linux-gnu
    libraries lapack_atlas not found in /usr/lib/x86_64-linux-gnu
  <class 'numpy.distutils.system_info.atlas_info'>
    NOT AVAILABLE
  
  /tmp/pip-install-mk7vnjyd/numpy/numpy/distutils/system_info.py:1532: UserWarning:
      Atlas (http://math-atlas.sourceforge.net/) libraries not found.
      Directories to search for the libraries can be specified in the
      numpy/distutils/site.cfg file (section [atlas]) or by setting
      the ATLAS environment variable.
    warnings.warn(AtlasNotFoundError.__doc__)
  lapack_info:
    libraries lapack not found in ['/srv/conda/envs/notebook/lib', '/usr/local/lib', '/usr/lib', '/usr/lib/x86_64-linux-gnu']
    NOT AVAILABLE
  
  /tmp/pip-install-mk7vnjyd/numpy/numpy/distutils/system_info.py:1543: UserWarning:
      Lapack (http://www.netlib.org/lapack/) libraries not found.
      Directories to search for the libraries can be specified in the
      numpy/distutils/site.cfg file (section [lapack]) or by setting
      the LAPACK environment variable.
    warnings.warn(LapackNotFoundError.__doc__)
  lapack_src_info:
    NOT AVAILABLE
  
  /tmp/pip-install-mk7vnjyd/numpy/numpy/distutils/system_info.py:1546: UserWarning:
      Lapack (http://www.netlib.org/lapack/) sources not found.
      Directories to search for the sources can be specified in the
      numpy/distutils/site.cfg file (section [lapack_src]) or by setting
      the LAPACK_SRC environment variable.
    warnings.warn(LapackSrcNotFoundError.__doc__)
    NOT AVAILABLE
  
  /srv/conda/envs/notebook/lib/python3.7/distutils/dist.py:274: UserWarning: Unknown distribution option: 'define_macros'
    warnings.warn(msg)
  running bdist_wheel
  running build
  running config_cc
  unifing config_cc, config, build_clib, build_ext, build commands --compiler options
  running config_fc
  unifing config_fc, config, build_clib, build_ext, build commands --fcompiler options
  running build_src
  build_src
  building py_modules sources
  creating build
  creating build/src.linux-x86_64-3.7
  creating build/src.linux-x86_64-3.7/numpy
  creating build/src.linux-x86_64-3.7/numpy/distutils
  building library "npymath" sources
  customize Gnu95FCompiler
  Could not locate executable gfortran
  Could not locate executable f95
  customize IntelFCompiler
  Could not locate executable ifort
  Could not locate executable ifc
  customize LaheyFCompiler
  Could not locate executable lf95
  customize PGroupFCompiler
  Could not locate executable pgfortran
  customize AbsoftFCompiler
  Could not locate executable f90
  Could not locate executable f77
  customize NAGFCompiler
  customize VastFCompiler
  customize CompaqFCompiler
  Could not locate executable fort
  customize IntelItaniumFCompiler
  Could not locate executable efort
  Could not locate executable efc
  customize IntelEM64TFCompiler
  customize GnuFCompiler
  Could not locate executable g77
  customize G95FCompiler
  Could not locate executable g95
  customize PathScaleFCompiler
  Could not locate executable pathf95
  don't know how to compile Fortran code on platform 'posix'
  C compiler: gcc -pthread -B /srv/conda/envs/notebook/compiler_compat -Wl,--sysroot=/ -Wsign-compare -DNDEBUG -g -fwrapv -O3 -Wall -Wstrict-prototypes -fPIC
  
  compile options: '-Inumpy/core/src/private -Inumpy/core/src -Inumpy/core -Inumpy/core/src/npymath -Inumpy/core/src/multiarray -Inumpy/core/src/umath -Inumpy/core/src/npysort -I/srv/conda/envs/notebook/include/python3.7m -c'
  gcc: _configtest.c
  gcc -pthread -B /srv/conda/envs/notebook/compiler_compat -Wl,--sysroot=/ _configtest.o -o _configtest
  success!
  removing: _configtest.c _configtest.o _configtest
  C compiler: gcc -pthread -B /srv/conda/envs/notebook/compiler_compat -Wl,--sysroot=/ -Wsign-compare -DNDEBUG -g -fwrapv -O3 -Wall -Wstrict-prototypes -fPIC
  
  compile options: '-Inumpy/core/src/private -Inumpy/core/src -Inumpy/core -Inumpy/core/src/npymath -Inumpy/core/src/multiarray -Inumpy/core/src/umath -Inumpy/core/src/npysort -I/srv/conda/envs/notebook/include/python3.7m -c'
  gcc: _configtest.c
  _configtest.c:1:5: warning: conflicting types for built-in function ‘exp’ [-Wbuiltin-declaration-mismatch]
   int exp (void);
       ^~~
  gcc -pthread -B /srv/conda/envs/notebook/compiler_compat -Wl,--sysroot=/ _configtest.o -o _configtest
  /srv/conda/envs/notebook/compiler_compat/ld: _configtest.o: in function `main':
  /tmp/pip-install-mk7vnjyd/numpy/_configtest.c:6: undefined reference to `exp'
  collect2: error: ld returned 1 exit status
  /srv/conda/envs/notebook/compiler_compat/ld: _configtest.o: in function `main':
  /tmp/pip-install-mk7vnjyd/numpy/_configtest.c:6: undefined reference to `exp'
  collect2: error: ld returned 1 exit status
  failure.
  removing: _configtest.c _configtest.o
  C compiler: gcc -pthread -B /srv/conda/envs/notebook/compiler_compat -Wl,--sysroot=/ -Wsign-compare -DNDEBUG -g -fwrapv -O3 -Wall -Wstrict-prototypes -fPIC
  
  compile options: '-Inumpy/core/src/private -Inumpy/core/src -Inumpy/core -Inumpy/core/src/npymath -Inumpy/core/src/multiarray -Inumpy/core/src/umath -Inumpy/core/src/npysort -I/srv/conda/envs/notebook/include/python3.7m -c'
  gcc: _configtest.c
  _configtest.c:1:5: warning: conflicting types for built-in function ‘exp’ [-Wbuiltin-declaration-mismatch]
   int exp (void);
       ^~~
  gcc -pthread -B /srv/conda/envs/notebook/compiler_compat -Wl,--sysroot=/ _configtest.o -lm -o _configtest
  success!
  removing: _configtest.c _configtest.o _configtest
  creating build/src.linux-x86_64-3.7/numpy/core
  creating build/src.linux-x86_64-3.7/numpy/core/src
  creating build/src.linux-x86_64-3.7/numpy/core/src/npymath
  conv_template:> build/src.linux-x86_64-3.7/numpy/core/src/npymath/npy_math.c
  conv_template:> build/src.linux-x86_64-3.7/numpy/core/src/npymath/ieee754.c
  conv_template:> build/src.linux-x86_64-3.7/numpy/core/src/npymath/npy_math_complex.c
  building library "npysort" sources
  creating build/src.linux-x86_64-3.7/numpy/core/src/npysort
  conv_template:> build/src.linux-x86_64-3.7/numpy/core/src/npysort/quicksort.c
  conv_template:> build/src.linux-x86_64-3.7/numpy/core/src/npysort/mergesort.c
  conv_template:> build/src.linux-x86_64-3.7/numpy/core/src/npysort/heapsort.c
  creating build/src.linux-x86_64-3.7/numpy/core/src/private
  conv_template:> build/src.linux-x86_64-3.7/numpy/core/src/private/npy_partition.h
    adding 'build/src.linux-x86_64-3.7/numpy/core/src/private' to include_dirs.
  conv_template:> build/src.linux-x86_64-3.7/numpy/core/src/npysort/selection.c
  conv_template:> build/src.linux-x86_64-3.7/numpy/core/src/private/npy_binsearch.h
  conv_template:> build/src.linux-x86_64-3.7/numpy/core/src/npysort/binsearch.c
  None - nothing done with h_files = ['build/src.linux-x86_64-3.7/numpy/core/src/private/npy_partition.h', 'build/src.linux-x86_64-3.7/numpy/core/src/private/npy_binsearch.h']
  building extension "numpy.core._dummy" sources
  Generating build/src.linux-x86_64-3.7/numpy/core/include/numpy/config.h
  C compiler: gcc -pthread -B /srv/conda/envs/notebook/compiler_compat -Wl,--sysroot=/ -Wsign-compare -DNDEBUG -g -fwrapv -O3 -Wall -Wstrict-prototypes -fPIC
  
  compile options: '-Inumpy/core/src/private -Inumpy/core/src -Inumpy/core -Inumpy/core/src/npymath -Inumpy/core/src/multiarray -Inumpy/core/src/umath -Inumpy/core/src/npysort -I/srv/conda/envs/notebook/include/python3.7m -c'
  gcc: _configtest.c
  success!
  removing: _configtest.c _configtest.o
  C compiler: gcc -pthread -B /srv/conda/envs/notebook/compiler_compat -Wl,--sysroot=/ -Wsign-compare -DNDEBUG -g -fwrapv -O3 -Wall -Wstrict-prototypes -fPIC
  
  compile options: '-Inumpy/core/src/private -Inumpy/core/src -Inumpy/core -Inumpy/core/src/npymath -Inumpy/core/src/multiarray -Inumpy/core/src/umath -Inumpy/core/src/npysort -I/srv/conda/envs/notebook/include/python3.7m -c'
  gcc: _configtest.c
  success!
  removing: _configtest.c _configtest.o
  C compiler: gcc -pthread -B /srv/conda/envs/notebook/compiler_compat -Wl,--sysroot=/ -Wsign-compare -DNDEBUG -g -fwrapv -O3 -Wall -Wstrict-prototypes -fPIC
  
  compile options: '-Inumpy/core/src/private -Inumpy/core/src -Inumpy/core -Inumpy/core/src/npymath -Inumpy/core/src/multiarray -Inumpy/core/src/umath -Inumpy/core/src/npysort -I/srv/conda/envs/notebook/include/python3.7m -c'
  gcc: _configtest.c
  success!
  removing: _configtest.c _configtest.o
  C compiler: gcc -pthread -B /srv/conda/envs/notebook/compiler_compat -Wl,--sysroot=/ -Wsign-compare -DNDEBUG -g -fwrapv -O3 -Wall -Wstrict-prototypes -fPIC
  
  compile options: '-Inumpy/core/src/private -Inumpy/core/src -Inumpy/core -Inumpy/core/src/npymath -Inumpy/core/src/multiarray -Inumpy/core/src/umath -Inumpy/core/src/npysort -I/srv/conda/envs/notebook/include/python3.7m -c'
  gcc: _configtest.c
  success!
  removing: _configtest.c _configtest.o
  C compiler: gcc -pthread -B /srv/conda/envs/notebook/compiler_compat -Wl,--sysroot=/ -Wsign-compare -DNDEBUG -g -fwrapv -O3 -Wall -Wstrict-prototypes -fPIC
  
  compile options: '-Inumpy/core/src/private -Inumpy/core/src -Inumpy/core -Inumpy/core/src/npymath -Inumpy/core/src/multiarray -Inumpy/core/src/umath -Inumpy/core/src/npysort -I/srv/conda/envs/notebook/include/python3.7m -c'
  gcc: _configtest.c
  success!
  removing: _configtest.c _configtest.o
  C compiler: gcc -pthread -B /srv/conda/envs/notebook/compiler_compat -Wl,--sysroot=/ -Wsign-compare -DNDEBUG -g -fwrapv -O3 -Wall -Wstrict-prototypes -fPIC
  
  compile options: '-Inumpy/core/src/private -Inumpy/core/src -Inumpy/core -Inumpy/core/src/npymath -Inumpy/core/src/multiarray -Inumpy/core/src/umath -Inumpy/core/src/npysort -I/srv/conda/envs/notebook/include/python3.7m -c'
  gcc: _configtest.c
  success!
  removing: _configtest.c _configtest.o
  C compiler: gcc -pthread -B /srv/conda/envs/notebook/compiler_compat -Wl,--sysroot=/ -Wsign-compare -DNDEBUG -g -fwrapv -O3 -Wall -Wstrict-prototypes -fPIC
  
  compile options: '-Inumpy/core/src/private -Inumpy/core/src -Inumpy/core -Inumpy/core/src/npymath -Inumpy/core/src/multiarray -Inumpy/core/src/umath -Inumpy/core/src/npysort -I/srv/conda/envs/notebook/include/python3.7m -c'
  gcc: _configtest.c
  _configtest.c: In function ‘main’:
  _configtest.c:5:16: warning: variable ‘test_array’ set but not used [-Wunused-but-set-variable]
       static int test_array [1 - 2 * !(((long) (sizeof (npy_check_sizeof_type))) >= 0)];
                  ^~~~~~~~~~
  removing: _configtest.c _configtest.o
  C compiler: gcc -pthread -B /srv/conda/envs/notebook/compiler_compat -Wl,--sysroot=/ -Wsign-compare -DNDEBUG -g -fwrapv -O3 -Wall -Wstrict-prototypes -fPIC
  
  compile options: '-Inumpy/core/src/private -Inumpy/core/src -Inumpy/core -Inumpy/core/src/npymath -Inumpy/core/src/multiarray -Inumpy/core/src/umath -Inumpy/core/src/npysort -I/srv/conda/envs/notebook/include/python3.7m -c'
  gcc: _configtest.c
  _configtest.c: In function ‘main’:
  _configtest.c:5:16: warning: variable ‘test_array’ set but not used [-Wunused-but-set-variable]
       static int test_array [1 - 2 * !(((long) (sizeof (npy_check_sizeof_type))) == 4)];
                  ^~~~~~~~~~
  removing: _configtest.c _configtest.o
  C compiler: gcc -pthread -B /srv/conda/envs/notebook/compiler_compat -Wl,--sysroot=/ -Wsign-compare -DNDEBUG -g -fwrapv -O3 -Wall -Wstrict-prototypes -fPIC
  
  compile options: '-Inumpy/core/src/private -Inumpy/core/src -Inumpy/core -Inumpy/core/src/npymath -Inumpy/core/src/multiarray -Inumpy/core/src/umath -Inumpy/core/src/npysort -I/srv/conda/envs/notebook/include/python3.7m -c'
  gcc: _configtest.c
  _configtest.c: In function ‘main’:
  _configtest.c:5:16: warning: variable ‘test_array’ set but not used [-Wunused-but-set-variable]
       static int test_array [1 - 2 * !(((long) (sizeof (npy_check_sizeof_type))) >= 0)];
                  ^~~~~~~~~~
  removing: _configtest.c _configtest.o
  C compiler: gcc -pthread -B /srv/conda/envs/notebook/compiler_compat -Wl,--sysroot=/ -Wsign-compare -DNDEBUG -g -fwrapv -O3 -Wall -Wstrict-prototypes -fPIC
  
  compile options: '-Inumpy/core/src/private -Inumpy/core/src -Inumpy/core -Inumpy/core/src/npymath -Inumpy/core/src/multiarray -Inumpy/core/src/umath -Inumpy/core/src/npysort -I/srv/conda/envs/notebook/include/python3.7m -c'
  gcc: _configtest.c
  _configtest.c: In function ‘main’:
  _configtest.c:5:16: warning: variable ‘test_array’ set but not used [-Wunused-but-set-variable]
       static int test_array [1 - 2 * !(((long) (sizeof (npy_check_sizeof_type))) == 8)];
                  ^~~~~~~~~~
  removing: _configtest.c _configtest.o
  C compiler: gcc -pthread -B /srv/conda/envs/notebook/compiler_compat -Wl,--sysroot=/ -Wsign-compare -DNDEBUG -g -fwrapv -O3 -Wall -Wstrict-prototypes -fPIC
  
  compile options: '-Inumpy/core/src/private -Inumpy/core/src -Inumpy/core -Inumpy/core/src/npymath -Inumpy/core/src/multiarray -Inumpy/core/src/umath -Inumpy/core/src/npysort -I/srv/conda/envs/notebook/include/python3.7m -c'
  gcc: _configtest.c
  success!
  removing: _configtest.c _configtest.o
  C compiler: gcc -pthread -B /srv/conda/envs/notebook/compiler_compat -Wl,--sysroot=/ -Wsign-compare -DNDEBUG -g -fwrapv -O3 -Wall -Wstrict-prototypes -fPIC
  
  compile options: '-Inumpy/core/src/private -Inumpy/core/src -Inumpy/core -Inumpy/core/src/npymath -Inumpy/core/src/multiarray -Inumpy/core/src/umath -Inumpy/core/src/npysort -I/srv/conda/envs/notebook/include/python3.7m -c'
  gcc: _configtest.c
  _configtest.c: In function ‘main’:
  _configtest.c:5:16: warning: variable ‘test_array’ set but not used [-Wunused-but-set-variable]
       static int test_array [1 - 2 * !(((long) (sizeof (npy_check_sizeof_type))) >= 0)];
                  ^~~~~~~~~~
  removing: _configtest.c _configtest.o
  C compiler: gcc -pthread -B /srv/conda/envs/notebook/compiler_compat -Wl,--sysroot=/ -Wsign-compare -DNDEBUG -g -fwrapv -O3 -Wall -Wstrict-prototypes -fPIC
  
  compile options: '-Inumpy/core/src/private -Inumpy/core/src -Inumpy/core -Inumpy/core/src/npymath -Inumpy/core/src/multiarray -Inumpy/core/src/umath -Inumpy/core/src/npysort -I/srv/conda/envs/notebook/include/python3.7m -c'
  gcc: _configtest.c
  _configtest.c: In function ‘main’:
  _configtest.c:5:16: warning: variable ‘test_array’ set but not used [-Wunused-but-set-variable]
       static int test_array [1 - 2 * !(((long) (sizeof (npy_check_sizeof_type))) == 8)];
                  ^~~~~~~~~~
  removing: _configtest.c _configtest.o
  C compiler: gcc -pthread -B /srv/conda/envs/notebook/compiler_compat -Wl,--sysroot=/ -Wsign-compare -DNDEBUG -g -fwrapv -O3 -Wall -Wstrict-prototypes -fPIC
  
  compile options: '-Inumpy/core/src/private -Inumpy/core/src -Inumpy/core -Inumpy/core/src/npymath -Inumpy/core/src/multiarray -Inumpy/core/src/umath -Inumpy/core/src/npysort -I/srv/conda/envs/notebook/include/python3.7m -c'
  gcc: _configtest.c
  _configtest.c: In function ‘main’:
  _configtest.c:5:16: warning: variable ‘test_array’ set but not used [-Wunused-but-set-variable]
       static int test_array [1 - 2 * !(((long) (sizeof (npy_check_sizeof_type))) >= 0)];
                  ^~~~~~~~~~
  removing: _configtest.c _configtest.o
  C compiler: gcc -pthread -B /srv/conda/envs/notebook/compiler_compat -Wl,--sysroot=/ -Wsign-compare -DNDEBUG -g -fwrapv -O3 -Wall -Wstrict-prototypes -fPIC
  
  compile options: '-Inumpy/core/src/private -Inumpy/core/src -Inumpy/core -Inumpy/core/src/npymath -Inumpy/core/src/multiarray -Inumpy/core/src/umath -Inumpy/core/src/npysort -I/srv/conda/envs/notebook/include/python3.7m -c'
  gcc: _configtest.c
  _configtest.c: In function ‘main’:
  _configtest.c:5:16: warning: variable ‘test_array’ set but not used [-Wunused-but-set-variable]
       static int test_array [1 - 2 * !(((long) (sizeof (npy_check_sizeof_type))) == 16)];
                  ^~~~~~~~~~
  removing: _configtest.c _configtest.o
  C compiler: gcc -pthread -B /srv/conda/envs/notebook/compiler_compat -Wl,--sysroot=/ -Wsign-compare -DNDEBUG -g -fwrapv -O3 -Wall -Wstrict-prototypes -fPIC
  
  compile options: '-Inumpy/core/src/private -Inumpy/core/src -Inumpy/core -Inumpy/core/src/npymath -Inumpy/core/src/multiarray -Inumpy/core/src/umath -Inumpy/core/src/npysort -I/srv/conda/envs/notebook/include/python3.7m -c'
  gcc: _configtest.c
  _configtest.c: In function ‘main’:
  _configtest.c:7:12: error: ‘SIZEOF_LONGDOUBLE’ undeclared (first use in this function); did you mean ‘SIZEOF_LONG_DOUBLE’?
       (void) SIZEOF_LONGDOUBLE;
              ^~~~~~~~~~~~~~~~~
              SIZEOF_LONG_DOUBLE
  _configtest.c:7:12: note: each undeclared identifier is reported only once for each function it appears in
  _configtest.c: In function âmainâ:
  _configtest.c:7:12: error: âSIZEOF_LONGDOUBLEâ undeclared (first use in this function); did you mean âSIZEOF_LONG_DOUBLEâ?
       (void) SIZEOF_LONGDOUBLE;
              ^~~~~~~~~~~~~~~~~
              SIZEOF_LONG_DOUBLE
  _configtest.c:7:12: note: each undeclared identifier is reported only once for each function it appears in
  failure.
  removing: _configtest.c _configtest.o
  C compiler: gcc -pthread -B /srv/conda/envs/notebook/compiler_compat -Wl,--sysroot=/ -Wsign-compare -DNDEBUG -g -fwrapv -O3 -Wall -Wstrict-prototypes -fPIC
  
  compile options: '-Inumpy/core/src/private -Inumpy/core/src -Inumpy/core -Inumpy/core/src/npymath -Inumpy/core/src/multiarray -Inumpy/core/src/umath -Inumpy/core/src/npysort -I/srv/conda/envs/notebook/include/python3.7m -c'
  gcc: _configtest.c
  _configtest.c: In function ‘main’:
  _configtest.c:5:16: warning: variable ‘test_array’ set but not used [-Wunused-but-set-variable]
       static int test_array [1 - 2 * !(((long) (sizeof (npy_check_sizeof_type))) >= 0)];
                  ^~~~~~~~~~
  removing: _configtest.c _configtest.o
  C compiler: gcc -pthread -B /srv/conda/envs/notebook/compiler_compat -Wl,--sysroot=/ -Wsign-compare -DNDEBUG -g -fwrapv -O3 -Wall -Wstrict-prototypes -fPIC
  
  compile options: '-Inumpy/core/src/private -Inumpy/core/src -Inumpy/core -Inumpy/core/src/npymath -Inumpy/core/src/multiarray -Inumpy/core/src/umath -Inumpy/core/src/npysort -I/srv/conda/envs/notebook/include/python3.7m -c'
  gcc: _configtest.c
  _configtest.c: In function ‘main’:
  _configtest.c:5:16: warning: variable ‘test_array’ set but not used [-Wunused-but-set-variable]
       static int test_array [1 - 2 * !(((long) (sizeof (npy_check_sizeof_type))) == 16)];
                  ^~~~~~~~~~
  removing: _configtest.c _configtest.o
  C compiler: gcc -pthread -B /srv/conda/envs/notebook/compiler_compat -Wl,--sysroot=/ -Wsign-compare -DNDEBUG -g -fwrapv -O3 -Wall -Wstrict-prototypes -fPIC
  
  compile options: '-Inumpy/core/src/private -Inumpy/core/src -Inumpy/core -Inumpy/core/src/npymath -Inumpy/core/src/multiarray -Inumpy/core/src/umath -Inumpy/core/src/npysort -I/srv/conda/envs/notebook/include/python3.7m -c'
  gcc: _configtest.c
  _configtest.c: In function ‘main’:
  _configtest.c:5:16: warning: variable ‘test_array’ set but not used [-Wunused-but-set-variable]
       static int test_array [1 - 2 * !(((long) (sizeof (npy_check_sizeof_type))) >= 0)];
                  ^~~~~~~~~~
  removing: _configtest.c _configtest.o
  C compiler: gcc -pthread -B /srv/conda/envs/notebook/compiler_compat -Wl,--sysroot=/ -Wsign-compare -DNDEBUG -g -fwrapv -O3 -Wall -Wstrict-prototypes -fPIC
  
  compile options: '-Inumpy/core/src/private -Inumpy/core/src -Inumpy/core -Inumpy/core/src/npymath -Inumpy/core/src/multiarray -Inumpy/core/src/umath -Inumpy/core/src/npysort -I/srv/conda/envs/notebook/include/python3.7m -c'
  gcc: _configtest.c
  _configtest.c: In function ‘main’:
  _configtest.c:5:16: warning: variable ‘test_array’ set but not used [-Wunused-but-set-variable]
       static int test_array [1 - 2 * !(((long) (sizeof (npy_check_sizeof_type))) == 32)];
                  ^~~~~~~~~~
  removing: _configtest.c _configtest.o
  C compiler: gcc -pthread -B /srv/conda/envs/notebook/compiler_compat -Wl,--sysroot=/ -Wsign-compare -DNDEBUG -g -fwrapv -O3 -Wall -Wstrict-prototypes -fPIC
  
  compile options: '-Inumpy/core/src/private -Inumpy/core/src -Inumpy/core -Inumpy/core/src/npymath -Inumpy/core/src/multiarray -Inumpy/core/src/umath -Inumpy/core/src/npysort -I/srv/conda/envs/notebook/include/python3.7m -c'
  gcc: _configtest.c
  _configtest.c: In function ‘main’:
  _configtest.c:7:16: warning: variable ‘test_array’ set but not used [-Wunused-but-set-variable]
       static int test_array [1 - 2 * !(((long) (sizeof (npy_check_sizeof_type))) >= 0)];
                  ^~~~~~~~~~
  removing: _configtest.c _configtest.o
  C compiler: gcc -pthread -B /srv/conda/envs/notebook/compiler_compat -Wl,--sysroot=/ -Wsign-compare -DNDEBUG -g -fwrapv -O3 -Wall -Wstrict-prototypes -fPIC
  
  compile options: '-Inumpy/core/src/private -Inumpy/core/src -Inumpy/core -Inumpy/core/src/npymath -Inumpy/core/src/multiarray -Inumpy/core/src/umath -Inumpy/core/src/npysort -I/srv/conda/envs/notebook/include/python3.7m -c'
  gcc: _configtest.c
  _configtest.c: In function ‘main’:
  _configtest.c:7:16: warning: variable ‘test_array’ set but not used [-Wunused-but-set-variable]
       static int test_array [1 - 2 * !(((long) (sizeof (npy_check_sizeof_type))) == 8)];
                  ^~~~~~~~~~
  removing: _configtest.c _configtest.o
  C compiler: gcc -pthread -B /srv/conda/envs/notebook/compiler_compat -Wl,--sysroot=/ -Wsign-compare -DNDEBUG -g -fwrapv -O3 -Wall -Wstrict-prototypes -fPIC
  
  compile options: '-Inumpy/core/src/private -Inumpy/core/src -Inumpy/core -Inumpy/core/src/npymath -Inumpy/core/src/multiarray -Inumpy/core/src/umath -Inumpy/core/src/npysort -I/srv/conda/envs/notebook/include/python3.7m -c'
  gcc: _configtest.c
  _configtest.c: In function ‘main’:
  _configtest.c:7:16: warning: variable ‘test_array’ set but not used [-Wunused-but-set-variable]
       static int test_array [1 - 2 * !(((long) (sizeof (npy_check_sizeof_type))) >= 0)];
                  ^~~~~~~~~~
  removing: _configtest.c _configtest.o
  C compiler: gcc -pthread -B /srv/conda/envs/notebook/compiler_compat -Wl,--sysroot=/ -Wsign-compare -DNDEBUG -g -fwrapv -O3 -Wall -Wstrict-prototypes -fPIC
  
  compile options: '-Inumpy/core/src/private -Inumpy/core/src -Inumpy/core -Inumpy/core/src/npymath -Inumpy/core/src/multiarray -Inumpy/core/src/umath -Inumpy/core/src/npysort -I/srv/conda/envs/notebook/include/python3.7m -c'
  gcc: _configtest.c
  _configtest.c: In function ‘main’:
  _configtest.c:7:16: warning: variable ‘test_array’ set but not used [-Wunused-but-set-variable]
       static int test_array [1 - 2 * !(((long) (sizeof (npy_check_sizeof_type))) == 8)];
                  ^~~~~~~~~~
  removing: _configtest.c _configtest.o
  C compiler: gcc -pthread -B /srv/conda/envs/notebook/compiler_compat -Wl,--sysroot=/ -Wsign-compare -DNDEBUG -g -fwrapv -O3 -Wall -Wstrict-prototypes -fPIC
  
  compile options: '-Inumpy/core/src/private -Inumpy/core/src -Inumpy/core -Inumpy/core/src/npymath -Inumpy/core/src/multiarray -Inumpy/core/src/umath -Inumpy/core/src/npysort -I/srv/conda/envs/notebook/include/python3.7m -c'
  gcc: _configtest.c
  success!
  removing: _configtest.c _configtest.o
  C compiler: gcc -pthread -B /srv/conda/envs/notebook/compiler_compat -Wl,--sysroot=/ -Wsign-compare -DNDEBUG -g -fwrapv -O3 -Wall -Wstrict-prototypes -fPIC
  
  compile options: '-Inumpy/core/src/private -Inumpy/core/src -Inumpy/core -Inumpy/core/src/npymath -Inumpy/core/src/multiarray -Inumpy/core/src/umath -Inumpy/core/src/npysort -I/srv/conda/envs/notebook/include/python3.7m -c'
  gcc: _configtest.c
  _configtest.c: In function ‘main’:
  _configtest.c:7:16: warning: variable ‘test_array’ set but not used [-Wunused-but-set-variable]
       static int test_array [1 - 2 * !(((long) (sizeof (npy_check_sizeof_type))) >= 0)];
                  ^~~~~~~~~~
  removing: _configtest.c _configtest.o
  C compiler: gcc -pthread -B /srv/conda/envs/notebook/compiler_compat -Wl,--sysroot=/ -Wsign-compare -DNDEBUG -g -fwrapv -O3 -Wall -Wstrict-prototypes -fPIC
  
  compile options: '-Inumpy/core/src/private -Inumpy/core/src -Inumpy/core -Inumpy/core/src/npymath -Inumpy/core/src/multiarray -Inumpy/core/src/umath -Inumpy/core/src/npysort -I/srv/conda/envs/notebook/include/python3.7m -c'
  gcc: _configtest.c
  _configtest.c: In function ‘main’:
  _configtest.c:7:16: warning: variable ‘test_array’ set but not used [-Wunused-but-set-variable]
       static int test_array [1 - 2 * !(((long) (sizeof (npy_check_sizeof_type))) == 8)];
                  ^~~~~~~~~~
  removing: _configtest.c _configtest.o
  C compiler: gcc -pthread -B /srv/conda/envs/notebook/compiler_compat -Wl,--sysroot=/ -Wsign-compare -DNDEBUG -g -fwrapv -O3 -Wall -Wstrict-prototypes -fPIC
  
  compile options: '-Inumpy/core/src/private -Inumpy/core/src -Inumpy/core -Inumpy/core/src/npymath -Inumpy/core/src/multiarray -Inumpy/core/src/umath -Inumpy/core/src/npysort -I/srv/conda/envs/notebook/include/python3.7m -c'
  gcc: _configtest.c
  _configtest.c: In function ‘main’:
  _configtest.c:5:16: warning: variable ‘test_array’ set but not used [-Wunused-but-set-variable]
       static int test_array [1 - 2 * !(((long) (sizeof (npy_check_sizeof_type))) >= 0)];
                  ^~~~~~~~~~
  removing: _configtest.c _configtest.o
  C compiler: gcc -pthread -B /srv/conda/envs/notebook/compiler_compat -Wl,--sysroot=/ -Wsign-compare -DNDEBUG -g -fwrapv -O3 -Wall -Wstrict-prototypes -fPIC
  
  compile options: '-Inumpy/core/src/private -Inumpy/core/src -Inumpy/core -Inumpy/core/src/npymath -Inumpy/core/src/multiarray -Inumpy/core/src/umath -Inumpy/core/src/npysort -I/srv/conda/envs/notebook/include/python3.7m -c'
  gcc: _configtest.c
  _configtest.c: In function ‘main’:
  _configtest.c:5:16: warning: variable ‘test_array’ set but not used [-Wunused-but-set-variable]
       static int test_array [1 - 2 * !(((long) (sizeof (npy_check_sizeof_type))) == 8)];
                  ^~~~~~~~~~
  removing: _configtest.c _configtest.o
  C compiler: gcc -pthread -B /srv/conda/envs/notebook/compiler_compat -Wl,--sysroot=/ -Wsign-compare -DNDEBUG -g -fwrapv -O3 -Wall -Wstrict-prototypes -fPIC
  
  compile options: '-Inumpy/core/src/private -Inumpy/core/src -Inumpy/core -Inumpy/core/src/npymath -Inumpy/core/src/multiarray -Inumpy/core/src/umath -Inumpy/core/src/npysort -I/srv/conda/envs/notebook/include/python3.7m -c'
  gcc: _configtest.c
  success!
  removing: _configtest.c _configtest.o
  C compiler: gcc -pthread -B /srv/conda/envs/notebook/compiler_compat -Wl,--sysroot=/ -Wsign-compare -DNDEBUG -g -fwrapv -O3 -Wall -Wstrict-prototypes -fPIC
  
  compile options: '-Inumpy/core/src/private -Inumpy/core/src -Inumpy/core -Inumpy/core/src/npymath -Inumpy/core/src/multiarray -Inumpy/core/src/umath -Inumpy/core/src/npysort -I/srv/conda/envs/notebook/include/python3.7m -c'
  gcc: _configtest.c
  _configtest.c:1:5: warning: conflicting ty[0m[91mpes for built-in function ‘exp’ [-Wbuiltin-declaration-mismatch]
   int exp (void);
       ^~~
  gcc -pthread -B /srv/conda/envs/notebook/compiler_compat -Wl,--sysroot=/ _configtest.o -o _configtest
  /srv/conda/envs/notebook/compiler_compat/ld: _configtest.o: in function `main':
  /tmp/pip-install-mk7vnjyd/numpy/_configtest.c:6: undefined reference to `exp'
  collect2: error: ld returned 1 exit status
  /srv/conda/envs/notebook/compiler_compat/ld: _configtest.o: in function `main':
  /tmp/pip-install-mk7vnjyd/numpy/_configtest.c:6: undefined reference to `exp'
  collect2: error: ld returned 1 exit status
  failure.
  removing: _configtest.c _configtest.o
  C compiler: gcc -pthread -B /srv/conda/envs/notebook/compiler_compat -Wl,--sysroot=/ -Wsign-compare -DNDEBUG -g -fwrapv -O3 -Wall -Wstrict-prototypes -fPIC
  
  compile options: '-Inumpy/core/src/private -Inumpy/core/src -Inumpy/core -Inumpy/core/src/npymath -Inumpy/core/src/multiarray -Inumpy/core/src/umath -Inumpy/core/src/npysort -I/srv/conda/envs/notebook/include/python3.7m -c'
  gcc: _configtest.c
  _configtest.c:1:5: warning: conflicting types for built-in function ‘exp’ [-Wbuiltin-declaration-mismatch]
   int exp (void);
       ^~~
  gcc -pthread -B /srv/conda/envs/notebook/compiler_compat -Wl,--sysroot=/ _configtest.o -lm -o _configtest
  success!
  removing: _configtest.c _configtest.o _configtest
  C compiler: gcc -pthread -B /srv/conda/envs/notebook/compiler_compat -Wl,--sysroot=/ -Wsign-compare -DNDEBUG -g -fwrapv -O3 -Wall -Wstrict-prototypes -fPIC
  
  compile options: '-Inumpy/core/src/private -Inumpy/core/src -Inumpy/core -Inumpy/core/src/npymath -Inumpy/core/src/multiarray -Inumpy/core/src/umath -Inumpy/core/src/npysort -I/srv/conda/envs/notebook/include/python3.7m -c'
  gcc: _configtest.c
  _configtest.c:1:5: warning: conflicting types for built-in function ‘sin’ [-Wbuiltin-declaration-mismatch]
   int sin (void);
       ^~~
  _configtest.c:2:5: warning: conflicting types for built-in function ‘cos’ [-Wbuiltin-declaration-mismatch]
   int cos (void);
       ^~~
  _configtest.c:3:5: warning: conflicting types for built-in function ‘tan’ [-Wbuiltin-declaration-mismatch]
   int tan (void);
       ^~~
  _configtest.c:4:5: warning: conflicting types for built-in function ‘sinh’ [-Wbuiltin-declaration-mismatch]
   int sinh (void);
       ^~~~
  _configtest.c:5:5: warning: conflicting types for built-in function ‘cosh’ [-Wbuiltin-declaration-mismatch]
   int cosh (void);
       ^~~~
  _configtest.c:6:5: warning: conflicting types for built-in function ‘tanh’ [-Wbuiltin-declaration-mismatch]
   int tanh (void);
       ^~~~
  _configtest.c:7:5: warning: conflicting types for built-in function ‘fabs’ [-Wbuiltin-declaration-mismatch]
   int fabs (void);
       ^~~~
  _configtest.c:8:5: warning: conflicting types for built-in function ‘floor’ [-Wbuiltin-declaration-mismatch]
   int floor (void);
       ^~~~~
  _configtest.c:9:5: warning: conflicting types for built-in function ‘ceil’ [-Wbuiltin-declaration-mismatch]
   int ceil (void);
       ^~~~
  _configtest.c:10:5: warning: conflicting types for built-in function ‘sqrt’ [-Wbuiltin-declaration-mismatch]
   int sqrt (void);
       ^~~~
  _configtest.c:11:5: warning: conflicting types for built-in function ‘log10’ [-Wbuiltin-declaration-mismatch]
   int log10 (void);
       ^~~~~
  _configtest.c:12:5: warning: conflicting types for built-in function ‘log’ [-Wbuiltin-declaration-mismatch]
   int log (void);
       ^~~
  _configtest.c:13:5: warning: conflicting types for built-in function ‘exp’ [-Wbuiltin-declaration-mismatch]
   int exp (void);
       ^~~
  _configtest.c:14:5: warning: conflicting types for built-in function ‘asin’ [-Wbuiltin-declaration-mismatch]
   int asin (void);
       ^~~~
  _configtest.c:15:5: warning: conflicting types for built-in function ‘acos’ [-Wbuiltin-declaration-mismatch]
   int acos (void);
       ^~~~
  _configtest.c:16:5: warning: conflicting types for built-in function ‘atan’ [-Wbuiltin-declaration-mismatch]
   int atan (void);
       ^~~~
  _configtest.c:17:5: warning: conflicting types for built-in function ‘fmod’ [-Wbuiltin-declaration-mismatch]
   int fmod (void);
       ^~~~
  _configtest.c:18:5: warning: conflicting types for built-in function ‘modf’ [-Wbuiltin-declaration-mismatch]
   int modf (void);
       ^~~~
  _configtest.c:19:5: warning: conflicting types for built-in function ‘frexp’ [-Wbuiltin-declaration-mismatch]
   int frexp (void);
       ^~~~~
  _configtest.c:20:5: warning: conflicting types for built-in function ‘ldexp’ [-Wbuiltin-declaration-mismatch]
   int ldexp (void);
       ^~~~~
  gcc -pthread -B /srv/conda/envs/notebook/compiler_compat -Wl,--sysroot=/ _configtest.o -lm -o _configtest
  success!
  removing: _configtest.c _configtest.o _configtest
  C compiler: gcc -pthread -B /srv/conda/envs/notebook/compiler_compat -Wl,--sysroot=/ -Wsign-compare -DNDEBUG -g -fwrapv -O3 -Wall -Wstrict-prototypes -fPIC
  
  compile options: '-Inumpy/core/src/private -Inumpy/core/src -Inumpy/core -Inumpy/core/src/npymath -Inumpy/core/src/multiarray -Inumpy/core/src/umath -Inumpy/core/src/npysort -I/srv/conda/envs/notebook/include/python3.7m -c'
  gcc: _configtest.c
  success!
  removing: _configtest.c _configtest.o
  C compiler: gcc -pthread -B /srv/conda/envs/notebook/compiler_compat -Wl,--sysroot=/ -Wsign-compare -DNDEBUG -g -fwrapv -O3 -Wall -Wstrict-prototypes -fPIC
  
  compile options: '-Inumpy/core/src/private -Inumpy/core/src -Inumpy/core -Inumpy/core/src/npymath -Inumpy/core/src/multiarray -Inumpy/core/src/umath -Inumpy/core/src/npysort -I/srv/conda/envs/notebook/include/python3.7m -c'
  gcc: _configtest.c
  success!
  removing: _configtest.c _configtest.o
  C compiler: gcc -pthread -B /srv/conda/envs/notebook/compiler_compat -Wl,--sysroot=/ -Wsign-compare -DNDEBUG -g -fwrapv -O3 -Wall -Wstrict-prototypes -fPIC
  
  compile options: '-Inumpy/core/src/private -Inumpy/core/src -Inumpy/core -Inumpy/core/src/npymath -Inumpy/core/src/multiarray -Inumpy/core/src/umath -Inumpy/core/src/npysort -I/srv/conda/envs/notebook/include/python3.7m -c'
  gcc: _configtest.c
  success!
  removing: _configtest.c _configtest.o
  C compiler: gcc -pthread -B /srv/conda/envs/notebook/compiler_compat -Wl,--sysroot=/ -Wsign-compare -DNDEBUG -g -fwrapv -O3 -Wall -Wstrict-prototypes -fPIC
  
  compile options: '-Inumpy/core/src/private -Inumpy/core/src -Inumpy/core -Inumpy/core/src/npymath -Inumpy/core/src/multiarray -Inumpy/core/src/umath -Inumpy/core/src/npysort -I/srv/conda/envs/notebook/include/python3.7m -c'
  gcc: _configtest.c
  success!
  removing: _configtest.c _configtest.o
  C compiler: gcc -pthread -B /srv/conda/envs/notebook/compiler_compat -Wl,--sysroot=/ -Wsign-compare -DNDEBUG -g -fwrapv -O3 -Wall -Wstrict-prototypes -fPIC
  
  compile options: '-Inumpy/core/src/private -Inumpy/core/src -Inumpy/core -Inumpy/core/src/npymath -Inumpy/core/src/multiarray -Inumpy/core/src/umath -Inumpy/core/src/npysort -I/srv/conda/envs/notebook/include/python3.7m -c'
  gcc: _configtest.c
  success!
  removing: _configtest.c _configtest.o
  C compiler: gcc -pthread -B /srv/conda/envs/notebook/compiler_compat -Wl,--sysroot=/ -Wsign-compare -DNDEBUG -g -fwrapv -O3 -Wall -Wstrict-prototypes -fPIC
  
  compile options: '-Inumpy/core/src/private -Inumpy/core/src -Inumpy/core -Inumpy/core/src/npymath -Inumpy/core/src/multiarray -Inumpy/core/src/umath -Inumpy/core/src/npysort -I/srv/conda/envs/notebook/include/python3.7m -c'
  gcc: _configtest.c
  success!
  removing: _configtest.c _configtest.o
  C compiler: gcc -pthread -B /srv/conda/envs/notebook/compiler_compat -Wl,--sysroot=/ -Wsign-compare -DNDEBUG -g -fwrapv -O3 -Wall -Wstrict-prototypes -fPIC
  
  compile options: '-Inumpy/core/src/private -Inumpy/core/src -Inumpy/core -Inumpy/core/src/npymath -Inumpy/core/src/multiarray -Inumpy/core/src/umath -Inumpy/core/src/npysort -I/srv/conda/envs/notebook/include/python3.7m -c'
  gcc: _configtest.c
  success!
  removing: _configtest.c _configtest.o
  C compiler: gcc -pthread -B /srv/conda/envs/notebook/compiler_compat -Wl,--sysroot=/ -Wsign-compare -DNDEBUG -g -fwrapv -O3 -Wall -Wstrict-prototypes -fPIC
  
  compile options: '-Inumpy/core/src/private -Inumpy/core/src -Inumpy/core -Inumpy/core/src/npymath -Inumpy/core/src/multiarray -Inumpy/core/src/umath -Inumpy/core/src/npysort -I/srv/conda/envs/notebook/include/python3.7m -c'
  gcc: _configtest.c
  success!
  removing: _configtest.c _configtest.o
  C compiler: gcc -pthread -B /srv/conda/envs/notebook/compiler_compat -Wl,--sysroot=/ -Wsign-compare -DNDEBUG -g -fwrapv -O3 -Wall -Wstrict-prototypes -fPIC
  
  compile options: '-Inumpy/core/src/private -Inumpy/core/src -Inumpy/core -Inumpy/core/src/npymath -Inumpy/core/src/multiarray -Inumpy/core/src/umath -Inumpy/core/src/npysort -I/srv/conda/envs/notebook/include/python3.7m -c'
  gcc: _configtest.c
  success!
  removing: _configtest.c _configtest.o
  C compiler: gcc -pthread -B /srv/conda/envs/notebook/compiler_compat -Wl,--sysroot=/ -Wsign-compare -DNDEBUG -g -fwrapv -O3 -Wall -Wstrict-prototypes -fPIC
  
  compile options: '-Inumpy/core/src/private -Inumpy/core/src -Inumpy/core -Inumpy/core/src/npymath -Inumpy/core/src/multiarray -Inumpy/core/src/umath -Inumpy/core/src/npysort -I/srv/conda/envs/notebook/include/python3.7m -c'
  gcc: _configtest.c
  _configtest.c:1:5: warning: conflicting types for built-in function ‘rint’ [-Wbuiltin-declaration-mismatch]
   int rint (void);
       ^~~~
  _configtest.c:2:5: warning: conflicting types for built-in function ‘trunc’ [-Wbuiltin-declaration-mismatch]
   int trunc (void);
       ^~~~~
  _configtest.c:3:5: warning: conflicting types for built-in function ‘exp2’ [-Wbuiltin-declaration-mismatch]
   int exp2 (void);
       ^~~~
  _configtest.c:4:5: warning: conflicting types for built-in function ‘log2’ [-Wbuiltin-declaration-mismatch]
   int log2 (void);
       ^~~~
  _configtest.c:5:5: warning: conflicting types for built-in function ‘atan2’ [-Wbuiltin-declaration-mismatch]
   int atan2 (void);
       ^~~~~
  _configtest.c:6:5: warning: conflicting types for built-in function ‘pow’ [-Wbuiltin-declaration-mismatch]
   int pow (void);
       ^~~
  _configtest.c:7:5: warning: conflicting types for built-in function ‘nextafter’ [-Wbuiltin-declaration-mismatch]
   int nextafter (void);
       ^~~~~~~~~
  _configtest.c:10:5: warning: conflicting types for built-in function ‘cbrt’ [-Wbuiltin-declaration-mismatch]
   int cbrt (void);
       ^~~~
  gcc -pthread -B /srv/conda/envs/notebook/compiler_compat -Wl,--sysroot=/ _configtest.o -lm -o _configtest
  success!
  removing: _configtest.c _configtest.o _configtest
  C compiler: gcc -pthread -B /srv/conda/envs/notebook/compiler_compat -Wl,--sysroot=/ -Wsign-compare -DNDEBUG -g -fwrapv -O3 -Wall -Wstrict-prototypes -fPIC
  
  compile options: '-Inumpy/core/src/private -Inumpy/core/src -Inumpy/core -Inumpy/core/src/npymath -Inumpy/core/src/multiarray -Inumpy/core/src/umath -Inumpy/core/src/npysort -I/srv/conda/envs/notebook/include/python3.7m -c'
  gcc: _configtest.c
  gcc -pthread -B /srv/conda/envs/notebook/compiler_compat -Wl,--sysroot=/ _configtest.o -o _configtest
  success!
  removing: _configtest.c _configtest.o _configtest
  C compiler: gcc -pthread -B /srv/conda/envs/notebook/compiler_compat -Wl,--sysroot=/ -Wsign-compare -DNDEBUG -g -fwrapv -O3 -Wall -Wstrict-prototypes -fPIC
  
  compile options: '-Inumpy/core/src/private -Inumpy/core/src -Inumpy/core -Inumpy/core/src/npymath -Inumpy/core/src/multiarray -Inumpy/core/src/umath -Inumpy/core/src/npysort -I/srv/conda/envs/notebook/include/python3.7m -c'
  gcc: _configtest.c
  gcc -pthread -B /srv/conda/envs/notebook/compiler_compat -Wl,--sysroot=/ _configtest.o -o _configtest
  success!
  removing: _configtest.c _configtest.o _configtest
  C compiler: gcc -pthread -B /srv/conda/envs/notebook/compiler_compat -Wl,--sysroot=/ -Wsign-compare -DNDEBUG -g -fwrapv -O3 -Wall -Wstrict-prototypes -fPIC
  
  compile options: '-Inumpy/core/src/private -Inumpy/core/src -Inumpy/core -Inumpy/core/src/npymath -Inumpy/core/src/multiarray -Inumpy/core/src/umath -Inumpy/core/src/npysort -I/srv/conda/envs/notebook/include/python3.7m -c'
  gcc: _configtest.c
  gcc -pthread -B /srv/conda/envs/notebook/compiler_compat -Wl,--sysroot=/ _configtest.o -o _configtest
  success!
  removing: _configtest.c _configtest.o _configtest
  C compiler: gcc -pthread -B /srv/conda/envs/notebook/compiler_compat -Wl,--sysroot=/ -Wsign-compare -DNDEBUG -g -fwrapv -O3 -Wall -Wstrict-prototypes -fPIC
  
  compile options: '-Inumpy/core/src/private -Inumpy/core/src -Inumpy/core -Inumpy/core/src/npymath -Inumpy/core/src/multiarray -Inumpy/core/src/umath -Inumpy/core/src/npysort -I/srv/conda/envs/notebook/include/python3.7m -c'
  gcc: _configtest.c
  _configtest.c: In function ‘main’:
  _configtest.c:5:3: warning: statement with no effect [-Wunused-value]
     __builtin_isnan(5.);
     ^~~~~~~~~~~~~~~
  gcc -pthread -B /srv/conda/envs/notebook/compiler_compat -Wl,--sysroot=/ _configtest.o -o _configtest
  success!
  removing: _configtest.c _configtest.o _configtest
  C compiler: gcc -pthread -B /srv/conda/envs/notebook/compiler_compat -Wl,--sysroot=/ -Wsign-compare -DNDEBUG -g -fwrapv -O3 -Wall -Wstrict-prototypes -fPIC
  
  compile options: '-Inumpy/core/src/private -Inumpy/core/src -Inumpy/core -Inumpy/core/src/npymath -Inumpy/core/src/multiarray -Inumpy/core/src/umath -Inumpy/core/src/npysort -I/srv/conda/envs/notebook/include/python3.7m -c'
  gcc: _configtest.c
  _configtest.c: In function ‘main’:
  _configtest.c:5:3: warning: statement with no effect [-Wunused-value]
     __builtin_isinf(5.);
     ^~~~~~~~~~~~~~~
  gcc -pthread -B /srv/conda/envs/notebook/compiler_compat -Wl,--sysroot=/ _configtest.o -o _configtest
  success!
  removing: _configtest.c _configtest.o _configtest
  C compiler: gcc -pthread -B /srv/conda/envs/notebook/compiler_compat -Wl,--sysroot=/ -Wsign-compare -DNDEBUG -g -fwrapv -O3 -Wall -Wstrict-prototypes -fPIC
  
  compile options: '-Inumpy/core/src/private -Inumpy/core/src -Inumpy/core -Inumpy/core/src/npymath -Inumpy/core/src/multiarray -Inumpy/core/src/umath -Inumpy/core/src/npysort -I/srv/conda/envs/notebook/include/python3.7m -c'
  gcc: _configtest.c
  _configtest.c: In function ‘main’:
  _configtest.c:5:3: warning: statement with no effect [-Wunused-value]
     __builtin_isfinite(5.);
     ^~~~~~~~~~~~~~~~~~
  gcc -pthread -B /srv/conda/envs/notebook/compiler_compat -Wl,--sysroot=/ _configtest.o -o _configtest
  success!
  removing: _configtest.c _configtest.o _configtest
  C compiler: gcc -pthread -B /srv/conda/envs/notebook/compiler_compat -Wl,--sysroot=/ -Wsign-compare -DNDEBUG -g -fwrapv -O3 -Wall -Wstrict-prototypes -fPIC
  
  compile options: '-Inumpy/core/src/private -Inumpy/core/src -Inumpy/core -Inumpy/core/src/npymath -Inumpy/core/src/multiarray -Inumpy/core/src/umath -Inumpy/core/src/npysort -I/srv/conda/envs/notebook/include/python3.7m -c'
  gcc: _configtest.c
  _configtest.c: In function ‘main’:
  _configtest.c:5:3: warning: statement with no effect [-Wunused-value]
     __builtin_bswap32(5u);
     ^~~~~~~~~~~~~~~~~
  gcc -pthread -B /srv/conda/envs/notebook/compiler_compat -Wl,--sysroot=/ _configtest.o -o _configtest
  success!
  removing: _configtest.c _configtest.o _configtest
  C compiler: gcc -pthread -B /srv/conda/envs/notebook/compiler_compat -Wl,--sysroot=/ -Wsign-compare -DNDEBUG -g -fwrapv -O3 -Wall -Wstrict-prototypes -fPIC
  
  compile options: '-Inumpy/core/src/private -Inumpy/core/src -Inumpy/core -Inumpy/core/src/npymath -Inumpy/core/src/multiarray -Inumpy/core/src/umath -Inumpy/core/src/npysort -I/srv/conda/envs/notebook/include/python3.7m -c'
  gcc: _configtest.c
  _configtest.c: In function ‘main’:
  _configtest.c:5:3: warning: statement with no effect [-Wunused-value]
     __builtin_bswap64(5u);
     ^~~~~~~~~~~~~~~~~
  gcc -pthread -B /srv/conda/envs/notebook/compiler_compat -Wl,--sysroot=/ _configtest.o -o _configtest
  success!
  removing: _configtest.c _configtest.o _configtest
  C compiler: gcc -pthread -B /srv/conda/envs/notebook/compiler_compat -Wl,--sysroot=/ -Wsign-compare -DNDEBUG -g -fwrapv -O3 -Wall -Wstrict-prototypes -fPIC
  
  compile options: '-Inumpy/core/src/private -Inumpy/core/src -Inumpy/core -Inumpy/core/src/npymath -Inumpy/core/src/multiarray -Inumpy/core/src/umath -Inumpy/core/src/npysort -I/srv/conda/envs/notebook/include/python3.7m -c'
  gcc: _configtest.c
  _configtest.c: In function ‘main’:
  _configtest.c:5:3: warning: statement with no effect [-Wunused-value]
     __builtin_expect(5, 0);
     ^~~~~~~~~~~~~~~~
  gcc -pthread -B /srv/conda/envs/notebook/compiler_compat -Wl,--sysroot=/ _configtest.o -o _configtest
  success!
  removing: _configtest.c _configtest.o _configtest
  C compiler: gcc -pthread -B /srv/conda/envs/notebook/compiler_compat -Wl,--sysroot=/ -Wsign-compare -DNDEBUG -g -fwrapv -O3 -Wall -Wstrict-prototypes -fPIC
  
  compile options: '-Inumpy/core/src/private -Inumpy/core/src -Inumpy/core -Inumpy/core/src/npymath -Inumpy/core/src/multiarray -Inumpy/core/src/umath -Inumpy/core/src/npysort -I/srv/conda/envs/notebook/include/python3.7m -c'
  gcc: _configtest.c
  gcc -pthread -B /srv/conda/envs/notebook/compiler_compat -Wl,--sysroot=/ _configtest.o -o _configtest
  success!
  removing: _configtest.c _configtest.o _configtest
  C compiler: gcc -pthread -B /srv/conda/envs/notebook/compiler_compat -Wl,--sysroot=/ -Wsign-compare -DNDEBUG -g -fwrapv -O3 -Wall -Wstrict-prototypes -fPIC
  
  compile options: '-Inumpy/core/src/private -Inumpy/core/src -Inumpy/core -Inumpy/core/src/npymath -Inumpy/core/src/multiarray -Inumpy/core/src/umath -Inumpy/core/src/npysort -I/srv/conda/envs/notebook/include/python3.7m -c'
  gcc: _configtest.c
  gcc -pthread -B /srv/conda/envs/notebook/compiler_compat -Wl,--sysroot=/ _configtest.o -o _configtest
  success!
  removing: _configtest.c _configtest.o _configtest
  C compiler: gcc -pthread -B /srv/conda/envs/notebook/compiler_compat -Wl,--sysroot=/ -Wsign-compare -DNDEBUG -g -fwrapv -O3 -Wall -Wstrict-prototypes -fPIC
  
  compile options: '-Inumpy/core/src/private -Inumpy/core/src -Inumpy/core -Inumpy/core/src/npymath -Inumpy/core/src/multiarray -Inumpy/core/src/umath -Inumpy/core/src/npysort -I/srv/conda/envs/notebook/include/python3.7m -c'
  gcc: _configtest.c
  gcc -pthread -B /srv/conda/envs/notebook/compiler_compat -Wl,--sysroot=/ _configtest.o -o _configtest
  success!
  removing: _configtest.c _configtest.o _configtest
  C compiler: gcc -pthread -B /srv/conda/envs/notebook/compiler_compat -Wl,--sysroot=/ -Wsign-compare -DNDEBUG -g -fwrapv -O3 -Wall -Wstrict-prototypes -fPIC
  
  compile options: '-Inumpy/core/src/private -Inumpy/core/src -Inumpy/core -Inumpy/core/src/npymath -Inumpy/core/src/multiarray -Inumpy/core/src/umath -Inumpy/core/src/npysort -I/srv/conda/envs/notebook/include/python3.7m -c'
  gcc: _configtest.c
  gcc -pthread -B /srv/conda/envs/notebook/compiler_compat -Wl,--sysroot=/ _configtest.o -o _configtest
  success!
  removing: _configtest.c _configtest.o _configtest
  C compiler: gcc -pthread -B /srv/conda/envs/notebook/compiler_compat -Wl,--sysroot=/ -Wsign-compare -DNDEBUG -g -fwrapv -O3 -Wall -Wstrict-prototypes -fPIC
  
  compile options: '-Inumpy/core/src/private -Inumpy/core/src -Inumpy/core -Inumpy/core/src/npymath -Inumpy/core/src/multiarray -Inumpy/core/src/umath -Inumpy/core/src/npysort -I/srv/conda/envs/notebook/include/python3.7m -c'
  gcc: _configtest.c
  gcc -pthread -B /srv/conda/envs/notebook/compiler_compat -Wl,--sysroot=/ _configtest.o -o _configtest
  success!
  removing: _configtest.c _configtest.o _configtest
  C compiler: gcc -pthread -B /srv/conda/envs/notebook/compiler_compat -Wl,--sysroot=/ -Wsign-compare -DNDEBUG -g -fwrapv -O3 -Wall -Wstrict-prototypes -fPIC
  
  compile options: '-Inumpy/core/src/private -Inumpy/core/src -Inumpy/core -Inumpy/core/src/npymath -Inumpy/core/src/multiarray -Inumpy/core/src/umath -Inumpy/core/src/npysort -I/srv/conda/envs/notebook/include/python3.7m -c'
  gcc: _configtest.c
  _configtest.c:3:0: warning: ignoring #pragma clang diagnostic [-Wunknown-pragmas]
   #pragma clang diagnostic error "-Wattributes"
  
  _configtest.c:8:1: warning: function declaration isn’t a prototype [-Wstrict-prototypes]
   main()
   ^~~~
  success!
  removing: _configtest.c _configtest.o
  C compiler: gcc -pthread -B /srv/conda/envs/notebook/compiler_compat -Wl,--sysroot=/ -Wsign-compare -DNDEBUG -g -fwrapv -O3 -Wall -Wstrict-prototypes -fPIC
  
  compile options: '-Inumpy/core/src/private -Inumpy/core/src -Inumpy/core -Inumpy/core/src/npymath -Inumpy/core/src/multiarray -Inumpy/core/src/umath -Inumpy/core/src/npysort -I/srv/conda/envs/notebook/include/python3.7m -c'
  gcc: _configtest.c
  _configtest.c:3:0: warning: ignoring #pragma clang diagnostic [-Wunknown-pragmas]
   #pragma clang diagnostic error "-Wattributes"
  
  _configtest.c:8:1: warning: function declaration isn’t a prototype [-Wstrict-prototypes]
   main()
   ^~~~
  success!
  removing: _configtest.c _configtest.o
  C compiler: gcc -pthread -B /srv/conda/envs/notebook/compiler_compat -Wl,--sysroot=/ -Wsign-compare -DNDEBUG -g -fwrapv -O3 -Wall -Wstrict-prototypes -fPIC
  
  compile options: '-Inumpy/core/src/private -Inumpy/core/src -Inumpy/core -Inumpy/core/src/npymath -Inumpy/core/src/multiarray -Inumpy/core/src/umath -Inumpy/core/src/npysort -I/srv/conda/envs/notebook/include/python3.7m -c'
  gcc: _configtest.c
  _configtest.c:3:0: warning: ignoring #pragma clang diagnostic [-Wunknown-pragmas]
   #pragma clang diagnostic error "-Wattributes"
  
  _configtest.c:8:1: warning: function declaration isn’t a prototype [-Wstrict-prototypes]
   main()
   ^~~~
  success!
  removing: _configtest.c _configtest.o
  C compiler: gcc -pthread -B /srv/conda/envs/notebook/compiler_compat -Wl,--sysroot=/ -Wsign-compare -DNDEBUG -g -fwrapv -O3 -Wall -Wstrict-prototypes -fPIC
  
  compile options: '-Inumpy/core/src/private -Inumpy/core/src -Inumpy/core -Inumpy/core/src/npymath -Inumpy/core/src/multiarray -Inumpy/core/src/umath -Inumpy/core/src/npysort -I/srv/conda/envs/notebook/include/python3.7m -c'
  gcc: _configtest.c
  _configtest.c:3:0: warning: ignoring #pragma clang diagnostic [-Wunknown-pragmas]
   #pragma clang diagnostic error "-Wattributes"
  
  _configtest.c:8:1: warning: function declaration isn’t a prototype [-Wstrict-prototypes]
   main()
   ^~~~
  success!
  removing: _configtest.c _configtest.o
  C compiler: gcc -pthread -B /srv/conda/envs/notebook/compiler_compat -Wl,--sysroot=/ -Wsign-compare -DNDEBUG -g -fwrapv -O3 -Wall -Wstrict-prototypes -fPIC
  
  compile options: '-Inumpy/core/src/private -Inumpy/core/src -Inumpy/core -Inumpy/core/src/npymath -Inumpy/core/src/multiarray -Inumpy/core/src/umath -Inumpy/core/src/npysort -I/srv/conda/envs/notebook/include/python3.7m -c'
  gcc: _configtest.c
  _configtest.c:3:0: warning: ignoring #pragma clang diagnostic [-Wunknown-pragmas]
   #pragma clang diagnostic error "-Wattributes"
  
  _configtest.c:5:5: warning: function declaration isn’t a prototype [-Wstrict-prototypes]
   int __declspec(thread) foo;
       ^~~~~~~~~~
  _configtest.c: In function ‘__declspec’:
  _configtest.c:5:24: error: expected declaration specifiers before ‘foo’
   int __declspec(thread) foo;
                          ^~~
  _configtest.c:9:1: error: expected ‘=’, ‘,’, ‘;’, ‘asm’ or ‘__attribute__’ before ‘{’ token
   {
   ^
  _configtest.c:5:5: warning: type of ‘thread’ defaults to ‘int’ [-Wimplicit-int]
   int __declspec(thread) foo;
       ^~~~~~~~~~
  _configtest.c:11:1: error: expected ‘{’ at end of input
   }
   ^
  _configtest.c:11:1: warning: control reaches end of non-void function [-Wreturn-type]
   }
   ^
  _configtest.c:3:0: warning: ignoring #pragma clang diagnostic [-Wunknown-pragmas]
   #pragma clang diagnostic error "-Wattributes"
  
  _configtest.c:5:5: warning: function declaration isnât a prototype [-Wstrict-prototypes]
   int __declspec(thread) foo;
       ^~~~~~~~~~
  _configtest.c: In function â__declspecâ:
  _configtest.c:5:24: error: expected declaration specifiers before âfooâ
   int __declspec(thread) foo;
                          ^~~
  _configtest.c:9:1: error: expected â=â, â,â, â;â, âasmâ or â__attribute__â before â{â token
   {
   ^
  _configtest.c:5:5: warning: type of âthreadâ defaults to âintâ [-Wimplicit-int]
   int __declspec(thread) foo;
       ^~~~~~~~~~
  _configtest.c:11:1: error: expected â{â at end of input
   }
   ^
  _configtest.c:11:1: warning: control reaches end of non-void function [-Wreturn-type]
   }
   ^
  failure.
  removing: _configtest.c _configtest.o
  C compiler: gcc -pthread -B /srv/conda/envs/notebook/compiler_compat -Wl,--sysroot=/ -Wsign-compare -DNDEBUG -g -fwrapv -O3 -Wall -Wstrict-prototypes -fPIC
  
  compile options: '-Inumpy/core/src/private -Inumpy/core/src -Inumpy/core -Inumpy/core/src/npymath -Inumpy/core/src/multiarray -Inumpy/core/src/umath -Inumpy/core/src/npysort -I/srv/conda/envs/notebook/include/python3.7m -c'
  gcc: _configtest.c
  _configtest.c:1:5: warning: conflicting types for built-in function ‘sinf’ [-Wbuiltin-declaration-mismatch]
   int sinf (void);
       ^~~~
  _configtest.c:2:5: warning: conflicting types for built-in function ‘cosf’ [-Wbuiltin-declaration-mismatch]
   int cosf (void);
       ^~~~
  _configtest.c:3:5: warning: conflicting types for built-in function ‘tanf’ [-Wbuiltin-declaration-mismatch]
   int tanf (void);
       ^~~~
  _configtest.c:4:5: warning: conflicting types for built-in function ‘sinhf’ [-Wbuiltin-declaration-mismatch]
   int sinhf (void);
       ^~~~~
  _configtest.c:5:5: warning: conflicting types for built-in function ‘coshf’ [-Wbuiltin-declaration-mismatch]
   int coshf (void);
       ^~~~~
  _configtest.c:6:5: warning: conflicting types for built-in function ‘tanhf’ [-Wbuiltin-declaration-mismatch]
   int tanhf (void);
       ^~~~~
  _configtest.c:7:5: warning: conflicting types for built-in function ‘fabsf’ [-Wbuiltin-declaration-mismatch]
   int fabsf (void);
       ^~~~~
  _configtest.c:8:5: warning: conflicting types for built-in function ‘floorf’ [-Wbuiltin-declaration-mismatch]
   int floorf (void);
       ^~~~~~
  _configtest.c:9:5: warning: conflicting types for built-in function ‘ceilf’ [-Wbuiltin-declaration-mismatch]
   int ceilf (void);
       ^~~~~
  _configtest.c:10:5: warning: conflicting types for built-in function ‘rintf’ [-Wbuiltin-declaration-mismatch]
   int rintf (void);
       ^~~~~
  _configtest.c:11:5: warning: conflicting types for built-in function ‘truncf’ [-Wbuiltin-declaration-mismatch]
   int truncf (void);
       ^~~~~~
  _configtest.c:12:5: warning: conflicting types for built-in function ‘sqrtf’ [-Wbuiltin-declaration-mismatch]
   int sqrtf (void);
       ^~~~~
  _configtest.c:13:5: warning: conflicting types for built-in function ‘log10f’ [-Wbuiltin-declaration-mismatch]
   int log10f (void);
       ^~~~~~
  _configtest.c:14:5: warning: conflicting types for built-in function ‘logf’ [-Wbuiltin-declaration-mismatch]
   int logf (void);
       ^~~~
  _configtest.c:15:5: warning: conflicting types for built-in function ‘log1pf’ [-Wbuiltin-declaration-mismatch]
   int log1pf (void);
       ^~~~~~
  _configtest.c:16:5: warning: conflicting types for built-in function ‘expf’ [-Wbuiltin-declaration-mismatch]
   int expf (void);
       ^~~~
  _configtest.c:17:5: warning: conflicting types for built-in function ‘expm1f’ [-Wbuiltin-declaration-mismatch]
   int expm1f (void);
       ^~~~~~
  _configtest.c:18:5: warning: conflicting types for built-in function ‘asinf’ [-Wbuiltin-declaration-mismatch]
   int asinf (void);
       ^~~~~
  _configtest.c:19:5: warning: conflicting types for built-in function ‘acosf’ [-Wbuiltin-declaration-mismatch]
   int acosf (void);
       ^~~~~
  _configtest.c:20:5: warning: conflicting types for built-in function ‘atanf’ [-Wbuiltin-declaration-mismatch]
   int atanf (void);
       ^~~~~
  _configtest.c:21:5: warning: conflicting types for built-in function ‘asinhf’ [-Wbuiltin-declaration-mismatch]
   int asinhf (void);
       ^~~~~~
  _configtest.c:22:5: warning: conflicting types for built-in function ‘acoshf’ [-Wbuiltin-declaration-mismatch]
   int acoshf (void);
       ^~~~~~
  _configtest.c:23:5: warning: conflicting types for built-in function ‘atanhf’ [-Wbuiltin-declaration-mismatch]
   int atanhf (void);
       ^~~~~~
  _configtest.c:24:5: warning: conflicting types for built-in function ‘hypotf’ [-Wbuiltin-declaration-mismatch]
   int hypotf (void);
       ^~~~~~
  _configtest.c:25:5: warning: conflicting types for built-in function ‘atan2f’ [-Wbuiltin-declaration-mismatch]
   int atan2f (void);
       ^~~~~~
  _configtest.c:26:5: warning: conflicting types for built-in function ‘powf’ [-Wbuiltin-declaration-mismatch]
   int powf (void);
       ^~~~
  _configtest.c:27:5: warning: conflicting types for built-in function ‘fmodf’ [-Wbuiltin-declaration-mismatch]
   int fmodf (void);
       ^~~~~
  _configtest.c:28:5: warning: conflicting types for built-in function ‘modff’ [-Wbuiltin-declaration-mismatch]
   int modff (void);
       ^~~~~
  _configtest.c:29:5: warning: conflicting types for built-in function ‘frexpf’ [-Wbuiltin-declaration-mismatch]
   int frexpf (void);
       ^~~~~~
  _configtest.c:30:5: warning: conflicting types for built-in function ‘ldexpf’ [-Wbuiltin-declaration-mismatch]
   int ldexpf (void);
       ^~~~~~
  _configtest.c:31:5: warning: conflicting types for built-in function ‘exp2f’ [-Wbuiltin-declaration-mismatch]
   int exp2f (void);
       ^~~~~
  _configtest.c:32:5: warning: conflicting types for built-in function ‘log2f’ [-Wbuiltin-declaration-mismatch]
   int log2f (void);
       ^~~~~
  _configtest.c:33:5: warning: conflicting types for built-in function ‘copysignf’ [-Wbuiltin-declaration-mismatch]
   int copysignf (void);
       ^~~~~~~~~
  _configtest.c:34:5: warning: conflicting types for built-in function ‘nextafterf’ [-Wbuiltin-declaration-mismatch]
   int nextafterf (void);
       ^~~~~~~~~~
  _configtest.c:35:5: warning: conflicting types for built-in function ‘cbrtf’ [-Wbuiltin-declaration-mismatch]
   int cbrtf (void);
       ^~~~~
  gcc -pthread -B /srv/conda/envs/notebook/compiler_compat -Wl,--sysroot=/ _configtest.o -lm -o _configtest
  success!
  removing: _configtest.c _configtest.o _configtest
  C compiler: gcc -pthread -B /srv/conda/envs/notebook/compiler_compat -Wl,--sysroot=/ -Wsign-compare -DNDEBUG -g -fwrapv -O3 -Wall -Wstrict-prototypes -fPIC
  
  compile options: '-Inumpy/core/src/private -Inumpy/core/src -Inumpy/core -Inumpy/core/src/npymath -Inumpy/core/src/multiarray -Inumpy/core/src/umath -Inumpy/core/src/npysort -I/srv/conda/envs/notebook/include/python3.7m -c'
  gcc: _configtest.c
  _configtest.c:1:5: warning: conflicting types for built-in function ‘sinl’ [-Wbuiltin-declaration-mismatch]
   int sinl (void);
       ^~~~
  _configtest.c:2:5: warning: conflicting types for built-in function ‘cosl’ [-Wbuiltin-declaration-mismatch]
   int cosl (void);
       ^~~~
  _configtest.c:3:5: warning: conflicting types for built-in function ‘tanl’ [-Wbuiltin-declaration-mismatch]
   int tanl (void);
       ^~~~
  _configtest.c:4:5: warning: conflicting types for built-in function ‘sinhl’ [-Wbuiltin-declaration-mismatch]
   int sinhl (void);
       ^~~~~
  _configtest.c:5:5: warning: conflicting types for built-in function ‘coshl’ [-Wbuiltin-declaration-mismatch]
   int coshl (void);
       ^~~~~
  _configtest.c:6:5: warning: conflicting types for built-in function ‘tanhl’ [-Wbuiltin-declaration-mismatch]
   int tanhl (void);
       ^~~~~
  _configtest.c:7:5: warning: conflicting types for built-in function ‘fabsl’ [-Wbuiltin-declaration-mismatch]
   int fabsl (void);
       ^~~~~
  _configtest.c:8:5: warning: conflicting types for built-in function ‘floorl’ [-Wbuiltin-declaration-mismatch]
   int floorl (void);
       ^~~~~~
  _configtest.c:9:5: warning: conflicting types for built-in function ‘ceill’ [-Wbuiltin-declaration-mismatch]
   int ceill (void);
       ^~~~~
  _configtest.c:10:5: warning: conflicting types for built-in function ‘rintl’ [-Wbuiltin-declaration-mismatch]
   int rintl (void);
       ^~~~~
  _configtest.c:11:5: warning: con[0m[91mflicting types for built-in function ‘truncl’ [-Wbuiltin-declaration-mismatch]
   int truncl (void);
       ^~~~~~
  _configtest.c:12:5: warning: conflicting types for built-in function ‘sqrtl’ [-Wbuiltin-declaration-mismatch]
   int sqrtl (void);
       ^~~~~
  _configtest.c:13:5: warning: conflicting types for built-in function ‘log10l’ [-Wbuiltin-declaration-mismatch]
   int log10l (void);
       ^~~~~~
  _configtest.c:14:5: warning: conflicting types for built-in function ‘logl’ [-Wbuiltin-declaration-mismatch]
   int logl (void);
       ^~~~
  _configtest.c:15:5: warning: conflicting types for built-in function ‘log1pl’ [-Wbuiltin-declaration-mismatch]
   int log1pl (void);
       ^~~~~~
  _configtest.c:16:5: warning: conflicting types for built-in function ‘expl’ [-Wbuiltin-declaration-mismatch]
   int expl (void);
       ^~~~
  _configtest.c:17:5: warning: conflicting types for built-in function ‘expm1l’ [-Wbuiltin-declaration-mismatch]
   int expm1l (void);
       ^~~~~~
  _configtest.c:18:5: warning: conflicting types for built-in function ‘asinl’ [-Wbuiltin-declaration-mismatch]
   int asinl (void);
       ^~~~~
  _configtest.c:19:5: warning: conflicting types for built-in function ‘acosl’ [-Wbuiltin-declaration-mismatch]
   int acosl (void);
       ^~~~~
  _configtest.c:20:5: warning: conflicting types for built-in function ‘atanl’ [-Wbuiltin-declaration-mismatch]
   int atanl (void);
       ^~~~~
  _configtest.c:21:5: warning: conflicting types for built-in function ‘asinhl’ [-Wbuiltin-declaration-mismatch]
   int asinhl (void);
       ^~~~~~
  _configtest.c:22:5: warning: conflicting types for built-in function ‘acoshl’ [-Wbuiltin-declaration-mismatch]
   int acoshl (void);
       ^~~~~~
  _configtest.c:23:5: warning: conflicting types for built-in function ‘atanhl’ [-Wbuiltin-declaration-mismatch]
   int atanhl (void);
       ^~~~~~
  _configtest.c:24:5: warning: conflicting types for built-in function ‘hypotl’ [-Wbuiltin-declaration-mismatch]
   int hypotl (void);
       ^~~~~~
  _configtest.c:25:5: warning: conflicting types for built-in function ‘atan2l’ [-Wbuiltin-declaration-mismatch]
   int atan2l (void);
       ^~~~~~
  _configtest.c:26:5: warning: conflicting types for built-in function ‘powl’ [-Wbuiltin-declaration-mismatch]
   int powl (void);
       ^~~~
  _configtest.c:27:5: warning: conflicting types for built-in function ‘fmodl’ [-Wbuiltin-declaration-mismatch]
   int fmodl (void);
       ^~~~~
  _configtest.c:28:5: warning: conflicting types for built-in function ‘modfl’ [-Wbuiltin-declaration-mismatch]
   int modfl (void);
       ^~~~~
  _configtest.c:29:5: warning: conflicting types for built-in function ‘frexpl’ [-Wbuiltin-declaration-mismatch]
   int frexpl (void);
       ^~~~~~
  _configtest.c:30:5: warning: conflicting types for built-in function ‘ldexpl’ [-Wbuiltin-declaration-mismatch]
   int ldexpl (void);
       ^~~~~~
  _configtest.c:31:5: warning: conflicting types for built-in function ‘exp2l’ [-Wbuiltin-declaration-mismatch]
   int exp2l (void);
       ^~~~~
  _configtest.c:32:5: warning: conflicting types for built-in function ‘log2l’ [-Wbuiltin-declaration-mismatch]
   int log2l (void);
       ^~~~~
  _configtest.c:33:5: warning: conflicting types for built-in function ‘copysignl’ [-Wbuiltin-declaration-mismatch]
   int copysignl (void);
       ^~~~~~~~~
  _configtest.c:34:5: warning: conflicting types for built-in function ‘nextafterl’ [-Wbuiltin-declaration-mismatch]
   int nextafterl (void);
       ^~~~~~~~~~
  _configtest.c:35:5: warning: conflicting types for built-in function ‘cbrtl’ [-Wbuiltin-declaration-mismatch]
   int cbrtl (void);
       ^~~~~
  gcc -pthread -B /srv/conda/envs/notebook/compiler_compat -Wl,--sysroot=/ _configtest.o -lm -o _configtest
  success!
  removing: _configtest.c _configtest.o _configtest
  C compiler: gcc -pthread -B /srv/conda/envs/notebook/compiler_compat -Wl,--sysroot=/ -Wsign-compare -DNDEBUG -g -fwrapv -O3 -Wall -Wstrict-prototypes -fPIC
  
  compile options: '-Inumpy/core/src/private -Inumpy/core/src -Inumpy/core -Inumpy/core/src/npymath -Inumpy/core/src/multiarray -Inumpy/core/src/umath -Inumpy/core/src/npysort -I/srv/conda/envs/notebook/include/python3.7m -c'
  gcc: _configtest.c
  success!
  removing: _configtest.c _configtest.o
  C compiler: gcc -pthread -B /srv/conda/envs/notebook/compiler_compat -Wl,--sysroot=/ -Wsign-compare -DNDEBUG -g -fwrapv -O3 -Wall -Wstrict-prototypes -fPIC
  
  compile options: '-Inumpy/core/src/private -Inumpy/core/src -Inumpy/core -Inumpy/core/src/npymath -Inumpy/core/src/multiarray -Inumpy/core/src/umath -Inumpy/core/src/npysort -I/srv/conda/envs/notebook/include/python3.7m -c'
  gcc: _configtest.c
  success!
  removing: _configtest.c _configtest.o
  C compiler: gcc -pthread -B /srv/conda/envs/notebook/compiler_compat -Wl,--sysroot=/ -Wsign-compare -DNDEBUG -g -fwrapv -O3 -Wall -Wstrict-prototypes -fPIC
  
  compile options: '-Inumpy/core/src/private -Inumpy/core/src -Inumpy/core -Inumpy/core/src/npymath -Inumpy/core/src/multiarray -Inumpy/core/src/umath -Inumpy/core/src/npysort -I/srv/conda/envs/notebook/include/python3.7m -c'
  gcc: _configtest.c
  success!
  removing: _configtest.c _configtest.o
  C compiler: gcc -pthread -B /srv/conda/envs/notebook/compiler_compat -Wl,--sysroot=/ -Wsign-compare -DNDEBUG -g -fwrapv -O3 -Wall -Wstrict-prototypes -fPIC
  
  compile options: '-Inumpy/core/src/private -Inumpy/core/src -Inumpy/core -Inumpy/core/src/npymath -Inumpy/core/src/multiarray -Inumpy/core/src/umath -Inumpy/core/src/npysort -I/srv/conda/envs/notebook/include/python3.7m -c'
  gcc: _configtest.c
  success!
  removing: _configtest.c _configtest.o
  C compiler: gcc -pthread -B /srv/conda/envs/notebook/compiler_compat -Wl,--sysroot=/ -Wsign-compare -DNDEBUG -g -fwrapv -O3 -Wall -Wstrict-prototypes -fPIC
  
  compile options: '-Inumpy/core/src/private -Inumpy/core/src -Inumpy/core -Inumpy/core/src/npymath -Inumpy/core/src/multiarray -Inumpy/core/src/umath -Inumpy/core/src/npysort -I/srv/conda/envs/notebook/include/python3.7m -c'
  gcc: _configtest.c
  _configtest.c: In function ‘main’:
  _configtest.c:8:12: error: ‘HAVE_DECL_SIGNBIT’ undeclared (first use in this function); did you mean ‘HAVE_DECL_ISNAN’?
       (void) HAVE_DECL_SIGNBIT;
              ^~~~~~~~~~~~~~~~~
              HAVE_DECL_ISNAN
  _configtest.c:8:12: note: each undeclared identifier is reported only once for each function it appears in
  _configtest.c: In function âmainâ:
  _configtest.c:8:12: error: âHAVE_DECL_SIGNBITâ undeclared (first use in this function); did you mean âHAVE_DECL_ISNANâ?
       (void) HAVE_DECL_SIGNBIT;
              ^~~~~~~~~~~~~~~~~
              HAVE_DECL_ISNAN
  _configtest.c:8:12: note: each undeclared identifier is reported only once for each function it appears in
  failure.
  removing: _configtest.c _configtest.o
  C compiler: gcc -pthread -B /srv/conda/envs/notebook/compiler_compat -Wl,--sysroot=/ -Wsign-compare -DNDEBUG -g -fwrapv -O3 -Wall -Wstrict-prototypes -fPIC
  
  compile options: '-Inumpy/core/src/private -Inumpy/core/src -Inumpy/core -Inumpy/core/src/npymath -Inumpy/core/src/multiarray -Inumpy/core/src/umath -Inumpy/core/src/npysort -I/srv/conda/envs/notebook/include/python3.7m -c'
  gcc: _configtest.c
  success!
  removing: _configtest.c _configtest.o
  C compiler: gcc -pthread -B /srv/conda/envs/notebook/compiler_compat -Wl,--sysroot=/ -Wsign-compare -DNDEBUG -g -fwrapv -O3 -Wall -Wstrict-prototypes -fPIC
  
  compile options: '-Inumpy/core/src/private -Inumpy/core/src -Inumpy/core -Inumpy/core/src/npymath -Inumpy/core/src/multiarray -Inumpy/core/src/umath -Inumpy/core/src/npysort -I/srv/conda/envs/notebook/include/python3.7m -c'
  gcc: _configtest.c
  success!
  removing: _configtest.c _configtest.o
  C compiler: gcc -pthread -B /srv/conda/envs/notebook/compiler_compat -Wl,--sysroot=/ -Wsign-compare -DNDEBUG -g -fwrapv -O3 -Wall -Wstrict-prototypes -fPIC
  
  compile options: '-Inumpy/core/src/private -Inumpy/core/src -Inumpy/core -Inumpy/core/src/npymath -Inumpy/core/src/multiarray -Inumpy/core/src/umath -Inumpy/core/src/npysort -I/srv/conda/envs/notebook/include/python3.7m -c'
  gcc: _configtest.c
  success!
  removing: _configtest.c _configtest.o
  C compiler: gcc -pthread -B /srv/conda/envs/notebook/compiler_compat -Wl,--sysroot=/ -Wsign-compare -DNDEBUG -g -fwrapv -O3 -Wall -Wstrict-prototypes -fPIC
  
  compile options: '-Inumpy/core/src/private -Inumpy/core/src -Inumpy/core -Inumpy/core/src/npymath -Inumpy/core/src/multiarray -Inumpy/core/src/umath -Inumpy/core/src/npysort -I/srv/conda/envs/notebook/include/python3.7m -c'
  gcc: _configtest.c
  success!
  removing: _configtest.c _configtest.o
  C compiler: gcc -pthread -B /srv/conda/envs/notebook/compiler_compat -Wl,--sysroot=/ -Wsign-compare -DNDEBUG -g -fwrapv -O3 -Wall -Wstrict-prototypes -fPIC
  
  compile options: '-Inumpy/core/src/private -Inumpy/core/src -Inumpy/core -Inumpy/core/src/npymath -Inumpy/core/src/multiarray -Inumpy/core/src/umath -Inumpy/core/src/npysort -I/srv/conda/envs/notebook/include/python3.7m -c'
  gcc: _configtest.c
  removing: _configtest.c _configtest.o
  C compiler: gcc -pthread -B /srv/conda/envs/notebook/compiler_compat -Wl,--sysroot=/ -Wsign-compare -DNDEBUG -g -fwrapv -O3 -Wall -Wstrict-prototypes -fPIC
  
  compile options: '-Inumpy/core/src/private -Inumpy/core/src -Inumpy/core -Inumpy/core/src/npymath -Inumpy/core/src/multiarray -Inumpy/core/src/umath -Inumpy/core/src/npysort -I/srv/conda/envs/notebook/include/python3.7m -c'
  gcc: _configtest.c
  removing: _configtest.c _configtest.o
  C compiler: gcc -pthread -B /srv/conda/envs/notebook/compiler_compat -Wl,--sysroot=/ -Wsign-compare -DNDEBUG -g -fwrapv -O3 -Wall -Wstrict-prototypes -fPIC
  
  compile options: '-Inumpy/core/src/private -Inumpy/core/src -Inumpy/core -Inumpy/core/src/npymath -Inumpy/core/src/multiarray -Inumpy/core/src/umath -Inumpy/core/src/npysort -I/srv/conda/envs/notebook/include/python3.7m -c'
  gcc: _configtest.c
  removing: _configtest.c _configtest.o
  C compiler: gcc -pthread -B /srv/conda/envs/notebook/compiler_compat -Wl,--sysroot=/ -Wsign-compare -DNDEBUG -g -fwrapv -O3 -Wall -Wstrict-prototypes -fPIC
  
  compile options: '-Inumpy/core/src/private -Inumpy/core/src -Inumpy/core -Inumpy/core/src/npymath -Inumpy/core/src/multiarray -Inumpy/core/src/umath -Inumpy/core/src/npysort -I/srv/conda/envs/notebook/include/python3.7m -c'
  gcc: _configtest.c
  _configtest.c:1:5: warning: conflicting types for built-in function ‘cabs’ [-Wbuiltin-declaration-mismatch]
   int cabs (void);
       ^~~~
  _configtest.c:2:5: warning: conflicting types for built-in function ‘cacos’ [-Wbuiltin-declaration-mismatch]
   int cacos (void);
       ^~~~~
  _configtest.c:3:5: warning: conflicting types for built-in function ‘cacosh’ [-Wbuiltin-declaration-mismatch]
   int cacosh (void);
       ^~~~~~
  _configtest.c:4:5: warning: conflicting types for built-in function ‘carg’ [-Wbuiltin-declaration-mismatch]
   int carg (void);
       ^~~~
  _configtest.c:5:5: warning: conflicting types for built-in function ‘casin’ [-Wbuiltin-declaration-mismatch]
   int casin (void);
       ^~~~~
  _configtest.c:6:5: warning: conflicting types for built-in function ‘casinh’ [-Wbuiltin-declaration-mismatch]
   int casinh (void);
       ^~~~~~
  _configtest.c:7:5: warning: conflicting types for built-in function ‘catan’ [-Wbuiltin-declaration-mismatch]
   int catan (void);
       ^~~~~
  _configtest.c:8:5: warning: conflicting types for built-in function ‘catanh’ [-Wbuiltin-declaration-mismatch]
   int catanh (void);
       ^~~~~~
  _configtest.c:9:5: warning: conflicting types for built-in function ‘ccos’ [-Wbuiltin-declaration-mismatch]
   int ccos (void);
       ^~~~
  _configtest.c:10:5: warning: conflicting types for built-in function ‘ccosh’ [-Wbuiltin-declaration-mismatch]
   int ccosh (void);
       ^~~~~
  _configtest.c:11:5: warning: conflicting types for built-in function ‘cexp’ [-Wbuiltin-declaration-mismatch]
   int cexp (void);
       ^~~~
  _configtest.c:12:5: warning: conflicting types for built-in function ‘cimag’ [-Wbuiltin-declaration-mismatch]
   int cimag (void);
       ^~~~~
  _configtest.c:13:5: warning: conflicting types for built-in function ‘clog’ [-Wbuiltin-declaration-mismatch]
   int clog (void);
       ^~~~
  _configtest.c:14:5: warning: conflicting types for built-in function ‘conj’ [-Wbuiltin-declaration-mismatch]
   int conj (void);
       ^~~~
  _configtest.c:15:5: warning: conflicting types for built-in function ‘cpow’ [-Wbuiltin-declaration-mismatch]
   int cpow (void);
       ^~~~
  _configtest.c:16:5: warning: conflicting types for built-in function ‘cproj’ [-Wbuiltin-declaration-mismatch]
   int cproj (void);
       ^~~~~
  _configtest.c:17:5: warning: conflicting types for built-in function ‘creal’ [-Wbuiltin-declaration-mismatch]
   int creal (void);
       ^~~~~
  _configtest.c:18:5: warning: conflicting types for built-in function ‘csin’ [-Wbuiltin-declaration-mismatch]
   int csin (void);
       ^~~~
  _configtest.c:19:5: warning: conflicting types for built-in function ‘csinh’ [-Wbuiltin-declaration-mismatch]
   int csinh (void);
       ^~~~~
  _configtest.c:20:5: warning: conflicting types for built-in function ‘csqrt’ [-Wbuiltin-declaration-mismatch]
   int csqrt (void);
       ^~~~~
  _configtest.c:21:5: warning: conflicting types for built-in function ‘ctan’ [-Wbuiltin-declaration-mismatch]
   int ctan (void);
       ^~~~
  _configtest.c:22:5: warning: conflicting types for built-in function ‘ctanh’ [-Wbuiltin-declaration-mismatch]
   int ctanh (void);
       ^~~~~
  gcc -pthread -B /srv/conda/envs/notebook/compiler_compat -Wl,--sysroot=/ _configtest.o -lm -o _configtest
  success!
  removing: _configtest.c _configtest.o _configtest
  C compiler: gcc -pthread -B /srv/conda/envs/notebook/compiler_compat -Wl,--sysroot=/ -Wsign-compare -DNDEBUG -g -fwrapv -O3 -Wall -Wstrict-prototypes -fPIC
  
  compile options: '-Inumpy/core/src/private -Inumpy/core/src -Inumpy/core -Inumpy/core/src/npymath -Inumpy/core/src/multiarray -Inumpy/core/src/umath -Inumpy/core/src/npysort -I/srv/conda/envs/notebook/include/python3.7m -c'
  gcc: _configtest.c
  _configtest.c:1:5: warning: conflicting types for built-in function ‘cabsf’ [-Wbuiltin-declaration-mismatch]
   int cabsf (void);
       ^~~~~
  _configtest.c:2:5: warning: conflicting types for built-in function ‘cacosf’ [-Wbuiltin-declaration-mismatch]
   int cacosf (void);
       ^~~~~~
  _configtest.c:3:5: warning: conflicting types for built-in function ‘cacoshf’ [-Wbuiltin-declaration-mismatch]
   int cacoshf (void);
       ^~~~~~~
  _configtest.c:4:5: warning: conflicting types for built-in function ‘cargf’ [-Wbuiltin-declaration-mismatch]
   int cargf (void);
       ^~~~~
  _configtest.c:5:5: warning: conflicting types for built-in function ‘casinf’ [-Wbuiltin-declaration-mismatch]
   int casinf (void);
       ^~~~~~
  _configtest.c:6:5: warning: conflicting types for built-in function ‘casinhf’ [-Wbuiltin-declaration-mismatch]
   int casinhf (void);
       ^~~~~~~
  _configtest.c:7:5: warning: conflicting types for built-in function ‘catanf’ [-Wbuiltin-declaration-mismatch]
   int catanf (void);
       ^~~~~~
  _configtest.c:8:5: warning: conflicting types for built-in function ‘catanhf’ [-Wbuiltin-declaration-mismatch]
   int catanhf (void);
       ^~~~~~~
  _configtest.c:9:5: warning: conflicting types for built-in function ‘ccosf’ [-Wbuiltin-declaration-mismatch]
   int ccosf (void);
       ^~~~~
  _configtest.c:10:5: warning: conflicting types for built-in function ‘ccoshf’ [-Wbuiltin-declaration-mismatch]
   int ccoshf (void);
       ^~~~~~
  _configtest.c:11:5: warning: conflicting types for built-in function ‘cexpf’ [-Wbuiltin-declaration-mismatch]
   int cexpf (void);
       ^~~~~
  _configtest.c:12:5: warning: conflicting types for built-in function ‘cimagf’ [-Wbuiltin-declaration-mismatch]
   int cimagf (void);
       ^~~~~~
  _configtest.c:13:5: warning: conflicting types for built-in function ‘clogf’ [-Wbuiltin-declaration-mismatch]
   int clogf (void);
       ^~~~~
  _configtest.c:14:5: warning: conflicting types for built-in function ‘conjf’ [-Wbuiltin-declaration-mismatch]
   int conjf (void);
       ^~~~~
  _configtest.c:15:5: warning: conflicting types for built-in function ‘cpowf’ [-Wbuiltin-declaration-mismatch]
   int cpowf (void);
       ^~~~~
  _configtest.c:16:5: warning: conflicting types for built-in function ‘cprojf’ [-Wbuiltin-declaration-mismatch]
   int cprojf (void);
       ^~~~~~
  _configtest.c:17:5: warning: conflicting types for built-in function ‘crealf’ [-Wbuiltin-declaration-mismatch]
   int crealf (void);
       ^~~~~~
  _configtest.c:18:5: warning: conflicting types for built-in function ‘csinf’ [-Wbuiltin-declaration-mismatch]
   int csinf (void);
       ^~~~~
  _configtest.c:19:5: warning: conflicting types for built-in function ‘csinhf’ [-Wbuiltin-declaration-mismatch]
   int csinhf (void);
       ^~~~~~
  _configtest.c:20:5: warning: conflicting types for built-in function ‘csqrtf’ [-Wbuiltin-declaration-mismatch]
   int csqrtf (void);
       ^~~~~~
  _configtest.c:21:5: warning: conflicting types for built-in function ‘ctanf’ [-Wbuiltin-declaration-mismatch]
   int ctanf (void);
       ^~~~~
  _configtest.c:22:5: warning: conflicting types for built-in function ‘ctanhf’ [-Wbuiltin-declaration-mismatch]
   int ctanhf (void);
       ^~~~~~
  gcc -pthread -B /srv/conda/envs/notebook/compiler_compat -Wl,--sysroot=/ _configtest.o -lm -o _configtest
  success!
  removing: _configtest.c _configtest.o _configtest
  C compiler: gcc -pthread -B /srv/conda/envs/notebook/compiler_compat -Wl,--sysroot=/ -Wsign-compare -DNDEBUG -g -fwrapv -O3 -Wall -Wstrict-prototypes -fPIC
  
  compile options: '-Inumpy/core/src/private -Inumpy/core/src -Inumpy/core -Inumpy/core/src/npymath -Inumpy/core/src/multiarray -Inumpy/core/src/umath -Inumpy/core/src/npysort -I/srv/conda/envs/notebook/include/python3.7m -c'
  gcc: _configtest.c
  _configtest.c:1:5: warning: conflicting types for built-in function ‘cabsl’ [-Wbuiltin-declaration-mismatch]
   int cabsl (void);
       ^~~~~
  _configtest.c:2:5: warning: conflicting types for built-in function ‘cacosl’ [-Wbuiltin-declaration-mismatch]
   int cacosl (void);
       ^~~~~~
  _configtest.c:3:5: warning: conflicting types for built-in function ‘cacoshl’ [-Wbuiltin-declaration-mismatch]
   int cacoshl (void);
       ^~~~~~~
  _configtest.c:4:5: warning: conflicting types for built-in function ‘cargl’ [-Wbuiltin-declaration-mismatch]
   int cargl (void);
       ^~~~~
  _configtest.c:5:5: warning: conflicting types for built-in function ‘casinl’ [-Wbuiltin-declaration-mismatch]
   int casinl (void);
       ^~~~~~
  _configtest.c:6:5: warning: conflicting types for built-in function ‘casinhl’ [-Wbuiltin-declaration-mismatch]
   int casinhl (void);
       ^~~~~~~
  _configtest.c:7:5: warning: conflicting types for built-in function ‘catanl’ [-Wbuiltin-declaration-mismatch]
   int catanl (void);
       ^~~~~~
  _configtest.c:8:5: warning: conflicting types for built-in function ‘catanhl’ [-Wbuiltin-declaration-mismatch]
   int catanhl (void);
       ^~~~~~~
  _configtest.c:9:5: warning: conflicting types for built-in function ‘ccosl’ [-Wbuiltin-declaration-mismatch]
   int ccosl (void);
       ^~~~~
  _configtest.c:10:5: warning: conflicting types for built-in function ‘ccoshl’ [-Wbuiltin-declaration-mismatch]
   int ccoshl (void);
       ^~~~~~
  _configtest.c:11:5: warning: conflicting types for built-in function ‘cexpl’ [-Wbuiltin-declaration-mismatch]
   int cexpl (void);
       ^~~~~
  _configtest.c:12:5: warning: conflicting types for built-in function ‘cimagl’ [-Wbuiltin-declaration-mismatch]
   int cimagl (void);
       ^~~~~~
  _configtest.c:13:5: warning: conflicting types for built-in function ‘clogl’ [-Wbuiltin-declaration-mismatch]
   int clogl (void);
       ^~~~~
  _configtest.c:14:5: warning: conflicting types for built-in function ‘conjl’ [-Wbuiltin-declaration-mismatch]
   int conjl (void);
       ^~~~~
  _configtest.c:15:5: warning: conflicting types for built-in function ‘cpowl’ [-Wbuiltin-declaration-mismatch]
   int cpowl (void);
       ^~~~~
  _configtest.c:16:5: warning: conflicting types for built-in function ‘cprojl’ [-Wbuiltin-declaration-mismatch]
   int cprojl (void);
       ^~~~~~
  _configtest.c:17:5: warning: conflicting types for built-in function ‘creall’ [-Wbuiltin-declaration-mismatch]
   int creall (void);
       ^~~~~~
  _configtest.c:18:5: warning: conflicting types for built-in function ‘csinl’ [-Wbuiltin-declaration-mismatch]
   int csinl (void);
       ^~~~~
  _configtest.c:19:5: warning: conflicting types for built-in function ‘csinhl’ [-Wbuiltin-declaration-mismatch]
   int csinhl (void);
       ^~~~~~
  _configtest.c:20:5: warning: conflicting types for built-in function ‘csqrtl’ [-Wbuiltin-declaration-mismatch]
   int csqrtl (void);
       ^~~~~~
  _configtest.c:21:5: warning: conflicting types for built-in function ‘ctanl’ [-Wbuiltin-declaration-mismatch]
   int ctanl (void);
       ^~~~~
  _configtest.c:22:5: warning: conflicting types for built-in function ‘ctanhl’ [-Wbuiltin-declaration-mismatch]
   int ctanhl (void);
       ^~~~~~
  gcc -pthread -B /srv/conda/envs/notebook/compiler_compat -Wl,--sysroot=/ _configtest.o -lm -o _configtest
  success!
  removing: _configtest.c _configtest.o _configtest
  C compiler: gcc -pthread -B /srv/conda/envs/notebook/compiler_compat -Wl,--sysroot=/ -Wsign-compare -DNDEBUG -g -fwrapv -O3 -Wall -Wstrict-prototypes -fPIC
  
  compile options: '-Inumpy/core/src/private -Inumpy/core/src -Inumpy/core -Inumpy/core/src/npymath -Inumpy/core/src/multiarray -Inumpy/core/src/umath -Inumpy/core/src/npysort -I/srv/conda/envs/notebook/include/python3.7m -c'
  gcc: _configtest.c
  _configtest.c:2:12: warning: ‘static_func’ defined but not used [-Wunused-function]
   static int static_func (char * restrict a)
              ^~~~~~~~~~~
  success!
  removing: _configtest.c _configtest.o
  C compiler: gcc -pthread -B /srv/conda/envs/notebook/compiler_compat -Wl,--sysroot=/ -Wsign-compare -DNDEBUG -g -fwrapv -O3 -Wall -Wstrict-prototypes -fPIC
  
  compile options: '-Inumpy/core/src/private -Inumpy/core/src -Inumpy/core -Inumpy/core/src/npymath -Inumpy/core/src/multiarray -Inumpy/core/src/umath -Inumpy/core/src/npysort -I/srv/conda/envs/notebook/include/python3.7m -c'
  gcc: _configtest.c
  success!
  removing: _configtest.c _configtest.o
  C compiler: gcc -pthread -B /srv/conda/envs/notebook/compiler_compat -Wl,--sysroot=/ -Wsign-compare -DNDEBUG -g -fwrapv -O3 -Wall -Wstrict-prototypes -fPIC
  
  compile options: '-Inumpy/core/src/private -Inumpy/core/src -Inumpy/core -Inumpy/core/src/npymath -Inumpy/core/src/multiarray -Inumpy/core/src/umath -Inumpy/core/src/npysort -I/srv/conda/envs/notebook/include/python3.7m -c'
  gcc: _configtest.c
  success!
  removing: _configtest.c _configtest.o
  C compiler: gcc -pthread -B /srv/conda/envs/notebook/compiler_compat -Wl,--sysroot=/ -Wsign-compare -DNDEBUG -g -fwrapv -O3 -Wall -Wstrict-prototypes -fPIC
  
  compile options: '-Inumpy/core/src/private -Inumpy/core/src -Inumpy/core -Inumpy/core/src/npymath -Inumpy/core/src/multiarray -Inumpy/core/src/umath -Inumpy/core/src/npysort -I/srv/conda/envs/notebook/include/python3.7m -c'
  gcc: _configtest.c
  removing: _configtest.c _configtest.o
  File: build/src.linux-x86_64-3.7/numpy/core/include/numpy/config.h
  #define HAVE_ENDIAN_H 1
  #define SIZEOF_PY_INTPTR_T 8
  #define SIZEOF_OFF_T 8
  #define SIZEOF_PY_LONG_LONG 8
  #define MATHLIB m
  #define HAVE_SIN 1
  #define HAVE_COS 1
  #define HAVE_TAN 1
  #define HAVE_SINH 1
  #define HAVE_COSH 1
  #define HAVE_TANH 1
  #define HAVE_FABS 1
  #define HAVE_FLOOR 1
  #define HAVE_CEIL 1
  #define HAVE_SQRT 1
  #define HAVE_LOG10 1
  #define HAVE_LOG 1
  #define HAVE_EXP 1
  #define HAVE_ASIN 1
  #define HAVE_ACOS 1
  #define HAVE_ATAN 1
  #define HAVE_FMOD 1
  #define HAVE_MODF 1
  #define HAVE_FREXP 1
  #define HAVE_LDEXP 1
  #define HAVE_RINT 1
  #define HAVE_TRUNC 1
  #define HAVE_EXP2 1
  #define HAVE_LOG2 1
  #define HAVE_ATAN2 1
  #define HAVE_POW 1
  #define HAVE_NEXTAFTER 1
  #define HAVE_STRTOLL 1
  #define HAVE_STRTOULL 1
  #define HAVE_CBRT 1
  #define HAVE_STRTOLD_L 1
  #define HAVE_FALLOCATE 1
  #define HAVE_XMMINTRIN_H 1
  #define HAVE_EMMINTRIN_H 1
  #define HAVE_FEATURES_H 1
  #define HAVE___BUILTIN_ISNAN 1
  #define HAVE___BUILTIN_ISINF 1
  #define HAVE___BUILTIN_ISFINITE 1
  #define HAVE___BUILTIN_BSWAP32 1
  #define HAVE___BUILTIN_BSWAP64 1
  #define HAVE___BUILTIN_EXPECT 1
  #define HAVE___BUILTIN_MUL_OVERFLOW 1
  #define HAVE__MM_LOAD_PS 1
  #define HAVE__MM_PREFETCH 1
  #define HAVE__MM_LOAD_PD 1
  #define HAVE___BUILTIN_PREFETCH 1
  #define HAVE_ATTRIBUTE_OPTIMIZE_UNROLL_LOOPS 1
  #define HAVE_ATTRIBUTE_OPTIMIZE_OPT_3 1
  #define HAVE_ATTRIBUTE_NONNULL 1
  #define HAVE___THREAD 1
  #define HAVE_SINF 1
  #define HAVE_COSF 1
  #define HAVE_TANF 1
  #define HAVE_SINHF 1
  #define HAVE_COSHF 1
  #define HAVE_TANHF 1
  #define HAVE_FABSF 1
  #define HAVE_FLOORF 1
  #define HAVE_CEILF 1
  #define HAVE_RINTF 1
  #define HAVE_TRUNCF 1
  #define HAVE_SQRTF 1
  #define HAVE_LOG10F 1
  #define HAVE_LOGF 1
  #define HAVE_LOG1PF 1
  #define HAVE_EXPF 1
  #define HAVE_EXPM1F 1
  #define HAVE_ASINF 1
  #define HAVE_ACOSF 1
  #define HAVE_ATANF 1
  #define HAVE_ASINHF 1
  #define HAVE_ACOSHF 1
  #define HAVE_ATANHF 1
  #define HAVE_HYPOTF 1
  #define HAVE_ATAN2F 1
  #define HAVE_POWF 1
  #define HAVE_FMODF 1
  #define HAVE_MODFF 1
  #define HAVE_FREXPF 1
  #define HAVE_LDEXPF 1
  #define HAVE_EXP2F 1
  #define HAVE_LOG2F 1
  #define HAVE_COPYSIGNF 1
  #define HAVE_NEXTAFTERF 1
  #define HAVE_CBRTF 1
  #define HAVE_SINL 1
  #define HAVE_COSL 1
  #define HAVE_TANL 1
  #define HAVE_SINHL 1
  #define HAVE_COSHL 1
  #define HAVE_TANHL 1
  #define HAVE_FABSL 1
  #define HAVE_FLOORL 1
  #define HAVE_CEILL 1
  #define HAVE_RINTL 1
  #define HAVE_TRUNCL 1
  #define HAVE_SQRTL 1
  #define HAVE_LOG10L 1
  #define HAVE_LOGL 1
  #define HAVE_LOG1PL 1
  #define HAVE_EXPL 1
  #define HAVE_EXPM1L 1
  #define HAVE_ASINL 1
  #define HAVE_ACOSL 1
  #define HAVE_ATANL 1
  #define HAVE_ASINHL 1
  #define HAVE_ACOSHL 1
  #define HAVE_ATANHL 1
  #define HAVE_HYPOTL 1
  #define HAVE_ATAN2L 1
  #define HAVE_POWL 1
  #define HAVE_FMODL 1
  #define HAVE_MODFL 1
  #define HAVE_FREXPL 1
  #define HAVE_LDEXPL 1
  #define HAVE_EXP2L 1
  #define HAVE_LOG2L 1
  #define HAVE_COPYSIGNL 1
  #define HAVE_NEXTAFTERL 1
  #define HAVE_CBRTL 1
  #define HAVE_DECL_SIGNBIT
  #define HAVE_COMPLEX_H 1
  #define HAVE_CABS 1
  #define HAVE_CACOS 1
  #define HAVE_CACOSH 1
  #define HAVE_CARG 1
  #define HAVE_CASIN 1
  #define HAVE_CASINH 1
  #define HAVE_CATAN 1
  #define HAVE_CATANH 1
  #define HAVE_CCOS 1
  #define HAVE_CCOSH 1
  #define HAVE_CEXP 1
  #define HAVE_CIMAG 1
  #define HAVE_CLOG 1
  #define HAVE_CONJ 1
  #define HAVE_CPOW 1
  #define HAVE_CPROJ 1
  #define HAVE_CREAL 1
  #define HAVE_CSIN 1
  #define HAVE_CSINH 1
  #define HAVE_CSQRT 1
  #define HAVE_CTAN 1
  #define HAVE_CTANH 1
  #define HAVE_CABSF 1
  #define HAVE_CACOSF 1
  #define HAVE_CACOSHF 1
  #define HAVE_CARGF 1
  #define HAVE_CASINF 1
  #define HAVE_CASINHF 1
  #define HAVE_CATANF 1
  #define HAVE_CATANHF 1
  #define HAVE_CCOSF 1
  #define HAVE_CCOSHF 1
  #define HAVE_CEXPF 1
  #define HAVE_CIMAGF 1
  #define HAVE_CLOGF 1
  #define HAVE_CONJF 1
  #define HAVE_CPOWF 1
  #define HAVE_CPROJF 1
  #define HAVE_CREALF 1
  #define HAVE_CSINF 1
  #define HAVE_CSINHF 1
  #define HAVE_CSQRTF 1
  #define HAVE_CTANF 1
  #define HAVE_CTANHF 1
  #define HAVE_CABSL 1
  #define HAVE_CACOSL 1
  #define HAVE_CACOSHL 1
  #define HAVE_CARGL 1
  #define HAVE_CASINL 1
  #define HAVE_CASINHL 1
  #define HAVE_CATANL 1
  #define HAVE_CATANHL 1
  #define HAVE_CCOSL 1
  #define HAVE_CCOSHL 1
  #define HAVE_CEXPL 1
  #define HAVE_CIMAGL 1
  #define HAVE_CLOGL 1
  #define HAVE_CONJL 1
  #define HAVE_CPOWL 1
  #define HAVE_CPROJL 1
  #define HAVE_CREALL 1
  #define HAVE_CSINL 1
  #define HAVE_CSINHL 1
  #define HAVE_CSQRTL 1
  #define HAVE_CTANL 1
  #define HAVE_CTANHL 1
  #define NPY_RESTRICT restrict
  #define HAVE_LDOUBLE_INTEL_EXTENDED_16_BYTES_LE 1
  #define NPY_PY3K 1
  #ifndef __cplusplus
  /* #undef inline */
  #endif
  
  #ifndef _NPY_NPY_CONFIG_H_
  #error config.h should never be included directly, include npy_config.h instead
  #endif
  
  EOF
    adding 'build/src.linux-x86_64-3.7/numpy/core/include/numpy/config.h' to sources.
  Generating build/src.linux-x86_64-3.7/numpy/core/include/numpy/_numpyconfig.h
  C compiler: gcc -pthread -B /srv/conda/envs/notebook/compiler_compat -Wl,--sysroot=/ -Wsign-compare -DNDEBUG -g -fwrapv -O3 -Wall -Wstrict-prototypes -fPIC
  
  compile options: '-Inumpy/core/src/private -Inumpy/core/src -Inumpy/core -Inumpy/core/src/npymath -Inumpy/core/src/multiarray -Inumpy/core/src/umath -Inumpy/core/src/npysort -I/srv/conda/envs/notebook/include/python3.7m -c'
  gcc: _configtest.c
  _configtest.c:1:5: warning: conflicting types for built-in function ‘exp’ [-Wbuiltin-declaration-mismatch]
   int exp (void);
       ^~~
  gcc -pthread -B /srv/conda/envs/notebook/compiler_compat -Wl,--sysroot=/ _configtest.o -o _configtest
  /srv/conda/envs/notebook/compiler_compat/ld: _configtest.o: in function `main':
  /tmp/pip-install-mk7vnjyd/numpy/_configtest.c:6: undefined reference to `exp'
  collect2: error: ld returned 1 exit status
  /srv/conda/envs/notebook/compiler_compat/ld: _configtest.o: in function `main':
  /tmp/pip-install-mk7vnjyd/numpy/_configtest.c:6: undefined reference to `exp'
  collect2: error: ld returned 1 exit status
  failure.
  removing: _configtest.c _configtest.o
  C compiler: gcc -pthread -B /srv/conda/envs/notebook/compiler_compat -Wl,--sysroot=/ -Wsign-compare -DNDEBUG -g -fwrapv -O3 -Wall -Wstrict-prototypes -fPIC
  
  compile options: '-Inumpy/core/src/private -Inumpy/core/src -Inumpy/core -Inumpy/core/src/npymath -Inumpy/core/src/multiarray -Inumpy/core/src/umath -Inumpy/core/src/npysort -I/srv/conda/envs/notebook/include/python3.7m -c'
  gcc: _configtest.c
  _configtest.c:1:5: warning: conflicting types for built-in function ‘exp’ [-Wbuiltin-declaration-mismatch]
   int exp (void);
       ^~~
  gcc -pthread -B /srv/conda/envs/notebook/compiler_compat -Wl,--sysroot=/ _configtest.o -lm -o _configtest
  success!
  removing: _configtest.c _configtest.o _configtest
  C compiler: gcc -pthread -B /srv/conda/envs/notebook/compiler_compat -Wl,--sysroot=/ -Wsign-compare -DNDEBUG -g -fwrapv -O3 -Wall -Wstrict-prototypes -fPIC
  
  compile options: '-Inumpy/core/src/private -Inumpy/core/src -Inumpy/core -Inumpy/core/src/npymath -Inumpy/core/src/multiarray -Inumpy/core/src/umath -Inumpy/core/src/npysort -I/srv/conda/envs/notebook/include/python3.7m -c'
  gcc: _configtest.c
  success!
  removing: _configtest.c _configtest.o
  C compiler: gcc -pthread -B /srv/conda/envs/notebook/compiler_compat -Wl,--sysroot=/ -Wsign-compare -DNDEBUG -g -fwrapv -O3 -Wall -Wstrict-prototypes -fPIC
  
  compile options: '-Inumpy/core/src/private -Inumpy/core/src -Inumpy/core -Inumpy/core/src/npymath -Inumpy/core/src/multiarray -Inumpy/core/src/umath -Inumpy/core/src/npysort -I/srv/conda/envs/notebook/include/python3.7m -c'
  gcc: _configtest.c
  _configtest.c:3:1: warning: function declaration isn’t a prototype [-Wstrict-prototypes]
   main()
   ^~~~
  success!
  removing: _configtest.c _configtest.o
  File: build/src.linux-x86_64-3.7/numpy/core/include/numpy/_numpyconfig.h
  #define NPY_HAVE_ENDIAN_H 1
  #define NPY_SIZEOF_SHORT SIZEOF_SHORT
  #define NPY_SIZEOF_INT SIZEOF_INT
  #define NPY_SIZEOF_LONG SIZEOF_LONG
  #define NPY_SIZEOF_FLOAT 4
  #define NPY_SIZEOF_COMPLEX_FLOAT 8
  #define NPY_SIZEOF_DOUBLE 8
  #define NPY_SIZEOF_COMPLEX_DOUBLE 16
  #define NPY_SIZEOF_LONGDOUBLE 16
  #define NPY_SIZEOF_COMPLEX_LONGDOUBLE 32
  #define NPY_SIZEOF_PY_INTPTR_T 8
  #define NPY_SIZEOF_OFF_T 8
  #define NPY_SIZEOF_PY_LONG_LONG 8
  #define NPY_SIZEOF_LONGLONG 8
  #define NPY_NO_SMP 0
  #define NPY_HAVE_DECL_ISNAN
  #define NPY_HAVE_DECL_ISINF
  #define NPY_HAVE_DECL_ISFINITE
  #define NPY_HAVE_DECL_SIGNBIT
  #define NPY_USE_C99_COMPLEX 1
  #define NPY_HAVE_COMPLEX_DOUBLE 1
  #define NPY_HAVE_COMPLEX_FL[0m[91mOAT 1
  #define NPY_HAVE_COMPLEX_LONG_DOUBLE 1
  #define NPY_USE_C99_FORMATS 1
  #define NPY_VISIBILITY_HIDDEN __attribute__((visibility("hidden")))
  #define NPY_ABI_VERSION 0x01000009
  #define NPY_API_VERSION 0x0000000A
  
  #ifndef __STDC_FORMAT_MACROS
  #define __STDC_FORMAT_MACROS 1
  #endif
  
  EOF
    adding 'build/src.linux-x86_64-3.7/numpy/core/include/numpy/_numpyconfig.h' to sources.
  executing numpy/core/code_generators/generate_numpy_api.py
    adding 'build/src.linux-x86_64-3.7/numpy/core/include/numpy/__multiarray_api.h' to sources.
  numpy.core - nothing done with h_files = ['build/src.linux-x86_64-3.7/numpy/core/include/numpy/config.h', 'build/src.linux-x86_64-3.7/numpy/core/include/numpy/_numpyconfig.h', 'build/src.linux-x86_64-3.7/numpy/core/include/numpy/__multiarray_api.h']
  building extension "numpy.core.multiarray" sources
    adding 'build/src.linux-x86_64-3.7/numpy/core/include/numpy/config.h' to sources.
    adding 'build/src.linux-x86_64-3.7/numpy/core/include/numpy/_numpyconfig.h' to sources.
  executing numpy/core/code_generators/generate_numpy_api.py
    adding 'build/src.linux-x86_64-3.7/numpy/core/include/numpy/__multiarray_api.h' to sources.
  creating build/src.linux-x86_64-3.7/numpy/core/src/multiarray
  conv_template:> build/src.linux-x86_64-3.7/numpy/core/src/multiarray/arraytypes.c
  conv_template:> build/src.linux-x86_64-3.7/numpy/core/src/multiarray/einsum.c
  conv_template:> build/src.linux-x86_64-3.7/numpy/core/src/multiarray/lowlevel_strided_loops.c
  conv_template:> build/src.linux-x86_64-3.7/numpy/core/src/multiarray/nditer_templ.c
  conv_template:> build/src.linux-x86_64-3.7/numpy/core/src/multiarray/scalartypes.c
  conv_template:> build/src.linux-x86_64-3.7/numpy/core/src/private/templ_common.h
    adding 'build/src.linux-x86_64-3.7/numpy/core/src/private' to include_dirs.
  numpy.core - nothing done with h_files = ['build/src.linux-x86_64-3.7/numpy/core/src/private/templ_common.h', 'build/src.linux-x86_64-3.7/numpy/core/include/numpy/config.h', 'build/src.linux-x86_64-3.7/numpy/core/include/numpy/_numpyconfig.h', 'build/src.linux-x86_64-3.7/numpy/core/include/numpy/__multiarray_api.h']
  building extension "numpy.core.umath" sources
    adding 'build/src.linux-x86_64-3.7/numpy/core/include/numpy/config.h' to sources.
    adding 'build/src.linux-x86_64-3.7/numpy/core/include/numpy/_numpyconfig.h' to sources.
  executing numpy/core/code_generators/generate_ufunc_api.py
    adding 'build/src.linux-x86_64-3.7/numpy/core/include/numpy/__ufunc_api.h' to sources.
  creating build/src.linux-x86_64-3.7/numpy/core/src/umath
  conv_template:> build/src.linux-x86_64-3.7/numpy/core/src/umath/funcs.inc
    adding 'build/src.linux-x86_64-3.7/numpy/core/src/umath' to include_dirs.
  conv_template:> build/src.linux-x86_64-3.7/numpy/core/src/umath/simd.inc
  conv_template:> build/src.linux-x86_64-3.7/numpy/core/src/umath/loops.h
  conv_template:> build/src.linux-x86_64-3.7/numpy/core/src/umath/loops.c
  conv_template:> build/src.linux-x86_64-3.7/numpy/core/src/umath/scalarmath.c
  numpy.core - nothing done with h_files = ['build/src.linux-x86_64-3.7/numpy/core/src/umath/funcs.inc', 'build/src.linux-x86_64-3.7/numpy/core/src/umath/simd.inc', 'build/src.linux-x86_64-3.7/numpy/core/src/umath/loops.h', 'build/src.linux-x86_64-3.7/numpy/core/include/numpy/config.h', 'build/src.linux-x86_64-3.7/numpy/core/include/numpy/_numpyconfig.h', 'build/src.linux-x86_64-3.7/numpy/core/include/numpy/__ufunc_api.h']
  building extension "numpy.core.umath_tests" sources
  conv_template:> build/src.linux-x86_64-3.7/numpy/core/src/umath/umath_tests.c
  building extension "numpy.core.test_rational" sources
  conv_template:> build/src.linux-x86_64-3.7/numpy/core/src/umath/test_rational.c
  building extension "numpy.core.struct_ufunc_test" sources
  conv_template:> build/src.linux-x86_64-3.7/numpy/core/src/umath/struct_ufunc_test.c
  building extension "numpy.core.multiarray_tests" sources
  conv_template:> build/src.linux-x86_64-3.7/numpy/core/src/multiarray/multiarray_tests.c
  building extension "numpy.core.operand_flag_tests" sources
  conv_template:> build/src.linux-x86_64-3.7/numpy/core/src/umath/operand_flag_tests.c
  building extension "numpy.fft.fftpack_lite" sources
  building extension "numpy.linalg.lapack_lite" sources
  creating build/src.linux-x86_64-3.7/numpy/linalg
  ### Warning:  Using unoptimized lapack ###
    adding 'numpy/linalg/lapack_lite/python_xerbla.c' to sources.
    adding 'numpy/linalg/lapack_lite/zlapack_lite.c' to sources.
    adding 'numpy/linalg/lapack_lite/dlapack_lite.c' to sources.
    adding 'numpy/linalg/lapack_lite/blas_lite.c' to sources.
    adding 'numpy/linalg/lapack_lite/dlamch.c' to sources.
    adding 'numpy/linalg/lapack_lite/f2c_lite.c' to sources.
  building extension "numpy.linalg._umath_linalg" sources
  ### Warning:  Using unoptimized lapack ###
    adding 'numpy/linalg/lapack_lite/python_xerbla.c' to sources.
    adding 'numpy/linalg/lapack_lite/zlapack_lite.c' to sources.
    adding 'numpy/linalg/lapack_lite/dlapack_lite.c' to sources.
    adding 'numpy/linalg/lapack_lite/blas_lite.c' to sources.
    adding 'numpy/linalg/lapack_lite/dlamch.c' to sources.
    adding 'numpy/linalg/lapack_lite/f2c_lite.c' to sources.
  conv_template:> build/src.linux-x86_64-3.7/numpy/linalg/umath_linalg.c
  building extension "numpy.random.mtrand" sources
  creating build/src.linux-x86_64-3.7/numpy/random
  building data_files sources
  build_src: building npy-pkg config files
  running build_py
  creating build/lib.linux-x86_64-3.7
  creating build/lib.linux-x86_64-3.7/numpy
  copying numpy/add_newdocs.py -> build/lib.linux-x86_64-3.7/numpy
  copying numpy/__init__.py -> build/lib.linux-x86_64-3.7/numpy
  copying numpy/_globals.py -> build/lib.linux-x86_64-3.7/numpy
  copying numpy/dual.py -> build/lib.linux-x86_64-3.7/numpy
  copying numpy/setup.py -> build/lib.linux-x86_64-3.7/numpy
  copying numpy/ctypeslib.py -> build/lib.linux-x86_64-3.7/numpy
  copying numpy/matlib.py -> build/lib.linux-x86_64-3.7/numpy
  copying numpy/_import_tools.py -> build/lib.linux-x86_64-3.7/numpy
  copying numpy/version.py -> build/lib.linux-x86_64-3.7/numpy
  copying build/src.linux-x86_64-3.7/numpy/__config__.py -> build/lib.linux-x86_64-3.7/numpy
  creating build/lib.linux-x86_64-3.7/numpy/compat
  copying numpy/compat/__init__.py -> build/lib.linux-x86_64-3.7/numpy/compat
  copying numpy/compat/_inspect.py -> build/lib.linux-x86_64-3.7/numpy/compat
  copying numpy/compat/setup.py -> build/lib.linux-x86_64-3.7/numpy/compat
  copying numpy/compat/py3k.py -> build/lib.linux-x86_64-3.7/numpy/compat
  creating build/lib.linux-x86_64-3.7/numpy/core
  copying numpy/core/setup_common.py -> build/lib.linux-x86_64-3.7/numpy/core
  copying numpy/core/records.py -> build/lib.linux-x86_64-3.7/numpy/core
  copying numpy/core/defchararray.py -> build/lib.linux-x86_64-3.7/numpy/core
  copying numpy/core/info.py -> build/lib.linux-x86_64-3.7/numpy/core
  copying numpy/core/__init__.py -> build/lib.linux-x86_64-3.7/numpy/core
  copying numpy/core/shape_base.py -> build/lib.linux-x86_64-3.7/numpy/core
  copying numpy/core/cversions.py -> build/lib.linux-x86_64-3.7/numpy/core
  copying numpy/core/setup.py -> build/lib.linux-x86_64-3.7/numpy/core
  copying numpy/core/getlimits.py -> build/lib.linux-x86_64-3.7/numpy/core
  copying numpy/core/_internal.py -> build/lib.linux-x86_64-3.7/numpy/core
  copying numpy/core/fromnumeric.py -> build/lib.linux-x86_64-3.7/numpy/core
  copying numpy/core/_methods.py -> build/lib.linux-x86_64-3.7/numpy/core
  copying numpy/core/numerictypes.py -> build/lib.linux-x86_64-3.7/numpy/core
  copying numpy/core/arrayprint.py -> build/lib.linux-x86_64-3.7/numpy/core
  copying numpy/core/machar.py -> build/lib.linux-x86_64-3.7/numpy/core
  copying numpy/core/function_base.py -> build/lib.linux-x86_64-3.7/numpy/core
  copying numpy/core/memmap.py -> build/lib.linux-x86_64-3.7/numpy/core
  copying numpy/core/numeric.py -> build/lib.linux-x86_64-3.7/numpy/core
  copying numpy/core/code_generators/generate_numpy_api.py -> build/lib.linux-x86_64-3.7/numpy/core
  creating build/lib.linux-x86_64-3.7/numpy/distutils
  copying numpy/distutils/unixccompiler.py -> build/lib.linux-x86_64-3.7/numpy/distutils
  copying numpy/distutils/line_endings.py -> build/lib.linux-x86_64-3.7/numpy/distutils
  copying numpy/distutils/info.py -> build/lib.linux-x86_64-3.7/numpy/distutils
  copying numpy/distutils/__init__.py -> build/lib.linux-x86_64-3.7/numpy/distutils
  copying numpy/distutils/mingw32ccompiler.py -> build/lib.linux-x86_64-3.7/numpy/distutils
  copying numpy/distutils/log.py -> build/lib.linux-x86_64-3.7/numpy/distutils
  copying numpy/distutils/numpy_distribution.py -> build/lib.linux-x86_64-3.7/numpy/distutils
  copying numpy/distutils/npy_pkg_config.py -> build/lib.linux-x86_64-3.7/numpy/distutils
  copying numpy/distutils/environment.py -> build/lib.linux-x86_64-3.7/numpy/distutils
  copying numpy/distutils/compat.py -> build/lib.linux-x86_64-3.7/numpy/distutils
  copying numpy/distutils/from_template.py -> build/lib.linux-x86_64-3.7/numpy/distutils
  copying numpy/distutils/cpuinfo.py -> build/lib.linux-x86_64-3.7/numpy/distutils
  copying numpy/distutils/msvc9compiler.py -> build/lib.linux-x86_64-3.7/numpy/distutils
  copying numpy/distutils/core.py -> build/lib.linux-x86_64-3.7/numpy/distutils
  copying numpy/distutils/setup.py -> build/lib.linux-x86_64-3.7/numpy/distutils
  copying numpy/distutils/intelccompiler.py -> build/lib.linux-x86_64-3.7/numpy/distutils
  copying numpy/distutils/system_info.py -> build/lib.linux-x86_64-3.7/numpy/distutils
  copying numpy/distutils/pathccompiler.py -> build/lib.linux-x86_64-3.7/numpy/distutils
  copying numpy/distutils/__version__.py -> build/lib.linux-x86_64-3.7/numpy/distutils
  copying numpy/distutils/extension.py -> build/lib.linux-x86_64-3.7/numpy/distutils
  copying numpy/distutils/conv_template.py -> build/lib.linux-x86_64-3.7/numpy/distutils
  copying numpy/distutils/lib2def.py -> build/lib.linux-x86_64-3.7/numpy/distutils
  copying numpy/distutils/misc_util.py -> build/lib.linux-x86_64-3.7/numpy/distutils
  copying numpy/distutils/exec_command.py -> build/lib.linux-x86_64-3.7/numpy/distutils
  copying numpy/distutils/msvccompiler.py -> build/lib.linux-x86_64-3.7/numpy/distutils
  copying numpy/distutils/ccompiler.py -> build/lib.linux-x86_64-3.7/numpy/distutils
  copying build/src.linux-x86_64-3.7/numpy/distutils/__config__.py -> build/lib.linux-x86_64-3.7/numpy/distutils
  creating build/lib.linux-x86_64-3.7/numpy/distutils/command
  copying numpy/distutils/command/__init__.py -> build/lib.linux-x86_64-3.7/numpy/distutils/command
  copying numpy/distutils/command/install.py -> build/lib.linux-x86_64-3.7/numpy/distutils/command
  copying numpy/distutils/command/build_clib.py -> build/lib.linux-x86_64-3.7/numpy/distutils/command
  copying numpy/distutils/command/build_scripts.py -> build/lib.linux-x86_64-3.7/numpy/distutils/command
  copying numpy/distutils/command/build_py.py -> build/lib.linux-x86_64-3.7/numpy/distutils/command
  copying numpy/distutils/command/install_clib.py -> build/lib.linux-x86_64-3.7/numpy/distutils/command
  copying numpy/distutils/command/install_data.py -> build/lib.linux-x86_64-3.7/numpy/distutils/command
  copying numpy/distutils/command/install_headers.py -> build/lib.linux-x86_64-3.7/numpy/distutils/command
  copying numpy/distutils/command/autodist.py -> build/lib.linux-x86_64-3.7/numpy/distutils/command
  copying numpy/distutils/command/egg_info.py -> build/lib.linux-x86_64-3.7/numpy/distutils/command
  copying numpy/distutils/command/sdist.py -> build/lib.linux-x86_64-3.7/numpy/distutils/command
  copying numpy/distutils/command/config_compiler.py -> build/lib.linux-x86_64-3.7/numpy/distutils/command
  copying numpy/distutils/command/develop.py -> build/lib.linux-x86_64-3.7/numpy/distutils/command
  copying numpy/distutils/command/config.py -> build/lib.linux-x86_64-3.7/numpy/distutils/command
  copying numpy/distutils/command/bdist_rpm.py -> build/lib.linux-x86_64-3.7/numpy/distutils/command
  copying numpy/distutils/command/build_ext.py -> build/lib.linux-x86_64-3.7/numpy/distutils/command
  copying numpy/distutils/command/build_src.py -> build/lib.linux-x86_64-3.7/numpy/distutils/command
  copying numpy/distutils/command/build.py -> build/lib.linux-x86_64-3.7/numpy/distutils/command
  creating build/lib.linux-x86_64-3.7/numpy/distutils/fcompiler
  copying numpy/distutils/fcompiler/intel.py -> build/lib.linux-x86_64-3.7/numpy/distutils/fcompiler
  copying numpy/distutils/fcompiler/absoft.py -> build/lib.linux-x86_64-3.7/numpy/distutils/fcompiler
  copying numpy/distutils/fcompiler/__init__.py -> build/lib.linux-x86_64-3.7/numpy/distutils/fcompiler
  copying numpy/distutils/fcompiler/vast.py -> build/lib.linux-x86_64-3.7/numpy/distutils/fcompiler
  copying numpy/distutils/fcompiler/pg.py -> build/lib.linux-x86_64-3.7/numpy/distutils/fcompiler
  copying numpy/distutils/fcompiler/gnu.py -> build/lib.linux-x86_64-3.7/numpy/distutils/fcompiler
  copying numpy/distutils/fcompiler/none.py -> build/lib.linux-x86_64-3.7/numpy/distutils/fcompiler
  copying numpy/distutils/fcompiler/ibm.py -> build/lib.linux-x86_64-3.7/numpy/distutils/fcompiler
  copying numpy/distutils/fcompiler/hpux.py -> build/lib.linux-x86_64-3.7/numpy/distutils/fcompiler
  copying numpy/distutils/fcompiler/lahey.py -> build/lib.linux-x86_64-3.7/numpy/distutils/fcompiler
  copying numpy/distutils/fcompiler/nag.py -> build/lib.linux-x86_64-3.7/numpy/distutils/fcompiler
  copying numpy/distutils/fcompiler/compaq.py -> build/lib.linux-x86_64-3.7/numpy/distutils/fcompiler
  copying numpy/distutils/fcompiler/sun.py -> build/lib.linux-x86_64-3.7/numpy/distutils/fcompiler
  copying numpy/distutils/fcompiler/pathf95.py -> build/lib.linux-x86_64-3.7/numpy/distutils/fcompiler
  copying numpy/distutils/fcompiler/g95.py -> build/lib.linux-x86_64-3.7/numpy/distutils/fcompiler
  copying numpy/distutils/fcompiler/mips.py -> build/lib.linux-x86_64-3.7/numpy/distutils/fcompiler
  creating build/lib.linux-x86_64-3.7/numpy/doc
  copying numpy/doc/misc.py -> build/lib.linux-x86_64-3.7/numpy/doc
  copying numpy/doc/__init__.py -> build/lib.linux-x86_64-3.7/numpy/doc
  copying numpy/doc/broadcasting.py -> build/lib.linux-x86_64-3.7/numpy/doc
  copying numpy/doc/creation.py -> build/lib.linux-x86_64-3.7/numpy/doc
  copying numpy/doc/internals.py -> build/lib.linux-x86_64-3.7/numpy/doc
  copying numpy/doc/ufuncs.py -> build/lib.linux-x86_64-3.7/numpy/doc
  copying numpy/doc/glossary.py -> build/lib.linux-x86_64-3.7/numpy/doc
  copying numpy/doc/subclassing.py -> build/lib.linux-x86_64-3.7/numpy/doc
  copying numpy/doc/indexing.py -> build/lib.linux-x86_64-3.7/numpy/doc
  copying numpy/doc/basics.py -> build/lib.linux-x86_64-3.7/numpy/doc
  copying numpy/doc/constants.py -> build/lib.linux-x86_64-3.7/numpy/doc
  copying numpy/doc/byteswapping.py -> build/lib.linux-x86_64-3.7/numpy/doc
  copying numpy/doc/structured_arrays.py -> build/lib.linux-x86_64-3.7/numpy/doc
  creating build/lib.linux-x86_64-3.7/numpy/f2py
  copying numpy/f2py/info.py -> build/lib.linux-x86_64-3.7/numpy/f2py
  copying numpy/f2py/__init__.py -> build/lib.linux-x86_64-3.7/numpy/f2py
  copying numpy/f2py/common_rules.py -> build/lib.linux-x86_64-3.7/numpy/f2py
  copying numpy/f2py/rules.py -> build/lib.linux-x86_64-3.7/numpy/f2py
  copying numpy/f2py/f2py_testing.py -> build/lib.linux-x86_64-3.7/numpy/f2py
  copying numpy/f2py/__main__.py -> build/lib.linux-x86_64-3.7/numpy/f2py
  copying numpy/f2py/setup.py -> build/lib.linux-x86_64-3.7/numpy/f2py
  copying numpy/f2py/diagnose.py -> build/lib.linux-x86_64-3.7/numpy/f2py
  copying numpy/f2py/__version__.py -> build/lib.linux-x86_64-3.7/numpy/f2py
  copying numpy/f2py/auxfuncs.py -> build/lib.linux-x86_64-3.7/numpy/f2py
  copying numpy/f2py/cfuncs.py -> build/lib.linux-x86_64-3.7/numpy/f2py
  copying numpy/f2py/cb_rules.py -> build/lib.linux-x86_64-3.7/numpy/f2py
  copying numpy/f2py/f2py2e.py -> build/lib.linux-x86_64-3.7/numpy/f2py
  copying numpy/f2py/capi_maps.py -> build/lib.linux-x86_64-3.7/numpy/f2py
  copying numpy/f2py/f90mod_rules.py -> build/lib.linux-x86_64-3.7/numpy/f2py
  copying numpy/f2py/func2subr.py -> build/lib.linux-x86_64-3.7/numpy/f2py
  copying numpy/f2py/crackfortran.py -> build/lib.linux-x86_64-3.7/numpy/f2py
  copying numpy/f2py/use_rules.py -> build/lib.linux-x86_64-3.7/numpy/f2py
  creating build/lib.linux-x86_64-3.7/numpy/fft
  copying numpy/fft/fftpack.py -> build/lib.linux-x86_64-3.7/numpy/fft
  copying numpy/fft/info.py -> build/lib.linux-x86_64-3.7/numpy/fft
  copying numpy/fft/__init__.py -> build/lib.linux-x86_64-3.7/numpy/fft
  copying numpy/fft/helper.py -> build/lib.linux-x86_64-3.7/numpy/fft
  copying numpy/fft/setup.py -> build/lib.linux-x86_64-3.7/numpy/fft
  creating build/lib.linux-x86_64-3.7/numpy/lib
  copying numpy/lib/stride_tricks.py -> build/lib.linux-x86_64-3.7/numpy/lib
  copying numpy/lib/info.py -> build/lib.linux-x86_64-3.7/numpy/lib
  copying numpy/lib/__init__.py -> build/lib.linux-x86_64-3.7/numpy/lib
  copying numpy/lib/user_array.py -> build/lib.linux-x86_64-3.7/numpy/lib
  copying numpy/lib/recfunctions.py -> build/lib.linux-x86_64-3.7/numpy/lib
  copying numpy/lib/shape_base.py -> build/lib.linux-x86_64-3.7/numpy/lib
  copying numpy/lib/utils.py -> build/lib.linux-x86_64-3.7/numpy/lib
  copying numpy/lib/index_tricks.py -> build/lib.linux-x86_64-3.7/numpy/lib
  copying numpy/lib/type_check.py -> build/lib.linux-x86_64-3.7/numpy/lib
  copying numpy/lib/_iotools.py -> build/lib.linux-x86_64-3.7/numpy/lib
  copying numpy/lib/setup.py -> build/lib.linux-x86_64-3.7/numpy/lib
  copying numpy/lib/format.py -> build/lib.linux-x86_64-3.7/numpy/lib
  copying numpy/lib/financial.py -> build/lib.linux-x86_64-3.7/numpy/lib
  copying numpy/lib/scimath.py -> build/lib.linux-x86_64-3.7/numpy/lib
  copying numpy/lib/twodim_base.py -> build/lib.linux-x86_64-3.7/numpy/lib
  copying numpy/lib/_datasource.py -> build/lib.linux-x86_64-3.7/numpy/lib
  copying numpy/lib/polynomial.py -> build/lib.linux-x86_64-3.7/numpy/lib
  copying numpy/lib/arraypad.py -> build/lib.linux-x86_64-3.7/numpy/lib
  copying numpy/lib/ufunclike.py -> build/lib.linux-x86_64-3.7/numpy/lib
  copying numpy/lib/arrayterator.py -> build/lib.linux-x86_64-3.7/numpy/lib
  copying numpy/lib/npyio.py -> build/lib.linux-x86_64-3.7/numpy/lib
  copying numpy/lib/nanfunctions.py -> build/lib.linux-x86_64-3.7/numpy/lib
  copying numpy/lib/function_base.py -> build/lib.linux-x86_64-3.7/numpy/lib
  copying numpy/lib/arraysetops.py -> build/lib.linux-x86_64-3.7/numpy/lib
  copying numpy/lib/_version.py -> build/lib.linux-x86_64-3.7/numpy/lib
  creating build/lib.linux-x86_64-3.7/numpy/linalg
  copying numpy/linalg/info.py -> build/lib.linux-x86_64-3.7/numpy/linalg
  copying numpy/linalg/__init__.py -> build/lib.linux-x86_64-3.7/numpy/linalg
  copying numpy/linalg/setup.py -> build/lib.linux-x86_64-3.7/numpy/linalg
  copying numpy/linalg/linalg.py -> build/lib.linux-x86_64-3.7/numpy/linalg
  creating build/lib.linux-x86_64-3.7/numpy/ma
  copying numpy/ma/__init__.py -> build/lib.linux-x86_64-3.7/numpy/ma
  copying numpy/ma/timer_comparison.py -> build/lib.linux-x86_64-3.7/numpy/ma
  copying numpy/ma/core.py -> build/lib.linux-x86_64-3.7/numpy/ma
  copying numpy/ma/bench.py -> build/lib.linux-x86_64-3.7/numpy/ma
  copying numpy/ma/setup.py -> build/lib.linux-x86_64-3.7/numpy/ma
  copying numpy/ma/extras.py -> build/lib.linux-x86_64-3.7/numpy/ma
  copying numpy/ma/mrecords.py -> build/lib.linux-x86_64-3.7/numpy/ma
  copying numpy/ma/testutils.py -> build/lib.linux-x86_64-3.7/numpy/ma
  copying numpy/ma/version.py -> build/lib.linux-x86_64-3.7/numpy/ma
  creating build/lib.linux-x86_64-3.7/numpy/matrixlib
  copying numpy/matrixlib/__init__.py -> build/lib.linux-x86_64-3.7/numpy/matrixlib
  copying numpy/matrixlib/setup.py -> build/lib.linux-x86_64-3.7/numpy/matrixlib
  copying numpy/matrixlib/defmatrix.py -> build/lib.linux-x86_64-3.7/numpy/matrixlib
  creating build/lib.linux-x86_64-3.7/numpy/polynomial
  copying numpy/polynomial/__init__.py -> build/lib.linux-x86_64-3.7/numpy/polynomial
  copying numpy/polynomial/polyutils.py -> build/lib.linux-x86_64-3.7/numpy/polynomial
  copying numpy/polynomial/_polybase.py -> build/lib.linux-x86_64-3.7/numpy/polynomial
  copying numpy/polynomial/laguerre.py -> build/lib.linux-x86_64-3.7/numpy/polynomial
  copying numpy/polynomial/hermite.py -> build/lib.linux-x86_64-3.7/numpy/polynomial
  copying numpy/polynomial/legendre.py -> build/lib.linux-x86_64-3.7/numpy/polynomial
  copying numpy/polynomial/setup.py -> build/lib.linux-x86_64-3.7/numpy/polynomial
  copying numpy/polynomial/chebyshev.py -> build/lib.linux-x86_64-3.7/numpy/polynomial
  copying numpy/polynomial/polynomial.py -> build/lib.linux-x86_64-3.7/numpy/polynomial
  copying numpy/polynomial/hermite_e.py -> build/lib.linux-x86_64-3.7/numpy/polynomial
  creating build/lib.linux-x86_64-3.7/numpy/random
  copying numpy/random/info.py -> build/lib.linux-x86_64-3.7/numpy/random
  copying numpy/random/__init__.py -> build/lib.linux-x86_64-3.7/numpy/random
  copying numpy/random/setup.py -> build/lib.linux-x86_64-3.7/numpy/random
  creating build/lib.linux-x86_64-3.7/numpy/testing
  copying numpy/testing/__init__.py -> build/lib.linux-x86_64-3.7/numpy/testing
  copying numpy/testing/print_coercion_tables.py -> build/lib.linux-x86_64-3.7/numpy/testing
  copying numpy/testing/utils.py -> build/lib.linux-x86_64-3.7/numpy/testing
  copying numpy/testing/setup.py -> build/lib.linux-x86_64-3.7/numpy/testing
  copying numpy/testing/noseclasses.py -> build/lib.linux-x86_64-3.7/numpy/testing
  copying numpy/testing/nosetester.py -> build/lib.linux-x86_64-3.7/numpy/testing
  copying numpy/testing/decorators.py -> build/lib.linux-x86_64-3.7/numpy/testing
  running build_clib
  customize UnixCCompiler
  customize UnixCCompiler using build_clib
  building 'npymath' library
  compiling C sources
  C compiler: gcc -pthread -B /srv/conda/envs/notebook/compiler_compat -Wl,--sysroot=/ -Wsign-compare -DNDEBUG -g -fwrapv -O3 -Wall -Wstrict-prototypes -fPIC
  
  creating build/temp.linux-x86_64-3.7
  creating build/temp.linux-x86_64-3.7/build
  creating build/temp.linux-x86_64-3.7/build/src.linux-x86_64-3.7
  creating build/temp.linux-x86_64-3.7/build/src.linux-x86_64-3.7/numpy
  creating build/temp.linux-x86_64-3.7/build/src.linux-x86_64-3.7/numpy/core
  creating build/temp.linux-x86_64-3.7/build/src.linux-x86_64-3.7/numpy/core/src
  creating build/temp.linux-x86_64-3.7/build/src.linux-x86_64-3.7/numpy/core/src/npymath
  creating build/temp.linux-x86_64-3.7/numpy
  creating build/temp.linux-x86_64-3.7/numpy/core
  creating build/temp.linux-x86_64-3.7/numpy/core/src
  creating build/temp.linux-x86_64-3.7/numpy/core/src/npymath
  compile options: '-Inumpy/core/include -Ibuild/src.linux-x86_64-3.7/numpy/core/include/numpy -Inumpy/core/src/private -Inumpy/core/src -Inumpy/core -Inumpy/core/src/npymath -Inumpy/core/src/multiarray -Inumpy/core/src/umath -Inumpy/core/src/npysort -I/srv/conda/envs/notebook/include/python3.7m -Ibuild/src.linux-x86_64-3.7/numpy/core/src/private -Ibuild/src.linux-x86_64-3.7/numpy/core/src/private -Ibuild/src.linux-x86_64-3.7/numpy/core/src/private -c'
  gcc: build/src.linux-x86_64-3.7/numpy/core/src/npymath/npy_math.c
  gcc: build/src.linux-x86_64-3.7/numpy/core/src/npymath/ieee754.c
  gcc: build/src.linux-x86_64-3.7/numpy/core/src/npymath/npy_math_complex.c
  gcc: numpy/core/src/npymath/halffloat.c
  ar: adding 4 object files to build/temp.linux-x86_64-3.7/libnpymath.a
  building 'npysort' library
  compiling C sources
  C compiler: gcc -pthread -B /srv/conda/envs/notebook/compiler_compat -Wl,--sysroot=/ -Wsign-compare -DNDEBUG -g -fwrapv -O3 -Wall -Wstrict-prototypes -fPIC
  
  creating build/temp.linux-x86_64-3.7/build/src.linux-x86_64-3.7/numpy/core/src/npysort
  compile options: '-Ibuild/src.linux-x86_64-3.7/numpy/core/src/private -Inumpy/core/include -Ibuild/src.linux-x86_64-3.7/numpy/core/include/numpy -Inumpy/core/src/private -Inumpy/core/src -Inumpy/core -Inumpy/core/src/npymath -Inumpy/core/src/multiarray -Inumpy/core/src/umath -Inumpy/core/src/npysort -I/srv/conda/envs/notebook/include/python3.7m -Ibuild/src.linux-x86_64-3.7/numpy/core/src/private -Ibuild/src.linux-x86_64-3.7/numpy/core/src/private -Ibuild/src.linux-x86_64-3.7/numpy/core/src/private -c'
  gcc: build/src.linux-x86_64-3.7/numpy/core/src/npysort/quicksort.c
  gcc: build/src.linux-x86_64-3.7/numpy/core/src/npysort/mergesort.c
  gcc: build/src.linux-x86_64-3.7/numpy/core/src/npysort/heapsort.c
  gcc: build/src.linux-x86_64-3.7/numpy/core/src/npysort/selection.c
  In file included from numpy/core/src/npysort/selection.c.src:22:0:
  numpy/core/src/private/npy_partition.h.src: In function ‘get_partition_func’:
  numpy/core/src/private/npy_partition.h.src:98:19: warning: comparison between signed and unsigned integer expressions [-Wsign-compare]
       for (i = 0; i < sizeof(_part_map)/sizeof(_part_map[0]); i++) {
                     ^
  numpy/core/src/private/npy_partition.h.src:99:18: warning: comparison between signed and unsigned integer expressions [-Wsign-compare]
           if (type == _part_map[i].typenum) {
                    ^~
  numpy/core/src/private/npy_partition.h.src: In function ‘get_argpartition_func’:
  numpy/core/src/private/npy_partition.h.src:114:19: warning: comparison between signed and unsigned integer expressions [-Wsign-compare]
       for (i = 0; i < sizeof(_part_map)/sizeof(_part_map[0]); i++) {
                     ^
  numpy/core/src/private/npy_partition.h.src:115:18: warning: comparison between signed and unsigned integer expressions [-Wsign-compare]
           if (type == _part_map[i].typenum) {
                    ^~
  gcc: build/src.linux-x86_64-3.7/numpy/core/src/npysort/binsearch.c
  In file included from numpy/core/src/npysort/binsearch.c.src:6:0:
  numpy/core/src/private/npy_binsearch.h.src: In function ‘get_binsearch_func’:
  numpy/core/src/private/npy_binsearch.h.src:120:45: warning: comparison between signed and unsigned integer expressions [-Wsign-compare]
           if (_@arg@binsearch_map[mid_idx].typenum < type) {
                                               ^
  numpy/core/src/private/npy_binsearch.h.src:128:64: warning: comparison between signed and unsigned integer expressions [-Wsign-compare]
       if (min_idx < num_funcs && _@arg@binsearch_map[min_idx].typenum == type) {
                                                                  ^~
  In file included from numpy/core/src/npysort/binsearch.c.src:6:0:
  numpy/core/src/private/npy_binsearch.h.src: In function ‘get_argbinsearch_func’:
  numpy/core/src/private/npy_binsearch.h.src:120:48: warning: comparison between signed and unsigned integer expressions [-Wsign-compare]
           if (_@arg@binsearch_map[mid_idx].typenum < type) {
                                                  ^
  numpy/core/src/private/npy_binsearch.h.src:128:67: warning: comparison between signed and unsigned integer expressions [-Wsign-compare]
       if (min_idx < num_funcs && _@arg@binsearch_map[min_idx].typenum == type) {
                                                                     ^~
  ar: adding 5 object files to build/temp.linux-x86_64-3.7/libnpysort.a
  running build_ext
  customize UnixCCompiler
  customize UnixCCompiler using build_ext
  building 'numpy.core._dummy' extension
  compiling C sources
  C compiler: gcc -pthread -B /srv/conda/envs/notebook/compiler_compat -Wl,--sysroot=/ -Wsign-compare -DNDEBUG -g -fwrapv -O3 -Wall -Wstrict-prototypes -fPIC
  
  compile options: '-DHAVE_NPY_CONFIG_H=1 -D_FILE_OFFSET_BITS=64 -D_LARGEFILE_SOURCE=1 -D_LARGEFILE64_SOURCE=1 -Inumpy/core/include -Ibuild/src.linux-x86_64-3.7/numpy/core/include/numpy -Inumpy/core/src/private -Inumpy/core/src -Inumpy/core -Inumpy/core/src/npymath -Inumpy/core/src/multiarray -Inumpy/core/src/umath -Inumpy/core/src/npysort -I/srv/conda/envs/notebook/include/python3.7m -Ibuild/src.linux-x86_64-3.7/numpy/core/src/private -Ibuild/src.linux-x86_64-3.7/numpy/core/src/private -Ibuild/src.linux-x86_64-3.7/numpy/core/src/private -c'
  gcc: numpy/core/src/dummymodule.c
  gcc -pthread -shared -B /srv/conda/envs/notebook/compiler_compat -L/srv/conda/envs/notebook/lib -Wl,-rpath=/srv/conda/envs/notebook/lib -Wl,--no-as-needed -Wl,--sysroot=/ build/temp.linux-x86_64-3.7/numpy/core/src/dummymodule.o -Lbuild/temp.linux-x86_64-3.7 -lm -o build/lib.linux-x86_64-3.7/numpy/core/_dummy.cpython-37m-x86_64-linux-gnu.so
  building 'numpy.core.multiarray' extension
  compiling C sources
  C compiler: gcc -pthread -B /srv/conda/envs/notebook/compiler_compat -Wl,--sysroot=/ -Wsign-compare -DNDEBUG -g -fwrapv -O3 -Wall -Wstrict-prototypes -fPIC
  
  creating build/temp.linux-x86_64-3.7/numpy/core/src/multiarray
  creating build/temp.linux-x86_64-3.7/build/src.linux-x86_64-3.7/numpy/core/src/multiarray
  creating build/temp.linux-x86_64-3.7/numpy/core/src/private
  compile options: '-DHAVE_NPY_CONFIG_H=1 -D_FILE_OFFSET_BITS=64 -D_LARGEFILE_SOURCE=1 -D_LARGEFILE64_SOURCE=1 -Ibuild/src.linux-x86_64-3.7/numpy/core/src/private -Inumpy/core/include -Ibuild/src.linux-x86_64-3.7/numpy/core/include/numpy -Inumpy/core/src/private -Inumpy/core/src -Inumpy/core -Inumpy/core/src/npymath -Inumpy/core/src/multiarray -Inumpy/core/src/umath -Inumpy/core/src/npysort -I/srv/conda/envs/notebook/include/python3.7m -Ibuild/src.linux-x86_64-3.7/numpy/core/src/private -Ibuild/src.linux-x86_64-3.7/numpy/core/src/private -Ibuild/src.linux-x86_64-3.7/numpy/core/src/private -c'
  gcc: numpy/core/src/multiarray/alloc.c
  gcc: numpy/core/src/multiarray/arrayobject.c
  gcc: build/src.linux-x86_64-3.7/numpy/core/src/multiarray/arraytypes.c
  numpy/core/src/multiarray/arraytypes.c.src: In function ‘VOID_setitem’:
  numpy/core/src/multiarray/arraytypes.c.src:855:9: warning: ‘PyObject_AsReadBuffer’ is deprecated [-Wdeprecated-declarations]
           res = PyObject_AsReadBuffer(op, &buffer, &buflen);
           ^~~
  In file included from /srv/conda/envs/notebook/include/python3.7m/Python.h:147:0,
                   from numpy/core/src/multiarray/arraytypes.c.src:3:
  /srv/conda/envs/notebook/include/python3.7m/abstract.h:489:17: note: declared here
   PyAPI_FUNC(int) PyObject_AsReadBuffer(PyObject *obj,
                   ^~~~~~~~~~~~~~~~~~~~~
  gcc: numpy/core/src/multiarray/array_assign.c
  gcc: numpy/core/src/multiarray/array_assign_scalar.c
  numpy/core/src/multiarray/array_assign_scalar.c: In function ‘PyArray_AssignRawScalar’:
  numpy/core/src/multiarray/array_assign_scalar.c:236:34: warning: comparison between signed and unsigned integer expressions [-Wsign-compare]
           if (sizeof(scalarbuffer) >= PyArray_DESCR(dst)->elsize) {
                                    ^~
  gcc: numpy/core/src/multiarray/array_assign_array.c
  gcc: numpy/core/src/multiarray/buffer.c
  gcc: numpy/core/src/multiarray/calculation.c
  gcc: numpy/core/src/multiarray/compiled_base.c
  gcc: numpy/core/src/multiarray/common.c
  numpy/core/src/multiarray/common.c: In function ‘_IsAligned’:
  numpy/core/src/multiarray/common.c:667:19: warning: comparison between signed and unsigned integer expressions [-Wsign-compare]
       for (i = 0; i < PyArray_NDIM(ap); i++) {
                     ^
  numpy/core/src/multiarray/common.c: In function ‘_IsWriteable’:
  numpy/core/src/multiarray/common.c:724:5: warning: ‘PyObject_AsWriteBuffer’ is deprecated [-Wdeprecated-declarations]
       if (PyObject_AsWriteBuffer(base, &dummy, &n) < 0) {
       ^~
  In file included from /srv/conda/envs/notebook/include/python3.7m/Python.h:147:0,
                   from numpy/core/src/multiarray/common.c:2:
  /srv/conda/envs/notebook/include/python3.7m/abstract.h:500:17: note: declared here
   PyAPI_FUNC(int) PyObject_AsWriteBuffer(PyObject *obj,
                   ^~~~~~~~~~~~~~~~~~~~~~
  gcc: numpy/core/src/multiarray/convert.c
  gcc: numpy/core/src/multiarray/convert_datatype.c
  gcc: numpy/core/src/multiarray/conversion_utils.c
  gcc: numpy/core/src/multiarray/ctors.c
  numpy/core/src/multiarray/ctors.c: In function ‘PyArray_FromInterface’:
  numpy/core/src/multiarray/ctors.c:2313:9: warning: ‘PyObject_AsWriteBuffer’ is deprecated [-Wdeprecated-declarations]
           res = PyObject_AsWriteBuffer(base, (void **)&data, &buffer_len);
           ^~~
  In file included from /srv/conda/envs/notebook/include/python3.7m/Python.h:147:0,
                   from numpy/core/src/multiarray/ctors.c:2:
  /srv/conda/envs/notebook/include/python3.7m/abstract.h:500:17: note: declared here
   PyAPI_FUNC(int) PyObject[0m[91m_AsWriteBuffer(PyObject *obj,
                   ^~~~~~~~~~~~~~~~~~~~~~
  numpy/core/src/multiarray/ctors.c:2316:13: warning: ‘PyObject_AsReadBuffer’ is deprecated [-Wdeprecated-declarations]
               res = PyObject_AsReadBuffer(
               ^~~
  In file included from /srv/conda/envs/notebook/include/python3.7m/Python.h:147:0,
                   from numpy/core/src/multiarray/ctors.c:2:
  /srv/conda/envs/notebook/include/python3.7m/abstract.h:489:17: note: declared here
   PyAPI_FUNC(int) PyObject_AsReadBuffer(PyObject *obj,
                   ^~~~~~~~~~~~~~~~~~~~~
  numpy/core/src/multiarray/ctors.c: In function ‘PyArray_FromBuffer’:
  numpy/core/src/multiarray/ctors.c:3477:5: warning: ‘PyObject_AsWriteBuffer’ is deprecated [-Wdeprecated-declarations]
       if (PyObject_AsWriteBuffer(buf, (void *)&data, &ts) == -1) {
       ^~
  In file included from /srv/conda/envs/notebook/include/python3.7m/Python.h:147:0,
                   from numpy/core/src/multiarray/ctors.c:2:
  /srv/conda/envs/notebook/include/python3.7m/abstract.h:500:17: note: declared here
   PyAPI_FUNC(int) PyObject_AsWriteBuffer(PyObject *obj,
                   ^~~~~~~~~~~~~~~~~~~~~~
  numpy/core/src/multiarray/ctors.c:3480:9: warning: ‘PyObject_AsReadBuffer’ is deprecated [-Wdeprecated-declarations]
           if (PyObject_AsReadBuffer(buf, (void *)&data, &ts) == -1) {
           ^~
  In file included from /srv/conda/envs/notebook/include/python3.7m/Python.h:147:0,
                   from numpy/core/src/multiarray/ctors.c:2:
  /srv/conda/envs/notebook/include/python3.7m/abstract.h:489:17: note: declared here
   PyAPI_FUNC(int) PyObject_AsReadBuffer(PyObject *obj,
                   ^~~~~~~~~~~~~~~~~~~~~
  gcc: numpy/core/src/multiarray/datetime.c
  numpy/core/src/multiarray/datetime.c: In function ‘parse_datetime_extended_unit_from_string’:
  numpy/core/src/multiarray/datetime.c:781:24: warning: comparison between signed and unsigned integer expressions [-Wsign-compare]
       if (out_meta->base == -1) {
                          ^~
  numpy/core/src/multiarray/datetime.c: In function ‘get_datetime_units_factor’:
  numpy/core/src/multiarray/datetime.c:1076:23: warning: comparison between signed and unsigned integer expressions [-Wsign-compare]
       while (littlebase > unit) {
                         ^
  numpy/core/src/multiarray/datetime.c: In function ‘convert_datetime_metadata_tuple_to_datetime_metadata’:
  numpy/core/src/multiarray/datetime.c:1847:24: warning: comparison between signed and unsigned integer expressions [-Wsign-compare]
       if (out_meta->base == -1) {
                          ^~
  numpy/core/src/multiarray/datetime.c: In function ‘convert_pyobject_to_datetime’:
  numpy/core/src/multiarray/datetime.c:2395:24: warning: comparison between signed and unsigned integer expressions [-Wsign-compare]
           if (meta->base == -1) {
                          ^~
  numpy/core/src/multiarray/datetime.c:2411:24: warning: comparison between signed and unsigned integer expressions [-Wsign-compare]
           if (meta->base == -1 || meta->base == NPY_FR_GENERIC) {
                          ^~
  numpy/core/src/multiarray/datetime.c:2424:24: warning: comparison between signed and unsigned integer expressions [-Wsign-compare]
           if (meta->base == -1) {
                          ^~
  numpy/core/src/multiarray/datetime.c:2463:24: warning: comparison between signed and unsigned integer expressions [-Wsign-compare]
           if (meta->base == -1) {
                          ^~
  numpy/core/src/multiarray/datetime.c:2495:28: warning: comparison between signed and unsigned integer expressions [-Wsign-compare]
               if (meta->base == -1) {
                              ^~
  numpy/core/src/multiarray/datetime.c:2522:24: warning: comparison between signed and unsigned integer expressions [-Wsign-compare]
           if (meta->base == -1) {
                          ^~
  numpy/core/src/multiarray/datetime.c: In function ‘convert_pyobject_to_timedelta’:
  numpy/core/src/multiarray/datetime.c:2598:28: warning: comparison between signed and unsigned integer expressions [-Wsign-compare]
               if (meta->base == -1) {
                              ^~
  numpy/core/src/multiarray/datetime.c:2609:24: warning: comparison between signed and unsigned integer expressions [-Wsign-compare]
           if (meta->base == -1) {
                          ^~
  numpy/core/src/multiarray/datetime.c:2622:24: warning: comparison between signed and unsigned integer expressions [-Wsign-compare]
           if (meta->base == -1) {
                          ^~
  numpy/core/src/multiarray/datetime.c:2661:24: warning: comparison between signed and unsigned integer expressions [-Wsign-compare]
           if (meta->base == -1) {
                          ^~
  numpy/core/src/multiarray/datetime.c:2730:24: warning: comparison between signed and unsigned integer expressions [-Wsign-compare]
           if (meta->base == -1) {
                          ^~
  numpy/core/src/multiarray/datetime.c:2784:24: warning: comparison between signed and unsigned integer expressions [-Wsign-compare]
           if (meta->base == -1) {
                          ^~
  numpy/core/src/multiarray/datetime.c: In function ‘convert_pyobjects_to_datetimes’:
  numpy/core/src/multiarray/datetime.c:3118:26: warning: comparison between signed and unsigned integer expressions [-Wsign-compare]
       if (inout_meta->base == -1) {
                            ^~
  gcc: numpy/core/src/multiarray/datetime_strings.c
  numpy/core/src/multiarray/datetime_strings.c: In function ‘parse_iso_8601_datetime’:
  numpy/core/src/multiarray/datetime_strings.c:310:18: warning: comparison between signed and unsigned integer expressions [-Wsign-compare]
           if (unit != -1 && !can_cast_datetime64_units(bestunit, unit,
                    ^~
  numpy/core/src/multiarray/datetime_strings.c:350:18: warning: comparison between signed and unsigned integer expressions [-Wsign-compare]
           if (unit != -1 && !can_cast_datetime64_units(bestunit, unit,
                    ^~
  numpy/core/src/multiarray/datetime_strings.c:733:14: warning: comparison between signed and unsigned integer expressions [-Wsign-compare]
       if (unit != -1 && !can_cast_datetime64_units(bestunit, unit,
                ^~
  numpy/core/src/multiarray/datetime_strings.c: In function ‘get_datetime_iso_8601_strlen’:
  numpy/core/src/multiarray/datetime_strings.c:764:14: warning: comparison between signed and unsigned integer expressions [-Wsign-compare]
       if (base == -1) {
                ^~
  numpy/core/src/multiarray/datetime_strings.c: In function ‘make_iso_8601_datetime’:
  numpy/core/src/multiarray/datetime_strings.c:930:14: warning: comparison between signed and unsigned integer expressions [-Wsign-compare]
       if (base == -1) {
                ^~
  numpy/core/src/multiarray/datetime_strings.c: In function ‘array_datetime_as_string’:
  numpy/core/src/multiarray/datetime_strings.c:1415:22: warning: comparison between signed and unsigned integer expressions [-Wsign-compare]
               if (unit == -1) {
                        ^~
  numpy/core/src/multiarray/datetime_strings.c:1422:18: warning: comparison between signed and unsigned integer expressions [-Wsign-compare]
           if (unit != -1 && !can_cast_datetime64_units(meta->base, unit, casting)) {
                    ^~
  gcc: numpy/core/src/multiarray/datetime_busday.c
  gcc: numpy/core/src/multiarray/datetime_busdaycal.c
  gcc: numpy/core/src/multiarray/descriptor.c
  gcc: numpy/core/src/multiarray/dtype_transfer.c
  gcc: build/src.linux-x86_64-3.7/numpy/core/src/multiarray/einsum.c
  gcc: numpy/core/src/multiarray/flagsobject.c
  gcc: numpy/core/src/multiarray/getset.c
  numpy/core/src/multiarray/getset.c: In function ‘array_strides_set’:
  numpy/core/src/multiarray/getset.c:134:5: warning: ‘PyObject_AsReadBuffer’ is deprecated [-Wdeprecated-declarations]
       if (PyArray_BASE(new) && PyObject_AsReadBuffer(PyArray_BASE(new),
       ^~
  In file included from /srv/conda/envs/notebook/include/python3.7m/Python.h:147:0,
                   from numpy/core/src/multiarray/getset.c:4:
  /srv/conda/envs/notebook/include/python3.7m/abstract.h:489:17: note: declared here
   PyAPI_FUNC(int) PyObject_AsReadBuffer(PyObject *obj,
                   ^~~~~~~~~~~~~~~~~~~~~
  numpy/core/src/multiarray/getset.c: In function ‘array_data_set’:
  numpy/core/src/multiarray/getset.c:340:5: warning: ‘PyObject_AsWriteBuffer’ is deprecated [-Wdeprecated-declarations]
       if (PyObject_AsWriteBuffer(op, &buf, &buf_len) < 0) {
       ^~
  In file included from /srv/conda/envs/notebook/include/python3.7m/Python.h:147:0,
                   from numpy/core/src/multiarray/getset.c:4:
  /srv/conda/envs/notebook/include/python3.7m/abstract.h:500:17: note: declared here
   PyAPI_FUNC(int) PyObject_AsWriteBuffer(PyObject *obj,
                   ^~~~~~~~~~~~~~~~~~~~~~
  numpy/core/src/multiarray/getset.c:342:9: warning: ‘PyObject_AsReadBuffer’ is deprecated [-Wdeprecated-declarations]
           if (PyObject_AsReadBuffer(op, (const void **)&buf, &buf_len) < 0) {
           ^~
  In file included from /srv/conda/envs/notebook/include/python3.7m/Python.h:147:0,
                   from numpy/core/src/multiarray/getset.c:4:
  /srv/conda/envs/notebook/include/python3.7m/abstract.h:489:17: note: declared here
   PyAPI_FUNC(int) PyObject_AsReadBuffer(PyObject *obj,
                   ^~~~~~~~~~~~~~~~~~~~~
  gcc: numpy/core/src/multiarray/hashdescr.c
  gcc: numpy/core/src/multiarray/item_selection.c
  In file included from numpy/core/src/multiarray/item_selection.c:24:0:
  numpy/core/src/private/npy_partition.h.src: In function ‘get_partition_func’:
  numpy/core/src/private/npy_partition.h.src:98:19: warning: comparison between signed and unsigned integer expressions [-Wsign-compare]
       for (i = 0; i < sizeof(_part_map)/sizeof(_part_map[0]); i++) {
                     ^
  numpy/core/src/private/npy_partition.h.src:99:18: warning: comparison between signed and unsigned integer expressions [-Wsign-compare]
           if (type == _part_map[i].typenum) {
                    ^~
  numpy/core/src/private/npy_partition.h.src: In function ‘get_argpartition_func’:
  numpy/core/src/private/npy_partition.h.src:114:19: warning: comparison between signed and unsigned integer expressions [-Wsign-compare]
       for (i = 0; i < sizeof(_part_map)/sizeof(_part_map[0]); i++) {
                     ^
  numpy/core/src/private/npy_partition.h.src:115:18: warning: comparison between signed and unsigned integer expressions [-Wsign-compare]
           if (type == _part_map[i].typenum) {
                    ^~
  In file included from numpy/core/src/multiarray/item_selection.c:25:0:
  numpy/core/src/private/npy_binsearch.h.src: In function ‘get_binsearch_func’:
  numpy/core/src/private/npy_binsearch.h.src:120:45: warning: comparison between signed and unsigned integer expressions [-Wsign-compare]
           if (_@arg@binsearch_map[mid_idx].typenum < type) {
                                               ^
  numpy/core/src/private/npy_binsearch.h.src:128:64: warning: comparison between signed and unsigned integer expressions [-Wsign-compare]
       if (min_idx < num_funcs && _@arg@binsearch_map[min_idx].typenum == type) {
                                                                  ^~
  In file included from numpy/core/src/multiarray/item_selection.c:25:0:
  numpy/core/src/private/npy_binsearch.h.src: In function ‘get_argbinsearch_func’:
  numpy/core/src/private/npy_binsearch.h.src:120:48: warning: comparison between signed and unsigned integer expressions [-Wsign-compare]
           if (_@arg@binsearch_map[mid_idx].typenum < type) {
                                                  ^
  numpy/core/src/private/npy_binsearch.h.src:128:67: warning: comparison between signed and unsigned integer expressions [-Wsign-compare]
       if (min_idx < num_funcs && _@arg@binsearch_map[min_idx].typenum == type) {
                                                                     ^~
  gcc: numpy/core/src/multiarray/iterators.c
  gcc: build/src.linux-x86_64-3.7/numpy/core/src/multiarray/lowlevel_strided_loops.c
  gcc: numpy/core/src/multiarray/mapping.c
  gcc: numpy/core/src/multiarray/methods.c
  gcc: numpy/core/src/multiarray/multiarraymodule.c
  gcc: build/src.linux-x86_64-3.7/numpy/core/src/multiarray/nditer_templ.c
  gcc: numpy/core/src/multiarray/nditer_api.c
  gcc: numpy/core/src/multiarray/nditer_constr.c
  gcc: numpy/core/src/multiarray/nditer_pywrap.c
  gcc: numpy/core/src/multiarray/number.c
  gcc: numpy/core/src/multiarray/numpymemoryview.c
  gcc: numpy/core/src/multiarray/numpyos.c
  numpy/core/src/multiarray/numpyos.c:18:10: fatal error: xlocale.h: No such file or directory
   #include <xlocale.h>
            ^~~~~~~~~~~
  compilation terminated.
  numpy/core/src/multiarray/numpyos.c:18:10: fatal error: xlocale.h: No such file or directory
   #include <xlocale.h>
            ^~~~~~~~~~~
  compilation terminated.
  error: Command "gcc -pthread -B /srv/conda/envs/notebook/compiler_compat -Wl,--sysroot=/ -Wsign-compare -DNDEBUG -g -fwrapv -O3 -Wall -Wstrict-prototypes -fPIC -DHAVE_NPY_CONFIG_H=1 -D_FILE_OFFSET_BITS=64 -D_LARGEFILE_SOURCE=1 -D_LARGEFILE64_SOURCE=1 -Ibuild/src.linux-x86_64-3.7/numpy/core/src/private -Inumpy/core/include -Ibuild/src.linux-x86_64-3.7/numpy/core/include/numpy -Inumpy/core/src/private -Inumpy/core/src -Inumpy/core -Inumpy/core/src/npymath -Inumpy/core/src/multiarray -Inumpy/core/src/umath -Inumpy/core/src/npysort -I/srv/conda/envs/notebook/include/python3.7m -Ibuild/src.linux-x86_64-3.7/numpy/core/src/private -Ibuild/src.linux-x86_64-3.7/numpy/core/src/private -Ibuild/src.linux-x86_64-3.7/numpy/core/src/private -c numpy/core/src/multiarray/numpyos.c -o build/temp.linux-x86_64-3.7/numpy/core/src/multiarray/numpyos.o" failed with exit status 1
  ----------------------------------------
[0m[91m  ERROR: Failed building wheel for numpy
[0m  Running setup.py clean for numpy
[91m  ERROR: Command errored out with exit status 1:
   command: /srv/conda/envs/notebook/bin/python -u -c 'import sys, setuptools, tokenize; sys.argv[0] = '"'"'/tmp/pip-install-mk7vnjyd/numpy/setup.py'"'"'; __file__='"'"'/tmp/pip-install-mk7vnjyd/numpy/setup.py'"'"';f=getattr(tokenize, '"'"'open'"'"', open)(__file__);code=f.read().replace('"'"'\r\n'"'"', '"'"'\n'"'"');f.close();exec(compile(code, __file__, '"'"'exec'"'"'))' clean --all
       cwd: /tmp/pip-install-mk7vnjyd/numpy
  Complete output (10 lines):
  Running from numpy source directory.
  
  `setup.py clean` is not supported, use one of the following instead:
  
    - `git clean -xdf` (cleans all files)
    - `git clean -Xdf` (cleans all versioned files, doesn't touch
                        files that aren't checked into the git repo)
  
  Add `--force` to your command to use it anyway if you must (unsupported).
  
  ----------------------------------------
[0m[91m  ERROR: Failed cleaning build dir for numpy
[0m  Building wheel for pyserial (setup.py): started
  Building wheel for pyserial (setup.py): finished with status 'done'
  Created wheel for pyserial: filename=pyserial-2.7-py3-none-any.whl size=76354 sha256=c3499764ab0f855db5b51a970c4c64c0062adae0029c4f88345d1a39cef3087d
  Stored in directory: /tmp/pip-ephem-wheel-cache-pms0tbh6/wheels/39/8c/36/6a082be463c7271b7f7dfa04a209156e292313fa87c02de99d
  Building wheel for scipy (setup.py): started
  Building wheel for scipy (setup.py): finished with status 'error'
[91m  ERROR: Command errored out with exit status 1:
   command: /srv/conda/envs/notebook/bin/python -u -c 'import sys, setuptools, tokenize; sys.argv[0] = '"'"'/tmp/pip-install-mk7vnjyd/scipy/setup.py'"'"'; __file__='"'"'/tmp/pip-install-mk7vnjyd/scipy/setup.py'"'"';f=getattr(tokenize, '"'"'open'"'"', open)(__file__);code=f.read().replace('"'"'\r\n'"'"', '"'"'\n'"'"');f.close();exec(compile(code, __file__, '"'"'exec'"'"'))' bdist_wheel -d /tmp/pip-wheel-ze7kkkr6
       cwd: /tmp/pip-install-mk7vnjyd/scipy/
  Complete output (9 lines):
  /tmp/pip-install-mk7vnjyd/scipy/setup.py:115: DeprecationWarning: the imp module is deprecated in favour of importlib; see the module's documentation for alternative uses
    import imp
  Traceback (most recent call last):
    File "<string>", line 1, in <module>
    File "/tmp/pip-install-mk7vnjyd/scipy/setup.py", line 415, in <module>
      setup_package()
    File "/tmp/pip-install-mk7vnjyd/scipy/setup.py", line 395, in setup_package
      from numpy.distutils.core import setup
  ModuleNotFoundError: No module named 'numpy'
  ----------------------------------------
[0m[91m  ERROR: Failed building wheel for scipy
[0m  Running setup.py clean for scipy
[91m  ERROR: Command errored out with exit status 1:
   command: /srv/conda/envs/notebook/bin/python -u -c 'import sys, setuptools, tokenize; sys.argv[0] = '"'"'/tmp/pip-install-mk7vnjyd/scipy/setup.py'"'"'; __file__='"'"'/tmp/pip-install-mk7vnjyd/scipy/setup.py'"'"';f=getattr(tokenize, '"'"'open'"'"', open)(__file__);code=f.read().replace('"'"'\r\n'"'"', '"'"'\n'"'"');f.close();exec(compile(code, __file__, '"'"'exec'"'"'))' clean --all
       cwd: /tmp/pip-install-mk7vnjyd/scipy
  Complete output (11 lines):
  /tmp/pip-install-mk7vnjyd/scipy/setup.py:115: DeprecationWarning: the imp module is deprecated in favour of importlib; see the module's documentation for alternative uses
    import imp
  
  `setup.py clean` is not supported, use one of the following instead:
  
    - `git clean -xdf` (cleans all files)
    - `git clean -Xdf` (cleans all versioned files, doesn't touch
                        files that aren't checked into the git repo)
  
  Add `--force` to your command to use it anyway if you must (unsupported).
  
  ----------------------------------------
[0m[91m  ERROR: Failed cleaning build dir for scipy
[0mSuccessfully built matplotlib pyserial
Failed to build numpy scipy
[91mERROR: notebook 6.0.3 has requirement jupyter-client>=5.3.4, but you'll have jupyter-client 4.4.0 which is incompatible.
[0mInstalling collected packages: jupyter-core, jupyter-client, qtpy, qtconsole, prompt-toolkit, jupyter-console, jupyter, numpy, pytz, cycler, pyparsing, matplotlib, pyserial, scipy
  Attempting uninstall: jupyter-core
[91mERROR: notebook 6.0.3 has requirement jupyter-core>=4.6.1, but you'll have jupyter-core 4.2.1 which is incompatible.
ERROR: ipython 7.11.1 has requirement prompt-toolkit!=3.0.0,!=3.0.1,<3.1.0,>=2.0.0, but you'll have prompt-toolkit 1.0.18 which is incompatible.
[0m    Found existing installation: jupyter-core 4.6.1
    Uninstalling jupyter-core-4.6.1:
      Successfully uninstalled jupyter-core-4.6.1
  Attempting uninstall: jupyter-client
    Found existing installation: jupyter-client 5.3.4
    Uninstalling jupyter-client-5.3.4:
      Successfully uninstalled jupyter-client-5.3.4
  Attempting uninstall: prompt-toolkit
    Found existing installation: prompt-toolkit 3.0.3
    Uninstalling prompt-toolkit-3.0.3:
      Successfully uninstalled prompt-toolkit-3.0.3
    Running setup.py install for numpy: started
    Running setup.py install for numpy: finished with status 'error'
[91m    ERROR: Command errored out with exit status 1:
     command: /srv/conda/envs/notebook/bin/python -u -c 'import sys, setuptools, tokenize; sys.argv[0] = '"'"'/tmp/pip-install-mk7vnjyd/numpy/setup.py'"'"'; __file__='"'"'/tmp/pip-install-mk7vnjyd/numpy/setup.py'"'"';f=getattr(tokenize, '"'"'open'"'"', open)(__file__);code=f.read().replace('"'"'\r\n'"'"', '"'"'\n'"'"');f.close();exec(compile(code, __file__, '"'"'exec'"'"'))' install --record /tmp/pip-record-yoxxznha/install-record.txt --single-version-externally-managed --compile --install-headers /srv/conda/envs/notebook/include/python3.7m/numpy
         cwd: /tmp/pip-install-mk7vnjyd/numpy/
    Complete output (530 lines):
    Running from numpy source directory.
    
    Note: if you need reliable uninstall behavior, then install
    with pip instead of using `setup.py install`:
    
      - `pip install .`       (from a git repo or downloaded source
                               release)
      - `pip install numpy`   (last Numpy release on PyPi)
    
    
    blas_opt_info:
    blas_mkl_info:
      libraries mkl_rt not found in ['/srv/conda/envs/notebook/lib', '/usr/local/lib', '/usr/lib', '/usr/lib/x86_64-linux-gnu']
      NOT AVAILABLE
    
    openblas_info:
      libraries openblas not found in ['/srv/conda/envs/notebook/lib', '/usr/local/lib', '/usr/lib', '/usr/lib/x86_64-linux-gnu']
      NOT AVAILABLE
    
    atlas_3_10_blas_threads_info:
    Setting PTATLAS=ATLAS
      libraries tatlas not found in ['/srv/conda/envs/notebook/lib', '/usr/local/lib', '/usr/lib', '/usr/lib/x86_64-linux-gnu']
      NOT AVAILABLE
    
    atlas_3_10_blas_info:
      libraries satlas not found in ['/srv/conda/envs/notebook/lib', '/usr/local/lib', '/usr/lib', '/usr/lib/x86_64-linux-gnu']
      NOT AVAILABLE
    
    atlas_blas_threads_info:
    Setting PTATLAS=ATLAS
      libraries ptf77blas,ptcblas,atlas not found in ['/srv/conda/envs/notebook/lib', '/usr/local/lib', '/usr/lib', '/usr/lib/x86_64-linux-gnu']
      NOT AVAILABLE
    
    atlas_blas_info:
      libraries f77blas,cblas,atlas not found in ['/srv/conda/envs/notebook/lib', '/usr/local/lib', '/usr/lib', '/usr/lib/x86_64-linux-gnu']
      NOT AVAILABLE
    
    /tmp/pip-install-mk7vnjyd/numpy/numpy/distutils/system_info.py:1630: UserWarning:
        Atlas (http://math-atlas.sourceforge.net/) libraries not found.
        Directories to search for the libraries can be specified in the
        numpy/distutils/site.cfg file (section [atlas]) or by setting
        the ATLAS environment variable.
      warnings.warn(AtlasNotFoundError.__doc__)
    blas_info:
      libraries blas not found in ['/srv/conda/envs/notebook/lib', '/usr/local/lib', '/usr/lib', '/usr/lib/x86_64-linux-gnu']
      NOT AVAILABLE
    
    /tmp/pip-install-mk7vnjyd/numpy/numpy/distutils/system_info.py:1639: UserWarning:
        Blas (http://www.netlib.org/blas/) libraries not found.
        Directories to search for the libraries can be specified in the
        numpy/distutils/site.cfg file (section [blas]) or by setting
        the BLAS environment variable.
      warnings.warn(BlasNotFoundError.__doc__)
    blas_src_info:
      NOT AVAILABLE
    
    /tmp/pip-install-mk7vnjyd/numpy/numpy/distutils/system_info.py:1642: UserWarning:
        Blas (http://www.netlib.org/blas/) sources not found.
        Directories to search for the sources can be specified in the
        numpy/distutils/site.cfg file (section [blas_src]) or by setting
        the BLAS_SRC environment variable.
      warnings.warn(BlasSrcNotFoundError.__doc__)
      NOT AVAILABLE
    
    non-existing path in 'numpy/distutils': 'site.cfg'
    F2PY Version 2
    lapack_opt_info:
    openblas_lapack_info:
      libraries openblas not found in ['/srv/conda/envs/notebook/lib', '/usr/local/lib', '/usr/lib', '/usr/lib/x86_64-linux-gnu']
      NOT AVAILABLE
    
    lapack_mkl_info:
      libraries mkl_rt not found in ['/srv/conda/envs/notebook/lib', '/usr/local/lib', '/usr/lib', '/usr/lib/x86_64-linux-gnu']
      NOT AVAILABLE
    
    atlas_3_10_threads_info:
    Setting PTATLAS=ATLAS
      libraries tatlas,tatlas not found in /srv/conda/envs/notebook/lib
      libraries lapack_atlas not found in /srv/conda/envs/notebook/lib
      libraries tatlas,tatlas not found in /usr/local/lib
      libraries lapack_atlas not found in /usr/local/lib
      libraries tatlas,tatlas not found in /usr/lib
      libraries lapack_atlas not found in /usr/lib
      libraries tatlas,tatlas not found in /usr/lib/x86_64-linux-gnu
      libraries lapack_atlas not found in /usr/lib/x86_64-linux-gnu
    <class 'numpy.distutils.system_info.atlas_3_10_threads_info'>
      NOT AVAILABLE
    
    atlas_3_10_info:
      libraries satlas,satlas not found in /srv/conda/envs/notebook/lib
      libraries lapack_atlas not found in /srv/conda/envs/notebook/lib
      libraries satlas,satlas not found in /usr/local/lib
      libraries lapack_atlas not found in /usr/local/lib
      libraries satlas,satlas not found in /usr/lib
      libraries lapack_atlas not found in /usr/lib
      libraries satlas,satlas not found in /usr/lib/x86_64-linux-gnu
      libraries lapack_atlas not found in /usr/lib/x86_64-linux-gnu
    <class 'numpy.distutils.system_info.atlas_3_10_info'>
      NOT AVAILABLE
    
    atlas_threads_info:
    Setting PTATLAS=ATLAS
      libraries ptf77blas,ptcblas,atlas not found in /srv/conda/envs/notebook/lib
      libraries lapack_atlas not found in /srv/conda/envs/notebook/lib
      libraries ptf77blas,ptcblas,atlas not found in /usr/local/lib
      libraries lapack_atlas not found in /usr/local/lib
      libraries ptf77blas,ptcblas,atlas not found in /usr/lib
      libraries lapack_atlas not found in /usr/lib
      libraries ptf77blas,ptcblas,atlas not found in /usr/lib/x86_64-linux-gnu
      libraries lapack_atlas not found in /usr/lib/x86_64-linux-gnu
    <class 'numpy.distutils.system_info.atlas_threads_info'>
      NOT AVAILABLE
    
    atlas_info:
      libraries f77blas,cblas,atlas not found in /srv/conda/envs/notebook/lib
      libraries lapack_atlas not found in /srv/conda/envs/notebook/lib
      libraries f77blas,cblas,atlas not found in /usr/local/lib
      libraries lapack_atlas not found in /usr/local/lib
      libraries f77blas,cblas,atlas not found in /usr/lib
      libraries lapack_atlas not found in /usr/lib
      libraries f77blas,cblas,atlas not found in /usr/lib/x86_64-linux-gnu
      libraries lapack_atlas not found in /usr/lib/x86_64-linux-gnu
    <class 'numpy.distutils.system_info.atlas_info'>
      NOT AVAILABLE
    
    /tmp/pip-install-mk7vnjyd/numpy/numpy/distutils/system_info.py:1532: UserWarning:
        Atlas (http://math-atlas.sourceforge.net/) libraries not found.
        Directories to search for the libraries can be specified in the
        numpy/distutils/site.cfg file (section [atlas]) or by setting
        the ATLAS environment variable.
      warnings.warn(AtlasNotFoundError.__doc__)
    lapack_info:
      libraries lapack not found in ['/srv/conda/envs/notebook/lib', '/usr/local/lib', '/usr/lib', '/usr/lib/x86_64-linux-gnu']
      NOT AVAILABLE
    
    /tmp/pip-install-mk7vnjyd/numpy/numpy/distutils/system_info.py:1543: UserWarning:
        Lapack (http://www.netlib.org/lapack/) libraries not found.
        Directories to search for the libraries can be specified in the
        numpy/distutils/site.cfg file (section [lapack]) or by setting
        the LAPACK environment variable.
      warnings.warn(LapackNotFoundError.__doc__)
    lapack_src_info:
      NOT AVAILABLE
    
    /tmp/pip-install-mk7vnjyd/numpy/numpy/distutils/system_info.py:1546: UserWarning:
        Lapack (http://www.netlib.org/lapack/) sources not found.
        Directories to search for the sources can be specified in the
        numpy/distutils/site.cfg file (section [lapack_src]) or by setting
        the LAPACK_SRC environment variable.
      warnings.warn(LapackSrcNotFoundError.__doc__)
      NOT AVAILABLE
    
    /srv/conda/envs/notebook/lib/python3.7/distutils/dist.py:274: UserWarning: Unknown distribution option: 'define_macros'
      warnings.warn(msg)
    running install
    running build
    running config_cc
    unifing config_cc, config, build_clib, build_ext, build commands --compiler options
    running config_fc
    unifing config_fc, config, build_clib, build_ext, build commands --fcompiler options
    running build_src
    build_src
    building py_modules sources
    building library "npymath" sources
    customize Gnu95FCompiler
    Could not locate executable gfortran
    Could not locate executable f95
    customize IntelFCompiler
    Could not locate executable ifort
    Could not locate executable ifc
    customize LaheyFCompiler
    Could not locate executable lf95
    customize PGroupFCompiler
    Could not locate executable pgfortran
    customize AbsoftFCompiler
    Could not locate executable f90
    Could not locate executable f77
    customize NAGFCompiler
    customize VastFCompiler
    customize CompaqFCompiler
    Could not locate executable fort
    customize IntelItaniumFCompiler
    Could not locate executable efort
    Could not locate executable efc
    customize IntelEM64TFCompiler
    customize GnuFCompiler
    Could not locate executable g77
    customize G95FCompiler
    Could not locate executable g95
    customize PathScaleFCompiler
    Could not locate executable pathf95
    don't know how to compile Fortran code on platform 'posix'
    C compiler: gcc -pthread -B /srv/conda/envs/notebook/compiler_compat -Wl,--sysroot=/ -Wsign-compare -DNDEBUG -g -fwrapv -O3 -Wall -Wstrict-prototypes -fPIC
    
    compile options: '-Inumpy/core/src/private -Inumpy/core/src -Inumpy/core -Inumpy/core/src/npymath -Inumpy/core/src/multiarray -Inumpy/core/src/umath -Inumpy/core/src/npysort -I/srv/conda/envs/notebook/include/python3.7m -c'
    gcc: _configtest.c
    gcc -pthread -B /srv/conda/envs/notebook/compiler_compat -Wl,--sysroot=/ _configtest.o -o _configtest
    success!
    removing: _configtest.c _configtest.o _configtest
    C compiler: gcc -pthread -B /srv/conda/envs/notebook/compiler_compat -Wl,--sysroot=/ -Wsign-compare -DNDEBUG -g -fwrapv -O3 -Wall -Wstrict-prototypes -fPIC
    
    compile options: '-Inumpy/core/src/private -Inumpy/core/src -Inumpy/core -Inumpy/core/src/npymath -Inumpy/core/src/multiarray -Inumpy/core/src/umath -Inumpy/core/src/npysort -I/srv/conda/envs/notebook/include/python3.7m -c'
    gcc: _configtest.c
    _configtest.c:1:5: warning: conflicting types for built-in function ‘exp’ [-Wbuiltin-declaration-mismatch]
     int exp (void);
         ^~~
    gcc -pthread -B /srv/conda/envs/notebook/compiler_compat -Wl,--sysroot=/ _configtest.o -o _configtest
    /srv/conda/envs/notebook/compiler_compat/ld: _configtest.o: in function `main':
    /tmp/pip-install-mk7vnjyd/numpy/_configtest.c:6: undefined reference to `exp'
    collect2: error: ld returned 1 exit status
    /srv/conda/envs/notebook/compiler_compat/ld: _configtest.o: in function `main':
    /tmp/pip-install-mk7vnjyd/numpy/_configtest.c:6: undefined reference to `exp'
    collect2: error: ld returned 1 exit status
    failure.
    removing: _configtest.c _configtest.o
    C compiler: gcc -pthread -B /srv/conda/envs/notebook/compiler_compat -Wl,--sysroot=/ -Wsign-compare -DNDEBUG -g -fwrapv -O3 -Wall -Wstrict-prototypes -fPIC
    
    compile options: '-Inumpy/core/src/private -Inumpy/core/src -Inumpy/core -Inumpy/core/src/npymath -Inumpy/core/src/multiarray -Inumpy/core/src/umath -Inumpy/core/src/npysort -I/srv/conda/envs/notebook/include/python3.7m -c'
    gcc: _configtest.c
    _configtest.c:1:5: warning: conflicting types for built-in function ‘exp’ [-Wbuiltin-declaration-mismatch]
     int exp (void);
         ^~~
    gcc -pthread -B /srv/conda/envs/notebook/compiler_compat -Wl,--sysroot=/ _configtest.o -lm -o _configtest
    success!
    removing: _configtest.c _configtest.o _configtest
    building library "npysort" sources
      adding 'build/src.linux-x86_64-3.7/numpy/core/src/private' to include_dirs.
    None - nothing done with h_files = ['build/src.linux-x86_64-3.7/numpy/core/src/private/npy_partition.h', 'build/src.linux-x86_64-3.7/numpy/core/src/private/npy_binsearch.h']
    building extension "numpy.core._dummy" sources
      adding 'build/src.linux-x86_64-3.7/numpy/core/include/numpy/config.h' to sources.
      adding 'build/src.linux-x86_64-3.7/numpy/core/include/numpy/_numpyconfig.h' to sources.
    executing numpy/core/code_generators/generate_numpy_api.py
      adding 'build/src.linux-x86_64-3.7/numpy/core/include/numpy/__multiarray_api.h' to sources.
    numpy.core - nothing done with h_files = ['build/src.linux-x86_64-3.7/numpy/core/include/numpy/config.h', 'build/src.linux-x86_64-3.7/numpy/core/include/numpy/_numpyconfig.h', 'build/src.linux-x86_64-3.7/numpy/core/include/numpy/__multiarray_api.h']
    building extension "numpy.core.multiarray" sources
      adding 'build/src.linux-x86_64-3.7/numpy/core/include/numpy/config.h' to sources.
      adding 'build/src.linux-x86_64-3.7/numpy/core/include/numpy/_numpyconfig.h' to sources.
    executing numpy/core/code_generators/generate_numpy_api.py
      adding 'build/src.linux-x86_64-3.7/numpy/core/include/numpy/__multiarray_api.h' to sources.
      adding 'build/src.linux-x86_64-3.7/numpy/core/src/private' to include_dirs.
    numpy.core - nothing done with h_files = ['build/src.linux-x86_64-3.7/numpy/core/src/private/templ_common.h', 'build/src.linux-x86_64-3.7/numpy/core/include/numpy/config.h', 'build/src.linux-x86_64-3.7/numpy/core/include/numpy/_numpyconfig.h', 'build/src.linux-x86_64-3.7/numpy/core/include/numpy/__multiarray_api.h']
    building extension "numpy.core.umath" sources
      adding 'build/src.linux-x86_64-3.7/numpy/core/include/numpy/config.h' to sources.
      adding 'build/src.linux-x86_64-3.7/numpy/core/include/numpy/_numpyconfig.h' to sources.
    executing numpy/core/code_generators/generate_ufunc_api.py
      adding 'build/src.linux-x86_64-3.7/numpy/core/include/numpy/__ufunc_api.h' to sources.
      adding 'build/src.linux-x86_64-3.7/numpy/core/src/umath' to include_dirs.
    numpy.core - nothing done with h_files = ['build/src.linux-x86_64-3.7/numpy/core/src/umath/funcs.inc', 'build/src.linux-x86_64-3.7/numpy/core/src/umath/simd.inc', 'build/src.linux-x86_64-3.7/numpy/core/src/umath/loops.h', 'build/src.linux-x86_64-3.7/numpy/core/include/numpy/config.h', 'build/src.linux-x86_64-3.7/numpy/core/include/numpy/_numpyconfig.h', 'build/src.linux-x86_64-3.7/numpy/core/include/numpy/__ufunc_api.h']
    building extension "numpy.core.umath_tests" sources
    building extension "numpy.core.test_rational" sources
    building extension "numpy.core.struct_ufunc_test" sources
    building extension "numpy.core.multiarray_tests" sources
    building extension "numpy.core.operand_flag_tests" sources
    building extension "numpy.fft.fftpack_lite" sources
    building extension "numpy.linalg.lapack_lite" sources
    ### Warning:  Using unoptimized lapack ###
      adding 'numpy/linalg/lapack_lite/python_xerbla.c' to sources.
      adding 'numpy/linalg/lapack_lite/zlapack_lite.c' to sources.
      adding 'numpy/linalg/lapack_lite/dlapack_lite.c' to sources.
      adding 'numpy/linalg/lapack_lite/blas_lite.c' to sources.
      adding 'numpy/linalg/lapack_lite/dlamch.c' to sources.
      adding 'numpy/linalg/lapack_lite/f2c_lite.c' to sources.
    building extension "numpy.linalg._umath_linalg" sources
    ### Warning:  Using unoptimized lapack ###
      adding 'numpy/linalg/lapack_lite/python_xerbla.c' to sources.
      adding 'numpy/linalg/lapack_lite/zlapack_lite.c' to sources.
      adding 'numpy/linalg/lapack_lite/dlapack_lite.c' to sources.
      adding 'numpy/linalg/lapack_lite/blas_lite.c' to sources.
      adding 'numpy/linalg/lapack_lite/dlamch.c' to sources.
      adding 'numpy/linalg/lapack_lite/f2c_lite.c' to sources.
    building extension "numpy.random.mtrand" sources
    building data_files sources
    build_src: building npy-pkg config files
    running build_py
    copying numpy/version.py -> build/lib.linux-x86_64-3.7/numpy
    copying build/src.linux-x86_64-3.7/numpy/__config__.py -> build/lib.linux-x86_64-3.7/numpy
    copying build/src.linux-x86_64-3.7/numpy/distutils/__config__.py -> build/lib.linux-x86_64-3.7/numpy/distutils
    running build_clib
    customize UnixCCompiler
    customize UnixCCompiler using build_clib
    running build_ext
    customize UnixCCompiler
    customize UnixCCompiler using build_ext
    building 'numpy.core.multiarray' extension
    compiling C sources
    C compiler: gcc -pthread -B /srv/conda/envs/notebook/compiler_compat -Wl,--sysroot=/ -Wsign-compare -DNDEBUG -g -fwrapv -O3 -Wall -Wstrict-prototypes -fPIC
    
    compile options: '-DHAVE_NPY_CONFIG_H=1 -D_FILE_OFFSET_BITS=64 -D_LARGEFILE_SOURCE=1 -D_LARGEFILE64_SOURCE=1 -Ibuild/src.linux-x86_64-3.7/numpy/core/src/private -Inumpy/core/include -Ibuild/src.linux-x86_64-3.7/numpy/core/include/numpy -Inumpy/core/src/private -Inumpy/core/src -Inumpy/core -Inumpy/core/src/npymath -Inumpy/core/src/multiarray -Inumpy/core/src/umath -Inumpy/core/src/npysort -I/srv/conda/envs/notebook/include/python3.7m -Ibuild/src.linux-x86_64-3.7/numpy/core/src/private -Ibuild/src.linux-x86_64-3.7/numpy/core/src/private -Ibuild/src.linux-x86_64-3.7/numpy/core/src/private -c'
    gcc: numpy/core/src/multiarray/alloc.c
    gcc: numpy/core/src/multiarray/arrayobject.c
    gcc: build/src.linux-x86_64-3.7/numpy/core/src/multiarray/arraytypes.c
    numpy/core/src/multiarray/arraytypes.c.src: In function ‘VOID_setitem’:
    numpy/core/src/multiarray/arraytypes.c.src:855:9: warning: ‘PyObject_AsReadBuffer’ is deprecated [-Wdeprecated-declarations]
             res = PyObject_AsReadBuffer(op, &buffer, &buflen);
             ^~~
    In file included from /srv/conda/envs/notebook/include/python3.7m/Python.h:147:0,
                     from numpy/core/src/multiarray/arraytypes.c.src:3:
    /srv/conda/envs/notebook/include/python3.7m/abstract.h:489:17: note: declared here
     PyAPI_FUNC(int) PyObject_AsReadBuffer(PyObject *obj,
                     ^~~~~~~~~~~~~~~~~~~~~
    gcc: numpy/core/src/multiarray/array_assign.c
    gcc: numpy/core/src/multiarray/array_assign_scalar.c
    numpy/core/src/multiarray/array_assign_scalar.c: In function ‘PyArray_AssignRawScalar’:
    numpy/core/src/multiarray/array_assign_scalar.c:236:34: warning: comparison between signed and unsigned integer expressions [-Wsign-compare]
             if (sizeof(scalarbuffer) >= PyArray_DESCR(dst)->elsize) {
                                      ^~
    gcc: numpy/core/src/multiarray/array_assign_array.c
    gcc: numpy/core/src/multiarray/buffer.c
    gcc: numpy/core/src/multiarray/calculation.c
    gcc: numpy/core/src/multiarray/compiled_base.c
    gcc: numpy/core/src/multiarray/common.c
    numpy/core/src/multiarray/common.c: In function ‘_IsAligned’:
    numpy/core/src/multiarray/common.c:667:19: warning: comparison between signed and unsigned integer expressions [-Wsign-compare]
         for (i = 0; i < PyArray_NDIM(ap); i++) {
                       ^
    numpy/core/src/multiarray/common.c: In function ‘_IsWriteable’:
    numpy/core/src/multiarray/common.c:724:5: warning: ‘PyObject_AsWriteBuffer’ is deprecated [-Wdeprecated-declarations]
         if (PyObject_AsWriteBuffer(base, &dummy, &n) < 0) {
         ^~
    In file included from /srv/conda/envs/notebook/include/python3.7m/Python.h:147:0,
                     from numpy/core/src/multiarray/common.c:2:
    /srv/conda/envs/notebook/include/python3.7m/abstract.h:500:17: note: declared here
     PyAPI_FUNC(int) PyObject_AsWriteBuffer(PyObject *obj,
                     ^~~~~~~~~~~~~~~~~~~~~~
    gcc: numpy/core/src/multiarray/convert.c
    gcc: numpy/core/src/multiarray/convert_datatype.c
    gcc: numpy/core/src/multiarray/conversion_utils.c
    gcc: numpy/core/src/multiarray/ctors.c
    numpy/core/src/multiarray/ctors.c: In function ‘PyArray_FromInterface’:
    numpy/core/src/multiarray/ctors.c:2313:9: warning: ‘PyObject_AsWriteBuffer’ is deprecated [-Wdeprecated-declarations]
             res = PyObject_AsWriteBuffer(base, (void **)&data, &buffer_len);
             ^~~
    In file included from /srv/conda/envs/notebook/include/python3.7m/Python.h:147:0,
                     from numpy/core/src/multiarray/ctors.c:2:
    /srv/conda/envs/notebook/include/python3.7m/abstract.h:500:17: note: declared here
     PyAPI_FUNC(int) PyObject_AsWriteBuffer(PyObject *obj,
                     ^~~~~~~~~~~~~~~~~~~~~~
    numpy/core/src/multiarray/ctors.c:2316:13: warning: ‘PyObject_AsReadBuffer’ is deprecated [-Wdeprecated-declarations]
                 res = PyObject_AsReadBuffer(
                 ^~~
    In file included from /srv/conda/envs/notebook/include/python3.7m/Python.h:147:0,
                     from numpy/core/src/multiarray/ctors.c:2:
    /srv/conda/envs/notebook/include/python3.7m/abstract.h:489:17: note: declared here
     PyAPI_FUNC(int) PyObject_AsReadBuffer(PyObject *obj,
                     ^~~~~~~~~~~~~~~~~~~~~
    numpy/core/src/multiarray/ctors.c: In function ‘PyArray_FromBuffer’:
    numpy/core/src/multiarray/ctors.c:3477:5: warning: ‘PyObject_AsWriteBuffer’ is deprecated [-Wdeprecated-declarations]
         if (PyObject_AsWriteBuffer(buf, (void *)&data, &ts) == -1) {
         ^~
    In file included from /srv/conda/envs/notebook/include/python3.7m/Python.h:147:0,
                     from numpy/core/src/multiarray/ctors.c:2:
    /srv/conda/envs/notebook/include/python3.7m/abstract.h:500:17: note: declared here
     PyAPI_FUNC(int) PyObject_AsWriteBuffer(PyObject *obj,
                     ^~~~~~~~~~~~~~~~~~~~~~
    numpy/core/src/multiarray/ctors.c:3480:9: warning: ‘PyObject_AsReadBuffer’ is deprecated [-Wdeprecated-declarations]
             if (PyObject_AsReadBuffer(buf, (void *)&data, &ts) == -1) {
             ^~
    In file included from /srv/conda/envs/notebook/include/python3.7m/Python.h:147:0,
                     from numpy/core/src/multiarray/ctors.c:2:
    /srv/conda/envs/notebook/include/python3.7m/abstract.h:489:17: note: declared here
     PyAPI_FUNC(int) PyObject_AsReadBuffer(PyObject *obj,
                     ^~~~~~~~~~~~~~~~~~~~~
    gcc: numpy/core/src/multiarray/datetime.c
    numpy/core/src/multiarray/datetime.c: In function ‘parse_datetime_extended_unit_from_string’:
    numpy/core/src/multiarray/datetime.c:781:24: warning: comparison between signed and unsigned integer expressions [-Wsign-compare]
         if (out_meta->base == -1) {
                            ^~
    numpy/core/src/multiarray/datetime.c: In function ‘get_datetime_units_factor’:
    numpy/core/src/multiarray/datetime.c:1076:23: warning: comparison between signed and unsigned integer expressions [-Wsign-compare]
         while (littlebase > unit) {
                           ^
    numpy/core/src/multiarray/datetime.c: In function ‘convert_datetime_metadata_tuple_to_datetime_metadata’:
    numpy/core/src/multiarray/datetime.c:1847:24: warning: comparison between signed and unsigned integer expressions [-Wsign-compare]
         if (out_meta->base == -1) {
                            ^~
    numpy/core/src/multiarray/datetime.c: In function ‘convert_pyobject_to_datetime’:
    numpy/core/src/multiarray/datetime.c:2395:24: warning: comparison between signed and unsigned integer expressions [-Wsign-compare]
             if (meta->base == -1) {
                            ^~
    numpy/core/src/multiarray/datetime.c:2411:24: warning: comparison between signed and unsigned integer expressions [-Wsign-compare]
             if (meta->base == -1 || meta->base == NPY_FR_GENERIC) {
                            ^~
    numpy/core/src/multiarray/datetime.c:2424:24: warning: comparison between signed and unsigned integer expressions [-Wsign-compare]
             if (meta->base == -1) {
                            ^~
    numpy/core/src/multiarray/datetime.c:2463:24: warning: comparison between signed and unsigned integer expressions [-Wsign-compare]
             if (meta->base == -1) {
                            ^~
    numpy/core/src/multiarray/datetime.c:2495:28: warning: comparison between signed and unsigned integer expressions [-Wsign-compare]
                 if (meta->base == -1) {
                                ^~
    numpy/core/src/multiarray/datetime.c:2522:24: warning: comparison between signed and unsigned integer expressions [-Wsign-compare]
             if (meta->base == -1) {
                            ^~
    numpy/core/src/multiarray/datetime.c: In function ‘convert_pyobject_to_timedelta’:
    numpy/core/src/multiarray/datetime.c:2598:28: warning: comparison between signed and unsigned integer expressions [-Wsign-compare]
                 if (meta->base == -1) {
                                ^~
    numpy/core/src/multiarray/datetime.c:2609:24: warning: comparison between signed and unsigned integer expressions [-Wsign-compare]
             if (meta->base == -1) {
                            ^~
    numpy/core/src/multiarray/datetime.c:2622:24: warning: comparison between signed and unsigned integer expressions [-Wsign-compare]
             if (meta->base == -1) {
                            ^~
    numpy/core/src/multiarray/datetime.c:2661:24: warning: comparison between signed and unsigned integer expressions [-Wsign-compare]
             if (meta->base == -1) {
                            ^~
    numpy/core/src/multiarray/datetime.c:2730:24: warning: comparison between signed and unsigned integer expressions [-Wsign-compare]
             if (meta->base == -1) {
                            ^~
    numpy/core/src/multiarray/datetime.c:2784:24: warning: comparison between signed and unsigned integer expressions [-Wsign-compare]
             if (meta->base == -1) {
                            ^~
    numpy/core/src/multiarray/datetime.c: In function ‘convert_pyobjects_to_datetimes’:
    numpy/core/src/multiarray/datetime.c:3118:26: warning: comparison between signed and unsigned integer expressions [-Wsign-compare]
         if (inout_meta->base == -1) {
                              ^~
    gcc: numpy/core/src/multiarray/datetime_strings.c
    numpy/core/src/multiarray/datetime_strings.c: In function ‘parse_iso_8601_datetime’:
    numpy/core/src/multiarray/datetime_strings.c:310:18: warning: comparison between signed and unsigned integer expressions [-Wsign-compare]
             if (unit != -1 && !can_cast_datetime64_units(bestunit, unit,
                      ^~
    numpy/core/src/multiarray/datetime_strings.c:350:18: warning: comparison between signed and unsigned integer expressions [-Wsign-compare]
             if (unit != -1 && !can_cast_datetime64_units(bestunit, unit,
                      ^~
    numpy/core/src/multiarray/datetime_strings.c:733:14: warning: comparison between signed and unsigned integer expressions [-Wsign-compare]
         if (unit != -1 && !can_cast_datetime64_units(bestunit, unit,
                  ^~
    numpy/core/src/multiarray/datetime_strings.c: In function ‘get_datetime_iso_8601_strlen’:
    numpy/core/src/multiarray/datetime_strings.c:764:14: warning: comparison between signed and unsigned integer expressions [-Wsign-compare]
         if (base == -1) {
                  ^~
    numpy/core/src/multiarray/datetime_strings.c: In function ‘make_iso_8601_datetime’:
    numpy/core/src/multiarray/datetime_strings.c:930:14: warning: comparison between signed and unsigned integer expressions [-Wsign-compare]
         if (base == -1) {
                  ^~
    numpy/core/src/multiarray/datetime_strings.c: In function ‘array_datetime_as_string’:
    numpy/core/src/multiarray/datetime_strings.c:1415:22: warning: comparison between signed and unsigned integer expressions [-Wsign-compare]
                 if (unit == -1) {
                          ^~
    numpy/core/src/multiarray/datetime_strings.c:1422:18: warning: comparison between signed and unsigned integer expressions [-Wsign-compare]
             if (unit != -1 && !can_cast_datetime64_units(meta->base, unit, casting)) {
                      ^~
    gcc: numpy/core/src/multiarray/datetime_busday.c
    gcc: numpy/core/src/multiarray/datetime_busdaycal.c
    gcc: numpy/core/src/multiarray/descriptor.c
    gcc: numpy/core/src/multiarray/dtype_transfer.c
    gcc: build/src.linux-x86_64-3.7/numpy/core/src/multiarray/einsum.c
    gcc: numpy/core/src/multiarray/flagsobject.c
    gcc: numpy/core/src/multiarray/getset.c
    numpy/core/src/multiarray/getset.c: In function ‘array_strides_set’:
    numpy/core/src/multiarray/getset.c:134:5: warning: ‘PyObject_AsReadBuffer’ is deprecated [-Wdeprecated-declarations]
         if (PyArray_BASE(new) && PyObject_AsReadBuffer(PyArray_BASE(new),
         ^~
    In file included from /srv/conda/envs/notebook/include/python3.7m/Python.h:147:0,
                     from numpy/core/src/multiarray/getset.c:4:
    /srv/conda/envs/notebook/include/python3.7m/abstract.h:489:17: note: declared here
     PyAPI_FUNC(int) PyObject_AsReadBuffer(PyObject *obj,
                     ^~~~~~~~~~~~~~~~~~~~~
    numpy/core/src/multiarray/getset.c: In function ‘array_data_set’:
    numpy/core/src/multiarray/getset.c:340:5: warning: ‘PyObject_AsWriteBuffer’ is deprecated [-Wdeprecated-declarations]
         if (PyObject_AsWriteBuffer(op, &buf, &buf_len) < 0) {
         ^~
    In file included from /srv/conda/envs/notebook/include/python3.7m/Python.h:147:0,
                     from numpy/core/src/multiarray/getset.c:4:
    /srv/conda/envs/notebook/include/python3.7m/abstract.h:500:17: note: declared here
     PyAPI_FUNC(int) PyObject_AsWriteBuffer(PyObject *obj,
                     ^~~~~~~~~~~~~~~~~~~~~~
    numpy/core/src/multiarray/getset.c:342:9: warning: ‘PyObject_AsReadBuffer’ is deprecated [-Wdeprecated-declarations]
             if (PyObject_AsReadBuffer(op, (const void **)&buf, &buf_len) < 0) {
             ^~
    In file included from /srv/conda/envs/notebook/include/python3.7m/Python.h:147:0,
                     from numpy/core/src/multiarray/getset.c:4:
    /srv/conda/envs/notebook/include/python3.7m/abstract.h:489:17: note: declared here
     PyAPI_FUNC(int) PyObject_AsReadBuffer(PyObject *obj,
                     ^~~~~~~~~~~~~~~~~~~~~
    gcc: numpy/core/src/multiarray/hashdescr.c
    gcc: numpy/core/src/multiarray/item_selection.c
    In file included from numpy/core/src/multiarray/item_selection.c:24:0:
    numpy/core/src/private/npy_partition.h.src: In function ‘get_partition_func’:
    numpy/core/src/private/npy_partition.h.src:98:19: warning: comparison between signed and unsigned integer expressions [-Wsign-compare]
         for (i = 0; i < sizeof(_part_map)/sizeof(_part_map[0]); i++) {
                       ^
    numpy/core/src/private/npy_partition.h.src:99:18: warning: comparison between signed and unsigned integer expressions [-Wsign-compare]
             if (type == _part_map[i].typenum) {
                      ^~
    numpy/core/src/private/npy_partition.h.src: In function ‘get_argpartition_func’:
    numpy/core/src/private/npy_partition.h.src:114:19: warning: comparison between signed and unsigned integer expressions [-Wsign-compare]
         for (i = 0; i < sizeof(_part_map)/sizeof(_part_map[0]); i++) {
                       ^
    numpy/core/src/private/npy_partition.h.src:115:18: warning: comparison between signed and unsigned integer expressions [-Wsign-compare]
             if (type == _part_map[i].typenum) {
                      ^~
    In file included from numpy/core/src/multiarray/item_selection.c:25:0:
    numpy/core/src/private/npy_binsearch.h.src: In function ‘get_binsearch_func’:
    numpy/core/src/private/npy_binsearch.h.src:120:45: warning: comparison between signed and unsigned integer expressions [-Wsign-compare]
             if (_@arg@binsearch_map[mid_idx].typenum < type) {
                                                 ^
    numpy/core/src/private/npy_binsearch.h.src:128:64: warning: comparison between signed and unsigned integer expressions [-Wsign-compare]
         if (min_idx < num_funcs && _@arg@binsearch_map[min_idx].typenum == type) {
                                                                    ^~
    In file included from numpy/core/src/multiarray/item_selection.c:25:0:
    numpy/core/src/private/npy_binsearch.h.src: In function ‘get_argbinsearch_func’:
    numpy/core/src/private/npy_binsearch.h.src:120:48: warning: comparison between signed and unsigned integer expressions [-Wsign-compare]
             if (_@arg@binsearch_map[mid_idx].typenum < type) {
                   [0m[91m                                 ^
    numpy/core/src/private/npy_binsearch.h.src:128:67: warning: comparison between signed and unsigned integer expressions [-Wsign-compare]
         if (min_idx < num_funcs && _@arg@binsearch_map[min_idx].typenum == type) {
                                                                       ^~
    gcc: numpy/core/src/multiarray/iterators.c
    gcc: build/src.linux-x86_64-3.7/numpy/core/src/multiarray/lowlevel_strided_loops.c
    gcc: numpy/core/src/multiarray/mapping.c
    gcc: numpy/core/src/multiarray/methods.c
    gcc: numpy/core/src/multiarray/multiarraymodule.c
    gcc: build/src.linux-x86_64-3.7/numpy/core/src/multiarray/nditer_templ.c
    gcc: numpy/core/src/multiarray/nditer_api.c
    gcc: numpy/core/src/multiarray/nditer_constr.c
    gcc: numpy/core/src/multiarray/nditer_pywrap.c
    gcc: numpy/core/src/multiarray/number.c
    gcc: numpy/core/src/multiarray/numpymemoryview.c
    gcc: numpy/core/src/multiarray/numpyos.c
    numpy/core/src/multiarray/numpyos.c:18:10: fatal error: xlocale.h: No such file or directory
     #include <xlocale.h>
              ^~~~~~~~~~~
    compilation terminated.
    numpy/core/src/multiarray/numpyos.c:18:10: fatal error: xlocale.h: No such file or directory
     #include <xlocale.h>
              ^~~~~~~~~~~
    compilation terminated.
    error: Command "gcc -pthread -B /srv/conda/envs/notebook/compiler_compat -Wl,--sysroot=/ -Wsign-compare -DNDEBUG -g -fwrapv -O3 -Wall -Wstrict-prototypes -fPIC -DHAVE_NPY_CONFIG_H=1 -D_FILE_OFFSET_BITS=64 -D_LARGEFILE_SOURCE=1 -D_LARGEFILE64_SOURCE=1 -Ibuild/src.linux-x86_64-3.7/numpy/core/src/private -Inumpy/core/include -Ibuild/src.linux-x86_64-3.7/numpy/core/include/numpy -Inumpy/core/src/private -Inumpy/core/src -Inumpy/core -Inumpy/core/src/npymath -Inumpy/core/src/multiarray -Inumpy/core/src/umath -Inumpy/core/src/npysort -I/srv/conda/envs/notebook/include/python3.7m -Ibuild/src.linux-x86_64-3.7/numpy/core/src/private -Ibuild/src.linux-x86_64-3.7/numpy/core/src/private -Ibuild/src.linux-x86_64-3.7/numpy/core/src/private -c numpy/core/src/multiarray/numpyos.c -o build/temp.linux-x86_64-3.7/numpy/core/src/multiarray/numpyos.o" failed with exit status 1
    ----------------------------------------
[0m[91mERROR: Command errored out with exit status 1: /srv/conda/envs/notebook/bin/python -u -c 'import sys, setuptools, tokenize; sys.argv[0] = '"'"'/tmp/pip-install-mk7vnjyd/numpy/setup.py'"'"'; __file__='"'"'/tmp/pip-install-mk7vnjyd/numpy/setup.py'"'"';f=getattr(tokenize, '"'"'open'"'"', open)(__file__);code=f.read().replace('"'"'\r\n'"'"', '"'"'\n'"'"');f.close();exec(compile(code, __file__, '"'"'exec'"'"'))' install --record /tmp/pip-record-yoxxznha/install-record.txt --single-version-externally-managed --compile --install-headers /srv/conda/envs/notebook/include/python3.7m/numpy Check the logs for full command output.
[0mRemoving intermediate container 9a2aa39d7121
The command '/bin/sh -c ${KERNEL_PYTHON_PREFIX}/bin/pip install --no-cache-dir -r "requirements.txt"' returned a non-zero code: 1Traceback (most recent call last):
  File "/usr/local/lib/python3.8/dist-packages/repo2docker_checker/checker.py", line 318, in test_one_repo
    image, checkout_path = build_repo(
  File "/usr/local/lib/python3.8/dist-packages/repo2docker_checker/checker.py", line 128, in build_repo
    run(
  File "/usr/lib/python3.8/subprocess.py", line 512, in run
    raise CalledProcessError(retcode, process.args,
subprocess.CalledProcessError: Command '['jupyter-repo2docker', '--no-run', '--no-clean', '--image-name', 'r2d-test-github.com-c-labpl-qrs_detector:13a404d', '/tmp/r2d-test-2020-07-13T11.00007b9792/github.com/c-labpl/qrs_detector']' returned non-zero exit status 1.
