[I 200717 06:17:36 inrepo:36] Testing notebook change_tenses.ipynb
[W 200717 06:17:36 inrepo:48] No such kernel python2, falling back on kernel language=python
[W 200717 06:17:36 inrepo:60] Using kernel python3 to provide language: python
[I 200717 06:17:37 execute:404] Executing notebook with kernel: python3
Traceback (most recent call last):
  File "/src/inrepo.py", line 114, in <module>
    main()
  File "/src/inrepo.py", line 110, in main
    test_f(opts.test, opts.output_dir)
  File "/src/inrepo.py", line 75, in run_notebook
    nb, cwd=os.path.dirname(nb_path), kernel_name=kernel_name, timeout=600
  File "/srv/conda/envs/notebook/lib/python3.7/site-packages/nbconvert/preprocessors/execute.py", line 737, in executenb
    return ep.preprocess(nb, resources, km=km)[0]
  File "/srv/conda/envs/notebook/lib/python3.7/site-packages/nbconvert/preprocessors/execute.py", line 405, in preprocess
    nb, resources = super(ExecutePreprocessor, self).preprocess(nb, resources)
  File "/srv/conda/envs/notebook/lib/python3.7/site-packages/nbconvert/preprocessors/base.py", line 69, in preprocess
    nb.cells[index], resources = self.preprocess_cell(cell, resources, index)
  File "/srv/conda/envs/notebook/lib/python3.7/site-packages/nbconvert/preprocessors/execute.py", line 448, in preprocess_cell
    raise CellExecutionError.from_cell_and_msg(cell, out)
nbconvert.preprocessors.execute.CellExecutionError: An error occurred while executing the following cell:
------------------
from spacy.en import English
from spacy.symbols import nsubj, VERB
from pattern.en import conjugate, PAST, PRESENT, tenses, parse, pprint, parsetree, SINGULAR, PLURAL
from itertools import tee
import string
from HTMLParser import HTMLParser
------------------

[0;31m---------------------------------------------------------------------------[0m
[0;31mModuleNotFoundError[0m                       Traceback (most recent call last)
[0;32m<ipython-input-1-9f1094a3f848>[0m in [0;36m<module>[0;34m[0m
[0;32m----> 1[0;31m [0;32mfrom[0m [0mspacy[0m[0;34m.[0m[0men[0m [0;32mimport[0m [0mEnglish[0m[0;34m[0m[0;34m[0m[0m
[0m[1;32m      2[0m [0;32mfrom[0m [0mspacy[0m[0;34m.[0m[0msymbols[0m [0;32mimport[0m [0mnsubj[0m[0;34m,[0m [0mVERB[0m[0;34m[0m[0;34m[0m[0m
[1;32m      3[0m [0;32mfrom[0m [0mpattern[0m[0;34m.[0m[0men[0m [0;32mimport[0m [0mconjugate[0m[0;34m,[0m [0mPAST[0m[0;34m,[0m [0mPRESENT[0m[0;34m,[0m [0mtenses[0m[0;34m,[0m [0mparse[0m[0;34m,[0m [0mpprint[0m[0;34m,[0m [0mparsetree[0m[0;34m,[0m [0mSINGULAR[0m[0;34m,[0m [0mPLURAL[0m[0;34m[0m[0;34m[0m[0m
[1;32m      4[0m [0;32mfrom[0m [0mitertools[0m [0;32mimport[0m [0mtee[0m[0;34m[0m[0;34m[0m[0m
[1;32m      5[0m [0;32mimport[0m [0mstring[0m[0;34m[0m[0;34m[0m[0m

[0;31mModuleNotFoundError[0m: No module named 'spacy.en'
ModuleNotFoundError: No module named 'spacy.en'


Container exited with status: {'Error': None, 'StatusCode': 1}
