[I 200713 13:15:00 inrepo:36] Testing notebook PVDAQ/pvdaq_system_perf_ratio_over_time.ipynb
[I 200713 13:15:01 inrepo:45] Found kernel python3
[I 200713 13:15:02 execute:404] Executing notebook with kernel: python3
Traceback (most recent call last):
  File "/src/inrepo.py", line 114, in <module>
    main()
  File "/src/inrepo.py", line 110, in main
    test_f(opts.test, opts.output_dir)
  File "/src/inrepo.py", line 75, in run_notebook
    nb, cwd=os.path.dirname(nb_path), kernel_name=kernel_name, timeout=600
  File "/srv/conda/envs/notebook/lib/python3.7/site-packages/nbconvert/preprocessors/execute.py", line 737, in executenb
    return ep.preprocess(nb, resources, km=km)[0]
  File "/srv/conda/envs/notebook/lib/python3.7/site-packages/nbconvert/preprocessors/execute.py", line 405, in preprocess
    nb, resources = super(ExecutePreprocessor, self).preprocess(nb, resources)
  File "/srv/conda/envs/notebook/lib/python3.7/site-packages/nbconvert/preprocessors/base.py", line 69, in preprocess
    nb.cells[index], resources = self.preprocess_cell(cell, resources, index)
  File "/srv/conda/envs/notebook/lib/python3.7/site-packages/nbconvert/preprocessors/execute.py", line 448, in preprocess_cell
    raise CellExecutionError.from_cell_and_msg(cell, out)
nbconvert.preprocessors.execute.CellExecutionError: An error occurred while executing the following cell:
------------------
import os
import datetime
import copy

import plotly.graph_objs as go
import plotly.tools as tls
import plotly.offline as plty
plty.init_notebook_mode(connected=True)
import cufflinks as cf
cf.go_offline()
cf.set_config_file(theme='ggplot')

import pandas as pd
import numpy as np

from analysis_utils import pv_time_series as pvts

import pymongo

import matplotlib.pyplot as plt
import matplotlib
%matplotlib notebook
%load_ext autoreload
%autoreload 2
------------------

[0;31m---------------------------------------------------------------------------[0m
[0;31mModuleNotFoundError[0m                       Traceback (most recent call last)
[0;32m<ipython-input-1-4af4f970ecbd>[0m in [0;36m<module>[0;34m[0m
[1;32m     14[0m [0;32mimport[0m [0mnumpy[0m [0;32mas[0m [0mnp[0m[0;34m[0m[0;34m[0m[0m
[1;32m     15[0m [0;34m[0m[0m
[0;32m---> 16[0;31m [0;32mfrom[0m [0manalysis_utils[0m [0;32mimport[0m [0mpv_time_series[0m [0;32mas[0m [0mpvts[0m[0;34m[0m[0;34m[0m[0m
[0m[1;32m     17[0m [0;34m[0m[0m
[1;32m     18[0m [0;32mimport[0m [0mpymongo[0m[0;34m[0m[0;34m[0m[0m

[0;32m~/PVDAQ/analysis_utils/pv_time_series.py[0m in [0;36m<module>[0;34m[0m
[1;32m      3[0m [0;32mimport[0m [0mpandas[0m [0;32mas[0m [0mpd[0m[0;34m[0m[0;34m[0m[0m
[1;32m      4[0m [0;32mimport[0m [0mnumpy[0m [0;32mas[0m [0mnp[0m[0;34m[0m[0;34m[0m[0m
[0;32m----> 5[0;31m [0;32mimport[0m [0mscipy[0m[0;34m[0m[0;34m[0m[0m
[0m[1;32m      6[0m [0;32mimport[0m [0mstatsmodels[0m[0;34m.[0m[0mapi[0m [0;32mas[0m [0msmapi[0m[0;34m[0m[0;34m[0m[0m
[1;32m      7[0m [0;34m[0m[0m

[0;31mModuleNotFoundError[0m: No module named 'scipy'
ModuleNotFoundError: No module named 'scipy'


Container exited with status: {'Error': None, 'StatusCode': 1}
