[I 200706 14:48:45 inrepo:35] Testing notebook cookbooks/8-organizations/1-GRID-preview.ipynb
[I 200706 14:48:46 execute:404] Executing notebook with kernel: python3
Traceback (most recent call last):
  File "/src/inrepo.py", line 76, in <module>
    main()
  File "/src/inrepo.py", line 72, in main
    test_f(opts.test, opts.output_dir)
  File "/src/inrepo.py", line 38, in run_notebook
    exported = executenb(nb, cwd=os.path.dirname(nb_path))
  File "/srv/conda/envs/notebook/lib/python3.7/site-packages/nbconvert/preprocessors/execute.py", line 737, in executenb
    return ep.preprocess(nb, resources, km=km)[0]
  File "/srv/conda/envs/notebook/lib/python3.7/site-packages/nbconvert/preprocessors/execute.py", line 405, in preprocess
    nb, resources = super(ExecutePreprocessor, self).preprocess(nb, resources)
  File "/srv/conda/envs/notebook/lib/python3.7/site-packages/nbconvert/preprocessors/base.py", line 69, in preprocess
    nb.cells[index], resources = self.preprocess_cell(cell, resources, index)
  File "/srv/conda/envs/notebook/lib/python3.7/site-packages/nbconvert/preprocessors/execute.py", line 448, in preprocess_cell
    raise CellExecutionError.from_cell_and_msg(cell, out)
nbconvert.preprocessors.execute.CellExecutionError: An error occurred while executing the following cell:
------------------
# @markdown Click the 'play' button on the left (or shift+enter) after entering your API credentials

username = "" #@param {type: "string"}
password = "" #@param {type: "string"}
endpoint = "https://app.dimensions.ai"

!pip install dimcli -U --quiet


# import all libraries and login
import dimcli
dimcli.login(username, password, endpoint)
dsl = dimcli.Dsl()

import pandas as pd
import sys
import json
import time
from tqdm.notebook import tqdm as pbar
------------------

An exception has occurred, use %tb to see the full traceback.

[0;31m---------------------------------------------------------------------------[0m

During handling of the above exception, another exception occurred:

[0;31mSystemExit[0m[0;31m:[0m 0

SystemExit: 0


Container exited with status: {'Error': None, 'StatusCode': 1}
