[I 200708 06:49:42 inrepo:36] Testing notebook scikitlearn/classification.ipynb
[I 200708 06:49:43 inrepo:45] Found kernel python3
[I 200708 06:49:43 execute:404] Executing notebook with kernel: python3
Traceback (most recent call last):
  File "/src/inrepo.py", line 112, in <module>
    main()
  File "/src/inrepo.py", line 108, in main
    test_f(opts.test, opts.output_dir)
  File "/src/inrepo.py", line 74, in run_notebook
    exported = executenb(nb, cwd=os.path.dirname(nb_path), kernel_name=kernel_name)
  File "/srv/conda/envs/notebook/lib/python3.7/site-packages/nbconvert/preprocessors/execute.py", line 737, in executenb
    return ep.preprocess(nb, resources, km=km)[0]
  File "/srv/conda/envs/notebook/lib/python3.7/site-packages/nbconvert/preprocessors/execute.py", line 405, in preprocess
    nb, resources = super(ExecutePreprocessor, self).preprocess(nb, resources)
  File "/srv/conda/envs/notebook/lib/python3.7/site-packages/nbconvert/preprocessors/base.py", line 69, in preprocess
    nb.cells[index], resources = self.preprocess_cell(cell, resources, index)
  File "/srv/conda/envs/notebook/lib/python3.7/site-packages/nbconvert/preprocessors/execute.py", line 448, in preprocess_cell
    raise CellExecutionError.from_cell_and_msg(cell, out)
nbconvert.preprocessors.execute.CellExecutionError: An error occurred while executing the following cell:
------------------
from sklearn.cross_validation import train_test_split

# Split the data into 75% train, 25% test
data_train, data_test, target_train, target_test = train_test_split(
    data, target, test_size=.25, random_state=0
)
------------------

[0;31m---------------------------------------------------------------------------[0m
[0;31mModuleNotFoundError[0m                       Traceback (most recent call last)
[0;32m<ipython-input-3-e19055bfafa9>[0m in [0;36m<module>[0;34m[0m
[0;32m----> 1[0;31m [0;32mfrom[0m [0msklearn[0m[0;34m.[0m[0mcross_validation[0m [0;32mimport[0m [0mtrain_test_split[0m[0;34m[0m[0;34m[0m[0m
[0m[1;32m      2[0m [0;34m[0m[0m
[1;32m      3[0m [0;31m# Split the data into 75% train, 25% test[0m[0;34m[0m[0;34m[0m[0;34m[0m[0m
[1;32m      4[0m data_train, data_test, target_train, target_test = train_test_split(
[1;32m      5[0m     [0mdata[0m[0;34m,[0m [0mtarget[0m[0;34m,[0m [0mtest_size[0m[0;34m=[0m[0;36m.25[0m[0;34m,[0m [0mrandom_state[0m[0;34m=[0m[0;36m0[0m[0;34m[0m[0;34m[0m[0m

[0;31mModuleNotFoundError[0m: No module named 'sklearn.cross_validation'
ModuleNotFoundError: No module named 'sklearn.cross_validation'


Container exited with status: {'Error': None, 'StatusCode': 1}
