[I 200703 08:21:43 inrepo:35] Testing notebook playground.ipynb
[I 200703 08:21:44 execute:404] Executing notebook with kernel: python
Traceback (most recent call last):
  File "/src/inrepo.py", line 76, in <module>
    main()
  File "/src/inrepo.py", line 72, in main
    test_f(opts.test, opts.output_dir)
  File "/src/inrepo.py", line 38, in run_notebook
    exported = executenb(nb, cwd=os.path.dirname(nb_path))
  File "/srv/conda/envs/notebook/lib/python3.7/site-packages/nbconvert/preprocessors/execute.py", line 737, in executenb
    return ep.preprocess(nb, resources, km=km)[0]
  File "/srv/conda/envs/notebook/lib/python3.7/site-packages/nbconvert/preprocessors/execute.py", line 405, in preprocess
    nb, resources = super(ExecutePreprocessor, self).preprocess(nb, resources)
  File "/srv/conda/envs/notebook/lib/python3.7/site-packages/nbconvert/preprocessors/base.py", line 69, in preprocess
    nb.cells[index], resources = self.preprocess_cell(cell, resources, index)
  File "/srv/conda/envs/notebook/lib/python3.7/site-packages/nbconvert/preprocessors/execute.py", line 448, in preprocess_cell
    raise CellExecutionError.from_cell_and_msg(cell, out)
nbconvert.preprocessors.execute.CellExecutionError: An error occurred while executing the following cell:
------------------
G = graphs.Logo()
G.estimate_lmax()
g = filters.Heat(G, tau=100)
------------------

[0;31m---------------------------------------------------------------------------[0m
[0;31mTypeError[0m                                 Traceback (most recent call last)
[0;32m<ipython-input-2-7ac21f479f01>[0m in [0;36m<module>[0;34m[0m
[1;32m      1[0m [0mG[0m [0;34m=[0m [0mgraphs[0m[0;34m.[0m[0mLogo[0m[0;34m([0m[0;34m)[0m[0;34m[0m[0;34m[0m[0m
[1;32m      2[0m [0mG[0m[0;34m.[0m[0mestimate_lmax[0m[0;34m([0m[0;34m)[0m[0;34m[0m[0;34m[0m[0m
[0;32m----> 3[0;31m [0mg[0m [0;34m=[0m [0mfilters[0m[0;34m.[0m[0mHeat[0m[0;34m([0m[0mG[0m[0;34m,[0m [0mtau[0m[0;34m=[0m[0;36m100[0m[0;34m)[0m[0;34m[0m[0;34m[0m[0m
[0m
[0;31mTypeError[0m: __init__() got an unexpected keyword argument 'tau'
TypeError: __init__() got an unexpected keyword argument 'tau'


Container exited with status: {'Error': None, 'StatusCode': 1}
