[I 200713 07:42:32 inrepo:36] Testing notebook 2_Education_proformance/.ipynb_checkpoints/Untitled-checkpoint.ipynb
[I 200713 07:42:32 inrepo:45] Found kernel python3
[I 200713 07:42:32 execute:404] Executing notebook with kernel: python3
Traceback (most recent call last):
  File "/src/inrepo.py", line 114, in <module>
    main()
  File "/src/inrepo.py", line 110, in main
    test_f(opts.test, opts.output_dir)
  File "/src/inrepo.py", line 75, in run_notebook
    nb, cwd=os.path.dirname(nb_path), kernel_name=kernel_name, timeout=600
  File "/srv/conda/envs/notebook/lib/python3.7/site-packages/nbconvert/preprocessors/execute.py", line 737, in executenb
    return ep.preprocess(nb, resources, km=km)[0]
  File "/srv/conda/envs/notebook/lib/python3.7/site-packages/nbconvert/preprocessors/execute.py", line 405, in preprocess
    nb, resources = super(ExecutePreprocessor, self).preprocess(nb, resources)
  File "/srv/conda/envs/notebook/lib/python3.7/site-packages/nbconvert/preprocessors/base.py", line 69, in preprocess
    nb.cells[index], resources = self.preprocess_cell(cell, resources, index)
  File "/srv/conda/envs/notebook/lib/python3.7/site-packages/nbconvert/preprocessors/execute.py", line 448, in preprocess_cell
    raise CellExecutionError.from_cell_and_msg(cell, out)
nbconvert.preprocessors.execute.CellExecutionError: An error occurred while executing the following cell:
------------------
with open("http://norvig.com/ngrams/enable1.txt", "r") as f:
    x = f.readlines()
------------------

[0;31m---------------------------------------------------------------------------[0m
[0;31mFileNotFoundError[0m                         Traceback (most recent call last)
[0;32m<ipython-input-6-1b75562ce646>[0m in [0;36m<module>[0;34m[0m
[0;32m----> 1[0;31m [0;32mwith[0m [0mopen[0m[0;34m([0m[0;34m"http://norvig.com/ngrams/enable1.txt"[0m[0;34m,[0m [0;34m"r"[0m[0;34m)[0m [0;32mas[0m [0mf[0m[0;34m:[0m[0;34m[0m[0;34m[0m[0m
[0m[1;32m      2[0m     [0mx[0m [0;34m=[0m [0mf[0m[0;34m.[0m[0mreadlines[0m[0;34m([0m[0;34m)[0m[0;34m[0m[0;34m[0m[0m

[0;31mFileNotFoundError[0m: [Errno 2] No such file or directory: 'http://norvig.com/ngrams/enable1.txt'
FileNotFoundError: [Errno 2] No such file or directory: 'http://norvig.com/ngrams/enable1.txt'


Container exited with status: {'Error': None, 'StatusCode': 1}
