[I 200716 08:22:31 inrepo:36] Testing notebook anothertestingfile.ipynb
Traceback (most recent call last):
  File "/srv/conda/envs/notebook/lib/python3.7/site-packages/nbformat/reader.py", line 14, in parse_json
    nb_dict = json.loads(s, **kwargs)
  File "/srv/conda/envs/notebook/lib/python3.7/json/__init__.py", line 348, in loads
    return _default_decoder.decode(s)
  File "/srv/conda/envs/notebook/lib/python3.7/json/decoder.py", line 337, in decode
    obj, end = self.raw_decode(s, idx=_w(s, 0).end())
  File "/srv/conda/envs/notebook/lib/python3.7/json/decoder.py", line 355, in raw_decode
    raise JSONDecodeError("Expecting value", s, err.value) from None
json.decoder.JSONDecodeError: Expecting value: line 29 column 2 (char 396)

During handling of the above exception, another exception occurred:

Traceback (most recent call last):
  File "/src/inrepo.py", line 114, in <module>
    main()
  File "/src/inrepo.py", line 110, in main
    test_f(opts.test, opts.output_dir)
  File "/src/inrepo.py", line 38, in run_notebook
    nb = nbformat.read(f, as_version=4)
  File "/srv/conda/envs/notebook/lib/python3.7/site-packages/nbformat/__init__.py", line 140, in read
    return reads(fp.read(), as_version, **kwargs)
  File "/srv/conda/envs/notebook/lib/python3.7/site-packages/nbformat/__init__.py", line 73, in reads
    nb = reader.reads(s, **kwargs)
  File "/srv/conda/envs/notebook/lib/python3.7/site-packages/nbformat/reader.py", line 58, in reads
    nb_dict = parse_json(s, **kwargs)
  File "/srv/conda/envs/notebook/lib/python3.7/site-packages/nbformat/reader.py", line 17, in parse_json
    raise NotJSONError(("Notebook does not appear to be JSON: %r" % s)[:77] + "...")
nbformat.reader.NotJSONError: Notebook does not appear to be JSON: '{\n "cells": [\n  {\n   "cell_type": "m...

Container exited with status: {'Error': None, 'StatusCode': 1}
