[I 200708 08:11:04 inrepo:36] Testing notebook Tutorial_S2_4.ipynb
[I 200708 08:11:05 inrepo:45] Found kernel python3
[I 200708 08:11:05 execute:404] Executing notebook with kernel: python3
Traceback (most recent call last):
  File "/src/inrepo.py", line 112, in <module>
    main()
  File "/src/inrepo.py", line 108, in main
    test_f(opts.test, opts.output_dir)
  File "/src/inrepo.py", line 74, in run_notebook
    exported = executenb(nb, cwd=os.path.dirname(nb_path), kernel_name=kernel_name)
  File "/srv/conda/envs/notebook/lib/python3.7/site-packages/nbconvert/preprocessors/execute.py", line 737, in executenb
    return ep.preprocess(nb, resources, km=km)[0]
  File "/srv/conda/envs/notebook/lib/python3.7/site-packages/nbconvert/preprocessors/execute.py", line 405, in preprocess
    nb, resources = super(ExecutePreprocessor, self).preprocess(nb, resources)
  File "/srv/conda/envs/notebook/lib/python3.7/site-packages/nbconvert/preprocessors/base.py", line 69, in preprocess
    nb.cells[index], resources = self.preprocess_cell(cell, resources, index)
  File "/srv/conda/envs/notebook/lib/python3.7/site-packages/nbconvert/preprocessors/execute.py", line 448, in preprocess_cell
    raise CellExecutionError.from_cell_and_msg(cell, out)
nbconvert.preprocessors.execute.CellExecutionError: An error occurred while executing the following cell:
------------------
# Use these assert statements to test whether your function produces correct output.
assert subtract(4,2) == 2
assert subtract(-3,-5) == 2
------------------

[0;31m---------------------------------------------------------------------------[0m
[0;31mNameError[0m                                 Traceback (most recent call last)
[0;32m<ipython-input-1-6d75c5da27f3>[0m in [0;36m<module>[0;34m[0m
[1;32m      1[0m [0;31m# Use these assert statements to test whether your function produces correct output.[0m[0;34m[0m[0;34m[0m[0;34m[0m[0m
[0;32m----> 2[0;31m [0;32massert[0m [0msubtract[0m[0;34m([0m[0;36m4[0m[0;34m,[0m[0;36m2[0m[0;34m)[0m [0;34m==[0m [0;36m2[0m[0;34m[0m[0;34m[0m[0m
[0m[1;32m      3[0m [0;32massert[0m [0msubtract[0m[0;34m([0m[0;34m-[0m[0;36m3[0m[0;34m,[0m[0;34m-[0m[0;36m5[0m[0;34m)[0m [0;34m==[0m [0;36m2[0m[0;34m[0m[0;34m[0m[0m

[0;31mNameError[0m: name 'subtract' is not defined
NameError: name 'subtract' is not defined


Container exited with status: {'Error': None, 'StatusCode': 1}
