[I 200715 13:40:49 inrepo:36] Testing notebook test_case.ipynb
[I 200715 13:40:50 inrepo:45] Found kernel python3
[I 200715 13:40:52 execute:404] Executing notebook with kernel: python3
Traceback (most recent call last):
  File "/src/inrepo.py", line 114, in <module>
    main()
  File "/src/inrepo.py", line 110, in main
    test_f(opts.test, opts.output_dir)
  File "/src/inrepo.py", line 75, in run_notebook
    nb, cwd=os.path.dirname(nb_path), kernel_name=kernel_name, timeout=600
  File "/srv/conda/envs/notebook/lib/python3.7/site-packages/nbconvert/preprocessors/execute.py", line 737, in executenb
    return ep.preprocess(nb, resources, km=km)[0]
  File "/srv/conda/envs/notebook/lib/python3.7/site-packages/nbconvert/preprocessors/execute.py", line 405, in preprocess
    nb, resources = super(ExecutePreprocessor, self).preprocess(nb, resources)
  File "/srv/conda/envs/notebook/lib/python3.7/site-packages/nbconvert/preprocessors/base.py", line 69, in preprocess
    nb.cells[index], resources = self.preprocess_cell(cell, resources, index)
  File "/srv/conda/envs/notebook/lib/python3.7/site-packages/nbconvert/preprocessors/execute.py", line 448, in preprocess_cell
    raise CellExecutionError.from_cell_and_msg(cell, out)
nbconvert.preprocessors.execute.CellExecutionError: An error occurred while executing the following cell:
------------------
import pandas as pd
import xarray as xr

fields_map = [
    ('USTM_P0_2L103_GLC0', 'u_stm'),
    ('VSTM_P0_2L103_GLC0', 'v_stm'),
    ('CAPE_P0_L1_GLC0', 'cape'),
    ('PRATE_P0_L1_GLC0', 'precip_rate'),
    ('REFD_P0_L103_GLC0', 'refl'),
    ('gridlat_0', 'lat'),
    ('gridlon_0', 'lon')
]
old_fields, new_fields = map(list, zip(*fields_map))

OUT_FN = "hrrr_subset.2017{fcst.month:02d}{fcst.day:02d}.t{fcst.hour:02d}z.f{fcst.fcst_hour:02d}.csv"

------------------

[0;31m---------------------------------------------------------------------------[0m
[0;31mModuleNotFoundError[0m                       Traceback (most recent call last)
[0;32m<ipython-input-4-eb1c1253ad0f>[0m in [0;36m<module>[0;34m[0m
[0;32m----> 1[0;31m [0;32mimport[0m [0mpandas[0m [0;32mas[0m [0mpd[0m[0;34m[0m[0;34m[0m[0m
[0m[1;32m      2[0m [0;32mimport[0m [0mxarray[0m [0;32mas[0m [0mxr[0m[0;34m[0m[0;34m[0m[0m
[1;32m      3[0m [0;34m[0m[0m
[1;32m      4[0m fields_map = [
[1;32m      5[0m     [0;34m([0m[0;34m'USTM_P0_2L103_GLC0'[0m[0;34m,[0m [0;34m'u_stm'[0m[0;34m)[0m[0;34m,[0m[0;34m[0m[0;34m[0m[0m

[0;31mModuleNotFoundError[0m: No module named 'pandas'
ModuleNotFoundError: No module named 'pandas'


Container exited with status: {'Error': None, 'StatusCode': 1}
