Picked Local content provider.
Using local repo /tmp/r2d-test-2020-07-06T06.58c3lgxbm0/github.com/yandex/rep.
Using PythonBuildPack builder
Step 1/50 : FROM buildpack-deps:bionic
 ---> 5d109dc6d8a0
Step 2/50 : ENV DEBIAN_FRONTEND=noninteractive
 ---> Using cache
 ---> 84875aa039ff
Step 3/50 : RUN apt-get -qq update &&     apt-get -qq install --yes --no-install-recommends locales > /dev/null &&     apt-get -qq purge &&     apt-get -qq clean &&     rm -rf /var/lib/apt/lists/*
 ---> Using cache
 ---> 2c6f3445209c
Step 4/50 : RUN echo "en_US.UTF-8 UTF-8" > /etc/locale.gen &&     locale-gen
 ---> Using cache
 ---> 5ac40a1069ef
Step 5/50 : ENV LC_ALL en_US.UTF-8
 ---> Using cache
 ---> 0569ecd6efb3
Step 6/50 : ENV LANG en_US.UTF-8
 ---> Using cache
 ---> bd3372a8f400
Step 7/50 : ENV LANGUAGE en_US.UTF-8
 ---> Using cache
 ---> ab87a637d837
Step 8/50 : ENV SHELL /bin/bash
 ---> Using cache
 ---> 50ed7363eaf5
Step 9/50 : ARG NB_USER
 ---> Using cache
 ---> 0b8893bd6422
Step 10/50 : ARG NB_UID
 ---> Using cache
 ---> b9e6fa4ea16e
Step 11/50 : ENV USER ${NB_USER}
 ---> Using cache
 ---> b142a4c01942
Step 12/50 : ENV HOME /home/${NB_USER}
 ---> Using cache
 ---> e11d5723ab90
Step 13/50 : RUN groupadd         --gid ${NB_UID}         ${NB_USER} &&     useradd         --comment "Default user"         --create-home         --gid ${NB_UID}         --no-log-init         --shell /bin/bash         --uid ${NB_UID}         ${NB_USER}
 ---> Using cache
 ---> e20a5903ae77
Step 14/50 : RUN wget --quiet -O - https://deb.nodesource.com/gpgkey/nodesource.gpg.key |  apt-key add - &&     DISTRO="bionic" &&     echo "deb https://deb.nodesource.com/node_10.x $DISTRO main" >> /etc/apt/sources.list.d/nodesource.list &&     echo "deb-src https://deb.nodesource.com/node_10.x $DISTRO main" >> /etc/apt/sources.list.d/nodesource.list
 ---> Using cache
 ---> 730bb79c819d
Step 15/50 : RUN apt-get -qq update &&     apt-get -qq install --yes --no-install-recommends        less        nodejs        unzip        > /dev/null &&     apt-get -qq purge &&     apt-get -qq clean &&     rm -rf /var/lib/apt/lists/*
 ---> Using cache
 ---> 2be5b9d2edc7
Step 16/50 : EXPOSE 8888
 ---> Using cache
 ---> 7fcdbaf0fe40
Step 17/50 : ENV APP_BASE /srv
 ---> Using cache
 ---> ee51ea8ec11a
Step 18/50 : ENV NPM_DIR ${APP_BASE}/npm
 ---> Using cache
 ---> f34fdbe18446
Step 19/50 : ENV NPM_CONFIG_GLOBALCONFIG ${NPM_DIR}/npmrc
 ---> Using cache
 ---> 833e25d9d235
Step 20/50 : ENV CONDA_DIR ${APP_BASE}/conda
 ---> Using cache
 ---> 8ee468f15616
Step 21/50 : ENV NB_PYTHON_PREFIX ${CONDA_DIR}/envs/notebook
 ---> Using cache
 ---> 971c9391c0ab
Step 22/50 : ENV KERNEL_PYTHON_PREFIX ${NB_PYTHON_PREFIX}
 ---> Using cache
 ---> 7fa50abe8e21
Step 23/50 : ENV PATH ${NB_PYTHON_PREFIX}/bin:${CONDA_DIR}/bin:${NPM_DIR}/bin:${PATH}
 ---> Using cache
 ---> eaa621b5d97f
Step 24/50 : COPY build_script_files/-2fusr-2flocal-2flib-2fpython3-2e8-2fdist-2dpackages-2frepo2docker-2fbuildpacks-2fconda-2factivate-2dconda-2esh-1be18e /etc/profile.d/activate-conda.sh
 ---> Using cache
 ---> 9ffab983afa0
Step 25/50 : COPY build_script_files/-2fusr-2flocal-2flib-2fpython3-2e8-2fdist-2dpackages-2frepo2docker-2fbuildpacks-2fconda-2fenvironment-2epy-2d3-2e7-2efrozen-2eyml-26bd38 /tmp/environment.yml
 ---> Using cache
 ---> 9b3e6c528ba6
Step 26/50 : COPY build_script_files/-2fusr-2flocal-2flib-2fpython3-2e8-2fdist-2dpackages-2frepo2docker-2fbuildpacks-2fconda-2finstall-2dminiconda-2ebash-813f10 /tmp/install-miniconda.bash
 ---> Using cache
 ---> e52d3b4016a9
Step 27/50 : RUN mkdir -p ${NPM_DIR} && chown -R ${NB_USER}:${NB_USER} ${NPM_DIR}
 ---> Using cache
 ---> 0a8f7bcc0bd7
Step 28/50 : USER ${NB_USER}
 ---> Using cache
 ---> e295fca18e9d
Step 29/50 : RUN npm config --global set prefix ${NPM_DIR}
 ---> Using cache
 ---> b3629329dd8f
Step 30/50 : USER root
 ---> Using cache
 ---> 5ba3698f0957
Step 31/50 : RUN bash /tmp/install-miniconda.bash && rm /tmp/install-miniconda.bash /tmp/environment.yml
 ---> Using cache
 ---> ecb18ec9bb2f
Step 32/50 : ARG REPO_DIR=${HOME}
 ---> Using cache
 ---> 8f78500beba3
Step 33/50 : ENV REPO_DIR ${REPO_DIR}
 ---> Using cache
 ---> 300bfe3eb940
Step 34/50 : WORKDIR ${REPO_DIR}
 ---> Using cache
 ---> ab56d4c94aaf
Step 35/50 : ENV PATH ${HOME}/.local/bin:${REPO_DIR}/.local/bin:${PATH}
 ---> Using cache
 ---> 26a826700420
Step 36/50 : ENV CONDA_DEFAULT_ENV ${KERNEL_PYTHON_PREFIX}
 ---> Using cache
 ---> ebb7f28a23e9
Step 37/50 : COPY src/requirements.txt ${REPO_DIR}/requirements.txt
 ---> 3dcc634a394e
Step 38/50 : USER root
 ---> Running in 9b6544dc4747
Removing intermediate container 9b6544dc4747
 ---> 4afc40a6d7c9
Step 39/50 : COPY src/ ${REPO_DIR}
 ---> 2f60a5165391
Step 40/50 : RUN chown -R ${NB_USER}:${NB_USER} ${REPO_DIR}
 ---> Running in 8445f3d65075
Removing intermediate container 8445f3d65075
 ---> 83e7e9433855
Step 41/50 : USER ${NB_USER}
 ---> Running in 2479d8c54ccf
Removing intermediate container 2479d8c54ccf
 ---> 494920a4c74d
Step 42/50 : RUN ${KERNEL_PYTHON_PREFIX}/bin/pip install --no-cache-dir -r "requirements.txt"
 ---> Running in ff8d21f4cad0
[91mWARNING: pip is being invoked by an old script wrapper. This will fail in a future version of pip.
Please see https://github.com/pypa/pip/issues/5599 for advice on fixing the underlying issue.
To avoid this problem you can invoke Python with '-m pip' instead of running pip directly.
[0mCollecting numpy>=1.10.0
  Downloading numpy-1.19.0-cp37-cp37m-manylinux2010_x86_64.whl (14.6 MB)
Collecting scipy>=0.16.0
  Downloading scipy-1.5.1-cp37-cp37m-manylinux1_x86_64.whl (25.9 MB)
Collecting matplotlib==1.5.1
  Downloading matplotlib-1.5.1.tar.gz (54.0 MB)
Collecting pandas==0.17.1
  Downloading pandas-0.17.1.tar.gz (6.7 MB)
Collecting scikit-learn==0.17.1
  Downloading scikit-learn-0.17.1.tar.gz (7.9 MB)
Collecting ipykernel==4.3.1
  Downloading ipykernel-4.3.1-py2.py3-none-any.whl (93 kB)
Collecting notebook==4.2.1
  Downloading notebook-4.2.1-py2.py3-none-any.whl (6.7 MB)
Collecting bokeh==0.11.1
  Downloading bokeh-0.11.1.tar.gz (3.4 MB)
Collecting mpld3==0.2
  Downloading mpld3-0.2.tar.gz (1.1 MB)
Collecting neurolab==0.3.5
  Downloading neurolab-0.3.5.tar.gz (645 kB)
Collecting theano==0.8.2
  Downloading Theano-0.8.2.tar.gz (2.9 MB)
Collecting nose==1.3.7
  Downloading nose-1.3.7-py3-none-any.whl (154 kB)
Collecting nose-parameterized==0.5.0
  Downloading nose_parameterized-0.5.0-py2.py3-none-any.whl (14 kB)
Collecting theanets==0.7.3
  Downloading theanets-0.7.3-py2.py3-none-any.whl (73 kB)
Collecting pybrain==0.3
  Downloading PyBrain-0.3.tar.gz (262 kB)
Collecting xgboost==0.4a30
  Downloading xgboost-0.4a30.tar.gz (753 kB)
Collecting hep_ml==0.4
  Downloading hep_ml-0.4.0-py2.py3-none-any.whl (49 kB)
Collecting requests==2.9.1
  Downloading requests-2.9.1-py2.py3-none-any.whl (501 kB)
Requirement already satisfied: python-dateutil in /srv/conda/envs/notebook/lib/python3.7/site-packages (from matplotlib==1.5.1->-r requirements.txt (line 3)) (2.8.1)
Collecting pytz
  Downloading pytz-2020.1-py2.py3-none-any.whl (510 kB)
Collecting cycler
  Downloading cycler-0.10.0-py2.py3-none-any.whl (6.5 kB)
Collecting pyparsing!=2.0.0,!=2.0.4,>=1.5.6
  Downloading pyparsing-2.4.7-py2.py3-none-any.whl (67 kB)
Requirement already satisfied: ipython>=4.0.0 in /srv/conda/envs/notebook/lib/python3.7/site-packages (from ipykernel==4.3.1->-r requirements.txt (line 6)) (7.11.1)
Requirement already satisfied: jupyter-client in /srv/conda/envs/notebook/lib/python3.7/site-packages (from ipykernel==4.3.1->-r requirements.txt (line 6)) (5.3.4)
Requirement already satisfied: tornado>=4.0 in /srv/conda/envs/notebook/lib/python3.7/site-packages (from ipykernel==4.3.1->-r requirements.txt (line 6)) (6.0.3)
Requirement already satisfied: traitlets in /srv/conda/envs/notebook/lib/python3.7/site-packages (from ipykernel==4.3.1->-r requirements.txt (line 6)) (4.3.3)
Requirement already satisfied: nbformat in /srv/conda/envs/notebook/lib/python3.7/site-packages (from notebook==4.2.1->-r requirements.txt (line 7)) (5.0.4)
Requirement already satisfied: jupyter-core in /srv/conda/envs/notebook/lib/python3.7/site-packages (from notebook==4.2.1->-r requirements.txt (line 7)) (4.6.1)
Requirement already satisfied: ipython-genutils in /srv/conda/envs/notebook/lib/python3.7/site-packages (from notebook==4.2.1->-r requirements.txt (line 7)) (0.2.0)
Requirement already satisfied: jinja2 in /srv/conda/envs/notebook/lib/python3.7/site-packages (from notebook==4.2.1->-r requirements.txt (line 7)) (2.11.0)
Requirement already satisfied: terminado>=0.3.3; sys_platform != "win32" in /srv/conda/envs/notebook/lib/python3.7/site-packages (from notebook==4.2.1->-r requirements.txt (line 7)) (0.8.3)
Requirement already satisfied: nbconvert in /srv/conda/envs/notebook/lib/python3.7/site-packages (from notebook==4.2.1->-r requirements.txt (line 7)) (5.6.1)
Requirement already satisfied: six>=1.5.2 in /srv/conda/envs/notebook/lib/python3.7/site-packages (from bokeh==0.11.1->-r requirements.txt (line 8)) (1.14.0)
Collecting PyYAML>=3.10
  Downloading PyYAML-5.3.1.tar.gz (269 kB)
Collecting downhill
  Downloading downhill-0.4.0-py2.py3-none-any.whl (24 kB)
Collecting climate
  Downloading climate-0.1.0-py3-none-any.whl (1.1 kB)
Requirement already satisfied: setuptools>=18.5 in /srv/conda/envs/notebook/lib/python3.7/site-packages (from ipython>=4.0.0->ipykernel==4.3.1->-r requirements.txt (line 6)) (45.1.0.post20200119)
Requirement already satisfied: pickleshare in /srv/conda/envs/notebook/lib/python3.7/site-packages (from ipython>=4.0.0->ipykernel==4.3.1->-r requirements.txt (line 6)) (0.7.5)
Requirement already satisfied: prompt-toolkit!=3.0.0,!=3.0.1,<3.1.0,>=2.0.0 in /srv/conda/envs/notebook/lib/python3.7/site-packages (from ipython>=4.0.0->ipykernel==4.3.1->-r requirements.txt (line 6)) (3.0.3)
Requirement already satisfied: pexpect; sys_platform != "win32" in /srv/conda/envs/notebook/lib/python3.7/site-packages (from ipython>=4.0.0->ipykernel==4.3.1->-r requirements.txt (line 6)) (4.8.0)
Requirement already satisfied: backcall in /srv/conda/envs/notebook/lib/python3.7/site-packages (from ipython>=4.0.0->ipykernel==4.3.1->-r requirements.txt (line 6)) (0.1.0)
Requirement already satisfied: decorator in /srv/conda/envs/notebook/lib/python3.7/site-packages (from ipython>=4.0.0->ipykernel==4.3.1->-r requirements.txt (line 6)) (4.4.1)
Requirement already satisfied: pygments in /srv/conda/envs/notebook/lib/python3.7/site-packages (from ipython>=4.0.0->ipykernel==4.3.1->-r requirements.txt (line 6)) (2.5.2)
Requirement already satisfied: jedi>=0.10 in /srv/conda/envs/notebook/lib/python3.7/site-packages (from ipython>=4.0.0->ipykernel==4.3.1->-r requirements.txt (line 6)) (0.16.0)
Requirement already satisfied: pyzmq>=13 in /srv/conda/envs/notebook/lib/python3.7/site-packages (from jupyter-client->ipykernel==4.3.1->-r requirements.txt (line 6)) (18.1.1)
Requirement already satisfied: jsonschema!=2.5.0,>=2.4 in /srv/conda/envs/notebook/lib/python3.7/site-packages (from nbformat->notebook==4.2.1->-r requirements.txt (line 7)) (3.2.0)
Requirement already satisfied: MarkupSafe>=0.23 in /srv/conda/envs/notebook/lib/python3.7/site-packages (from jinja2->notebook==4.2.1->-r requirements.txt (line 7)) (1.1.1)
Requirement already satisfied: entrypoints>=0.2.2 in /srv/conda/envs/notebook/lib/python3.7/site-packages (from nbconvert->notebook==4.2.1->-r requirements.txt (line 7)) (0.3)
Requirement already satisfied: bleach in /srv/conda/envs/notebook/lib/python3.7/site-packages (from nbconvert->notebook==4.2.1->-r requirements.txt (line 7)) (3.1.0)
Requirement already satisfied: pandocfilters>=1.4.1 in /srv/conda/envs/notebook/lib/python3.7/site-packages (from nbconvert->notebook==4.2.1->-r requirements.txt (line 7)) (1.4.2)
Requirement already satisfied: testpath in /srv/conda/envs/notebook/lib/python3.7/site-packages (from nbconvert->notebook==4.2.1->-r requirements.txt (line 7)) (0.4.4)
Requirement already satisfied: defusedxml in /srv/conda/envs/notebook/lib/python3.7/site-packages (from nbconvert->notebook==4.2.1->-r requirements.txt (line 7)) (0.6.0)
Requirement already satisfied: mistune<2,>=0.8.1 in /srv/conda/envs/notebook/lib/python3.7/site-packages (from nbconvert->notebook==4.2.1->-r requirements.txt (line 7)) (0.8.4)
Collecting click
  Downloading click-7.1.2-py2.py3-none-any.whl (82 kB)
Requirement already satisfied: wcwidth in /srv/conda/envs/notebook/lib/python3.7/site-packages (from prompt-toolkit!=3.0.0,!=3.0.1,<3.1.0,>=2.0.0->ipython>=4.0.0->ipykernel==4.3.1->-r requirements.txt (line 6)) (0.1.8)
Requirement already satisfied: ptyprocess>=0.5 in /srv/conda/envs/notebook/lib/python3.7/site-packages (from pexpect; sys_platform != "win32"->ipython>=4.0.0->ipykernel==4.3.1->-r requirements.txt (line 6)) (0.6.0)
Requirement already satisfied: parso>=0.5.2 in /srv/conda/envs/notebook/lib/python3.7/site-packages (from jedi>=0.10->ipython>=4.0.0->ipykernel==4.3.1->-r requirements.txt (line 6)) (0.6.0)
Requirement already satisfied: importlib-metadata; python_version < "3.8" in /srv/conda/envs/notebook/lib/python3.7/site-packages (from jsonschema!=2.5.0,>=2.4->nbformat->notebook==4.2.1->-r requirements.txt (line 7)) (1.5.0)
Requirement already satisfied: pyrsistent>=0.14.0 in /srv/conda/envs/notebook/lib/python3.7/site-packages (from jsonschema!=2.5.0,>=2.4->nbformat->notebook==4.2.1->-r requirements.txt (line 7)) (0.15.7)
Requirement already satisfied: attrs>=17.4.0 in /srv/conda/envs/notebook/lib/python3.7/site-packages (from jsonschema!=2.5.0,>=2.4->nbformat->notebook==4.2.1->-r requirements.txt (line 7)) (19.3.0)
Requirement already satisfied: webencodings in /srv/conda/envs/notebook/lib/python3.7/site-packages (from bleach->nbconvert->notebook==4.2.1->-r requirements.txt (line 7)) (0.5.1)
Requirement already satisfied: zipp>=0.5 in /srv/conda/envs/notebook/lib/python3.7/site-packages (from importlib-metadata; python_version < "3.8"->jsonschema!=2.5.0,>=2.4->nbformat->notebook==4.2.1->-r requirements.txt (line 7)) (2.1.0)
Building wheels for collected packages: matplotlib, pandas, scikit-learn, bokeh, mpld3, neurolab, theano, pybrain, xgboost, PyYAML
  Building wheel for matplotlib (setup.py): started
  Building wheel for matplotlib (setup.py): finished with status 'done'
  Created wheel for matplotlib: filename=matplotlib-1.5.1-cp37-cp37m-linux_x86_64.whl size=50743623 sha256=0e9b6052875bcae105b5889291fa6493f203b67d99c7d9688559500ac1d0f38e
  Stored in directory: /tmp/pip-ephem-wheel-cache-kr3j8r0a/wheels/e3/a5/3d/0a80815d957ca187ba4fde8d15dda4d623597ee493edd08494
  Building wheel for pandas (setup.py): started
  Building wheel for pandas (setup.py): finished with status 'error'
[91m  ERROR: Command errored out with exit status 1:
   command: /srv/conda/envs/notebook/bin/python -u -c 'import sys, setuptools, tokenize; sys.argv[0] = '"'"'/tmp/pip-install-binc5khc/pandas/setup.py'"'"'; __file__='"'"'/tmp/pip-install-binc5khc/pandas/setup.py'"'"';f=getattr(tokenize, '"'"'open'"'"', open)(__file__);code=f.read().replace('"'"'\r\n'"'"', '"'"'\n'"'"');f.close();exec(compile(code, __file__, '"'"'exec'"'"'))' bdist_wheel -d /tmp/pip-wheel-8ux8jtsa
       cwd: /tmp/pip-install-binc5khc/pandas/
  Complete output (881 lines):
  running bdist_wheel
  running build
  running build_py
  creating build
  creating build/lib.linux-x86_64-3.7
  creating build/lib.linux-x86_64-3.7/pandas
  copying pandas/info.py -> build/lib.linux-x86_64-3.7/pandas
  copying pandas/__init__.py -> build/lib.linux-x86_64-3.7/pandas
  copying pandas/_version.py -> build/lib.linux-x86_64-3.7/pandas
  creating build/lib.linux-x86_64-3.7/pandas/compat
  copying pandas/compat/__init__.py -> build/lib.linux-x86_64-3.7/pandas/compat
  copying pandas/compat/pickle_compat.py -> build/lib.linux-x86_64-3.7/pandas/compat
  copying pandas/compat/chainmap_impl.py -> build/lib.linux-x86_64-3.7/pandas/compat
  copying pandas/compat/chainmap.py -> build/lib.linux-x86_64-3.7/pandas/compat
  copying pandas/compat/openpyxl_compat.py -> build/lib.linux-x86_64-3.7/pandas/compat
  creating build/lib.linux-x86_64-3.7/pandas/computation
  copying pandas/computation/ops.py -> build/lib.linux-x86_64-3.7/pandas/computation
  copying pandas/computation/__init__.py -> build/lib.linux-x86_64-3.7/pandas/computation
  copying pandas/computation/expr.py -> build/lib.linux-x86_64-3.7/pandas/computation
  copying pandas/computation/align.py -> build/lib.linux-x86_64-3.7/pandas/computation
  copying pandas/computation/common.py -> build/lib.linux-x86_64-3.7/pandas/computation
  copying pandas/computation/api.py -> build/lib.linux-x86_64-3.7/pandas/computation
  copying pandas/computation/scope.py -> build/lib.linux-x86_64-3.7/pandas/computation
  copying pandas/computation/expressions.py -> build/lib.linux-x86_64-3.7/pandas/computation
  copying pandas/computation/pytables.py -> build/lib.linux-x86_64-3.7/pandas/computation
  copying pandas/computation/engines.py -> build/lib.linux-x86_64-3.7/pandas/computation
  copying pandas/computation/eval.py -> build/lib.linux-x86_64-3.7/pandas/computation
  creating build/lib.linux-x86_64-3.7/pandas/computation/tests
  copying pandas/computation/tests/__init__.py -> build/lib.linux-x86_64-3.7/pandas/computation/tests
  copying pandas/computation/tests/test_eval.py -> build/lib.linux-x86_64-3.7/pandas/computation/tests
  creating build/lib.linux-x86_64-3.7/pandas/core
  copying pandas/core/ops.py -> build/lib.linux-x86_64-3.7/pandas/core
  copying pandas/core/__init__.py -> build/lib.linux-x86_64-3.7/pandas/core
  copying pandas/core/nanops.py -> build/lib.linux-x86_64-3.7/pandas/core
  copying pandas/core/algorithms.py -> build/lib.linux-x86_64-3.7/pandas/core
  copying pandas/core/missing.py -> build/lib.linux-x86_64-3.7/pandas/core
  copying pandas/core/common.py -> build/lib.linux-x86_64-3.7/pandas/core
  copying pandas/core/panel4d.py -> build/lib.linux-x86_64-3.7/pandas/core
  copying pandas/core/panelnd.py -> build/lib.linux-x86_64-3.7/pandas/core
  copying pandas/core/frame.py -> build/lib.linux-x86_64-3.7/pandas/core
  copying pandas/core/base.py -> build/lib.linux-x86_64-3.7/pandas/core
  copying pandas/core/api.py -> build/lib.linux-x86_64-3.7/pandas/core
  copying pandas/core/datetools.py -> build/lib.linux-x86_64-3.7/pandas/core
  copying pandas/core/config_init.py -> build/lib.linux-x86_64-3.7/pandas/core
  copying pandas/core/internals.py -> build/lib.linux-x86_64-3.7/pandas/core
  copying pandas/core/convert.py -> build/lib.linux-x86_64-3.7/pandas/core
  copying pandas/core/format.py -> build/lib.linux-x86_64-3.7/pandas/core
  copying pandas/core/style.py -> build/lib.linux-x86_64-3.7/pandas/core
  copying pandas/core/sparse.py -> build/lib.linux-x86_64-3.7/pandas/core
  copying pandas/core/index.py -> build/lib.linux-x86_64-3.7/pandas/core
  copying pandas/core/categorical.py -> build/lib.linux-x86_64-3.7/pandas/core
  copying pandas/core/reshape.py -> build/lib.linux-x86_64-3.7/pandas/core
  copying pandas/core/indexing.py -> build/lib.linux-x86_64-3.7/pandas/core
  copying pandas/core/config.py -> build/lib.linux-x86_64-3.7/pandas/core
  copying pandas/core/panel.py -> build/lib.linux-x86_64-3.7/pandas/core
  copying pandas/core/groupby.py -> build/lib.linux-x86_64-3.7/pandas/core
  copying pandas/core/series.py -> build/lib.linux-x86_64-3.7/pandas/core
  copying pandas/core/generic.py -> build/lib.linux-x86_64-3.7/pandas/core
  copying pandas/core/dtypes.py -> build/lib.linux-x86_64-3.7/pandas/core
  copying pandas/core/strings.py -> build/lib.linux-x86_64-3.7/pandas/core
  copying pandas/core/matrix.py -> build/lib.linux-x86_64-3.7/pandas/core
  creating build/lib.linux-x86_64-3.7/pandas/io
  copying pandas/io/data.py -> build/lib.linux-x86_64-3.7/pandas/io
  copying pandas/io/__init__.py -> build/lib.linux-x86_64-3.7/pandas/io
  copying pandas/io/auth.py -> build/lib.linux-x86_64-3.7/pandas/io
  copying pandas/io/clipboard.py -> build/lib.linux-x86_64-3.7/pandas/io
  copying pandas/io/parsers.py -> build/lib.linux-x86_64-3.7/pandas/io
  copying pandas/io/pickle.py -> build/lib.linux-x86_64-3.7/pandas/io
  copying pandas/io/html.py -> build/lib.linux-x86_64-3.7/pandas/io
  copying pandas/io/common.py -> build/lib.linux-x86_64-3.7/pandas/io
  copying pandas/io/sas.py -> build/lib.linux-x86_64-3.7/pandas/io
  copying pandas/io/api.py -> build/lib.linux-x86_64-3.7/pandas/io
  copying pandas/io/excel.py -> build/lib.linux-x86_64-3.7/pandas/io
  copying pandas/io/stata.py -> build/lib.linux-x86_64-3.7/pandas/io
  copying pandas/io/json.py -> build/lib.linux-x86_64-3.7/pandas/io
  copying pandas/io/packers.py -> build/lib.linux-x86_64-3.7/pandas/io
  copying pandas/io/gbq.py -> build/lib.linux-x86_64-3.7/pandas/io
  copying pandas/io/ga.py -> build/lib.linux-x86_64-3.7/pandas/io
  copying pandas/io/wb.py -> build/lib.linux-x86_64-3.7/pandas/io
  copying pandas/io/date_converters.py -> build/lib.linux-x86_64-3.7/pandas/io
  copying pandas/io/pytables.py -> build/lib.linux-x86_64-3.7/pandas/io
  copying pandas/io/sql.py -> build/lib.linux-x86_64-3.7/pandas/io
  creating build/lib.linux-x86_64-3.7/pandas/rpy
  copying pandas/rpy/__init__.py -> build/lib.linux-x86_64-3.7/pandas/rpy
  copying pandas/rpy/vars.py -> build/lib.linux-x86_64-3.7/pandas/rpy
  copying pandas/rpy/common.py -> build/lib.linux-x86_64-3.7/pandas/rpy
  copying pandas/rpy/base.py -> build/lib.linux-x86_64-3.7/pandas/rpy
  copying pandas/rpy/mass.py -> build/lib.linux-x86_64-3.7/pandas/rpy
  creating build/lib.linux-x86_64-3.7/pandas/sandbox
  copying pandas/sandbox/__init__.py -> build/lib.linux-x86_64-3.7/pandas/sandbox
  copying pandas/sandbox/qtpandas.py -> build/lib.linux-x86_64-3.7/pandas/sandbox
  creating build/lib.linux-x86_64-3.7/pandas/sparse
  copying pandas/sparse/__init__.py -> build/lib.linux-x86_64-3.7/pandas/sparse
  copying pandas/sparse/frame.py -> build/lib.linux-x86_64-3.7/pandas/sparse
  copying pandas/sparse/list.py -> build/lib.linux-x86_64-3.7/pandas/sparse
  copying pandas/sparse/api.py -> build/lib.linux-x86_64-3.7/pandas/sparse
  copying pandas/sparse/scipy_sparse.py -> build/lib.linux-x86_64-3.7/pandas/sparse
  copying pandas/sparse/array.py -> build/lib.linux-x86_64-3.7/pandas/sparse
  copying pandas/sparse/panel.py -> build/lib.linux-x86_64-3.7/pandas/sparse
  copying pandas/sparse/series.py -> build/lib.linux-x86_64-3.7/pandas/sparse
  creating build/lib.linux-x86_64-3.7/pandas/sparse/tests
  copying pandas/sparse/tests/test_array.py -> build/lib.linux-x86_64-3.7/pandas/sparse/tests
  copying pandas/sparse/tests/__init__.py -> build/lib.linux-x86_64-3.7/pandas/sparse/tests
  copying pandas/sparse/tests/test_libsparse.py -> build/lib.linux-x86_64-3.7/pandas/sparse/tests
  copying pandas/sparse/tests/test_list.py -> build/lib.linux-x86_64-3.7/pandas/sparse/tests
  copying pandas/sparse/tests/test_sparse.py -> build/lib.linux-x86_64-3.7/pandas/sparse/tests
  creating build/lib.linux-x86_64-3.7/pandas/stats
  copying pandas/stats/misc.py -> build/lib.linux-x86_64-3.7/pandas/stats
  copying pandas/stats/plm.py -> build/lib.linux-x86_64-3.7/pandas/stats
  copying pandas/stats/__init__.py -> build/lib.linux-x86_64-3.7/pandas/stats
  copying pandas/stats/interface.py -> build/lib.linux-x86_64-3.7/pandas/stats
  copying pandas/stats/common.py -> build/lib.linux-x86_64-3.7/pandas/stats
  copying pandas/stats/api.py -> build/lib.linux-x86_64-3.7/pandas/stats
  copying pandas/stats/fama_macbeth.py -> build/lib.linux-x86_64-3.7/pandas/stats
  copying pandas/stats/var.py -> build/lib.linux-x86_64-3.7/pandas/stats
  copying pandas/stats/math.py -> build/lib.linux-x86_64-3.7/pandas/stats
  copying pandas/stats/moments.py -> build/lib.linux-x86_64-3.7/pandas/stats
  copying pandas/stats/ols.py -> build/lib.linux-x86_64-3.7/pandas/stats
  creating build/lib.linux-x86_64-3.7/pandas/util
  copying pandas/util/misc.py -> build/lib.linux-x86_64-3.7/pandas/util
  copying pandas/util/__init__.py -> build/lib.linux-x86_64-3.7/pandas/util
  copying pandas/util/print_versions.py -> build/lib.linux-x86_64-3.7/pandas/util
  copying pandas/util/clipboard.py -> build/lib.linux-x86_64-3.7/pandas/util
  copying pandas/util/terminal.py -> build/lib.linux-x86_64-3.7/pandas/util
  copying pandas/util/doctools.py -> build/lib.linux-x86_64-3.7/pandas/util
  copying pandas/util/testing.py -> build/lib.linux-x86_64-3.7/pandas/util
  copying pandas/util/decorators.py -> build/lib.linux-x86_64-3.7/pandas/util
  creating build/lib.linux-x86_64-3.7/pandas/tests
  copying pandas/tests/test_testing.py -> build/lib.linux-x86_64-3.7/pandas/tests
  copying pandas/tests/test_compat.py -> build/lib.linux-x86_64-3.7/pandas/tests
  copying pandas/tests/test_panel4d.py -> build/lib.linux-x86_64-3.7/pandas/tests
  copying pandas/tests/__init__.py -> build/lib.linux-x86_64-3.7/pandas/tests
  copying pandas/tests/test_multilevel.py -> build/lib.linux-x86_64-3.7/pandas/tests
  copying pandas/tests/test_generic.py -> build/lib.linux-x86_64-3.7/pandas/tests
  copying pandas/tests/test_rplot.py -> build/lib.linux-x86_64-3.7/pandas/tests
  copying pandas/tests/test_indexing.py -> build/lib.linux-x86_64-3.7/pandas/tests
  copying pandas/tests/test_tseries.py -> build/lib.linux-x86_64-3.7/pandas/tests
  copying pandas/tests/test_strings.py -> build/lib.linux-x86_64-3.7/pandas/tests
  copying pandas/tests/test_panel.py -> build/lib.linux-x86_64-3.7/pandas/tests
  copying pandas/tests/test_style.py -> build/lib.linux-x86_64-3.7/pandas/tests
  copying pandas/tests/test_util.py -> build/lib.linux-x86_64-3.7/pandas/tests
  copying pandas/tests/test_format.py -> build/lib.linux-x86_64-3.7/pandas/tests
  copying pandas/tests/test_index.py -> build/lib.linux-x86_64-3.7/pandas/tests
  copying pandas/tests/test_expressions.py -> build/lib.linux-x86_64-3.7/pandas/tests
  copying pandas/tests/test_nanops.py -> build/lib.linux-x86_64-3.7/pandas/tests
  copying pandas/tests/test_dtypes.py -> build/lib.linux-x86_64-3.7/pandas/tests
  copying pandas/tests/test_categorical.py -> build/lib.linux-x86_64-3.7/pandas/tests
  copying pandas/tests/test_internals.py -> build/lib.linux-x86_64-3.7/pandas/tests
  copying pandas/tests/test_reshape.py -> build/lib.linux-x86_64-3.7/pandas/tests
  copying pandas/tests/test_algos.py -> build/lib.linux-x86_64-3.7/pandas/tests
  copying pandas/tests/test_panelnd.py -> build/lib.linux-x86_64-3.7/pandas/tests
  copying pandas/tests/test_graphics.py -> build/lib.linux-x86_64-3.7/pandas/tests
  copying pandas/tests/test_config.py -> build/lib.linux-x86_64-3.7/pandas/tests
  copying pandas/tests/test_groupby.py -> build/lib.linux-x86_64-3.7/pandas/tests
  copying pandas/tests/test_stats.py -> build/lib.linux-x86_64-3.7/pandas/tests
  copying pandas/tests/test_series.py -> build/lib.linux-x86_64-3.7/pandas/tests
  copying pandas/tests/test_graphics_others.py -> build/lib.linux-x86_64-3.7/pandas/tests
  copying pandas/tests/test_lib.py -> build/lib.linux-x86_64-3.7/pandas/tests
  copying pandas/tests/test_base.py -> build/lib.linux-x86_64-3.7/pandas/tests
  copying pandas/tests/test_frame.py -> build/lib.linux-x86_64-3.7/pandas/tests
  copying pandas/tests/test_common.py -> build/lib.linux-x86_64-3.7/pandas/tests
  creating build/lib.linux-x86_64-3.7/pandas/tests/test_msgpack
  copying pandas/tests/test_msgpack/test_pack.py -> build/lib.linux-x86_64-3.7/pandas/tests/test_msgpack
  copying pandas/tests/test_msgpack/test_limits.py -> build/lib.linux-x86_64-3.7/pandas/tests/test_msgpack
  copying pandas/tests/test_msgpack/__init__.py -> build/lib.linux-x86_64-3.7/pandas/tests/test_msgpack
  copying pandas/tests/test_msgpack/test_obj.py -> build/lib.linux-x86_64-3.7/pandas/tests/test_msgpack
  copying pandas/tests/test_msgpack/test_seq.py -> build/lib.linux-x86_64-3.7/pandas/tests/test_msgpack
  copying pandas/tests/test_msgpack/test_extension.py -> build/lib.linux-x86_64-3.7/pandas/tests/test_msgpack
  copying pandas/tests/test_msgpack/test_read_size.py -> build/lib.linux-x86_64-3.7/pandas/tests/test_msgpack
  copying pandas/tests/test_msgpack/test_case.py -> build/lib.linux-x86_64-3.7/pandas/tests/test_msgpack
  copying pandas/tests/test_msgpack/test_format.py -> build/lib.linux-x86_64-3.7/pandas/tests/test_msgpack
  copying pandas/tests/test_msgpack/test_sequnpack.py -> build/lib.linux-x86_64-3.7/pandas/tests/test_msgpack
  copying pandas/tests/test_msgpack/test_except.py -> build/lib.linux-x86_64-3.7/pandas/tests/test_msgpack
  copying pandas/tests/test_msgpack/test_subtype.py -> build/lib.linux-x86_64-3.7/pandas/tests/test_msgpack
  copying pandas/tests/test_msgpack/test_newspec.py -> build/lib.linux-x86_64-3.7/pandas/tests/test_msgpack
  copying pandas/tests/test_msgpack/test_unpack_raw.py -> build/lib.linux-x86_64-3.7/pandas/tests/test_msgpack
  copying pandas/tests/test_msgpack/test_buffer.py -> build/lib.linux-x86_64-3.7/pandas/tests/test_msgpack
  copying pandas/tests/test_msgpack/test_unpack.py -> build/lib.linux-x86_64-3.7/pandas/tests/test_msgpack
  creating build/lib.linux-x86_64-3.7/pandas/tools
  copying pandas/tools/__init__.py -> build/lib.linux-x86_64-3.7/pandas/tools
  copying pandas/tools/plotting.py -> build/lib.linux-x86_64-3.7/pandas/tools
  copying pandas/tools/tile.py -> build/lib.linux-x86_64-3.7/pandas/tools
  copying pandas/tools/util.py -> build/lib.linux-x86_64-3.7/pandas/tools
  copying pandas/tools/rplot.py -> build/lib.linux-x86_64-3.7/pandas/tools
  copying pandas/tools/merge.py -> build/lib.linux-x86_64-3.7/pandas/tools
  copying pandas/tools/pivot.py -> build/lib.linux-x86_64-3.7/pandas/tools
  creating build/lib.linux-x86_64-3.7/pandas/tools/tests
  copying pandas/tools/tests/__init__.py -> build/lib.linux-x86_64-3.7/pandas/tools/tests
  copying pandas/tools/tests/test_util.py -> build/lib.linux-x86_64-3.7/pandas/tools/tests
  copying pandas/tools/tests/test_merge.py -> build/lib.linux-x86_64-3.7/pandas/tools/tests
  copying pandas/tools/tests/test_tile.py -> build/lib.linux-x86_64-3.7/pandas/tools/tests
  copying pandas/tools/tests/test_pivot.py -> build/lib.linux-x86_64-3.7/pandas/tools/tests
  creating build/lib.linux-x86_64-3.7/pandas/tseries
  copying pandas/tseries/holiday.py -> build/lib.linux-x86_64-3.7/pandas/tseries
  copying pandas/tseries/__init__.py -> build/lib.linux-x86_64-3.7/pandas/tseries
  copying pandas/tseries/plotting.py -> build/lib.linux-x86_64-3.7/pandas/tseries
  copying pandas/tseries/interval.py -> build/lib.linux-x86_64-3.7/pandas/tseries
  copying pandas/tseries/common.py -> build/lib.linux-x86_64-3.7/pandas/tseries
  copying pandas/tseries/tdi.py -> build/lib.linux-x86_64-3.7/pandas/tseries
  copying pandas/tseries/util.py -> build/lib.linux-x86_64-3.7/pandas/tseries
  copying pandas/tseries/base.py -> build/lib.linux-x86_64-3.7/pandas/tseries
  copying pandas/tseries/api.py -> build/lib.linux-x86_64-3.7/pandas/tseries
  copying pandas/tseries/resample.py -> build/lib.linux-x86_64-3.7/pandas/tseries
  copying pandas/tseries/index.py -> build/lib.linux-x86_64-3.7/pandas/tseries
  copying pandas/tseries/period.py -> build/lib.linux-x86_64-3.7/pandas/tseries
  copying pandas/tseries/tools.py -> build/lib.linux-x86_64-3.7/pandas/tseries
  copying pandas/tseries/converter.py -> build/lib.linux-x86_64-3.7/pandas/tseries
  copying pandas/tseries/offsets.py -> build/lib.linux-x86_64-3.7/pandas/tseries
  copying pandas/tseries/frequencies.py -> build/lib.linux-x86_64-3.7/pandas/tseries
  copying pandas/tseries/timedeltas.py -> build/lib.linux-x86_64-3.7/pandas/tseries
  creating build/lib.linux-x86_64-3.7/pandas/tseries/tests
  copying pandas/tseries/tests/test_frequencies.py -> build/lib.linux-x86_64-3.7/pandas/tseries/tests
  copying pandas/tseries/tests/__init__.py -> build/lib.linux-x86_64-3.7/pandas/tseries/tests
  copying pandas/tseries/tests/test_daterange.py -> build/lib.linux-x86_64-3.7/pandas/tseries/tests
  copying pandas/tseries/tests/test_tslib.py -> build/lib.linux-x86_64-3.7/pandas/tseries/tests
  copying pandas/tseries/tests/test_period.py -> build/lib.linux-x86_64-3.7/pandas/tseries/tests
  copying pandas/tseries/tests/test_converter.py -> build/lib.linux-x86_64-3.7/pandas/tseries/tests
  copying pandas/tseries/tests/test_util.py -> build/lib.linux-x86_64-3.7/pandas/tseries/tests
  copying pandas/tseries/tests/test_timeseries_legacy.py -> build/lib.linux-x86_64-3.7/pandas/tseries/tests
  copying pandas/tseries/tests/test_plotting.py -> build/lib.linux-x86_64-3.7/pandas/tseries/tests
  copying pandas/tseries/tests/test_timeseries.py -> build/lib.linux-x86_64-3.7/pandas/tseries/tests
  copying pandas/tseries/tests/test_timedeltas.py -> build/lib.linux-x86_64-3.7/pandas/tseries/tests
  copying pandas/tseries/tests/test_holiday.py -> build/lib.linux-x86_64-3.7/pandas/tseries/tests
  copying pandas/tseries/tests/test_timezones.py -> build/lib.linux-x86_64-3.7/pandas/tseries/tests
  copying pandas/tseries/tests/test_resample.py -> build/lib.linux-x86_64-3.7/pandas/tseries/tests
  copying pandas/tseries/tests/test_offsets.py -> build/lib.linux-x86_64-3.7/pandas/tseries/tests
  copying pandas/tseries/tests/test_base.py -> build/lib.linux-x86_64-3.7/pandas/tseries/tests
  creating build/lib.linux-x86_64-3.7/pandas/io/tests
  copying pandas/io/tests/test_sas.py -> build/lib.linux-x86_64-3.7/pandas/io/tests
  copying pandas/io/tests/test_packers.py -> build/lib.linux-x86_64-3.7/pandas/io/tests
  copying pandas/io/tests/__init__.py -> build/lib.linux-x86_64-3.7/pandas/io/tests
  copying pandas/io/tests/test_html.py -> build/lib.linux-x86_64-3.7/pandas/io/tests
  copying pandas/io/tests/test_wb.py -> build/lib.linux-x86_64-3.7/pandas/io/tests
  copying pandas/io/tests/test_parsers.py -> build/lib.linux-x86_64-3.7/pandas/io/tests
  copying pandas/io/tests/test_cparser.py -> build/lib.linux-x86_64-3.7/pandas/io/tests
  copying pandas/io/tests/test_clipboard.py -> build/lib.linux-x86_64-3.7/pandas/io/tests
  copying pandas/io/tests/test_excel.py -> build/lib.linux-x86_64-3.7/pandas/io/tests
  copying pandas/io/tests/test_ga.py -> build/lib.linux-x86_64-3.7/pandas/io/tests
  copying pandas/io/tests/test_date_converters.py -> build/lib.linux-x86_64-3.7/pandas/io/tests
  copying pandas/io/tests/test_stata.py -> build/lib.linux-x86_64-3.7/pandas/io/tests
  copying pandas/io/tests/generate_legacy_storage_files.py -> build/lib.linux-x86_64-3.7/pandas/io/tests
  copying pandas/io/tests/test_json_norm.py -> build/lib.linux-x86_64-3.7/pandas/io/tests
  copying pandas/io/tests/test_pickle.py -> build/lib.linux-x86_64-3.7/pandas/io/tests
  copying pandas/io/tests/test_gbq.py -> build/lib.linux-x86_64-3.7/pandas/io/tests
  copying pandas/io/tests/test_data.py -> build/lib.linux-x86_64-3.7/pandas/io/tests
  copying pandas/io/tests/test_pytables.py -> build/lib.linux-x86_64-3.7/pandas/io/tests
  copying pandas/io/tests/test_sql.py -> build/lib.linux-x86_64-3.7/pandas/io/tests
  copying pandas/io/tests/test_common.py -> build/lib.linux-x86_64-3.7/pandas/io/tests
  creating build/lib.linux-x86_64-3.7/pandas/io/tests/test_json
  copying pandas/io/tests/test_json/__init__.py -> build/lib.linux-x86_64-3.7/pandas/io/tests/test_json
  copying pandas/io/tests/test_json/test_ujson.py -> build/lib.linux-x86_64-3.7/pandas/io/tests/test_json
  copying pandas/io/tests/test_json/test_pandas.py -> build/lib.linux-x86_64-3.7/pandas/io/tests/test_json
  creating build/lib.linux-x86_64-3.7/pandas/stats/tests
  copying pandas/stats/tests/__init__.py -> build/lib.linux-x86_64-3.7/pandas/stats/tests
  copying pandas/stats/tests/common.py -> build/lib.linux-x86_64-3.7/pandas/stats/tests
  copying pandas/stats/tests/test_math.py -> build/lib.linux-x86_64-3.7/pandas/stats/tests
  copying pandas/stats/tests/test_moments.py -> build/lib.linux-x86_64-3.7/pandas/stats/tests
  copying pandas/stats/tests/test_fama_macbeth.py -> build/lib.linux-x86_64-3.7/pandas/stats/tests
  copying pandas/stats/tests/test_var.py -> build/lib.linux-x86_64-3.7/pandas/stats/tests
  copying pandas/stats/tests/test_ols.py -> build/lib.linux-x86_64-3.7/pandas/stats/tests
  creating build/lib.linux-x86_64-3.7/pandas/msgpack
  copying pandas/msgpack/__init__.py -> build/lib.linux-x86_64-3.7/pandas/msgpack
  copying pandas/msgpack/exceptions.py -> build/lib.linux-x86_64-3.7/pandas/msgpack
  copying pandas/msgpack/_version.py -> build/lib.linux-x86_64-3.7/pandas/msgpack
  creating build/lib.linux-x86_64-3.7/pandas/io/tests/data
  creating build/lib.linux-x86_64-3.7/pandas/io/tests/data/legacy_hdf
  copying pandas/io/tests/data/legacy_hdf/legacy_0.10.h5 -> build/lib.linux-x86_64-3.7/pandas/io/tests/data/legacy_hdf
  copying pandas/io/tests/data/legacy_hdf/pytables_native2.h5 -> build/lib.linux-x86_64-3.7/pandas/io/tests/data/legacy_hdf
  copying pandas/io/tests/data/legacy_hdf/datetimetz_object.h5 -> build/lib.linux-x86_64-3.7/pandas/io/tests/data/legacy_hdf
  copying pandas/io/tests/data/legacy_hdf/legacy_table.h5 -> build/lib.linux-x86_64-3.7/pandas/io/tests/data/legacy_hdf
  copying pandas/io/tests/data/legacy_hdf/pytables_native.h5 -> build/lib.linux-x86_64-3.7/pandas/io/tests/data/legacy_hdf
  copying pandas/io/tests/data/legacy_hdf/legacy.h5 -> build/lib.linux-x86_64-3.7/pandas/io/tests/data/legacy_hdf
  copying pandas/io/tests/data/legacy_hdf/legacy_table_0.11.h5 -> build/lib.linux-x86_64-3.7/pandas/io/tests/data/legacy_hdf
  creating build/lib.linux-x86_64-3.7/pandas/io/tests/data/legacy_pickle
  creating build/lib.linux-x86_64-3.7/pandas/io/tests/data/legacy_pickle/0.14.0
  copying pandas/io/tests/data/legacy_pickle/0.14.0/0.14.0_x86_64_linux_2.7.8.pickle -> build/lib.linux-x86_64-3.7/pandas/io/tests/data/legacy_pickle/0.14.0
  copying pandas/io/tests/data/legacy_pickle/0.14.0/0.14.0_x86_64_darwin_2.7.6.pickle -> build/lib.linux-x86_64-3.7/pandas/io/tests/data/legacy_pickle/0.14.0
  creating build/lib.linux-x86_64-3.7/pandas/io/tests/data/legacy_pickle/0.15.2
  copying pandas/io/tests/data/legacy_pickle/0.15.2/0.15.2_x86_64_darwin_2.7.9.pickle -> build/lib.linux-x86_64-3.7/pandas/io/tests/data/legacy_pickle/0.15.2
  creating build/lib.linux-x86_64-3.7/pandas/io/tests/data/legacy_pickle/0.15.0
  copying pandas/io/tests/data/legacy_pickle/0.15.0/0.15.0_x86_64_linux_2.7.8.pickle -> build/lib.linux-x86_64-3.7/pandas/io/tests/data/legacy_pickle/0.15.0
  creating build/lib.linux-x86_64-3.7/pandas/io/tests/data/legacy_pickle/0.12.0
  copying pandas/io/tests/data/legacy_pickle/0.12.0/0.12.0_x86_64_linux_2.7.3.pickle -> build/lib.linux-x86_64-3.7/pandas/io/tests/data/legacy_pickle/0.12.0
  copying pandas/io/tests/data/legacy_pickle/0.12.0/0.12.0_AMD64_windows_2.7.3.pickle -> build/lib.linux-x86_64-3.7/pandas/io/tests/data/legacy_pickle/0.12.0
  creating build/lib.linux-x86_64-3.7/pandas/io/tests/data/legacy_pickle/0.16.2
  copying pandas/io/tests/data/legacy_pickle/0.16.2/0.16.2_AMD64_windows_3.4.3.pickle -> build/lib.linux-x86_64-3.7/pandas/io/tests/data/legacy_pickle/0.16.2
  copying pandas/io/tests/data/legacy_pickle/0.16.2/0.16.2_x86_64_linux_2.7.10.pickle -> build/lib.linux-x86_64-3.7/pandas/io/tests/data/legacy_pickle/0.16.2
  copying pandas/io/tests/data/legacy_pickle/0.16.2/0.16.2_x86_64_darwin_2.7.9.pickle -> build/lib.linux-x86_64-3.7/pandas/io/tests/data/legacy_pickle/0.16.2
  copying pandas/io/tests/data/legacy_pickle/0.16.2/0.16.2_x86_64_linux_3.4.3.pickle -> build/lib.linux-x86_64-3.7/pandas/io/tests/data/legacy_pickle/0.16.2
  copying pandas/io/tests/data/legacy_pickle/0.16.2/0.16.2_x86_64_darwin_3.4.3.pickle -> build/lib.linux-x86_64-3.7/pandas/io/tests/data/legacy_pickle/0.16.2
  copying pandas/io/tests/data/legacy_pickle/0.16.2/0.16.2_x86_64_darwin_2.7.10.pickle -> build/lib.linux-x86_64-3.7/pandas/io/tests/data/legacy_pickle/0.16.2
  copying pandas/io/tests/data/legacy_pickle/0.16.2/0.16.2_AMD64_windows_2.7.10.pickle -> build/lib.linux-x86_64-3.7/pandas/io/tests/data/legacy_pickle/0.16.2
  creating build/lib.linux-x86_64-3.7/pandas/io/tests/data/legacy_pickle/0.14.1
  copying pandas/io/tests/data/legacy_pickle/0.14.1/0.14.1_x86_64_linux_2.7.8.pickle -> build/lib.linux-x86_64-3.7/pandas/io/tests/data/legacy_pickle/0.14.1
  creating build/lib.linux-x86_64-3.7/pandas/io/tests/data/legacy_pickle/0.10.1
  copying pandas/io/tests/data/legacy_pickle/0.10.1/AMD64_windows_2.7.3.pickle -> build/lib.linux-x86_64-3.7/pandas/io/tests/data/legacy_pickle/0.10.1
  copying pandas/io/tests/data/legacy_pickle/0.10.1/x86_64_linux_2.7.3.pickle -> build/lib.linux-x86_64-3.7/pandas/io/tests/data/legacy_pickle/0.10.1
  creating build/lib.linux-x86_64-3.7/pandas/io/tests/data/legacy_pickle/0.13.0
  copying pandas/io/tests/data/legacy_pickle/0.13.0/0.13.0_x86_64_darwin_2.7.6.pickle -> build/lib.linux-x86_64-3.7/pandas/io/tests/data/legacy_pickle/0.13.0
  copying pandas/io/tests/data/legacy_pickle/0.13.0/0.13.0_x86_64_linux_3.3.0.pickle -> build/lib.linux-x86_64-3.7/pandas/io/tests/data/legacy_pickle/0.13.0
  copying pandas/io/tests/data/legacy_pickle/0.13.0/0.13.0_x86_64_linux_2.7.8.pickle -> build/lib.linux-x86_64-3.7/pandas/io/tests/data/legacy_pickle/0.13.0
  copying pandas/io/tests/data/legacy_pickle/0.13.0/0.13.0_x86_64_linux_2.7.3.pickle -> build/lib.linux-x86_64-3.7/pandas/io/tests/data/legacy_pickle/0.13.0
  copying pandas/io/tests/data/legacy_pickle/0.13.0/0.13.0_i686_linux_2.6.5.pickle -> build/lib.linux-x86_64-3.7/pandas/io/tests/data/legacy_pickle/0.13.0
  copying pandas/io/tests/data/legacy_pickle/0.13.0/0.13.0_AMD64_windows_2.7.3.pickle -> build/lib.linux-x86_64-3.7/pandas/io/tests/data/legacy_pickle/0.13.0
  copying pandas/io/tests/data/legacy_pickle/0.13.0/0.13.0_x86_64_darwin_2.7.5.pickle -> build/lib.linux-x86_64-3.7/pandas/io/tests/data/legacy_pickle/0.13.0
  copying pandas/io/tests/data/legacy_pickle/0.13.0/0.13.0_i686_linux_3.2.3.pickle -> build/lib.linux-x86_64-3.7/pandas/io/tests/data/legacy_pickle/0.13.0
  copying pandas/io/tests/data/legacy_pickle/0.13.0/0.13.0_i686_linux_2.7.3.pickle -> build/lib.linux-x86_64-3.7/pandas/io/tests/data/legacy_pickle/0.13.0
  creating build/lib.linux-x86_64-3.7/pandas/io/tests/data/legacy_pickle/0.11.0
  copying pandas/io/tests/data/legacy_pickle/0.11.0/x86_64_linux_3.3.0.pickle -> build/lib.linux-x86_64-3.7/pandas/io/tests/data/legacy_pickle/0.11.0
  copying pandas/io/tests/data/legacy_pickle/0.11.0/x86_64_linux_2.7.3.pickle -> build/lib.linux-x86_64-3.7/pandas/io/tests/data/legacy_pickle/0.11.0
  copying pandas/io/tests/data/legacy_pickle/0.11.0/0.11.0_x86_64_linux_3.3.0.pickle -> build/lib.linux-x86_64-3.7/pandas/io/tests/data/legacy_pickle/0.11.0
  creating build/lib.linux-x86_64-3.7/pandas/io/tests/data/legacy_pickle/0.16.0
  copying pandas/io/tests/data/legacy_pickle/0.16.0/0.16.0_x86_64_darwin_2.7.9.pickle -> build/lib.linux-x86_64-3.7/pandas/io/tests/data/legacy_pickle/0.16.0
  creating build/lib.linux-x86_64-3.7/pandas/io/tests/data/legacy_msgpack
  creating build/lib.linux-x86_64-3.7/pandas/io/tests/data/legacy_msgpack/0.16.2
  copying pandas/io/tests/data/legacy_msgpack/0.16.2/0.16.2_x86_64_darwin_2.7.9.msgpack -> build/lib.linux-x86_64-3.7/pandas/io/tests/data/legacy_msgpack/0.16.2
  copying pandas/io/tests/data/legacy_msgpack/0.16.2/0.16.2_AMD64_windows_2.7.10.msgpack -> build/lib.linux-x86_64-3.7/pandas/io/tests/data/legacy_msgpack/0.16.2
  copying pandas/io/tests/data/legacy_msgpack/0.16.2/0.16.2_x86_64_linux_3.4.3.msgpack -> build/lib.linux-x86_64-3.7/pandas/io/tests/data/legacy_msgpack/0.16.2
  copying pandas/io/tests/data/legacy_msgpack/0.16.2/0.16.2_AMD64_windows_3.4.3.msgpack -> build/lib.linux-x86_64-3.7/pandas/io/tests/data/legacy_msgpack/0.16.2
  copying pandas/io/tests/data/legacy_msgpack/0.16.2/0.16.2_x86_64_darwin_2.7.10.msgpack -> build/lib.linux-x86_64-3.7/pandas/io/tests/data/legacy_msgpack/0.16.2
  copying pandas/io/tests/data/legacy_msgpack/0.16.2/0.16.2_x86_64_darwin_3.4.3.msgpack -> build/lib.linux-x86_64-3.7/pandas/io/tests/data/legacy_msgpack/0.16.2
  copying pandas/io/tests/data/legacy_msgpack/0.16.2/0.16.2_x86_64_linux_2.7.10.msgpack -> build/lib.linux-x86_64-3.7/pandas/io/tests/data/legacy_msgpack/0.16.2
  creating build/lib.linux-x86_64-3.7/pandas/io/tests/data/legacy_msgpack/0.16.0
  copying pandas/io/tests/data/legacy_msgpack/0.16.0/0.16.0_x86_64_darwin_2.7.9.msgpack -> build/lib.linux-x86_64-3.7/pandas/io/tests/data/legacy_msgpack/0.16.0
  copying pandas/io/tests/data/DRXFCD_G.csv -> build/lib.linux-x86_64-3.7/pandas/io/tests/data
  copying pandas/io/tests/data/test1.csv -> build/lib.linux-x86_64-3.7/pandas/io/tests/data
  copying pandas/io/tests/data/banklist.csv -> build/lib.linux-x86_64-3.7/pandas/io/tests/data
  copying pandas/io/tests/data/test1.csv.gz -> build/lib.linux-x86_64-3.7/pandas/io/tests/data
  copying pandas/io/tests/data/stata6.csv -> build/lib.linux-x86_64-3.7/pandas/io/tests/data
  copying pandas/io/tests/data/test1.csv.bz2 -> build/lib.linux-x86_64-3.7/pandas/io/tests/data
  copying pandas/io/tests/data/iris.csv -> build/lib.linux-x86_64-3.7/pandas/io/tests/data
  copying pandas/io/tests/data/test2.csv -> build/lib.linux-x86_64-3.7/pandas/io/tests/data
  copying pandas/io/tests/data/unicode_series.csv -> build/lib.linux-x86_64-3.7/pandas/io/tests/data
  copying pandas/io/tests/data/stata3.csv -> build/lib.linux-x86_64-3.7/pandas/io/tests/data
  copying pandas/io/tests/data/SSHSV1_A.csv -> build/lib.linux-x86_64-3.7/pandas/io/tests/data
  copying pandas/io/tests/data/tips.csv -> build/lib.linux-x86_64-3.7/pandas/io/tests/data
  copying pandas/io/tests/data/DEMO_G.csv -> build/lib.linux-x86_64-3.7/pandas/io/tests/data
  copying pandas/io/tests/data/stata5.csv -> build/lib.linux-x86_64-3.7/pandas/io/tests/data
  copying pandas/io/tests/data/DEMO_G.XPT -> build/lib.linux-x86_64-3.7/pandas/io/tests/data
  copying pandas/io/tests/data/SSHSV1_A.XPT -> build/lib.linux-x86_64-3.7/pandas/io/tests/data
  copying pandas/io/tests/data/DRXFCD_G.XPT -> build/lib.linux-x86_64-3.7/pandas/io/tests/data
  copying pandas/io/tests/data/stata4_117.dta -> build/lib.linux-x86_64-3.7/pandas/io/tests/data
  copying pandas/io/tests/data/stata3_117.dta -> build/lib.linux-x86_64-3.7/pandas/io/tests/data
  copying pandas/io/tests/data/stata4_115.dta -> build/lib.linux-x86_64-3.7/pandas/io/tests/data
  copying pandas/io/tests/data/stata5_113.dta -> build/lib.linux-x86_64-3.7/pandas/io/tests/data
  copying pandas/io/tests/data/stata8_115.dta -> build/lib.linux-x86_64-3.7/pandas/io/tests/data
  copying pandas/io/tests/data/stata5_117.dta -> build/lib.linux-x86_64-3.7/pandas/io/tests/data
  copying pandas/io/tests/data/stata3_114.dta -> build/lib.linux-x86_64-3.7/pandas/io/tests/data
  copying pandas/io/tests/data/stata7_117.dta -> build/lib.linux-x86_64-3.7/pandas/io/tests/data
  copying pandas/io/tests/data/stata8_113.dta -> build/lib.linux-x86_64-3.7/pandas/io/tests/data
  copying pandas/io/tests/data/stata1_encoding.dta -> build/lib.linux-x86_64-3.7/pandas/io/tests/data
  copying pandas/io/tests/data/stata6_113.dta -> build/lib.linux-x86_64-3.7/pandas/io/tests/data
  copying pandas/io/tests/data/stata6_114.dta -> build/lib.linux-x86_64-3.7/pandas/io/tests/data
  copying pandas/io/tests/data/stata1_114.dta -> build/lib.linux-x86_64-3.7/pandas/io/tests/data
  copying pandas/io/tests/data/stata6_117.dta -> build/lib.linux-x86_64-3.7/pandas/io/tests/data
  copying pandas/io/tests/data/stata6_115.dta -> build/lib.linux-x86_64-3.7/pandas/io/tests/data
  copying pandas/io/tests/data/stata3_115.dta -> build/lib.linux-x86_64-3.7/pandas/io/tests/data
  copying pandas/io/tests/data/stata9_117.dta -> build/lib.linux-x86_64-3.7/pand[0m[91mas/io/tests/data
  copying pandas/io/tests/data/stata2_114.dta -> build/lib.linux-x86_64-3.7/pandas/io/tests/data
  copying pandas/io/tests/data/stata10_115.dta -> build/lib.linux-x86_64-3.7/pandas/io/tests/data
  copying pandas/io/tests/data/stata2_117.dta -> build/lib.linux-x86_64-3.7/pandas/io/tests/data
  copying pandas/io/tests/data/stata11_115.dta -> build/lib.linux-x86_64-3.7/pandas/io/tests/data
  copying pandas/io/tests/data/stata12_117.dta -> build/lib.linux-x86_64-3.7/pandas/io/tests/data
  copying pandas/io/tests/data/stata14_118.dta -> build/lib.linux-x86_64-3.7/pandas/io/tests/data
  copying pandas/io/tests/data/stata1_117.dta -> build/lib.linux-x86_64-3.7/pandas/io/tests/data
  copying pandas/io/tests/data/stata2_115.dta -> build/lib.linux-x86_64-3.7/pandas/io/tests/data
  copying pandas/io/tests/data/stata9_115.dta -> build/lib.linux-x86_64-3.7/pandas/io/tests/data
  copying pandas/io/tests/data/stata5_115.dta -> build/lib.linux-x86_64-3.7/pandas/io/tests/data
  copying pandas/io/tests/data/stata5_114.dta -> build/lib.linux-x86_64-3.7/pandas/io/tests/data
  copying pandas/io/tests/data/stata4_113.dta -> build/lib.linux-x86_64-3.7/pandas/io/tests/data
  copying pandas/io/tests/data/stata2_113.dta -> build/lib.linux-x86_64-3.7/pandas/io/tests/data
  copying pandas/io/tests/data/stata11_117.dta -> build/lib.linux-x86_64-3.7/pandas/io/tests/data
  copying pandas/io/tests/data/stata10_117.dta -> build/lib.linux-x86_64-3.7/pandas/io/tests/data
  copying pandas/io/tests/data/stata4_114.dta -> build/lib.linux-x86_64-3.7/pandas/io/tests/data
  copying pandas/io/tests/data/stata8_117.dta -> build/lib.linux-x86_64-3.7/pandas/io/tests/data
  copying pandas/io/tests/data/stata7_115.dta -> build/lib.linux-x86_64-3.7/pandas/io/tests/data
  copying pandas/io/tests/data/stata3_113.dta -> build/lib.linux-x86_64-3.7/pandas/io/tests/data
  copying pandas/io/tests/data/gbq_fake_job.txt -> build/lib.linux-x86_64-3.7/pandas/io/tests/data
  copying pandas/io/tests/data/utf16_ex.txt -> build/lib.linux-x86_64-3.7/pandas/io/tests/data
  copying pandas/io/tests/data/times_1904.xls -> build/lib.linux-x86_64-3.7/pandas/io/tests/data
  copying pandas/io/tests/data/blank.xls -> build/lib.linux-x86_64-3.7/pandas/io/tests/data
  copying pandas/io/tests/data/times_1900.xls -> build/lib.linux-x86_64-3.7/pandas/io/tests/data
  copying pandas/io/tests/data/test_converters.xls -> build/lib.linux-x86_64-3.7/pandas/io/tests/data
  copying pandas/io/tests/data/test1.xls -> build/lib.linux-x86_64-3.7/pandas/io/tests/data
  copying pandas/io/tests/data/test3.xls -> build/lib.linux-x86_64-3.7/pandas/io/tests/data
  copying pandas/io/tests/data/test4.xls -> build/lib.linux-x86_64-3.7/pandas/io/tests/data
  copying pandas/io/tests/data/testmultiindex.xls -> build/lib.linux-x86_64-3.7/pandas/io/tests/data
  copying pandas/io/tests/data/test2.xls -> build/lib.linux-x86_64-3.7/pandas/io/tests/data
  copying pandas/io/tests/data/testskiprows.xls -> build/lib.linux-x86_64-3.7/pandas/io/tests/data
  copying pandas/io/tests/data/test_types.xls -> build/lib.linux-x86_64-3.7/pandas/io/tests/data
  copying pandas/io/tests/data/test_index_name_pre17.xls -> build/lib.linux-x86_64-3.7/pandas/io/tests/data
  copying pandas/io/tests/data/blank_with_header.xls -> build/lib.linux-x86_64-3.7/pandas/io/tests/data
  copying pandas/io/tests/data/test_multisheet.xls -> build/lib.linux-x86_64-3.7/pandas/io/tests/data
  copying pandas/io/tests/data/test3.xlsx -> build/lib.linux-x86_64-3.7/pandas/io/tests/data
  copying pandas/io/tests/data/blank.xlsx -> build/lib.linux-x86_64-3.7/pandas/io/tests/data
  copying pandas/io/tests/data/testskiprows.xlsx -> build/lib.linux-x86_64-3.7/pandas/io/tests/data
  copying pandas/io/tests/data/testmultiindex.xlsx -> build/lib.linux-x86_64-3.7/pandas/io/tests/data
  copying pandas/io/tests/data/test1.xlsx -> build/lib.linux-x86_64-3.7/pandas/io/tests/data
  copying pandas/io/tests/data/test_types.xlsx -> build/lib.linux-x86_64-3.7/pandas/io/tests/data
  copying pandas/io/tests/data/test_converters.xlsx -> build/lib.linux-x86_64-3.7/pandas/io/tests/data
  copying pandas/io/tests/data/test2.xlsx -> build/lib.linux-x86_64-3.7/pandas/io/tests/data
  copying pandas/io/tests/data/test_index_name_pre17.xlsx -> build/lib.linux-x86_64-3.7/pandas/io/tests/data
  copying pandas/io/tests/data/test_multisheet.xlsx -> build/lib.linux-x86_64-3.7/pandas/io/tests/data
  copying pandas/io/tests/data/blank_with_header.xlsx -> build/lib.linux-x86_64-3.7/pandas/io/tests/data
  copying pandas/io/tests/data/test4.xlsx -> build/lib.linux-x86_64-3.7/pandas/io/tests/data
  copying pandas/io/tests/data/times_1904.xlsx -> build/lib.linux-x86_64-3.7/pandas/io/tests/data
  copying pandas/io/tests/data/times_1900.xlsx -> build/lib.linux-x86_64-3.7/pandas/io/tests/data
  copying pandas/io/tests/data/test_types.xlsm -> build/lib.linux-x86_64-3.7/pandas/io/tests/data
  copying pandas/io/tests/data/test1.xlsm -> build/lib.linux-x86_64-3.7/pandas/io/tests/data
  copying pandas/io/tests/data/test_converters.xlsm -> build/lib.linux-x86_64-3.7/pandas/io/tests/data
  copying pandas/io/tests/data/test2.xlsm -> build/lib.linux-x86_64-3.7/pandas/io/tests/data
  copying pandas/io/tests/data/test3.xlsm -> build/lib.linux-x86_64-3.7/pandas/io/tests/data
  copying pandas/io/tests/data/test_index_name_pre17.xlsm -> build/lib.linux-x86_64-3.7/pandas/io/tests/data
  copying pandas/io/tests/data/times_1904.xlsm -> build/lib.linux-x86_64-3.7/pandas/io/tests/data
  copying pandas/io/tests/data/test4.xlsm -> build/lib.linux-x86_64-3.7/pandas/io/tests/data
  copying pandas/io/tests/data/testmultiindex.xlsm -> build/lib.linux-x86_64-3.7/pandas/io/tests/data
  copying pandas/io/tests/data/test_multisheet.xlsm -> build/lib.linux-x86_64-3.7/pandas/io/tests/data
  copying pandas/io/tests/data/testskiprows.xlsm -> build/lib.linux-x86_64-3.7/pandas/io/tests/data
  copying pandas/io/tests/data/times_1900.xlsm -> build/lib.linux-x86_64-3.7/pandas/io/tests/data
  copying pandas/io/tests/data/blank_with_header.xlsm -> build/lib.linux-x86_64-3.7/pandas/io/tests/data
  copying pandas/io/tests/data/blank.xlsm -> build/lib.linux-x86_64-3.7/pandas/io/tests/data
  copying pandas/io/tests/data/salary.table -> build/lib.linux-x86_64-3.7/pandas/io/tests/data
  copying pandas/io/tests/data/valid_markup.html -> build/lib.linux-x86_64-3.7/pandas/io/tests/data
  copying pandas/io/tests/data/yahoo_options1.html -> build/lib.linux-x86_64-3.7/pandas/io/tests/data
  copying pandas/io/tests/data/yahoo_options2.html -> build/lib.linux-x86_64-3.7/pandas/io/tests/data
  copying pandas/io/tests/data/yahoo_options3.html -> build/lib.linux-x86_64-3.7/pandas/io/tests/data
  copying pandas/io/tests/data/computer_sales_page.html -> build/lib.linux-x86_64-3.7/pandas/io/tests/data
  copying pandas/io/tests/data/nyse_wsj.html -> build/lib.linux-x86_64-3.7/pandas/io/tests/data
  copying pandas/io/tests/data/wikipedia_states.html -> build/lib.linux-x86_64-3.7/pandas/io/tests/data
  copying pandas/io/tests/data/banklist.html -> build/lib.linux-x86_64-3.7/pandas/io/tests/data
  copying pandas/io/tests/data/spam.html -> build/lib.linux-x86_64-3.7/pandas/io/tests/data
  copying pandas/io/tests/data/macau.html -> build/lib.linux-x86_64-3.7/pandas/io/tests/data
  creating build/lib.linux-x86_64-3.7/pandas/io/tests/data/html_encoding
  copying pandas/io/tests/data/html_encoding/letz_latin1.html -> build/lib.linux-x86_64-3.7/pandas/io/tests/data/html_encoding
  copying pandas/io/tests/data/html_encoding/chinese_utf-8.html -> build/lib.linux-x86_64-3.7/pandas/io/tests/data/html_encoding
  copying pandas/io/tests/data/html_encoding/chinese_utf-32.html -> build/lib.linux-x86_64-3.7/pandas/io/tests/data/html_encoding
  copying pandas/io/tests/data/html_encoding/chinese_utf-16.html -> build/lib.linux-x86_64-3.7/pandas/io/tests/data/html_encoding
  creating build/lib.linux-x86_64-3.7/pandas/io/tests/test_json/data
  copying pandas/io/tests/test_json/data/tsframe_iso_v012.json -> build/lib.linux-x86_64-3.7/pandas/io/tests/test_json/data
  copying pandas/io/tests/test_json/data/tsframe_v012.json -> build/lib.linux-x86_64-3.7/pandas/io/tests/test_json/data
  creating build/lib.linux-x86_64-3.7/pandas/tests/data
  copying pandas/tests/data/s1-0.12.0.pickle -> build/lib.linux-x86_64-3.7/pandas/tests/data
  copying pandas/tests/data/multiindex_v1.pickle -> build/lib.linux-x86_64-3.7/pandas/tests/data
  copying pandas/tests/data/categorical_0_15_2.pickle -> build/lib.linux-x86_64-3.7/pandas/tests/data
  copying pandas/tests/data/s2-0.12.0.pickle -> build/lib.linux-x86_64-3.7/pandas/tests/data
  copying pandas/tests/data/mindex_073.pickle -> build/lib.linux-x86_64-3.7/pandas/tests/data
  copying pandas/tests/data/categorical_0_14_1.pickle -> build/lib.linux-x86_64-3.7/pandas/tests/data
  copying pandas/tests/data/iris.csv -> build/lib.linux-x86_64-3.7/pandas/tests/data
  copying pandas/tests/data/unicode_series.csv -> build/lib.linux-x86_64-3.7/pandas/tests/data
  copying pandas/tests/data/tips.csv -> build/lib.linux-x86_64-3.7/pandas/tests/data
  copying pandas/tools/tests/cut_data.csv -> build/lib.linux-x86_64-3.7/pandas/tools/tests
  creating build/lib.linux-x86_64-3.7/pandas/tseries/tests/data
  copying pandas/tseries/tests/data/cday-0.14.1.pickle -> build/lib.linux-x86_64-3.7/pandas/tseries/tests/data
  copying pandas/tseries/tests/data/daterange_073.pickle -> build/lib.linux-x86_64-3.7/pandas/tseries/tests/data
  copying pandas/tseries/tests/data/frame.pickle -> build/lib.linux-x86_64-3.7/pandas/tseries/tests/data
  copying pandas/tseries/tests/data/series_daterange0.pickle -> build/lib.linux-x86_64-3.7/pandas/tseries/tests/data
  copying pandas/tseries/tests/data/series.pickle -> build/lib.linux-x86_64-3.7/pandas/tseries/tests/data
  copying pandas/tseries/tests/data/dateoffset_0_15_2.pickle -> build/lib.linux-x86_64-3.7/pandas/tseries/tests/data
  UPDATING build/lib.linux-x86_64-3.7/pandas/_version.py
  set build/lib.linux-x86_64-3.7/pandas/_version.py to '0.17.1'
  running build_ext
  building 'pandas.lib' extension
  creating build/temp.linux-x86_64-3.7
  creating build/temp.linux-x86_64-3.7/pandas
  gcc -pthread -B /srv/conda/envs/notebook/compiler_compat -Wl,--sysroot=/ -Wsign-compare -DNDEBUG -g -fwrapv -O3 -Wall -Wstrict-prototypes -fPIC -Ipandas/src/klib -Ipandas/src -I/tmp/pip-install-binc5khc/pandas/.eggs/numpy-1.19.0-py3.7-linux-x86_64.egg/numpy/core/include -I/srv/conda/envs/notebook/include/python3.7m -c pandas/lib.c -o build/temp.linux-x86_64-3.7/pandas/lib.o
  In file included from /tmp/pip-install-binc5khc/pandas/.eggs/numpy-1.19.0-py3.7-linux-x86_64.egg/numpy/core/include/numpy/ndarraytypes.h:1822:0,
                   from /tmp/pip-install-binc5khc/pandas/.eggs/numpy-1.19.0-py3.7-linux-x86_64.egg/numpy/core/include/numpy/ndarrayobject.h:12,
                   from /tmp/pip-install-binc5khc/pandas/.eggs/numpy-1.19.0-py3.7-linux-x86_64.egg/numpy/core/include/numpy/arrayobject.h:4,
                   from pandas/lib.c:242:
  /tmp/pip-install-binc5khc/pandas/.eggs/numpy-1.19.0-py3.7-linux-x86_64.egg/numpy/core/include/numpy/npy_1_7_deprecated_api.h:17:2: warning: #warning "Using deprecated NumPy API, disable it with " "#define NPY_NO_DEPRECATED_API NPY_1_7_API_VERSION" [-Wcpp]
   #warning "Using deprecated NumPy API, disable it with " \
    ^~~~~~~
  In file included from pandas/lib.c:247:0:
  pandas/src/datetime_helper.h:7:0: warning: "PyInt_AS_LONG" redefined
   #define PyInt_AS_LONG PyLong_AsLong
  
  pandas/lib.c:141:0: note: this is the location of the previous definition
     #define PyInt_AS_LONG                PyLong_AS_LONG
  
  In file included from pandas/lib.c:249:0:
  pandas/src/numpy_helper.h: In function ‘transfer_object_column’:
  pandas/src/numpy_helper.h:152:19: warning: comparison between signed and unsigned integer expressions [-Wsign-compare]
       for (i = 0; i < length; ++i)
                     ^
  In file included from /srv/conda/envs/notebook/include/python3.7m/Python.h:120:0,
                   from pandas/lib.c:4:
  pandas/lib.c: In function ‘__pyx_f_6pandas_3lib_slice_get_indices_ex’:
  /srv/conda/envs/notebook/include/python3.7m/sliceobject.h:49:20: warning: passing argument 1 of ‘PySlice_Unpack’ from incompatible pointer type [-Wincompatible-pointer-types]
       PySlice_Unpack((slice), (start), (stop), (step)) < 0 ?                  \
                      ^
  pandas/lib.c:28375:15: note: in expansion of macro ‘PySlice_GetIndicesEx’
     __pyx_t_4 = PySlice_GetIndicesEx(((PySliceObject *)__pyx_v_slc), __pyx_v_objlen, (&__pyx_v_start), (&__pyx_v_stop), (&__pyx_v_step), (&__pyx_v_length)); if (unlikely(__pyx_t_4 == -1)) {__pyx_filename = __pyx_f[0]; __pyx_lineno = 1664; __pyx_clineno = __LINE__; goto __pyx_L1_error;}
                 ^~~~~~~~~~~~~~~~~~~~
  /srv/conda/envs/notebook/include/python3.7m/sliceobject.h:53:17: note: expected ‘PyObject * {aka struct _object *}’ but argument is of type ‘PySliceObject * {aka struct <anonymous> *}’
   PyAPI_FUNC(int) PySlice_Unpack(PyObject *slice,
                   ^~~~~~~~~~~~~~
  pandas/lib.c: In function ‘__pyx_f_6pandas_3lib_slice_len’:
  /srv/conda/envs/notebook/include/python3.7m/sliceobject.h:49:20: warning: passing argument 1 of ‘PySlice_Unpack’ from incompatible pointer type [-Wincompatible-pointer-types]
       PySlice_Unpack((slice), (start), (stop), (step)) < 0 ?                  \
                      ^
  pandas/lib.c:28607:15: note: in expansion of macro ‘PySlice_GetIndicesEx’
     __pyx_t_4 = PySlice_GetIndicesEx(((PySliceObject *)__pyx_v_slc), __pyx_v_objlen, (&__pyx_v_start), (&__pyx_v_stop), (&__pyx_v_step), (&__pyx_v_length)); if (unlikely(__pyx_t_4 == -1)) {__pyx_filename = __pyx_f[0]; __pyx_lineno = 1687; __pyx_clineno = __LINE__; goto __pyx_L1_error;}
                 ^~~~~~~~~~~~~~~~~~~~
  /srv/conda/envs/notebook/include/python3.7m/sliceobject.h:53:17: note: expected ‘PyObject * {aka struct _object *}’ but argument is of type ‘PySliceObject * {aka struct <anonymous> *}’
   PyAPI_FUNC(int) PySlice_Unpack(PyObject *slice,
                   ^~~~~~~~~~~~~~
  pandas/lib.c: In function ‘__Pyx_ExceptionSave’:
  pandas/lib.c:88964:21: error: ‘PyThreadState {aka struct _ts}’ has no member named ‘exc_type’; did you mean ‘curexc_type’?
       *type = tstate->exc_type;
                       ^~~~~~~~
                       curexc_type
  pandas/lib.c:88965:22: error: ‘PyThreadState {aka struct _ts}’ has no member named ‘exc_value’; did you mean ‘curexc_value’?
       *value = tstate->exc_value;
                        ^~~~~~~~~
                        curexc_value
  pandas/lib.c:88966:19: error: ‘PyThreadState {aka struct _ts}’ has no member named ‘exc_traceback’; did you mean ‘curexc_traceback’?
       *tb = tstate->exc_traceback;
                     ^~~~~~~~~~~~~
                     curexc_traceback
  pandas/lib.c: In function ‘__Pyx_ExceptionReset’:
  pandas/lib.c:88978:24: error: ‘PyThreadState {aka struct _ts}’ has no member named ‘exc_type’; did you mean ‘curexc_type’?
       tmp_type = tstate->exc_type;
                          ^~~~~~~~
                          curexc_type
  pandas/lib.c:88979:25: error: ‘PyThreadState {aka struct _ts}’ has no member named ‘exc_value’; did you mean ‘curexc_value’?
       tmp_value = tstate->exc_value;
                           ^~~~~~~~~
                           curexc_value
  pandas/lib.c:88980:22: error: ‘PyThreadState {aka struct _ts}’ has no member named ‘exc_traceback’; did you mean ‘curexc_traceback’?
       tmp_tb = tstate->exc_traceback;
                        ^~~~~~~~~~~~~
                        curexc_traceback
  pandas/lib.c:88981:13: error: ‘PyThreadState {aka struct _ts}’ has no member named ‘exc_type’; did you mean ‘curexc_type’?
       tstate->exc_type = type;
               ^~~~~~~~
               curexc_type
  pandas/lib.c:88982:13: error: ‘PyThreadState {aka struct _ts}’ has no member named ‘exc_value’; did you mean ‘curexc_value’?
       tstate->exc_value = value;
               ^~~~~~~~~
               curexc_value
  pandas/lib.c:88983:13: error: ‘PyThreadState {aka struct _ts}’ has no member named ‘exc_traceback’; did you mean ‘curexc_traceback’?
       tstate->exc_traceback = tb;
               ^~~~~~~~~~~~~
               curexc_traceback
  pandas/lib.c: In function ‘__Pyx_GetException’:
  pandas/lib.c:89272:24: error: ‘PyThreadState {aka struct _ts}’ has no member named ‘exc_type’; did you mean ‘curexc_type’?
       tmp_type = tstate->exc_type;
                          ^~~~~~~~
                          curexc_type
  pandas/lib.c:89273:25: error: ‘PyThreadState {aka struct _ts}’ has no member named ‘exc_value’; did you mean ‘curexc_value’?
       tmp_value = tstate->exc_value;
                           ^~~~~~~~~
                           curexc_value
  pandas/lib.c:89274:22: error: ‘PyThreadState {aka struct _ts}’ has no member named ‘exc_traceback’; did you mean ‘curexc_traceback’?
       tmp_tb = tstate->exc_traceback;
                        ^~~~~~~~~~~~~
                        curexc_traceback
  pandas/lib.c:89275:13: error: ‘PyThreadState {aka struct _ts}’ has no member named ‘exc_type’; did you mean ‘curexc_type’?
       tstate->exc_type = local_type;
               ^~~~~~~~
               curexc_type
  pandas/lib.c:89276:13: error: ‘PyThreadState {aka struct _ts}’ has no member named ‘exc_value’; did you mean ‘curexc_value’?
       tstate->exc_value = local_value;
               ^~~~~~~~~
               curexc_value
  pandas/lib.c:89277:13: error: ‘PyThreadState {aka struct _ts}’ has no member named ‘exc_traceback’; did you mean ‘curexc_traceback’?
       tstate->exc_traceback = local_tb;
               ^~~~~~~~~~~~~
               curexc_traceback
  pandas/lib.c: In function ‘__Pyx_ExceptionSwap’:
  pandas/lib.c:90101:24: error: ‘PyThreadState {aka struct _ts}’ has no member named ‘exc_type’; did you mean ‘curexc_type’?
       tmp_type = tstate->exc_type;
                          ^~~~~~~~
                          curexc_type
  pandas/lib.c:90102:25: error: ‘PyThreadState {aka struct _ts}’ has no member named ‘exc_value’; did you mean ‘curexc_value’?
       tmp_value = tstate->exc_value;
                           ^~~~~~~~~
                           curexc_value
  pandas/lib.c:90103:22: error: ‘PyThreadState {aka struct _ts}’ has no member named ‘exc_traceback’; did you mean ‘curexc_traceback’?
       tmp_tb = tstate->exc_traceback;
                        ^~~~~~~~~~~~~
                        curexc_traceback
  pandas/lib.c:90104:13: error: ‘PyThreadState {aka struct _ts}’ has no member named ‘exc_type’; did you mean ‘curexc_type’?
       tstate->exc_type = *type;
               ^~~~~~~~
               curexc_type
  pandas/lib.c:90105:13: error: ‘PyThreadState {aka struct _ts}’ has no member named ‘exc_value’; did you mean ‘curexc_value’?
       tstate->exc_value = *value;
               ^~~~~~~~~
               curexc_value
  pandas/lib.c:90106:13: error: ‘PyThreadState {aka struct _ts}’ has no member named ‘exc_traceback’; did you mean ‘curexc_traceback’?
       tstate->exc_traceback = *tb;
               ^~~~~~~~~~~~~
               curexc_traceback
  In file included from /tmp/pip-install-binc5khc/pandas/.eggs/numpy-1.19.0-py3.7-linux-x86_64.egg/numpy/core/include/numpy/ndarrayobject.h:21:0,
                   from /tmp/pip-install-binc5khc/pandas/.eggs/numpy-1.19.0-py3.7-linux-x86_64.egg/numpy/core/include/numpy/arrayobject.h:4,
                   from pandas/lib.c:242:
  pandas/lib.c: At top level:
  /tmp/pip-install-binc5khc/pandas/.eggs/numpy-1.19.0-py3.7-linux-x86_64.egg/numpy/core/include/numpy/__multiarray_api.h:742:10: warning: ‘PyArray_API’ is static but used in inline function ‘unbox_if_zerodim’ which is not static
            PyArray_API[60])
            ^
  /tmp/pip-install-binc5khc/pandas/.eggs/numpy-1.19.0-py3.7-linux-x86_64.egg/numpy/core/include/numpy/ndarrayobject.h:129:9: note: in expansion of macro ‘PyArray_Scalar’
           PyArray_Scalar(data, PyArray_DESCR(arr), (PyObject *)arr)
           ^~~~~~~~~~~~~~
  pandas/src/numpy_helper.h:180:15: note: in expansion of macro ‘PyArray_ToScalar’
           ret = PyArray_ToScalar(PyArray_DATA(arr), arr);
                 ^~~~~~~~~~~~~~~~
  In file included from /srv/conda/envs/notebook/include/python3.7m/pytime.h:6:0,
                   from /srv/conda/envs/notebook/include/python3.7m/Python.h:87,
                   from pandas/lib.c:4:
  /tmp/pip-install-binc5khc/pandas/.eggs/numpy-1.19.0-py3.7-linux-x86_64.egg/numpy/core/include/numpy/__multiarray_api.h:642:40: warning: ‘PyArray_API’ is static but used in inline function ‘unbox_if_zerodim’ which is not static
   #define PyArray_Type (*(PyTypeObject *)PyArray_API[2])
                                          ^
  /srv/conda/envs/notebook/include/python3.7m/object.h:487:60: note: in definition of macro ‘PyObject_TypeCheck’
       (Py_TYPE(ob) == (tp) || PyType_IsSubtype(Py_TYPE(ob), (tp)))
                                                              ^~
  /tmp/pip-install-binc5khc/pandas/.eggs/numpy-1.19.0-py3.7-linux-x86_64.egg/numpy/core/include/numpy/ndarrayobject.h:28:51: note: in expansion of macro ‘PyArray_Type’
   #define PyArray_Check(op) PyObject_TypeCheck(op, &PyArray_Type)
                                                     ^~~~~~~~~~~~
  /tmp/pip-install-binc5khc/pandas/.eggs/numpy-1.19.0-py3.7-linux-x86_64.egg/numpy/core/include/numpy/ndarrayobject.h:40:32: note: in expansion of macro ‘PyArray_Check’
   #define PyArray_IsZeroDim(op) (PyArray_Check(op) && \
                                  ^~~~~~~~~~~~~
  pandas/src/numpy_helper.h:178:9: note: in expansion of macro ‘PyArray_IsZeroDim’
       if (PyArray_IsZeroDim(arr)) {
           ^~~~~~~~~~~~~~~~~
  /tmp/pip-install-binc5khc/pandas/.eggs/numpy-1.19.0-py3.7-linux-x86_64.egg/numpy/core/include/numpy/__multiarray_api.h:642:40: warning: ‘PyArray_API’ is static but used in inline function ‘unbox_if_zerodim’ which is not static
   #define PyArray_Type (*(PyTypeObject *)PyArray_API[2])
                                          ^
  /srv/conda/envs/notebook/include/python3.7m/object.h:487:22: note: in definition of macro ‘PyObject_TypeCheck’
       (Py_TYPE(ob) == (tp) || PyType_IsSubtype(Py_TYPE(ob), (tp)))
                        ^~
  /tmp/pip-install-binc5khc/pandas/.eggs/numpy-1.19.0-py3.7-linux-x86_64.egg/numpy/core/include/numpy/ndarrayobject.h:28:51: note: in expansion of macro ‘PyArray_Type’
   #define PyArray_Check(op) PyObject_TypeCheck(op, &PyArray_Type)
                                                     ^~~~~~~~~~~~
  /tmp/pip-install-binc5khc/pandas/.eggs/numpy-1.19.0-py3.7-linux-x86_64.egg/numpy/core/include/numpy/ndarrayobject.h:40:32: note: in expansion of macro ‘PyArray_Check’
   #define PyArray_IsZeroDim(op) (PyArray_Check(op) && \
                                  ^~~~~~~~~~~~~
  pandas/src/numpy_helper.h:178:9: note: in expansion of macro ‘PyArray_IsZeroDim’
       if (PyArray_IsZeroDim(arr)) {
           ^~~~~~~~~~~~~~~~~
  In file included from /tmp/pip-install-binc5khc/pandas/.eggs/numpy-1.19.0-py3.7-linux-x86_64.egg/numpy/core/include/numpy/ndarrayobject.h:21:0,
                   from /tmp/pip-install-binc5khc/pandas/.eggs/numpy-1.19.0-py3.7-linux-x86_64.egg/numpy/core/include/numpy/arrayobject.h:4,
                   from pandas/lib.c:242:
  /tmp/pip-install-binc5khc/pandas/.eggs/numpy-1.19.0-py3.7-linux-x86_64.egg/numpy/core/include/numpy/__multiarray_api.h:742:10: warning: ‘PyArray_API’ is static but used in inline function ‘get_value_1d’ which is not static
            PyArray_API[60])
            ^
  pandas/src/numpy_helper.h:95:10: note: in expansion of macro ‘PyArray_Scalar’
     return PyArray_Scalar(item, PyArray_DESCR(ap), (PyObject*) ap);
            ^~~~~~~~~~~~~~
  In file included from /srv/conda/envs/notebook/include/python3.7m/pytime.h:6:0,
                   from /srv/conda/envs/notebook/include/python3.7m/Python.h:87,
                   from pandas/lib.c:4:
  /tmp/pip-install-binc5khc/pandas/.eggs/numpy-1.19.0-py3.7-linux-x86_64.egg/numpy/core/include/numpy/__multiarray_api.h:1204:51: warning: ‘PyArray_API’ is static but used in inline function ‘is_timedelta64_object’ which is not static
   #define PyTimedeltaArrType_Type (*(PyTypeObject *)PyArray_API[216])
                                                     ^
  /srv/conda/envs/notebook/include/python3.7m/object.h:487:60: note: in definition of macro ‘PyObject_TypeCheck’
       (Py_TYPE(ob) == (tp) || PyType_IsSubtype(Py_TYPE(ob), (tp)))
                                                              ^~
  /tmp/pip-install-binc5khc/pandas/.eggs/numpy-1.19.0-py3.7-linux-x86_64.egg/numpy/core/include/numpy/ndarrayobject.h:44:35: note: in expansion of macro ‘PyTimedeltaArrType_Type’
           (PyObject_TypeCheck(obj, &Py##cls##ArrType_Type))
                                     ^~
  pandas/src/numpy_helper.h:82:10: note: in expansion of macro ‘PyArray_IsScalar’
     return PyArray_IsScalar(obj, Timedelta);
            ^~~~~~~~~~~~~~~~
  /tmp/pip-install-binc5khc/pandas/.eggs/numpy-1.19.0-py3.7-linux-x86_64.egg/numpy/core/include/numpy/__multiarray_api.h:1204:51: warning: ‘PyArray_API’ is static but used in inline function ‘is_timedelta64_object’ which is not static
   #define PyTimedeltaArrType_Type (*(PyTypeObject *)PyArray_API[216])
                                                     ^
  /srv/conda/envs/notebook/include/python3.7m/object.h:487:22: note: in definition of macro ‘PyObject_TypeCheck’
       (Py_TYPE(ob) == (tp) || PyType_IsSubtype(Py_TYPE(ob), (tp)))
                        ^~
  /tmp/pip-install-binc5khc/pandas/.eggs/numpy-1.19.0-py3.7-linux-x86_64.egg/numpy/core/include/numpy/ndarrayobject.h:44:35: note: in expansion of macro ‘PyTimedeltaArrType_Type’
           (PyObject_TypeCheck(obj, &Py##cls##ArrType_Type))
                                     ^~
  pandas/src/numpy_helper.h:82:10: note: in expansion of macro ‘PyArray_IsScalar’
     return PyArray_IsScalar(obj, Timedelta);
            ^~~~~~~~~~~~~~~~
  /tmp/pip-install-binc5khc/pandas/.eggs/numpy-1.19.0-py3.7-linux-x86_64.egg/numpy/core/include/numpy/__multiarray_api.h:1203:50: warning: ‘PyArray_API’ is static but used in inline function ‘is_datetime64_object’ which is not static
   #define PyDatetimeArrType_Type (*(PyTypeObject *)PyArray_API[215])
                                                    ^
  /srv/conda/envs/notebook/include/python3.7m/object.h:487:60: note: in definition of macro ‘PyObject_TypeCheck’
       (Py_TYPE(ob) == (tp) || PyType_IsSubtype(Py_TYPE(ob), (tp)))
                                                              ^~
  /tmp/pip-install-binc5khc/pandas/.eggs/numpy-1.19.0-py3.7-linux-x86_64.egg/numpy/core/include/numpy/ndarrayobject.h:44:35: note: in expansion of macro ‘PyDatetimeArrType_Type’
           (PyObject_TypeCheck(obj, &Py##cls##ArrType_Type))
                                     ^~
  pandas/src/numpy_helper.h:77:10: note: in expansion of macro ‘PyArray_IsScalar’
     return PyArray_IsScalar(obj, Datetime);
            ^~~~~~~~~~~~~~~~
  /tmp/pip-install-binc5khc/pandas/.eggs/numpy-1.19.0-py3.7-linux-x86_64.egg/numpy/core/include/numpy/__multiarray_api.h:1203:50: warning: ‘PyArray_API’ is static but used in inline function ‘is_datetime64_object’ which is not static
   #define PyDatetimeArrType_Type (*(PyTypeObject *)PyArray_API[215])
                                                    ^
  /srv/conda/envs/notebook/include/python3.7m/object.h:487:22: note: in definition of macro ‘PyObject_TypeCheck’
       (Py_TYPE(ob) == (tp) || PyType_IsSubtype(Py_TYPE(ob), (tp)))
                        ^~
  /tmp/pip-install-binc5khc/pandas/.eggs/numpy-1.19.0-py3.7-linux-x86_64.egg/numpy/core/include/numpy/ndarrayobject.h:44:35: note: in expansion of macro ‘PyDatetimeArrType_Type’
           (PyObject_TypeCheck(obj, &Py##cls##ArrType_Type))
                                     ^~
  pandas/src/numpy_helper.h:77:10: note: in expansion of macro ‘PyArray_IsScalar’
     return PyArray_IsScalar(obj, Datetime);
            ^~~~~~~~~~~~~~~~
  /tmp/pip-install-binc5khc/pandas/.eggs/numpy-1.19.0-py3.7-linux-x86_64.egg/numpy/core/include/numpy/__multiarray_api.h:648:46: warning: ‘PyArray_API’ is static but used in inline function ‘is_bool_object’ which is not static
   #define PyBoolArrType_Type (*(PyTypeObject *)PyArray_API[8])
                                                ^
  /srv/conda/envs/notebook/include/python3.7m/object.h:487:60: note: in definition of macro ‘PyObject_TypeCheck’
       (Py_TYPE(ob) == (tp) || PyType_IsSubtype(Py_TYPE(ob), (tp)))
                                                              ^~
  /tmp/pip-install-binc5khc/pandas/.eggs/numpy-1.19.0-py3.7-linux-x86_64.egg/numpy/core/include/numpy/ndarrayobject.h:44:35: note: in expansion of macro ‘PyBoolArrType_Type’
           (PyObject_TypeCheck(obj, &Py##cls##ArrType_Type))
                                     ^~
  pandas/src/numpy_helper.h:67:32: note: in expansion of macro ‘PyArray_IsScalar’
     return (PyBool_Check(obj) || PyArray_IsScalar(obj, Bool));
                                  ^~~~~~~~~~~~~~~~
  /tmp/pip-install-binc5khc/pandas/.eggs/numpy-1.19.0-py3.7-linux-x86_64.egg/numpy/core/include/numpy/__multiarray_api.h:648:46: warning: ‘PyArray_API’ is static but used in inline function ‘is_bool_object’ which is not static
   #define PyBoolArrType_Type (*(PyTypeObject *)PyArray_API[8])
                                                ^
  /srv/conda/envs/notebook/include/python3.7m/object.h:487:22: note: in definition of macro ‘PyObject_TypeCheck’
       (Py_TYPE(ob) == (tp) || PyType_IsSubtype(Py_TYPE(ob), (tp)))
                        ^~
  /tmp/pip-install-binc5khc/pandas/.eggs/numpy-1.19.0-py3.7-linux-x86_64.egg/numpy/core/include/numpy/ndarrayobject.h:44:35: note: in expansion of macro ‘PyBoolArrType_Type’
           (PyObject_TypeCheck(obj, &Py##cls##ArrType_Type))
                                     ^~
  pandas/src/numpy_helper.h:67:32: note: in expansion of macro ‘PyArray_IsScalar’
     return (PyBool_Check(obj) || PyArray_IsScalar(obj, Bool));
                                  ^~~~~~~~~~~~~~~~
  /tmp/pip-install-binc5khc/pandas/.eggs/numpy-1.19.0-py3.7-linux-x86_64.egg/numpy/core/include/numpy/__multiarray_api.h:657:57: warning: ‘PyArray_API’ is static but used in inline function ‘is_complex_object’ which is not static
   #define PyComplexFloatingArrType_Type (*(PyTypeObject *)PyArray_API[17])
                                                           ^
  /srv/conda/envs/notebook/include/python3.7m/object.h:487:60: note: in definition of macro ‘PyObject_TypeCheck’
       (Py_TYPE(ob) == (tp) || PyType_IsSubtype(Py_TYPE(ob), (tp)))
                                                              ^~
  /tmp/pip-install-binc5khc/pandas/.eggs/numpy-1.19.0-py3.7-linux-x86_64.egg/numpy/core/include/numpy/ndarrayobject.h:44:35: note: in expansion of macro ‘PyComplexFloatingArrType_Type’
           (PyObject_TypeCheck(obj, &Py##cls##ArrType_Type))
                                     ^~
  pandas/src/numpy_helper.h:62:35: note: in expansion of macro ‘PyArray_IsScalar’
     return (PyComplex_Check(obj) || PyArray_IsScalar(obj, ComplexFloating));
                                     ^~~~~~~~~~~~~~~~
  /tmp/pip-install-binc5khc/pandas/.eggs/numpy-1.19.0-py3.7-linux-x86_64.egg/numpy/core/include/numpy/__multiarray_api.h:657:57: warning: ‘PyArray_API’ is static but used in inline function ‘is_complex_object’ which is not static
   #define PyComplexFloatingArrType_Type (*(PyTypeObject *)PyArray_API[17])
                                                           ^
  /srv/conda/envs/notebook/include/python3.7m/object.h:487:22: note: in definition of macro ‘PyObject_TypeCheck’
       (Py_TYPE(ob) == (tp) || PyType_IsSubtype(Py_TYPE(ob), (tp)))
                        ^~
  /tmp/pip-install-binc5khc/pandas/.eggs/numpy-1.19.0-py3.7-linux-x86_64.egg/numpy/core/include/numpy/ndarrayobject.h:44:35: note: in expansion of macro ‘PyComplexFloatingArrType_Type’
           (PyObject_TypeCheck(obj, &Py##cls##ArrType_Type))
                                     ^~
  pandas/src/numpy_helper.h:62:35: note: in expansion of macro ‘PyArray_IsScalar’
 [0m[91m    return (PyComplex_Check(obj) || PyArray_IsScalar(obj, ComplexFloating));
                                     ^~~~~~~~~~~~~~~~
  /tmp/pip-install-binc5khc/pandas/.eggs/numpy-1.19.0-py3.7-linux-x86_64.egg/numpy/core/include/numpy/__multiarray_api.h:656:50: warning: ‘PyArray_API’ is static but used in inline function ‘is_float_object’ which is not static
   #define PyFloatingArrType_Type (*(PyTypeObject *)PyArray_API[16])
                                                    ^
  /srv/conda/envs/notebook/include/python3.7m/object.h:487:60: note: in definition of macro ‘PyObject_TypeCheck’
       (Py_TYPE(ob) == (tp) || PyType_IsSubtype(Py_TYPE(ob), (tp)))
                                                              ^~
  /tmp/pip-install-binc5khc/pandas/.eggs/numpy-1.19.0-py3.7-linux-x86_64.egg/numpy/core/include/numpy/ndarrayobject.h:44:35: note: in expansion of macro ‘PyFloatingArrType_Type’
           (PyObject_TypeCheck(obj, &Py##cls##ArrType_Type))
                                     ^~
  pandas/src/numpy_helper.h:58:33: note: in expansion of macro ‘PyArray_IsScalar’
     return (PyFloat_Check(obj) || PyArray_IsScalar(obj, Floating));
                                   ^~~~~~~~~~~~~~~~
  /tmp/pip-install-binc5khc/pandas/.eggs/numpy-1.19.0-py3.7-linux-x86_64.egg/numpy/core/include/numpy/__multiarray_api.h:656:50: warning: ‘PyArray_API’ is static but used in inline function ‘is_float_object’ which is not static
   #define PyFloatingArrType_Type (*(PyTypeObject *)PyArray_API[16])
                                                    ^
  /srv/conda/envs/notebook/include/python3.7m/object.h:487:22: note: in definition of macro ‘PyObject_TypeCheck’
       (Py_TYPE(ob) == (tp) || PyType_IsSubtype(Py_TYPE(ob), (tp)))
                        ^~
  /tmp/pip-install-binc5khc/pandas/.eggs/numpy-1.19.0-py3.7-linux-x86_64.egg/numpy/core/include/numpy/ndarrayobject.h:44:35: note: in expansion of macro ‘PyFloatingArrType_Type’
           (PyObject_TypeCheck(obj, &Py##cls##ArrType_Type))
                                     ^~
  pandas/src/numpy_helper.h:58:33: note: in expansion of macro ‘PyArray_IsScalar’
     return (PyFloat_Check(obj) || PyArray_IsScalar(obj, Floating));
                                   ^~~~~~~~~~~~~~~~
  /tmp/pip-install-binc5khc/pandas/.eggs/numpy-1.19.0-py3.7-linux-x86_64.egg/numpy/core/include/numpy/__multiarray_api.h:652:49: warning: ‘PyArray_API’ is static but used in inline function ‘is_integer_object’ which is not static
   #define PyIntegerArrType_Type (*(PyTypeObject *)PyArray_API[12])
                                                   ^
  /srv/conda/envs/notebook/include/python3.7m/object.h:487:60: note: in definition of macro ‘PyObject_TypeCheck’
       (Py_TYPE(ob) == (tp) || PyType_IsSubtype(Py_TYPE(ob), (tp)))
                                                              ^~
  /tmp/pip-install-binc5khc/pandas/.eggs/numpy-1.19.0-py3.7-linux-x86_64.egg/numpy/core/include/numpy/ndarrayobject.h:44:35: note: in expansion of macro ‘PyIntegerArrType_Type’
           (PyObject_TypeCheck(obj, &Py##cls##ArrType_Type))
                                     ^~
  /tmp/pip-install-binc5khc/pandas/.eggs/numpy-1.19.0-py3.7-linux-x86_64.egg/numpy/core/include/numpy/ndarrayobject.h:52:18: note: in expansion of macro ‘PyArray_IsScalar’
                 || PyArray_IsScalar((obj), Integer))
                    ^~~~~~~~~~~~~~~~
  pandas/src/numpy_helper.h:52:34: note: in expansion of macro ‘PyArray_IsIntegerScalar’
     return (!PyBool_Check(obj)) && PyArray_IsIntegerScalar(obj);
                                    ^~~~~~~~~~~~~~~~~~~~~~~
  /tmp/pip-install-binc5khc/pandas/.eggs/numpy-1.19.0-py3.7-linux-x86_64.egg/numpy/core/include/numpy/__multiarray_api.h:652:49: warning: ‘PyArray_API’ is static but used in inline function ‘is_integer_object’ which is not static
   #define PyIntegerArrType_Type (*(PyTypeObject *)PyArray_API[12])
                                                   ^
  /srv/conda/envs/notebook/include/python3.7m/object.h:487:22: note: in definition of macro ‘PyObject_TypeCheck’
       (Py_TYPE(ob) == (tp) || PyType_IsSubtype(Py_TYPE(ob), (tp)))
                        ^~
  /tmp/pip-install-binc5khc/pandas/.eggs/numpy-1.19.0-py3.7-linux-x86_64.egg/numpy/core/include/numpy/ndarrayobject.h:44:35: note: in expansion of macro ‘PyIntegerArrType_Type’
           (PyObject_TypeCheck(obj, &Py##cls##ArrType_Type))
                                     ^~
  /tmp/pip-install-binc5khc/pandas/.eggs/numpy-1.19.0-py3.7-linux-x86_64.egg/numpy/core/include/numpy/ndarrayobject.h:52:18: note: in expansion of macro ‘PyArray_IsScalar’
                 || PyArray_IsScalar((obj), Integer))
                    ^~~~~~~~~~~~~~~~
  pandas/src/numpy_helper.h:52:34: note: in expansion of macro ‘PyArray_IsIntegerScalar’
     return (!PyBool_Check(obj)) && PyArray_IsIntegerScalar(obj);
                                    ^~~~~~~~~~~~~~~~~~~~~~~
  /tmp/pip-install-binc5khc/pandas/.eggs/numpy-1.19.0-py3.7-linux-x86_64.egg/numpy/core/include/numpy/__multiarray_api.h:656:50: warning: ‘PyArray_API’ is static but used in inline function ‘infer_type’ which is not static
   #define PyFloatingArrType_Type (*(PyTypeObject *)PyArray_API[16])
                                                    ^
  /srv/conda/envs/notebook/include/python3.7m/object.h:487:60: note: in definition of macro ‘PyObject_TypeCheck’
       (Py_TYPE(ob) == (tp) || PyType_IsSubtype(Py_TYPE(ob), (tp)))
                                                              ^~
  /tmp/pip-install-binc5khc/pandas/.eggs/numpy-1.19.0-py3.7-linux-x86_64.egg/numpy/core/include/numpy/ndarrayobject.h:44:35: note: in expansion of macro ‘PyFloatingArrType_Type’
           (PyObject_TypeCheck(obj, &Py##cls##ArrType_Type))
                                     ^~
  pandas/src/numpy_helper.h:24:34: note: in expansion of macro ‘PyArray_IsScalar’
     else if (PyFloat_Check(obj) || PyArray_IsScalar(obj, Floating)) {
                                    ^~~~~~~~~~~~~~~~
  /tmp/pip-install-binc5khc/pandas/.eggs/numpy-1.19.0-py3.7-linux-x86_64.egg/numpy/core/include/numpy/__multiarray_api.h:656:50: warning: ‘PyArray_API’ is static but used in inline function ‘infer_type’ which is not static
   #define PyFloatingArrType_Type (*(PyTypeObject *)PyArray_API[16])
                                                    ^
  /srv/conda/envs/notebook/include/python3.7m/object.h:487:22: note: in definition of macro ‘PyObject_TypeCheck’
       (Py_TYPE(ob) == (tp) || PyType_IsSubtype(Py_TYPE(ob), (tp)))
                        ^~
  /tmp/pip-install-binc5khc/pandas/.eggs/numpy-1.19.0-py3.7-linux-x86_64.egg/numpy/core/include/numpy/ndarrayobject.h:44:35: note: in expansion of macro ‘PyFloatingArrType_Type’
           (PyObject_TypeCheck(obj, &Py##cls##ArrType_Type))
                                     ^~
  pandas/src/numpy_helper.h:24:34: note: in expansion of macro ‘PyArray_IsScalar’
     else if (PyFloat_Check(obj) || PyArray_IsScalar(obj, Floating)) {
                                    ^~~~~~~~~~~~~~~~
  /tmp/pip-install-binc5khc/pandas/.eggs/numpy-1.19.0-py3.7-linux-x86_64.egg/numpy/core/include/numpy/__multiarray_api.h:1203:50: warning: ‘PyArray_API’ is static but used in inline function ‘infer_type’ which is not static
   #define PyDatetimeArrType_Type (*(PyTypeObject *)PyArray_API[215])
                                                    ^
  /srv/conda/envs/notebook/include/python3.7m/object.h:487:60: note: in definition of macro ‘PyObject_TypeCheck’
       (Py_TYPE(ob) == (tp) || PyType_IsSubtype(Py_TYPE(ob), (tp)))
                                                              ^~
  /tmp/pip-install-binc5khc/pandas/.eggs/numpy-1.19.0-py3.7-linux-x86_64.egg/numpy/core/include/numpy/ndarrayobject.h:44:35: note: in expansion of macro ‘PyDatetimeArrType_Type’
           (PyObject_TypeCheck(obj, &Py##cls##ArrType_Type))
                                     ^~
  pandas/src/numpy_helper.h:21:12: note: in expansion of macro ‘PyArray_IsScalar’
     else if (PyArray_IsScalar(obj, Datetime)) {
              ^~~~~~~~~~~~~~~~
  /tmp/pip-install-binc5khc/pandas/.eggs/numpy-1.19.0-py3.7-linux-x86_64.egg/numpy/core/include/numpy/__multiarray_api.h:1203:50: warning: ‘PyArray_API’ is static but used in inline function ‘infer_type’ which is not static
   #define PyDatetimeArrType_Type (*(PyTypeObject *)PyArray_API[215])
                                                    ^
  /srv/conda/envs/notebook/include/python3.7m/object.h:487:22: note: in definition of macro ‘PyObject_TypeCheck’
       (Py_TYPE(ob) == (tp) || PyType_IsSubtype(Py_TYPE(ob), (tp)))
                        ^~
  /tmp/pip-install-binc5khc/pandas/.eggs/numpy-1.19.0-py3.7-linux-x86_64.egg/numpy/core/include/numpy/ndarrayobject.h:44:35: note: in expansion of macro ‘PyDatetimeArrType_Type’
           (PyObject_TypeCheck(obj, &Py##cls##ArrType_Type))
                                     ^~
  pandas/src/numpy_helper.h:21:12: note: in expansion of macro ‘PyArray_IsScalar’
     else if (PyArray_IsScalar(obj, Datetime)) {
              ^~~~~~~~~~~~~~~~
  /tmp/pip-install-binc5khc/pandas/.eggs/numpy-1.19.0-py3.7-linux-x86_64.egg/numpy/core/include/numpy/__multiarray_api.h:652:49: warning: ‘PyArray_API’ is static but used in inline function ‘infer_type’ which is not static
   #define PyIntegerArrType_Type (*(PyTypeObject *)PyArray_API[12])
                                                   ^
  /srv/conda/envs/notebook/include/python3.7m/object.h:487:60: note: in definition of macro ‘PyObject_TypeCheck’
       (Py_TYPE(ob) == (tp) || PyType_IsSubtype(Py_TYPE(ob), (tp)))
                                                              ^~
  /tmp/pip-install-binc5khc/pandas/.eggs/numpy-1.19.0-py3.7-linux-x86_64.egg/numpy/core/include/numpy/ndarrayobject.h:44:35: note: in expansion of macro ‘PyIntegerArrType_Type’
           (PyObject_TypeCheck(obj, &Py##cls##ArrType_Type))
                                     ^~
  /tmp/pip-install-binc5khc/pandas/.eggs/numpy-1.19.0-py3.7-linux-x86_64.egg/numpy/core/include/numpy/ndarrayobject.h:52:18: note: in expansion of macro ‘PyArray_IsScalar’
                 || PyArray_IsScalar((obj), Integer))
                    ^~~~~~~~~~~~~~~~
  pandas/src/numpy_helper.h:18:12: note: in expansion of macro ‘PyArray_IsIntegerScalar’
     else if (PyArray_IsIntegerScalar(obj)) {
              ^~~~~~~~~~~~~~~~~~~~~~~
  /tmp/pip-install-binc5khc/pandas/.eggs/numpy-1.19.0-py3.7-linux-x86_64.egg/numpy/core/include/numpy/__multiarray_api.h:652:49: warning: ‘PyArray_API’ is static but used in inline function ‘infer_type’ which is not static
   #define PyIntegerArrType_Type (*(PyTypeObject *)PyArray_API[12])
                                                   ^
  /srv/conda/envs/notebook/include/python3.7m/object.h:487:22: note: in definition of macro ‘PyObject_TypeCheck’
       (Py_TYPE(ob) == (tp) || PyType_IsSubtype(Py_TYPE(ob), (tp)))
                        ^~
  /tmp/pip-install-binc5khc/pandas/.eggs/numpy-1.19.0-py3.7-linux-x86_64.egg/numpy/core/include/numpy/ndarrayobject.h:44:35: note: in expansion of macro ‘PyIntegerArrType_Type’
           (PyObject_TypeCheck(obj, &Py##cls##ArrType_Type))
                                     ^~
  /tmp/pip-install-binc5khc/pandas/.eggs/numpy-1.19.0-py3.7-linux-x86_64.egg/numpy/core/include/numpy/ndarrayobject.h:52:18: note: in expansion of macro ‘PyArray_IsScalar’
                 || PyArray_IsScalar((obj), Integer))
                    ^~~~~~~~~~~~~~~~
  pandas/src/numpy_helper.h:18:12: note: in expansion of macro ‘PyArray_IsIntegerScalar’
     else if (PyArray_IsIntegerScalar(obj)) {
              ^~~~~~~~~~~~~~~~~~~~~~~
  error: command 'gcc' failed with exit status 1
  ----------------------------------------
[0m  Running setup.py clean for pandas
[91m  ERROR: Failed building wheel for pandas
[0m  Building wheel for scikit-learn (setup.py): started
  Building wheel for scikit-learn (setup.py): finished with status 'error'
[91m  ERROR: Command errored out with exit status 1:
   command: /srv/conda/envs/notebook/bin/python -u -c 'import sys, setuptools, tokenize; sys.argv[0] = '"'"'/tmp/pip-install-binc5khc/scikit-learn/setup.py'"'"'; __file__='"'"'/tmp/pip-install-binc5khc/scikit-learn/setup.py'"'"';f=getattr(tokenize, '"'"'open'"'"', open)(__file__);code=f.read().replace('"'"'\r\n'"'"', '"'"'\n'"'"');f.close();exec(compile(code, __file__, '"'"'exec'"'"'))' bdist_wheel -d /tmp/pip-wheel-y55bhhm9
       cwd: /tmp/pip-install-binc5khc/scikit-learn/
  Complete output (11 lines):
  Partial import of sklearn during the build process.
  Traceback (most recent call last):
    File "<string>", line 1, in <module>
    File "/tmp/pip-install-binc5khc/scikit-learn/setup.py", line 247, in <module>
      setup_package()
    File "/tmp/pip-install-binc5khc/scikit-learn/setup.py", line 227, in setup_package
      .format(numpy_req_str, instructions))
  ImportError: Numerical Python (NumPy) is not installed.
  scikit-learn requires NumPy >= 1.6.1.
  Installation instructions are available on the scikit-learn website: http://scikit-learn.org/stable/install.html
  
  ----------------------------------------
[0m[91m  ERROR: Failed building wheel for scikit-learn
[0m  Running setup.py clean for scikit-learn
  Building wheel for bokeh (setup.py): started
  Building wheel for bokeh (setup.py): finished with status 'done'
  Created wheel for bokeh: filename=bokeh-0.11.1-py3-none-any.whl size=3536005 sha256=00ab66e5639292990f3dc7452c2b0471c825cf9aaee2070fb8fd20eeb6912024
  Stored in directory: /tmp/pip-ephem-wheel-cache-kr3j8r0a/wheels/a5/9b/ce/908fff06fdedc3127b9beb94e16b1e63bb085df865443e1df0
  Building wheel for mpld3 (setup.py): started
  Building wheel for mpld3 (setup.py): finished with status 'done'
  Created wheel for mpld3: filename=mpld3-0.2-py3-none-any.whl size=109305 sha256=7ec112365b3dabecc4e9bba50d6cafe42105c767e82b139835c15b6e817ddd4c
  Stored in directory: /tmp/pip-ephem-wheel-cache-kr3j8r0a/wheels/c0/69/8b/5c843ecc505a708dfacaddcc6157c02c87dff1352be6112c6d
  Building wheel for neurolab (setup.py): started
  Building wheel for neurolab (setup.py): finished with status 'done'
  Created wheel for neurolab: filename=neurolab-0.3.5-py3-none-any.whl size=22181 sha256=cde6f34bd1e30b63aa5864ec276374bb8bd11bc15b05d1cd81cef98a2a8ccd1c
  Stored in directory: /tmp/pip-ephem-wheel-cache-kr3j8r0a/wheels/3e/07/63/e3d6e066089d7186465184a6f9a1884471485f38beef1edeaa
  Building wheel for theano (setup.py): started
  Building wheel for theano (setup.py): finished with status 'done'
  Created wheel for theano: filename=Theano-0.8.2-py3-none-any.whl size=2725411 sha256=35dc9d83ea531be8bad8cce16dd18e71cc974d9e27a9d40b553d20d62eff4b9a
  Stored in directory: /tmp/pip-ephem-wheel-cache-kr3j8r0a/wheels/f8/d2/8c/82d0e91c7f7fde471bb4b83099b36da77d9a161704ff0db1c7
  Building wheel for pybrain (setup.py): started
  Building wheel for pybrain (setup.py): finished with status 'done'
  Created wheel for pybrain: filename=PyBrain-0.3-py3-none-any.whl size=399045 sha256=8c954c9528c33bc426e1ff9ba056d33a6695eca0d945a13e7b7c622899f08db5
  Stored in directory: /tmp/pip-ephem-wheel-cache-kr3j8r0a/wheels/49/09/bb/c136a2ac8494904afe08d65dc3f2993bd3ec32e97d6a860d7e
  Building wheel for xgboost (setup.py): started
  Building wheel for xgboost (setup.py): finished with status 'done'
  Created wheel for xgboost: filename=xgboost-0.4a30-py3-none-any.whl size=789343 sha256=344f97387728909dccf2b7f1e236b13750f829e27df9b7cb6ee0662a8523a264
  Stored in directory: /tmp/pip-ephem-wheel-cache-kr3j8r0a/wheels/48/4d/7f/a476b392e0e93bd899b7d8006df98e4da241f9c6fc9e7e89f9
  Building wheel for PyYAML (setup.py): started
  Building wheel for PyYAML (setup.py): finished with status 'done'
  Created wheel for PyYAML: filename=PyYAML-5.3.1-cp37-cp37m-linux_x86_64.whl size=393744 sha256=5aedc02ecc2503dbe761b46194275bdaabafd365997c6dea43d138d985562994
  Stored in directory: /tmp/pip-ephem-wheel-cache-kr3j8r0a/wheels/5e/03/1e/e1e954795d6f35dfc7b637fe2277bff021303bd9570ecea653
Successfully built matplotlib bokeh mpld3 neurolab theano pybrain xgboost PyYAML
Failed to build pandas scikit-learn
[91mERROR: widgetsnbextension 3.5.1 has requirement notebook>=4.4.1, but you'll have notebook 4.2.1 which is incompatible.
[0m[91mERROR: jupyterlab 1.2.6 has requirement notebook>=4.3.1, but you'll have notebook 4.2.1 which is incompatible.
[0m[91mERROR: ipywidgets 7.5.1 has requirement ipykernel>=4.5.1, but you'll have ipykernel 4.3.1 which is incompatible.
[0mInstalling collected packages: numpy, scipy, pytz, cycler, pyparsing, matplotlib, pandas, scikit-learn, ipykernel, notebook, requests, PyYAML, bokeh, mpld3, neurolab, theano, nose, nose-parameterized, click, downhill, climate, theanets, pybrain, xgboost, hep-ml
    Running setup.py install for pandas: started
    Running setup.py install for pandas: finished with status 'error'
[91m    ERROR: Command errored out with exit status 1:
     command: /srv/conda/envs/notebook/bin/python -u -c 'import sys, setuptools, tokenize; sys.argv[0] = '"'"'/tmp/pip-install-binc5khc/pandas/setup.py'"'"'; __file__='"'"'/tmp/pip-install-binc5khc/pandas/setup.py'"'"';f=getattr(tokenize, '"'"'open'"'"', open)(__file__);code=f.read().replace('"'"'\r\n'"'"', '"'"'\n'"'"');f.close();exec(compile(code, __file__, '"'"'exec'"'"'))' install --record /tmp/pip-record-579xpl_u/install-record.txt --single-version-externally-managed --compile --install-headers /srv/conda/envs/notebook/include/python3.7m/pandas
         cwd: /tmp/pip-install-binc5khc/pandas/
    Complete output (497 lines):
    running install
    running build
    running build_py
    creating build
    creating build/lib.linux-x86_64-3.7
    creating build/lib.linux-x86_64-3.7/pandas
    copying pandas/info.py -> build/lib.linux-x86_64-3.7/pandas
    copying pandas/__init__.py -> build/lib.linux-x86_64-3.7/pandas
    copying pandas/_version.py -> build/lib.linux-x86_64-3.7/pandas
    creating build/lib.linux-x86_64-3.7/pandas/compat
    copying pandas/compat/__init__.py -> build/lib.linux-x86_64-3.7/pandas/compat
    copying pandas/compat/pickle_compat.py -> build/lib.linux-x86_64-3.7/pandas/compat
    copying pandas/compat/chainmap_impl.py -> build/lib.linux-x86_64-3.7/pandas/compat
    copying pandas/compat/chainmap.py -> build/lib.linux-x86_64-3.7/pandas/compat
    copying pandas/compat/openpyxl_compat.py -> build/lib.linux-x86_64-3.7/pandas/compat
    creating build/lib.linux-x86_64-3.7/pandas/computation
    copying pandas/computation/ops.py -> build/lib.linux-x86_64-3.7/pandas/computation
    copying pandas/computation/__init__.py -> build/lib.linux-x86_64-3.7/pandas/computation
    copying pandas/computation/expr.py -> build/lib.linux-x86_64-3.7/pandas/computation
    copying pandas/computation/align.py -> build/lib.linux-x86_64-3.7/pandas/computation
    copying pandas/computation/common.py -> build/lib.linux-x86_64-3.7/pandas/computation
    copying pandas/computation/api.py -> build/lib.linux-x86_64-3.7/pandas/computation
    copying pandas/computation/scope.py -> build/lib.linux-x86_64-3.7/pandas/computation
    copying pandas/computation/expressions.py -> build/lib.linux-x86_64-3.7/pandas/computation
    copying pandas/computation/pytables.py -> build/lib.linux-x86_64-3.7/pandas/computation
    copying pandas/computation/engines.py -> build/lib.linux-x86_64-3.7/pandas/computation
    copying pandas/computation/eval.py -> build/lib.linux-x86_64-3.7/pandas/computation
    creating build/lib.linux-x86_64-3.7/pandas/computation/tests
    copying pandas/computation/tests/__init__.py -> build/lib.linux-x86_64-3.7/pandas/computation/tests
    copying pandas/computation/tests/test_eval.py -> build/lib.linux-x86_64-3.7/pandas/computation/tests
    creating build/lib.linux-x86_64-3.7/pandas/core
    copying pandas/core/ops.py -> build/lib.linux-x86_64-3.7/pandas/core
    copying pandas/core/__init__.py -> build/lib.linux-x86_64-3.7/pandas/core
    copying pandas/core/nanops.py -> build/lib.linux-x86_64-3.7/pandas/core
    copying pandas/core/algorithms.py -> build/lib.linux-x86_64-3.7/pandas/core
    copying pandas/core/missing.py -> build/lib.linux-x86_64-3.7/pandas/core
    copying pandas/core/common.py -> build/lib.linux-x86_64-3.7/pandas/core
    copying pandas/core/panel4d.py -> build/lib.linux-x86_64-3.7/pandas/core
    copying pandas/core/panelnd.py -> build/lib.linux-x86_64-3.7/pandas/core
    copying pandas/core/frame.py -> build/lib.linux-x86_64-3.7/pandas/core
    copying pandas/core/base.py -> build/lib.linux-x86_64-3.7/pandas/core
    copying pandas/core/api.py -> build/lib.linux-x86_64-3.7/pandas/core
    copying pandas/core/datetools.py -> build/lib.linux-x86_64-3.7/pandas/core
    copying pandas/core/config_init.py -> build/lib.linux-x86_64-3.7/pandas/core
    copying pandas/core/internals.py -> build/lib.linux-x86_64-3.7/pandas/core
    copying pandas/core/convert.py -> build/lib.linux-x86_64-3.7/pandas/core
    copying pandas/core/format.py -> build/lib.linux-x86_64-3.7/pandas/core
    copying pandas/core/style.py -> build/lib.linux-x86_64-3.7/pandas/core
    copying pandas/core/sparse.py -> build/lib.linux-x86_64-3.7/pandas/core
    copying pandas/core/index.py -> build/lib.linux-x86_64-3.7/pandas/core
    copying pandas/core/categorical.py -> build/lib.linux-x86_64-3.7/pandas/core
    copying pandas/core/reshape.py -> build/lib.linux-x86_64-3.7/pandas/core
    copying pandas/core/indexing.py -> build/lib.linux-x86_64-3.7/pandas/core
    copying pandas/core/config.py -> build/lib.linux-x86_64-3.7/pandas/core
    copying pandas/core/panel.py -> build/lib.linux-x86_64-3.7/pandas/core
    copying pandas/core/groupby.py -> build/lib.linux-x86_64-3.7/pandas/core
    copying pandas/core/series.py -> build/lib.linux-x86_64-3.7/pandas/core
    copying pandas/core/generic.py -> build/lib.linux-x86_64-3.7/pandas/core
    copying pandas/core/dtypes.py -> build/lib.linux-x86_64-3.7/pandas/core
    copying pandas/core/strings.py -> build/lib.linux-x86_64-3.7/pandas/core
    copying pandas/core/matrix.py -> build/lib.linux-x86_64-3.7/pandas/core
    creating build/lib.linux-x86_64-3.7/pandas/io
    copying pandas/io/data.py -> build/lib.linux-x86_64-3.7/pandas/io
    copying pandas/io/__init__.py -> build/lib.linux-x86_64-3.7/pandas/io
    copying pandas/io/auth.py -> build/lib.linux-x86_64-3.7/pandas/io
    copying pandas/io/clipboard.py -> build/lib.linux-x86_64-3.7/pandas/io
    copying pandas/io/parsers.py -> build/lib.linux-x86_64-3.7/pandas/io
    copying pandas/io/pickle.py -> build/lib.linux-x86_64-3.7/pandas/io
    copying pandas/io/html.py -> build/lib.linux-x86_64-3.7/pandas/io
    copying pandas/io/common.py -> build/lib.linux-x86_64-3.7/pandas/io
    copying pandas/io/sas.py -> build/lib.linux-x86_64-3.7/pandas/io
    copying pandas/io/api.py -> build/lib.linux-x86_64-3.7/pandas/io
    copying pandas/io/excel.py -> build/lib.linux-x86_64-3.7/pandas/io
    copying pandas/io/stata.py -> build/lib.linux-x86_64-3.7/pandas/io
    copying pandas/io/json.py -> build/lib.linux-x86_64-3.7/pandas/io
    copying pandas/io/packers.py -> build/lib.linux-x86_64-3.7/pandas/io
    copying pandas/io/gbq.py -> build/lib.linux-x86_64-3.7/pandas/io
    copying pandas/io/ga.py -> build/lib.linux-x86_64-3.7/pandas/io
    copying pandas/io/wb.py -> build/lib.linux-x86_64-3.7/pandas/io
    copying pandas/io/date_converters.py -> build/lib.linux-x86_64-3.7/pandas/io
    copying pandas/io/pytables.py -> build/lib.linux-x86_64-3.7/pandas/io
    copying pandas/io/sql.py -> build/lib.linux-x86_64-3.7/pandas/io
    creating build/lib.linux-x86_64-3.7/pandas/rpy
    copying pandas/rpy/__init__.py -> build/lib.linux-x86_64-3.7/pandas/rpy
    copying pandas/rpy/vars.py -> build/lib.linux-x86_64-3.7/pandas/rpy
    copying pandas/rpy/common.py -> build/lib.linux-x86_64-3.7/pandas/rpy
    copying pandas/rpy/base.py -> build/lib.linux-x86_64-3.7/pandas/rpy
    copying pandas/rpy/mass.py -> build/lib.linux-x86_64-3.7/pandas/rpy
    creating build/lib.linux-x86_64-3.7/pandas/sandbox
    copying pandas/sandbox/__init__.py -> build/lib.linux-x86_64-3.7/pandas/sandbox
    copying pandas/sandbox/qtpandas.py -> build/lib.linux-x86_64-3.7/pandas/sandbox
    creating build/lib.linux-x86_64-3.7/pandas/sparse
    copying pandas/sparse/__init__.py -> build/lib.linux-x86_64-3.7/pandas/sparse
    copying pandas/sparse/frame.py -> build/lib.linux-x86_64-3.7/pandas/sparse
    copying pandas/sparse/list.py -> build/lib.linux-x86_64-3.7/pandas/sparse
    copying pandas/sparse/api.py -> build/lib.linux-x86_64-3.7/pandas/sparse
    copying pandas/sparse/scipy_sparse.py -> build/lib.linux-x86_64-3.7/pandas/sparse
    copying pandas/sparse/array.py -> build/lib.linux-x86_64-3.7/pandas/sparse
    copying pandas/sparse/panel.py -> build/lib.linux-x86_64-3.7/pandas/sparse
    copying pandas/sparse/series.py -> build/lib.linux-x86_64-3.7/pandas/sparse
    creating build/lib.linux-x86_64-3.7/pandas/sparse/tests
    copying pandas/sparse/tests/test_array.py -> build/lib.linux-x86_64-3.7/pandas/sparse/tests
    copying pandas/sparse/tests/__init__.py -> build/lib.linux-x86_64-3.7/pandas/sparse/tests
    copying pandas/sparse/tests/test_libsparse.py -> build/lib.linux-x86_64-3.7/pandas/sparse/tests
    copying pandas/sparse/tests/test_list.py -> build/lib.linux-x86_64-3.7/pandas/sparse/tests
    copying pandas/sparse/tests/test_sparse.py -> build/lib.linux-x86_64-3.7/pandas/sparse/tests
    creating build/lib.linux-x86_64-3.7/pandas/stats
    copying pandas/stats/misc.py -> build/lib.linux-x86_64-3.7/pandas/stats
    copying pandas/stats/plm.py -> build/lib.linux-x86_64-3.7/pandas/stats
    copying pandas/stats/__init__.py -> build/lib.linux-x86_64-3.7/pandas/stats
    copying pandas/stats/interface.py -> build/lib.linux-x86_64-3.7/pandas/stats
    copying pandas/stats/common.py -> build/lib.linux-x86_64-3.7/pandas/stats
    copying pandas/stats/api.py -> build/lib.linux-x86_64-3.7/pandas/stats
    copying pandas/stats/fama_macbeth.py -> build/lib.linux-x86_64-3.7/pandas/stats
    copying pandas/stats/var.py -> build/lib.linux-x86_64-3.7/pandas/stats
    copying pandas/stats/math.py -> build/lib.linux-x86_64-3.7/pandas/stats
    copying pandas/stats/moments.py -> build/lib.linux-x86_64-3.7/pandas/stats
    copying pandas/stats/ols.py -> build/lib.linux-x86_64-3.7/pandas/stats
    creating build/lib.linux-x86_64-3.7/pandas/util
    copying pandas/util/misc.py -> build/lib.linux-x86_64-3.7/pandas/util
    copying pandas/util/__init__.py -> build/lib.linux-x86_64-3.7/pandas/util
    copying pandas/util/print_versions.py -> build/lib.linux-x86_64-3.7/pandas/util
    copying pandas/util/clipboard.py -> build/lib.linux-x86_64-3.7/pandas/util
    copying pandas/util/terminal.py -> build/lib.linux-x86_64-3.7/pandas/util
    copying pandas/util/doctools.py -> build/lib.linux-x86_64-3.7/pandas/util
    copying pandas/util/testing.py -> build/lib.linux-x86_64-3.7/pandas/util
    copying pandas/util/decorators.py -> build/lib.linux-x86_64-3.7/pandas/util
    creating build/lib.linux-x86_64-3.7/pandas/tests
    copying pandas/tests/test_testing.py -> build/lib.linux-x86_64-3.7/pandas/tests
    copying pandas/tests/test_compat.py -> build/lib.linux-x86_64-3.7/pandas/tests
    copying pandas/tests/test_panel4d.py -> build/lib.linux-x86_64-3.7/pandas/tests
    copying pandas/tests/__init__.py -> build/lib.linux-x86_64-3.7/pandas/tests
    copying pandas/tests/test_multilevel.py -> build/lib.linux-x86_64-3.7/pandas/tests
    copying pandas/tests/test_generic.py -> build/lib.linux-x86_64-3.7/pandas/tests
    copying pandas/tests/test_rplot.py -> build/lib.linux-x86_64-3.7/pandas/tests
    copying pandas/tests/test_indexing.py -> build/lib.linux-x86_64-3.7/pandas/tests
    copying pandas/tests/test_tseries.py -> build/lib.linux-x86_64-3.7/pandas/tests
    copying pandas/tests/test_strings.py -> build/lib.linux-x86_64-3.7/pandas/tests
    copying pandas/tests/test_panel.py -> build/lib.linux-x86_64-3.7/pandas/tests
    copying pandas/tests/test_style.py -> build/lib.linux-x86_64-3.7/pandas/tests
    copying pandas/tests/test_util.py -> build/lib.linux-x86_64-3.7/pandas/tests
    copying pandas/tests/test_format.py -> build/lib.linux-x86_64-3.7/pandas/tests
    copying pandas/tests/test_index.py -> build/lib.linux-x86_64-3.7/pandas/tests
    copying pandas/tests/test_expressions.py -> build/lib.linux-x86_64-3.7/pandas/tests
    copying pandas/tests/test_nanops.py -> build/lib.linux-x86_64-3.7/pandas/tests
    copying pandas/tests/test_dtypes.py -> build/lib.linux-x86_64-3.7/pandas/tests
    copying pandas/tests/test_categorical.py -> build/lib.linux-x86_64-3.7/pandas/tests
    copying pandas/tests/test_internals.py -> build/lib.linux-x86_64-3.7/pandas/tests
    copying pandas/tests/test_reshape.py -> build/lib.linux-x86_64-3.7/pandas/tests
    copying pandas/tests/test_algos.py -> build/lib.linux-x86_64-3.7/pandas/tests
    copying pandas/tests/test_panelnd.py -> build/lib.linux-x86_64-3.7/pandas/tests
    copying pandas/tests/test_graphics.py -> build/lib.linux-x86_64-3.7/pandas/tests
    copying pandas/tests/test_config.py -> build/lib.linux-x86_64-3.7/pandas/tests
    copying pandas/tests/test_groupby.py -> build/lib.linux-x86_64-3.7/pandas/tests
    copying pandas/tests/test_stats.py -> build/lib.linux-x86_64-3.7/pandas/tests
    copying pandas/tests/test_series.py -> build/lib.linux-x86_64-3.7/pandas/tests
    copying pandas/tests/test_graphics_others.py -> build/lib.linux-x86_64-3.7/pandas/tests
    copying pandas/tests/test_lib.py -> build/lib.linux-x86_64-3.7/pandas/tests
    copying pandas/tests/test_base.py -> build/lib.linux-x86_64-3.7/pandas/tests
    copying pandas/tests/test_frame.py -> build/lib.linux-x86_64-3.7/pandas/tests
    copying pandas/tests/test_common.py -> build/lib.linux-x86_64-3.7/pandas/tests
    creating build/lib.linux-x86_64-3.7/pandas/tests/test_msgpack
    copying pandas/tests/test_msgpack/test_pack.py -> build/lib.linux-x86_64-3.7/pandas/tests/test_msgpack
    copying pandas/tests/test_msgpack/test_limits.py -> build/lib.linux-x86_64-3.7/pandas/tests/test_msgpack
    copying pandas/tests/test_msgpack/__init__.py -> build/lib.linux-x86_64-3.7/pandas/tests/test_msgpack
    copying pandas/tests/test_msgpack/test_obj.py -> build/lib.linux-x86_64-3.7/pandas/tests/test_msgpack
    copying pandas/tests/test_msgpack/test_seq.py -> build/lib.linux-x86_64-3.7/pandas/tests/test_msgpack
    copying pandas/tests/test_msgpack/test_extension.py -> build/lib.linux-x86_64-3.7/pandas/tests/test_msgpack
    copying pandas/tests/test_msgpack/test_read_size.py -> build/lib.linux-x86_64-3.7/pandas/tests/test_msgpack
    copying pandas/tests/test_msgpack/test_case.py -> build/lib.linux-x86_64-3.7/pandas/tests/test_msgpack
    copying pandas/tests/test_msgpack/test_format.py -> build/lib.linux-x86_64-3.7/pandas/tests/test_msgpack
    copying pandas/tests/test_msgpack/test_sequnpack.py -> build/lib.linux-x86_64-3.7/pandas/tests/test_msgpack
    copying pandas/tests/test_msgpack/test_except.py -> build/lib.linux-x86_64-3.7/pandas/tests/test_msgpack
    copying pandas/tests/test_msgpack/test_subtype.py -> build/lib.linux-x86_64-3.7/pandas/tests/test_msgpack
    copying pandas/tests/test_msgpack/test_newspec.py -> build/lib.linux-x86_64-3.7/pandas/tests/test_msgpack
    copying pandas/tests/test_msgpack/test_unpack_raw.py -> build/lib.linux-x86_64-3.7/pandas/tests/test_msgpack
    copying pandas/tests/test_msgpack/test_buffer.py -> build/lib.linux-x86_64-3.7/pandas/tests/test_msgpack
    copying pandas/tests/test_msgpack/test_unpack.py -> build/lib.linux-x86_64-3.7/pandas/tests/test_msgpack
    creating build/lib.linux-x86_64-3.7/pandas/tools
    copying pandas/tools/__init__.py -> build/lib.linux-x86_64-3.7/pandas/tools
    copying pandas/tools/plotting.py -> build/lib.linux-x86_64-3.7/pandas/tools
    copying pandas/tools/tile.py -> build/lib.linux-x86_64-3.7/pandas/tools
    copying pandas/tools/util.py -> build/lib.linux-x86_64-3.7/pandas/tools
    copying pandas/tools/rplot.py -> build/lib.linux-x86_64-3.7/pandas/tools
    copying pandas/tools/merge.py -> build/lib.linux-x86_64-3.7/pandas/tools
    copying pandas/tools/pivot.py -> build/lib.linux-x86_64-3.7/pandas/tools
    creating build/lib.linux-x86_64-3.7/pandas/tools/tests
    copying pandas/tools/tests/__init__.py -> build/lib.linux-x86_64-3.7/pandas/tools/tests
    copying pandas/tools/tests/test_util.py -> build/lib.linux-x86_64-3.7/pandas/tools/tests
    copying pandas/tools/tests/test_merge.py -> build/lib.linux-x86_64-3.7/pandas/tools/tests
    copying pandas/tools/tests/test_tile.py -> build/lib.linux-x86_64-3.7/pandas/tools/tests
    copying pandas/tools/tests/test_pivot.py -> build/lib.linux-x86_64-3.7/pandas/tools/tests
    creating build/lib.linux-x86_64-3.7/pandas/tseries
    copying pandas/tseries/holiday.py -> build/lib.linux-x86_64-3.7/pandas/tseries
    copying pandas/tseries/__init__.py -> build/lib.linux-x86_64-3.7/pandas/tseries
    copying pandas/tseries/plotting.py -> build/lib.linux-x86_64-3.7/pandas/tseries
    copying pandas/tseries/interval.py -> build/lib.linux-x86_64-3.7/pandas/tseries
    copying pandas/tseries/common.py -> build/lib.linux-x86_64-3.7/pandas/tseries
    copying pandas/tseries/tdi.py -> build/lib.linux-x86_64-3.7/pandas/tseries
    copying pandas/tseries/util.py -> build/lib.linux-x86_64-3.7/pandas/tseries
    copying pandas/tseries/base.py -> build/lib.linux-x86_64-3.7/pandas/tseries
    copying pandas/tseries/api.py -> build/lib.linux-x86_64-3.7/pandas/tseries
    copying pandas/tseries/resample.py -> build/lib.linux-x86_64-3.7/pandas/tseries
    copying pandas/tseries/index.py -> build/lib.linux-x86_64-3.7/pandas/tseries
    copying pandas/tseries/period.py -> build/lib.linux-x86_64-3.7/pandas/tseries
    copying pandas/tseries/tools.py -> build/lib.linux-x86_64-3.7/pandas/tseries
    copying pandas/tseries/converter.py -> build/lib.linux-x86_64-3.7/pandas/tseries
    copying pandas/tseries/offsets.py -> build/lib.linux-x86_64-3.7/pandas/tseries
    copying pandas/tseries/frequencies.py -> build/lib.linux-x86_64-3.7/pandas/tseries
    copying pandas/tseries/timedeltas.py -> build/lib.linux-x86_64-3.7/pandas/tseries
    creating build/lib.linux-x86_64-3.7/pandas/tseries/tests
    copying pandas/tseries/tests/test_frequencies.py -> build/lib.linux-x86_64-3.7/pandas/tseries/tests
    copying pandas/tseries/tests/__init__.py -> build/lib.linux-x86_64-3.7/pandas/tseries/tests
    copying pandas/tseries/tests/test_daterange.py -> build/lib.linux-x86_64-3.7/pandas/tseries/tests
    copying pandas/tseries/tests/test_tslib.py -> build/lib.linux-x86_64-3.7/pandas/tseries/tests
    copying pandas/tseries/tests/test_period.py -> build/lib.linux-x86_64-3.7/pandas/tseries/tests
    copying pandas/tseries/tests/test_converter.py -> build/lib.linux-x86_64-3.7/pandas/tseries/tests
    copying pandas/tseries/tests/test_util.py -> build/lib.linux-x86_64-3.7/pandas/tseries/tests
    copying pandas/tseries/tests/test_timeseries_legacy.py -> build/lib.linux-x86_64-3.7/pandas/tseries/tests
    copying pandas/tseries/tests/test_plotting.py -> build/lib.linux-x86_64-3.7/pandas/tseries/tests
    copying pandas/tseries/tests/test_timeseries.py -> build/lib.linux-x86_64-3.7/pandas/tseries/tests
    copying pandas/tseries/tests/test_timedeltas.py -> build/lib.linux-x86_64-3.7/pandas/tseries/tests
    copying pandas/tseries/tests/test_holiday.py -> build/lib.linux-x86_64-3.7/pandas/tseries/tests
    copying pandas/tseries/tests/test_timezones.py -> build/lib.linux-x86_64-3.7/pandas/tseries/tests
    copying pandas/tseries/tests/test_resample.py -> build/lib.linux-x86_64-3.7/pandas/tseries/tests
    copying pandas/tseries/tests/test_offsets.py -> build/lib.linux-x86_64-3.7/pandas/tseries/tests
    copying pandas/tseries/tests/test_base.py -> build/lib.linux-x86_64-3.7/pandas/tseries/tests
    creating build/lib.linux-x86_64-3.7/pandas/io/tests
    copying pandas/io/tests/test_sas.py -> build/lib.linux-x86_64-3.7/pandas/io/tests
    copying pandas/io/tests/test_packers.py -> build/lib.linux-x86_64-3.7/pandas/io/tests
    copying pandas/io/tests/__init__.py -> build/lib.linux-x86_64-3.7/pandas/io/tests
    copying pandas/io/tests/test_html.py -> build/lib.linux-x86_64-3.7/pandas/io/tests
    copying pandas/io/tests/test_wb.py -> build/lib.linux-x86_64-3.7/pandas/io/tests
    copying pandas/io/tests/test_parsers.py -> build/lib.linux-x86_64-3.7/pandas/io/tests
    copying pandas/io/tests/test_cparser.py -> build/lib.linux-x86_64-3.7/pandas/io/tests
    copying pandas/io/tests/test_clipboard.py -> build/lib.linux-x86_64-3.7/pandas/io/tests
    copying pandas/io/tests/test_excel.py -> build/lib.linux-x86_64-3.7/pandas/io/tests
    copying pandas/io/tests/test_ga.py -> build/lib.linux-x86_64-3.7/pandas/io/tests
    copying pandas/io/tests/test_date_converters.py -> build/lib.linux-x86_64-3.7/pandas/io/tests
    copying pandas/io/tests/test_stata.py -> build/lib.linux-x86_64-3.7/pandas/io/tests
    copying pandas/io/tests/generate_legacy_storage_files.py -> build/lib.linux-x86_64-3.7/pandas/io/tests
    copying pandas/io/tests/test_json_norm.py -> build/lib.linux-x86_64-3.7/pandas/io/tests
    copying pandas/io/tests/test_pickle.py -> build/lib.linux-x86_64-3.7/pandas/io/tests
    copying pandas/io/tests/test_gbq.py -> build/lib.linux-x86_64-3.7/pandas/io/tests
    copying pandas/io/tests/test_data.py -> build/lib.linux-x86_64-3.7/pandas/io/tests
    copying pandas/io/tests/test_pytables.py -> build/lib.linux-x86_64-3.7/pandas/io/tests
    copying pandas/io/tests/test_sql.py -> build/lib.linux-x86_64-3.7/pandas/io/tests
    copying pandas/io/tests/test_common.py -> build/lib.linux-x86_64-3.7/pandas/io/tests
    creating build/lib.linux-x86_64-3.7/pandas/io/tests/test_json
    copying pandas/io/tests/test_json/__init__.py -> build/lib.linux-x86_64-3.7/pandas/io/tests/test_json
    copying pandas/io/tests/test_json/test_ujson.py -> build/lib.linux-x86_64-3.7/pandas/io/tests/test_json
    copying pandas/io/tests/test_json/test_pandas.py -> build/lib.linux-x86_64-3.7/pandas/io/tests/test_json
    creating build/lib.linux-x86_64-3.7/pandas/stats/tests
    copying pandas/stats/tests/__init__.py -> build/lib.linux-x86_64-3.7/pandas/stats/tests
    copying pandas/stats/tests/common.py -> build/lib.linux-x86_64-3.7/pandas/stats/tests
    copying pandas/stats/tests/test_math.py -> build/lib.linux-x86_64-3.7/pandas/stats/tests
    copying pandas/stats/tests/test_moments.py -> build/lib.linux-x86_64-3.7/pandas/stats/tests
    copying pandas/stats/tests/test_fama_macbeth.py -> build/lib.linux-x86_64-3.7/pandas/stats/tests
    copying pandas/stats/tests/test_var.py -> build/lib.linux-x86_64-3.7/pandas/stats/tests
    copying pandas/stats/tests/test_ols.py -> build/lib.linux-x86_64-3.7/pandas/stats/tests
    creating build/lib.linux-x86_64-3.7/pandas/msgpack
    copying pandas/msgpack/__init__.py -> build/lib.linux-x86_64-3.7/pandas/msgpack
    copying pandas/msgpack/exceptions.py -> build/lib.linux-x86_64-3.7/pandas/msgpack
    copying pandas/msgpack/_version.py -> build/lib.linux-x86_64-3.7/pandas/msgpack
    creating build/lib.linux-x86_64-3.7/pandas/io/tests/data
    creating build/lib.linux-x86_64-3.7/pandas/io/tests/data/legacy_hdf
    copying pandas/io/tests/data/legacy_hdf/legacy_0.10.h5 -> build/lib.linux-x86_64-3.7/pandas/io/tests/data/legacy_hdf
    copying pandas/io/tests/data/legacy_hdf/pytables_native2.h5 -> build/lib.linux-x86_64-3.7/pandas/io/tests/data/legacy_hdf
    copying pandas/io/tests/data/legacy_hdf/datetimetz_object.h5 -> build/lib.linux-x86_64-3.7/pandas/io/tests/data/legacy_hdf
    copying pandas/io/tests/data/legacy_hdf/legacy_table.h5 -> build/lib.linux-x86_64-3.7/pandas/io/tests/data/legacy_hdf
    copying pandas/io/tests/data/legacy_hdf/pytables_native.h5 -> build/lib.linux-x86_64-3.7/pandas/io/tests/data/legacy_hdf
    copying pandas/io/tests/data/legacy_hdf/legacy.h5 -> build/lib.linux-x86_64-3.7/pandas/io/tests/data/legacy_hdf
    copying pandas/io/tests/data/legacy_hdf/legacy_table_0.11.h5 -> build/lib.linux-x86_64-3.7/pandas/io/tests/data/legacy_hdf
    creating build/lib.linux-x86_64-3.7/pandas/io/tests/data/legacy_pickle
    creating build/lib.linux-x86_64-3.7/pandas/io/tests/data/legacy_pickle/0.14.0
    copying pandas/io/tests/data/legacy_pickle/0.14.0/0.14.0_x86_64_linux_2.7.8.pickle -> build/lib.linux-x86_64-3.7/pandas/io/tests/data/legacy_pickle/0.14.0
    copying pandas/io/tests/data/legacy_pickle/0.14.0/0.14.0_x86_64_darwin_2.7.6.pickle -> build/lib.linux-x86_64-3.7/pandas/io/tests/data/legacy_pickle/0.14.0
    creating build/lib.linux-x86_64-3.7/pandas/io/tests/data/legacy_pickle/0.15.2
    copying pandas/io/tests/data/legacy_pickle/0.15.2/0.15.2_x86_64_darwin_2.7.9.pickle -> build/lib.linux-x86_64-3.7/pandas/io/tests/data/legacy_pickle/0.15.2
    creating build/lib.linux-x86_64-3.7/pandas/io/tests/data/legacy_pickle/0.15.0
    copying pandas/io/tests/data/legacy_pickle/0.15.0/0.15.0_x86_64_linux_2.7.8.pickle -> build/lib.linux-x86_64-3.7/pandas/io/tests/data/legacy_pickle/0.15.0
    creating build/lib.linux-x86_64-3.7/pandas/io/tests/data/legacy_pickle/0.12.0
    copying pandas/io/tests/data/legacy_pickle/0.12.0/0.12.0_x86_64_linux_2.7.3.pickle -> build/lib.linux-x86_64-3.7/pandas/io/tests/data/legacy_pickle/0.12.0
    copying pandas/io/tests/data/legacy_pickle/0.12.0/0.12.0_AMD64_windows_2.7.3.pickle -> build/lib.linux-x86_64-3.7/pandas/io/tests/data/legacy_pickle/0.12.0
    creating build/lib.linux-x86_64-3.7/pandas/io/tests/data/legacy_pickle/0.16.2
    copying pandas/io/tests/data/legacy_pickle/0.16.2/0.16.2_AMD64_windows_3.4.3.pickle -> build/lib.linux-x86_64-3.7/pandas/io/tests/data/legacy_pickle/0.16.2
    copying pandas/io/tests/data/legacy_pickle/0.16.2/0.16.2_x86_64_linux_2.7.10.pickle -> build/lib.linux-x86_64-3.7/pandas/io/tests/data/legacy_pickle/0.16.2
    copying pandas/io/tests/data/legacy_pickle/0.16.2/0.16.2_x86_64_darwin_2.7.9.pickle -> build/lib.linux-x86_64-3.7/pandas/io/tests/data/legacy_pickle/0.16.2
    copying pandas/io/tests/data/legacy_pickle/0.16.2/0.16.2_x86_64_linux_3.4.3.pickle -> build/lib.linux-x86_64-3.7/pandas/io/tests/data/legacy_pickle/0.16.2
    copying pandas/io/tests/data/legacy_pickle/0.16.2/0.16.2_x86_64_darwin_3.4.3.pickle -> build/lib.linux-x86_64-3.7/pandas/io/tests/data/legacy_pickle/0.16.2
    copying pandas/io/tests/data/legacy_pickle/0.16.2/0.16.2_x86_64_darwin_2.7.10.pickle -> build/lib.linux-x86_64-3.7/pandas/io/tests/data/legacy_pickle/0.16.2
    copying pandas/io/tests/data/legacy_pickle/0.16.2/0.16.2_AMD64_windows_2.7.10.pickle -> build/lib.linux-x86_64-3.7/pandas/io/tests/data/legacy_pickle/0.16.2
    creating build/lib.linux-x86_64-3.7/pandas/io/tests/data/legacy_pickle/0.14.1
    copying pandas/io/tests/data/legacy_pickle/0.14.1/0.14.1_x86_64_linux_2.7.8.pickle -> build/lib.linux-x86_64-3.7/pandas/io/tests/data/legacy_pickle/0.14.1
    creating build/lib.linux-x86_64-3.7/pandas/io/tests/data/legacy_pickle/0.10.1
    copying pandas/io/tests/data/legacy_pickle/0.10.1/AMD64_windows_2.7.3.pickle -> build/lib.linux-x86_64-3.7/pandas/io/tests/data/legacy_pickle/0.10.1
    copying pandas/io/tests/data/legacy_pickle/0.10.1/x86_64_linux_2.7.3.pickle -> build/lib.linux-x86_64-3.7/pandas/io/tests/data/legacy_pickle/0.10.1
    creating build/lib.linux-x86_64-3.7/pandas/io/tests/data/legacy_pickle/0.13.0
    copying pandas/io/tests/data/legacy_pickle/0.13.0/0.13.0_x86_64_darwin_2.7.6.pickle -> build/lib.linux-x86_64-3.7/pandas/io/tests/data/legacy_pickle/0.13.0
    copying pandas/io/tests/data/legacy_pickle/0.13.0/0.13.0_x86_64_linux_3.3.0.pickle -> build/lib.linux-x86_64-3.7/pandas/io/tests/data/legacy_pickle/0.13.0
    copying pandas/io/tests/data/legacy_pickle/0.13.0/0.13.0_x86_64_linux_2.7.8.pickle -> build/lib.linux-x86_64-3.7/pandas/io/tests/data/legacy_pickle/0.13.0
    copying pandas/io/tests/data/legacy_pickle/0.13.0/0.13.0_x86_64_linux_2.7.3.pickle -> build/lib.linux-x86_64-3.7/pandas/io/tests/data/legacy_pickle/0.13.0
    copying pandas/io/tests/data/legacy_pickle/0.13.0/0.13.0_i686_linux_2.6.5.pickle -> build/lib.linux-x86_64-3.7/pandas/io/tests/data/legacy_pickle/0.13.0
    copying pandas/io/tests/data/legacy_pickle/0.13.0/0.13.0_AMD64_windows_2.7.3.pickle -> build/lib.linux-x86_64-3.7/pandas/io/tests/data/legacy_pickle/0.13.0
    copying pandas/io/tests/data/legacy_pickle/0.13.0/0.13.0_x86_64_darwin_2.7.5.pickle -> build/lib.linux-x86_64-3.7/pandas/io/tests/data/legacy_pickle/0.13.0
    copying pandas/io/tests/data/legacy_pickle/0.13.0/0.13.0_i686_linux_3.2.3.pickle -> build/lib.linux-x86_64-3.7/pandas/io/tests/data/legacy_pickle/0.13.0
    copying pandas/io/tests/data/legacy_pickle/0.13.0/0.13.0_i686_linux_2.7.3.pickle -> build/lib.linux-x86_64-3.7/pandas/io/tests/data/legacy_pickle/0.13.0
    creating build/lib.linux-x86_64-3.7/pandas/io/tests/data/legacy_pickle/0.11.0
    copying pandas/io/tests/data/legacy_pickle/0.11.0/x86_64_linux_3.3.0.pickle -> build/lib.linux-x86_64-3.7/pandas/io/tests/data/legacy_pickle/0.11.0
    copying pandas/io/tests/data/legacy_pickle/0.11.0/x86_64_linux_2.7.3.pickle -> build/lib.linux-x86_64-3.7/pandas/io/tests/data/legacy_pickle/0.11.0
    copying pandas/io/tests/data/legacy_pickle/0.11.0/0.11.0_x86_64_linux_3.3.0.pickle -> build/lib.linux-x86_64-3.7/pandas/io/tests/data/legacy_pickle/0.11.0
    creating build/lib.linux-x86_64-3.7/pandas/io/tests/data/legacy_pickle/0.16.0
    copying pandas/io/tests/data/legacy_pickle/0.16.0/0.16.0_x86_64_darwin_2.7.9.pickle -> build/lib.linux-x86_64-3.7/pandas/io/tests/data/legacy_pickle/0.16.0
    creating build/lib.linux-x86_64-3.7/pandas/io/tests/data/legacy_msgpack
    creating build/lib.linux-x86_64-3.7/pandas/io/tests/data/legacy_msgpack/0.16.2
    copying pandas/io/tests/data/legacy_msgpack/0.16.2/0.16.2_x86_64_darwin_2.7.9.msgpack -> build/lib.linux-x86_64-3.7/pandas/io/tests/data/legacy_msgpack/0.16.2
    copying pandas/io/tests/data/legacy_msgpack/0.16.2/0.16.2_AMD64_windows_2.7.10.msgpack -> build/lib.linux-x86_64-3.7/pandas/io/tests/data/legacy_msgpack/0.16.2
    copying pandas/io/tests/data/legacy_msgpack/0.16.2/0.16.2_x86_64_linux_3.4.3.msgpack -> build/lib.linux-x86_64-3.7/pandas/io/tests/data/legacy_msgpack/0.16.2
    copying pandas/io/tests/data/legacy_msgpack/0.16.2/0.16.2_AMD64_windows_3.4.3.msgpack -> build/lib.linux-x86_64-3.7/pandas/io/tests/data/legacy_msgpack/0.16.2
    copying pandas/io/tests/data/legacy_msgpack/0.16.2/0.16.2_x86_64_darwin_2.7.10.msgpack -> build/lib.linux-x86_64-3.7/pandas/io/tests/data/legacy_msgpack/0.16.2
    copying pandas/io/tests/data/legacy_msgpack/0.16.2/0.16.2_x86_64_darwin_3.4.3.msgpack -> build/lib.linux-x86_64-3.7/pandas/io/tests/data/legacy_msgpack/0.16.2
    copying pandas/io/tests/data/legacy_msgpack/0.16.2/0.16.2_x86_64_linux_2.7.10.msgpack -> build/lib.linux-x86_64-3.7/pandas/io/tests/data/legacy_msgpack/0.16.2
    creating build/lib.linux-x86_64-3.7/pandas/io/tests/data/legacy_msgpack/0.16.0
    copying pandas/io/tests/data/legacy_msgpack/0.16.0/0.16.0_x86_64_darwin_2.7.9.msgpack -> build/lib.linux-x86_64-3.7/pandas/io/tests/data/legacy_msgpack/0.16.0
    copying pandas/io/tests/data/DRXFCD_G.csv -> build/lib.linux-x86_64-3.7/pandas/io/tests/data
    copying pandas/io/tests/data/test1.csv -> build/lib.linux-x86_64-3.7/pandas/io/tests/data
    copying pandas/io/tests/data/banklist.csv -> build/lib.linux-x86_64-3.7/pandas/io/tests/data
    copying pandas/io/tests/data/test1.csv.gz -> build/lib.linux-x86_64-3.7/pandas/io/tests/data
    copying pandas/io/tests/data/stata6.csv -> build/lib.linux-x86_64-3.7/pandas/io/tests/data
    copying pandas/io/tests/data/test1.csv.bz2 -> build/lib.linux-x86_64-3.7/pandas/io/tests/data
    copying pandas/io/tests/data/iris.csv -> build/lib.linux-x86_64-3.7/pandas/io/tests/data
    copying pandas/io/tests/data/test2.csv -> build/lib.linux-x86_64-3.7/pandas/io/tests/data
    copying pandas/io/tests/data/unicode_series.csv -> build/lib.linux-x86_64-3.7/pandas/io/tests/data
    copying pandas/io/tests/data/stata3.csv -> build/lib.linux-x86_64-3.7/pandas/io/tests/data
    copying pandas/io/tests/data/SSHSV1_A.csv -> build/lib.linux-x86_64-3.7/pandas/io/tests/data
    copying pandas/io/tests/data/tips.csv -> build/lib.linux-x86_64-3.7/pandas/io/tests/data
    copying pandas/io/tests/data/DEMO_G.csv -> build/lib.linux-x86_64-3.7/pandas/io/tests/data
    copying pandas/io/tests/data/stata5.csv -> build/lib.linux-x86_64-3.7/pandas/io/tests/data
    copying pandas/io/tests/data/DEMO_G.XPT -> build/lib.linux-x86_64-3.7/pandas/io/tests/data
    copying pandas/io/tests/data/SSHSV1_A.XPT -> build/lib.linux-x86_64-3.7/pandas/io/tests/data
    copying pandas/io/tests/data/DRXFCD_G.XPT -> build/lib.linux-x86_64-3.7/pandas/io/tests/data
    copying pandas/io/tests/data/stata4_117.dta -> build/lib.linux-x86_64-3.7/pandas/io/tests/data
    copying pandas/io/tests/data/stata3_117.dta -> build/lib.linux-x86_64-3.7/pandas/io/tests/data
    copying pandas/io/tests/data/stata4_115.dta -> build/lib.linux-x86_64-3.7/pandas/io/tests/data
    copying pandas/io/tests/data/stata5_113.dta -> build/lib.linux-x86_64-3.7/pandas/io/tests/data
    copying pandas/io/tests/data/stata8_115.dta -> build/lib.linux-x86_64-3.7/pandas/io/tests/data
    copying pandas/io/tests/data/stata5_117.dta -> build/lib.linux-x86_64-3.7/pandas/io/tests/data
    copying pandas/io/tests/data/stata3_114.dta -> build/lib.linux-x86_64-3.7/pandas/io/tests/data
    copying pandas/io/tests/data/stata7_117.dta -> build/lib.linux-x86_64-3.7/pandas/io/tests/data
    copying pandas/io/[0m[91mtests/data/stata8_113.dta -> build/lib.linux-x86_64-3.7/pandas/io/tests/data
    copying pandas/io/tests/data/stata1_encoding.dta -> build/lib.linux-x86_64-3.7/pandas/io/tests/data
    copying pandas/io/tests/data/stata6_113.dta -> build/lib.linux-x86_64-3.7/pandas/io/tests/data
    copying pandas/io/tests/data/stata6_114.dta -> build/lib.linux-x86_64-3.7/pandas/io/tests/data
    copying pandas/io/tests/data/stata1_114.dta -> build/lib.linux-x86_64-3.7/pandas/io/tests/data
    copying pandas/io/tests/data/stata6_117.dta -> build/lib.linux-x86_64-3.7/pandas/io/tests/data
    copying pandas/io/tests/data/stata6_115.dta -> build/lib.linux-x86_64-3.7/pandas/io/tests/data
    copying pandas/io/tests/data/stata3_115.dta -> build/lib.linux-x86_64-3.7/pandas/io/tests/data
    copying pandas/io/tests/data/stata9_117.dta -> build/lib.linux-x86_64-3.7/pandas/io/tests/data
    copying pandas/io/tests/data/stata2_114.dta -> build/lib.linux-x86_64-3.7/pandas/io/tests/data
    copying pandas/io/tests/data/stata10_115.dta -> build/lib.linux-x86_64-3.7/pandas/io/tests/data
    copying pandas/io/tests/data/stata2_117.dta -> build/lib.linux-x86_64-3.7/pandas/io/tests/data
    copying pandas/io/tests/data/stata11_115.dta -> build/lib.linux-x86_64-3.7/pandas/io/tests/data
    copying pandas/io/tests/data/stata12_117.dta -> build/lib.linux-x86_64-3.7/pandas/io/tests/data
    copying pandas/io/tests/data/stata14_118.dta -> build/lib.linux-x86_64-3.7/pandas/io/tests/data
    copying pandas/io/tests/data/stata1_117.dta -> build/lib.linux-x86_64-3.7/pandas/io/tests/data
    copying pandas/io/tests/data/stata2_115.dta -> build/lib.linux-x86_64-3.7/pandas/io/tests/data
    copying pandas/io/tests/data/stata9_115.dta -> build/lib.linux-x86_64-3.7/pandas/io/tests/data
    copying pandas/io/tests/data/stata5_115.dta -> build/lib.linux-x86_64-3.7/pandas/io/tests/data
    copying pandas/io/tests/data/stata5_114.dta -> build/lib.linux-x86_64-3.7/pandas/io/tests/data
    copying pandas/io/tests/data/stata4_113.dta -> build/lib.linux-x86_64-3.7/pandas/io/tests/data
    copying pandas/io/tests/data/stata2_113.dta -> build/lib.linux-x86_64-3.7/pandas/io/tests/data
    copying pandas/io/tests/data/stata11_117.dta -> build/lib.linux-x86_64-3.7/pandas/io/tests/data
    copying pandas/io/tests/data/stata10_117.dta -> build/lib.linux-x86_64-3.7/pandas/io/tests/data
    copying pandas/io/tests/data/stata4_114.dta -> build/lib.linux-x86_64-3.7/pandas/io/tests/data
    copying pandas/io/tests/data/stata8_117.dta -> build/lib.linux-x86_64-3.7/pandas/io/tests/data
    copying pandas/io/tests/data/stata7_115.dta -> build/lib.linux-x86_64-3.7/pandas/io/tests/data
    copying pandas/io/tests/data/stata3_113.dta -> build/lib.linux-x86_64-3.7/pandas/io/tests/data
    copying pandas/io/tests/data/gbq_fake_job.txt -> build/lib.linux-x86_64-3.7/pandas/io/tests/data
    copying pandas/io/tests/data/utf16_ex.txt -> build/lib.linux-x86_64-3.7/pandas/io/tests/data
    copying pandas/io/tests/data/times_1904.xls -> build/lib.linux-x86_64-3.7/pandas/io/tests/data
    copying pandas/io/tests/data/blank.xls -> build/lib.linux-x86_64-3.7/pandas/io/tests/data
    copying pandas/io/tests/data/times_1900.xls -> build/lib.linux-x86_64-3.7/pandas/io/tests/data
    copying pandas/io/tests/data/test_converters.xls -> build/lib.linux-x86_64-3.7/pandas/io/tests/data
    copying pandas/io/tests/data/test1.xls -> build/lib.linux-x86_64-3.7/pandas/io/tests/data
    copying pandas/io/tests/data/test3.xls -> build/lib.linux-x86_64-3.7/pandas/io/tests/data
    copying pandas/io/tests/data/test4.xls -> build/lib.linux-x86_64-3.7/pandas/io/tests/data
    copying pandas/io/tests/data/testmultiindex.xls -> build/lib.linux-x86_64-3.7/pandas/io/tests/data
    copying pandas/io/tests/data/test2.xls -> build/lib.linux-x86_64-3.7/pandas/io/tests/data
    copying pandas/io/tests/data/testskiprows.xls -> build/lib.linux-x86_64-3.7/pandas/io/tests/data
    copying pandas/io/tests/data/test_types.xls -> build/lib.linux-x86_64-3.7/pandas/io/tests/data
    copying pandas/io/tests/data/test_index_name_pre17.xls -> build/lib.linux-x86_64-3.7/pandas/io/tests/data
    copying pandas/io/tests/data/blank_with_header.xls -> build/lib.linux-x86_64-3.7/pandas/io/tests/data
    copying pandas/io/tests/data/test_multisheet.xls -> build/lib.linux-x86_64-3.7/pandas/io/tests/data
    copying pandas/io/tests/data/test3.xlsx -> build/lib.linux-x86_64-3.7/pandas/io/tests/data
    copying pandas/io/tests/data/blank.xlsx -> build/lib.linux-x86_64-3.7/pandas/io/tests/data
    copying pandas/io/tests/data/testskiprows.xlsx -> build/lib.linux-x86_64-3.7/pandas/io/tests/data
    copying pandas/io/tests/data/testmultiindex.xlsx -> build/lib.linux-x86_64-3.7/pandas/io/tests/data
    copying pandas/io/tests/data/test1.xlsx -> build/lib.linux-x86_64-3.7/pandas/io/tests/data
    copying pandas/io/tests/data/test_types.xlsx -> build/lib.linux-x86_64-3.7/pandas/io/tests/data
    copying pandas/io/tests/data/test_converters.xlsx -> build/lib.linux-x86_64-3.7/pandas/io/tests/data
    copying pandas/io/tests/data/test2.xlsx -> build/lib.linux-x86_64-3.7/pandas/io/tests/data
    copying pandas/io/tests/data/test_index_name_pre17.xlsx -> build/lib.linux-x86_64-3.7/pandas/io/tests/data
    copying pandas/io/tests/data/test_multisheet.xlsx -> build/lib.linux-x86_64-3.7/pandas/io/tests/data
    copying pandas/io/tests/data/blank_with_header.xlsx -> build/lib.linux-x86_64-3.7/pandas/io/tests/data
    copying pandas/io/tests/data/test4.xlsx -> build/lib.linux-x86_64-3.7/pandas/io/tests/data
    copying pandas/io/tests/data/times_1904.xlsx -> build/lib.linux-x86_64-3.7/pandas/io/tests/data
    copying pandas/io/tests/data/times_1900.xlsx -> build/lib.linux-x86_64-3.7/pandas/io/tests/data
    copying pandas/io/tests/data/test_types.xlsm -> build/lib.linux-x86_64-3.7/pandas/io/tests/data
    copying pandas/io/tests/data/test1.xlsm -> build/lib.linux-x86_64-3.7/pandas/io/tests/data
    copying pandas/io/tests/data/test_converters.xlsm -> build/lib.linux-x86_64-3.7/pandas/io/tests/data
    copying pandas/io/tests/data/test2.xlsm -> build/lib.linux-x86_64-3.7/pandas/io/tests/data
    copying pandas/io/tests/data/test3.xlsm -> build/lib.linux-x86_64-3.7/pandas/io/tests/data
    copying pandas/io/tests/data/test_index_name_pre17.xlsm -> build/lib.linux-x86_64-3.7/pandas/io/tests/data
    copying pandas/io/tests/data/times_1904.xlsm -> build/lib.linux-x86_64-3.7/pandas/io/tests/data
    copying pandas/io/tests/data/test4.xlsm -> build/lib.linux-x86_64-3.7/pandas/io/tests/data
    copying pandas/io/tests/data/testmultiindex.xlsm -> build/lib.linux-x86_64-3.7/pandas/io/tests/data
    copying pandas/io/tests/data/test_multisheet.xlsm -> build/lib.linux-x86_64-3.7/pandas/io/tests/data
    copying pandas/io/tests/data/testskiprows.xlsm -> build/lib.linux-x86_64-3.7/pandas/io/tests/data
    copying pandas/io/tests/data/times_1900.xlsm -> build/lib.linux-x86_64-3.7/pandas/io/tests/data
    copying pandas/io/tests/data/blank_with_header.xlsm -> build/lib.linux-x86_64-3.7/pandas/io/tests/data
    copying pandas/io/tests/data/blank.xlsm -> build/lib.linux-x86_64-3.7/pandas/io/tests/data
    copying pandas/io/tests/data/salary.table -> build/lib.linux-x86_64-3.7/pandas/io/tests/data
    copying pandas/io/tests/data/valid_markup.html -> build/lib.linux-x86_64-3.7/pandas/io/tests/data
    copying pandas/io/tests/data/yahoo_options1.html -> build/lib.linux-x86_64-3.7/pandas/io/tests/data
    copying pandas/io/tests/data/yahoo_options2.html -> build/lib.linux-x86_64-3.7/pandas/io/tests/data
    copying pandas/io/tests/data/yahoo_options3.html -> build/lib.linux-x86_64-3.7/pandas/io/tests/data
    copying pandas/io/tests/data/computer_sales_page.html -> build/lib.linux-x86_64-3.7/pandas/io/tests/data
    copying pandas/io/tests/data/nyse_wsj.html -> build/lib.linux-x86_64-3.7/pandas/io/tests/data
    copying pandas/io/tests/data/wikipedia_states.html -> build/lib.linux-x86_64-3.7/pandas/io/tests/data
    copying pandas/io/tests/data/banklist.html -> build/lib.linux-x86_64-3.7/pandas/io/tests/data
    copying pandas/io/tests/data/spam.html -> build/lib.linux-x86_64-3.7/pandas/io/tests/data
    copying pandas/io/tests/data/macau.html -> build/lib.linux-x86_64-3.7/pandas/io/tests/data
    creating build/lib.linux-x86_64-3.7/pandas/io/tests/data/html_encoding
    copying pandas/io/tests/data/html_encoding/letz_latin1.html -> build/lib.linux-x86_64-3.7/pandas/io/tests/data/html_encoding
    copying pandas/io/tests/data/html_encoding/chinese_utf-8.html -> build/lib.linux-x86_64-3.7/pandas/io/tests/data/html_encoding
    copying pandas/io/tests/data/html_encoding/chinese_utf-32.html -> build/lib.linux-x86_64-3.7/pandas/io/tests/data/html_encoding
    copying pandas/io/tests/data/html_encoding/chinese_utf-16.html -> build/lib.linux-x86_64-3.7/pandas/io/tests/data/html_encoding
    creating build/lib.linux-x86_64-3.7/pandas/io/tests/test_json/data
    copying pandas/io/tests/test_json/data/tsframe_iso_v012.json -> build/lib.linux-x86_64-3.7/pandas/io/tests/test_json/data
    copying pandas/io/tests/test_json/data/tsframe_v012.json -> build/lib.linux-x86_64-3.7/pandas/io/tests/test_json/data
    creating build/lib.linux-x86_64-3.7/pandas/tests/data
    copying pandas/tests/data/s1-0.12.0.pickle -> build/lib.linux-x86_64-3.7/pandas/tests/data
    copying pandas/tests/data/multiindex_v1.pickle -> build/lib.linux-x86_64-3.7/pandas/tests/data
    copying pandas/tests/data/categorical_0_15_2.pickle -> build/lib.linux-x86_64-3.7/pandas/tests/data
    copying pandas/tests/data/s2-0.12.0.pickle -> build/lib.linux-x86_64-3.7/pandas/tests/data
    copying pandas/tests/data/mindex_073.pickle -> build/lib.linux-x86_64-3.7/pandas/tests/data
    copying pandas/tests/data/categorical_0_14_1.pickle -> build/lib.linux-x86_64-3.7/pandas/tests/data
    copying pandas/tests/data/iris.csv -> build/lib.linux-x86_64-3.7/pandas/tests/data
    copying pandas/tests/data/unicode_series.csv -> build/lib.linux-x86_64-3.7/pandas/tests/data
    copying pandas/tests/data/tips.csv -> build/lib.linux-x86_64-3.7/pandas/tests/data
    copying pandas/tools/tests/cut_data.csv -> build/lib.linux-x86_64-3.7/pandas/tools/tests
    creating build/lib.linux-x86_64-3.7/pandas/tseries/tests/data
    copying pandas/tseries/tests/data/cday-0.14.1.pickle -> build/lib.linux-x86_64-3.7/pandas/tseries/tests/data
    copying pandas/tseries/tests/data/daterange_073.pickle -> build/lib.linux-x86_64-3.7/pandas/tseries/tests/data
    copying pandas/tseries/tests/data/frame.pickle -> build/lib.linux-x86_64-3.7/pandas/tseries/tests/data
    copying pandas/tseries/tests/data/series_daterange0.pickle -> build/lib.linux-x86_64-3.7/pandas/tseries/tests/data
    copying pandas/tseries/tests/data/series.pickle -> build/lib.linux-x86_64-3.7/pandas/tseries/tests/data
    copying pandas/tseries/tests/data/dateoffset_0_15_2.pickle -> build/lib.linux-x86_64-3.7/pandas/tseries/tests/data
    UPDATING build/lib.linux-x86_64-3.7/pandas/_version.py
    set build/lib.linux-x86_64-3.7/pandas/_version.py to '0.17.1'
    running build_ext
    Traceback (most recent call last):
      File "<string>", line 1, in <module>
      File "/tmp/pip-install-binc5khc/pandas/setup.py", line 589, in <module>
        **setuptools_kwargs)
      File "/srv/conda/envs/notebook/lib/python3.7/site-packages/setuptools/__init__.py", line 145, in setup
        return distutils.core.setup(**attrs)
      File "/srv/conda/envs/notebook/lib/python3.7/distutils/core.py", line 148, in setup
        dist.run_commands()
      File "/srv/conda/envs/notebook/lib/python3.7/distutils/dist.py", line 966, in run_commands
        self.run_command(cmd)
      File "/srv/conda/envs/notebook/lib/python3.7/distutils/dist.py", line 985, in run_command
        cmd_obj.run()
      File "/srv/conda/envs/notebook/lib/python3.7/site-packages/setuptools/command/install.py", line 61, in run
        return orig.install.run(self)
      File "/srv/conda/envs/notebook/lib/python3.7/distutils/command/install.py", line 545, in run
        self.run_command('build')
      File "/srv/conda/envs/notebook/lib/python3.7/distutils/cmd.py", line 313, in run_command
        self.distribution.run_command(command)
      File "/srv/conda/envs/notebook/lib/python3.7/distutils/dist.py", line 985, in run_command
        cmd_obj.run()
      File "/srv/conda/envs/notebook/lib/python3.7/distutils/command/build.py", line 135, in run
        self.run_command(cmd_name)
      File "/srv/conda/envs/notebook/lib/python3.7/distutils/cmd.py", line 313, in run_command
        self.distribution.run_command(command)
      File "/srv/conda/envs/notebook/lib/python3.7/distutils/dist.py", line 985, in run_command
        cmd_obj.run()
      File "/srv/conda/envs/notebook/lib/python3.7/distutils/command/build_ext.py", line 340, in run
        self.build_extensions()
      File "/tmp/pip-install-binc5khc/pandas/setup.py", line 308, in build_extensions
        self.check_cython_extensions(self.extensions)
      File "/tmp/pip-install-binc5khc/pandas/setup.py", line 305, in check_cython_extensions
        """ % src)
    Exception: Cython-generated file 'pandas/lib.c' not found.
                    Cython is required to compile pandas from a development branch.
                    Please install Cython or download a release package of pandas.
    
    ----------------------------------------
[0m[91mERROR: Command errored out with exit status 1: /srv/conda/envs/notebook/bin/python -u -c 'import sys, setuptools, tokenize; sys.argv[0] = '"'"'/tmp/pip-install-binc5khc/pandas/setup.py'"'"'; __file__='"'"'/tmp/pip-install-binc5khc/pandas/setup.py'"'"';f=getattr(tokenize, '"'"'open'"'"', open)(__file__);code=f.read().replace('"'"'\r\n'"'"', '"'"'\n'"'"');f.close();exec(compile(code, __file__, '"'"'exec'"'"'))' install --record /tmp/pip-record-579xpl_u/install-record.txt --single-version-externally-managed --compile --install-headers /srv/conda/envs/notebook/include/python3.7m/pandas Check the logs for full command output.
[0mRemoving intermediate container ff8d21f4cad0
The command '/bin/sh -c ${KERNEL_PYTHON_PREFIX}/bin/pip install --no-cache-dir -r "requirements.txt"' returned a non-zero code: 1Traceback (most recent call last):
  File "/usr/local/lib/python3.8/dist-packages/repo2docker_checker/checker.py", line 318, in test_one_repo
    image, checkout_path = build_repo(
  File "/usr/local/lib/python3.8/dist-packages/repo2docker_checker/checker.py", line 128, in build_repo
    run(
  File "/usr/lib/python3.8/subprocess.py", line 512, in run
    raise CalledProcessError(retcode, process.args,
subprocess.CalledProcessError: Command '['jupyter-repo2docker', '--no-run', '--no-clean', '--image-name', 'r2d-test-github.com-yandex-rep:5f09045', '/tmp/r2d-test-2020-07-06T06.58c3lgxbm0/github.com/yandex/rep']' returned non-zero exit status 1.
