[I 200715 11:58:59 inrepo:36] Testing notebook pyfolio/examples/fama_french_benchmark.ipynb
[I 200715 11:59:00 inrepo:45] Found kernel python3
[I 200715 11:59:00 execute:404] Executing notebook with kernel: python3
Traceback (most recent call last):
  File "/src/inrepo.py", line 114, in <module>
    main()
  File "/src/inrepo.py", line 110, in main
    test_f(opts.test, opts.output_dir)
  File "/src/inrepo.py", line 75, in run_notebook
    nb, cwd=os.path.dirname(nb_path), kernel_name=kernel_name, timeout=600
  File "/srv/conda/envs/notebook/lib/python3.7/site-packages/nbconvert/preprocessors/execute.py", line 737, in executenb
    return ep.preprocess(nb, resources, km=km)[0]
  File "/srv/conda/envs/notebook/lib/python3.7/site-packages/nbconvert/preprocessors/execute.py", line 405, in preprocess
    nb, resources = super(ExecutePreprocessor, self).preprocess(nb, resources)
  File "/srv/conda/envs/notebook/lib/python3.7/site-packages/nbconvert/preprocessors/base.py", line 69, in preprocess
    nb.cells[index], resources = self.preprocess_cell(cell, resources, index)
  File "/srv/conda/envs/notebook/lib/python3.7/site-packages/nbconvert/preprocessors/execute.py", line 448, in preprocess_cell
    raise CellExecutionError.from_cell_and_msg(cell, out)
nbconvert.preprocessors.execute.CellExecutionError: An error occurred while executing the following cell:
------------------
# Get the single stock returns
stock_rets = pf.utils.get_symbol_rets('FB')
------------------

[0;31m---------------------------------------------------------------------------[0m
[0;31mKeyError[0m                                  Traceback (most recent call last)
[0;32m/srv/conda/envs/notebook/lib/python3.7/site-packages/pandas/core/indexes/base.py[0m in [0;36mget_loc[0;34m(self, key, method, tolerance)[0m
[1;32m   2645[0m             [0;32mtry[0m[0;34m:[0m[0;34m[0m[0;34m[0m[0m
[0;32m-> 2646[0;31m                 [0;32mreturn[0m [0mself[0m[0;34m.[0m[0m_engine[0m[0;34m.[0m[0mget_loc[0m[0;34m([0m[0mkey[0m[0;34m)[0m[0;34m[0m[0;34m[0m[0m
[0m[1;32m   2647[0m             [0;32mexcept[0m [0mKeyError[0m[0;34m:[0m[0;34m[0m[0;34m[0m[0m

[0;32mpandas/_libs/index.pyx[0m in [0;36mpandas._libs.index.IndexEngine.get_loc[0;34m()[0m

[0;32mpandas/_libs/index.pyx[0m in [0;36mpandas._libs.index.IndexEngine.get_loc[0;34m()[0m

[0;32mpandas/_libs/hashtable_class_helper.pxi[0m in [0;36mpandas._libs.hashtable.PyObjectHashTable.get_item[0;34m()[0m

[0;32mpandas/_libs/hashtable_class_helper.pxi[0m in [0;36mpandas._libs.hashtable.PyObjectHashTable.get_item[0;34m()[0m

[0;31mKeyError[0m: 'date'

During handling of the above exception, another exception occurred:

[0;31mKeyError[0m                                  Traceback (most recent call last)
[0;32m/srv/conda/envs/notebook/lib/python3.7/site-packages/empyrical/utils.py[0m in [0;36mget_symbol_returns_from_yahoo[0;34m(symbol, start, end)[0m
[1;32m    435[0m         [0mpx[0m [0;34m=[0m [0mweb[0m[0;34m.[0m[0mget_data_yahoo[0m[0;34m([0m[0msymbol[0m[0;34m,[0m [0mstart[0m[0;34m=[0m[0mstart[0m[0;34m,[0m [0mend[0m[0;34m=[0m[0mend[0m[0;34m)[0m[0;34m[0m[0;34m[0m[0m
[0;32m--> 436[0;31m         [0mpx[0m[0;34m[[0m[0;34m'date'[0m[0;34m][0m [0;34m=[0m [0mpd[0m[0;34m.[0m[0mto_datetime[0m[0;34m([0m[0mpx[0m[0;34m[[0m[0;34m'date'[0m[0;34m][0m[0;34m)[0m[0;34m[0m[0;34m[0m[0m
[0m[1;32m    437[0m         [0mpx[0m[0;34m.[0m[0mset_index[0m[0;34m([0m[0;34m'date'[0m[0;34m,[0m [0mdrop[0m[0;34m=[0m[0;32mFalse[0m[0;34m,[0m [0minplace[0m[0;34m=[0m[0;32mTrue[0m[0;34m)[0m[0;34m[0m[0;34m[0m[0m

[0;32m/srv/conda/envs/notebook/lib/python3.7/site-packages/pandas/core/frame.py[0m in [0;36m__getitem__[0;34m(self, key)[0m
[1;32m   2799[0m                 [0;32mreturn[0m [0mself[0m[0;34m.[0m[0m_getitem_multilevel[0m[0;34m([0m[0mkey[0m[0;34m)[0m[0;34m[0m[0;34m[0m[0m
[0;32m-> 2800[0;31m             [0mindexer[0m [0;34m=[0m [0mself[0m[0;34m.[0m[0mcolumns[0m[0;34m.[0m[0mget_loc[0m[0;34m([0m[0mkey[0m[0;34m)[0m[0;34m[0m[0;34m[0m[0m
[0m[1;32m   2801[0m             [0;32mif[0m [0mis_integer[0m[0;34m([0m[0mindexer[0m[0;34m)[0m[0;34m:[0m[0;34m[0m[0;34m[0m[0m

[0;32m/srv/conda/envs/notebook/lib/python3.7/site-packages/pandas/core/indexes/base.py[0m in [0;36mget_loc[0;34m(self, key, method, tolerance)[0m
[1;32m   2647[0m             [0;32mexcept[0m [0mKeyError[0m[0;34m:[0m[0;34m[0m[0;34m[0m[0m
[0;32m-> 2648[0;31m                 [0;32mreturn[0m [0mself[0m[0;34m.[0m[0m_engine[0m[0;34m.[0m[0mget_loc[0m[0;34m([0m[0mself[0m[0;34m.[0m[0m_maybe_cast_indexer[0m[0;34m([0m[0mkey[0m[0;34m)[0m[0;34m)[0m[0;34m[0m[0;34m[0m[0m
[0m[1;32m   2649[0m         [0mindexer[0m [0;34m=[0m [0mself[0m[0;34m.[0m[0mget_indexer[0m[0;34m([0m[0;34m[[0m[0mkey[0m[0;34m][0m[0;34m,[0m [0mmethod[0m[0;34m=[0m[0mmethod[0m[0;34m,[0m [0mtolerance[0m[0;34m=[0m[0mtolerance[0m[0;34m)[0m[0;34m[0m[0;34m[0m[0m

[0;32mpandas/_libs/index.pyx[0m in [0;36mpandas._libs.index.IndexEngine.get_loc[0;34m()[0m

[0;32mpandas/_libs/index.pyx[0m in [0;36mpandas._libs.index.IndexEngine.get_loc[0;34m()[0m

[0;32mpandas/_libs/hashtable_class_helper.pxi[0m in [0;36mpandas._libs.hashtable.PyObjectHashTable.get_item[0;34m()[0m

[0;32mpandas/_libs/hashtable_class_helper.pxi[0m in [0;36mpandas._libs.hashtable.PyObjectHashTable.get_item[0;34m()[0m

[0;31mKeyError[0m: 'date'

During handling of the above exception, another exception occurred:

[0;31mAttributeError[0m                            Traceback (most recent call last)
[0;32m<ipython-input-3-dae112ba89c1>[0m in [0;36m<module>[0;34m[0m
[1;32m      1[0m [0;31m# Get the single stock returns[0m[0;34m[0m[0;34m[0m[0;34m[0m[0m
[0;32m----> 2[0;31m [0mstock_rets[0m [0;34m=[0m [0mpf[0m[0;34m.[0m[0mutils[0m[0;34m.[0m[0mget_symbol_rets[0m[0;34m([0m[0;34m'FB'[0m[0;34m)[0m[0;34m[0m[0;34m[0m[0m
[0m
[0;32m/srv/conda/envs/notebook/lib/python3.7/site-packages/pyfolio/utils.py[0m in [0;36mget_symbol_rets[0;34m(symbol, start, end)[0m
[1;32m    484[0m     return SETTINGS['returns_func'](symbol,
[1;32m    485[0m                                     [0mstart[0m[0;34m=[0m[0mstart[0m[0;34m,[0m[0;34m[0m[0;34m[0m[0m
[0;32m--> 486[0;31m                                     end=end)
[0m[1;32m    487[0m [0;34m[0m[0m
[1;32m    488[0m [0;34m[0m[0m

[0;32m/srv/conda/envs/notebook/lib/python3.7/site-packages/empyrical/deprecate.py[0m in [0;36mwrapper[0;34m(*args, **kwargs)[0m
[1;32m     41[0m                 [0mstacklevel[0m[0;34m=[0m[0mstacklevel[0m[0;34m[0m[0;34m[0m[0m
[1;32m     42[0m             )
[0;32m---> 43[0;31m             [0;32mreturn[0m [0mfn[0m[0;34m([0m[0;34m*[0m[0margs[0m[0;34m,[0m [0;34m**[0m[0mkwargs[0m[0;34m)[0m[0;34m[0m[0;34m[0m[0m
[0m[1;32m     44[0m         [0;32mreturn[0m [0mwrapper[0m[0;34m[0m[0;34m[0m[0m
[1;32m     45[0m     [0;32mreturn[0m [0mdeprecated_dec[0m[0;34m[0m[0;34m[0m[0m

[0;32m/srv/conda/envs/notebook/lib/python3.7/site-packages/empyrical/utils.py[0m in [0;36mdefault_returns_func[0;34m(symbol, start, end)[0m
[1;32m    491[0m         [0mrets[0m [0;34m=[0m [0mrets[0m[0;34m[[0m[0mstart[0m[0;34m:[0m[0mend[0m[0;34m][0m[0;34m[0m[0;34m[0m[0m
[1;32m    492[0m     [0;32melse[0m[0;34m:[0m[0;34m[0m[0;34m[0m[0m
[0;32m--> 493[0;31m         [0mrets[0m [0;34m=[0m [0mget_symbol_returns_from_yahoo[0m[0;34m([0m[0msymbol[0m[0;34m,[0m [0mstart[0m[0;34m=[0m[0mstart[0m[0;34m,[0m [0mend[0m[0;34m=[0m[0mend[0m[0;34m)[0m[0;34m[0m[0;34m[0m[0m
[0m[1;32m    494[0m [0;34m[0m[0m
[1;32m    495[0m     [0;32mreturn[0m [0mrets[0m[0;34m[[0m[0msymbol[0m[0;34m][0m[0;34m[0m[0;34m[0m[0m

[0;32m/srv/conda/envs/notebook/lib/python3.7/site-packages/empyrical/deprecate.py[0m in [0;36mwrapper[0;34m(*args, **kwargs)[0m
[1;32m     41[0m                 [0mstacklevel[0m[0;34m=[0m[0mstacklevel[0m[0;34m[0m[0;34m[0m[0m
[1;32m     42[0m             )
[0;32m---> 43[0;31m             [0;32mreturn[0m [0mfn[0m[0;34m([0m[0;34m*[0m[0margs[0m[0;34m,[0m [0;34m**[0m[0mkwargs[0m[0;34m)[0m[0;34m[0m[0;34m[0m[0m
[0m[1;32m     44[0m         [0;32mreturn[0m [0mwrapper[0m[0;34m[0m[0;34m[0m[0m
[1;32m     45[0m     [0;32mreturn[0m [0mdeprecated_dec[0m[0;34m[0m[0;34m[0m[0m

[0;32m/srv/conda/envs/notebook/lib/python3.7/site-packages/empyrical/utils.py[0m in [0;36mget_symbol_returns_from_yahoo[0;34m(symbol, start, end)[0m
[1;32m    441[0m             [0;34m'Yahoo Finance read failed: {}, falling back to Google'[0m[0;34m.[0m[0mformat[0m[0;34m([0m[0me[0m[0;34m)[0m[0;34m,[0m[0;34m[0m[0;34m[0m[0m
[1;32m    442[0m             UserWarning)
[0;32m--> 443[0;31m         [0mpx[0m [0;34m=[0m [0mweb[0m[0;34m.[0m[0mget_data_google[0m[0;34m([0m[0msymbol[0m[0;34m,[0m [0mstart[0m[0;34m=[0m[0mstart[0m[0;34m,[0m [0mend[0m[0;34m=[0m[0mend[0m[0;34m)[0m[0;34m[0m[0;34m[0m[0m
[0m[1;32m    444[0m         [0mrets[0m [0;34m=[0m [0mpx[0m[0;34m[[0m[0;34m[[0m[0;34m'Close'[0m[0;34m][0m[0;34m][0m[0;34m.[0m[0mpct_change[0m[0;34m([0m[0;34m)[0m[0;34m.[0m[0mdropna[0m[0;34m([0m[0;34m)[0m[0;34m[0m[0;34m[0m[0m
[1;32m    445[0m [0;34m[0m[0m

[0;31mAttributeError[0m: module 'pandas_datareader.data' has no attribute 'get_data_google'
AttributeError: module 'pandas_datareader.data' has no attribute 'get_data_google'


Container exited with status: {'Error': None, 'StatusCode': 1}
