[I 200716 13:11:10 inrepo:36] Testing notebook Internet Speed Test Visualization/src/internet_speed_test.ipynb
[E 200716 13:11:10 __init__:79] Notebook JSON is invalid: {'data': [{'name': 'mean', 'type': 'scatter', 'x': [0, 2, 4, 6, 8, 10, 12, 14, 16, 18, 20, 22], 'y': [33.6219, 30.760557377049178, 33.20101754385965, 31.385416666666675, 31.80377192982456, 32.835, 34.50098333333334, 34.23353571428573, 34.74235, 33.3938813559322, 35.25595161290322, 32.968133333333334]}, {'name': 'max', 'type': 'scatter', 'x': [0, 2, 4, 6, 8, 10, 12, 14, 16, 18, 20, 22], 'y': [59.091, 42.71, 49.772, 45.026, 46.893, 46.755, 59.553999999999995, 64.406, 52.913999999999994, 53.81100000000001, 65.176, 48.513999999999996]}, {'name': 'min', 'type': 'scatter', 'x': [0, 2, 4, 6, 8, 10, 12, 14, 16, 18, 20, 22], 'y': [26.239, 24.965999999999998, 24.941, 26.391, 25.194000000000003, 26.621, 25.819000000000003, 25.598000000000003, 26.429000000000002, 25.753, 26.21, 26.865]}], 'layout': {'title': 'Ping Data from Aug 30 to Oct 30', 'xaxis': {'title': 'Hour of the Day', 'titlefont': {'color': '#7f7f7f', 'size': 18}}, 'yaxis': {'title': 'Ping in ms', 'titlefont': {'color': '#7f7f7f', 'size': 18}}}} is not valid under any of the given schemas
    
    Failed validating 'oneOf' in display_data['properties']['data']['patternProperties']['^(?!application/json$)[a-zA-Z0-9]+/[a-zA-Z0-9\\-\\+\\.]+$']:
    
    On instance['cells'][4]['outputs'][0]['data']['application/vnd.plotly.v1+json']:
    {'data': [{'name': 'mean',
               'type': 'scatter',
               'x': [0, 2, 4, 6, 8, 10, 12, 14, 16, 18, 20, 22],
               'y': [33.6219,
                     30.760557377049178,
                     33.20101754385965,
                     31.385416666666675,
                     31.80377192982456,
                     32.835,
                     34.50098333333334,
                     34.23353571428573,
                     34.74235,
                     33.3938813559322,
                     35.25595161290322,
                     32.968133333333334]},
              {'name': 'max',
               'type': 'scatter',
               'x': [0, 2, 4, 6, 8, 10, 12, 14, 16, 18, 20, 22],
               'y': [59.091,
                     42.71,
                     49.772,
                     45.026,
                     46.893,
                     46.755,
                     59.553999999999995,
                     64.406,
                     52.913999999999994,
                     53.81100000000001,
                     65.176,
                     48.513999999999996]},
              {'name': 'min',
               'type': 'scatter',
               'x': [0, 2, 4, 6, 8, 10, 12, 14, 16, 18, 20, 22],
               'y': [26.239,
                     24.965999999999998,
                     24.941,
                     26.391,
                     25.194000000000003,
                     26.621,
                     25.819000000000003,
                     25.598000000000003,
                     26.429000000000002,
                     25.753,
                     26.21,
                     26.865]}],
     'layout': {'title': 'Ping Data from Aug 30 to Oct 30',
                'xaxis': {'title': 'Hour of the Day',
                          'titlefont': {'color': '#7f7f7f', 'size': 18}},
                'yaxis': {'title': 'Ping in ms',
                          'titlefont': {'color': '#7f7f7f', 'size': 18}}}}
[I 200716 13:11:10 inrepo:45] Found kernel python3
[I 200716 13:11:11 execute:404] Executing notebook with kernel: python3
Traceback (most recent call last):
  File "/src/inrepo.py", line 114, in <module>
    main()
  File "/src/inrepo.py", line 110, in main
    test_f(opts.test, opts.output_dir)
  File "/src/inrepo.py", line 75, in run_notebook
    nb, cwd=os.path.dirname(nb_path), kernel_name=kernel_name, timeout=600
  File "/srv/conda/envs/notebook/lib/python3.7/site-packages/nbconvert/preprocessors/execute.py", line 737, in executenb
    return ep.preprocess(nb, resources, km=km)[0]
  File "/srv/conda/envs/notebook/lib/python3.7/site-packages/nbconvert/preprocessors/execute.py", line 405, in preprocess
    nb, resources = super(ExecutePreprocessor, self).preprocess(nb, resources)
  File "/srv/conda/envs/notebook/lib/python3.7/site-packages/nbconvert/preprocessors/base.py", line 69, in preprocess
    nb.cells[index], resources = self.preprocess_cell(cell, resources, index)
  File "/srv/conda/envs/notebook/lib/python3.7/site-packages/nbconvert/preprocessors/execute.py", line 448, in preprocess_cell
    raise CellExecutionError.from_cell_and_msg(cell, out)
nbconvert.preprocessors.execute.CellExecutionError: An error occurred while executing the following cell:
------------------
import os
import pandas as pd

project_dir = os.path.join(os.path.dirname('__file__'), os.pardir)
output_pkl = os.path.join(project_dir, 'data', 'internet_speed_test_data.pkl')
df = pd.read_pickle(output_pkl)
df = df[1:]

------------------

[0;31m---------------------------------------------------------------------------[0m
[0;31mModuleNotFoundError[0m                       Traceback (most recent call last)
[0;32m<ipython-input-1-ff3dafc9d571>[0m in [0;36m<module>[0;34m[0m
[1;32m      1[0m [0;32mimport[0m [0mos[0m[0;34m[0m[0;34m[0m[0m
[0;32m----> 2[0;31m [0;32mimport[0m [0mpandas[0m [0;32mas[0m [0mpd[0m[0;34m[0m[0;34m[0m[0m
[0m[1;32m      3[0m [0;34m[0m[0m
[1;32m      4[0m [0mproject_dir[0m [0;34m=[0m [0mos[0m[0;34m.[0m[0mpath[0m[0;34m.[0m[0mjoin[0m[0;34m([0m[0mos[0m[0;34m.[0m[0mpath[0m[0;34m.[0m[0mdirname[0m[0;34m([0m[0;34m'__file__'[0m[0;34m)[0m[0;34m,[0m [0mos[0m[0;34m.[0m[0mpardir[0m[0;34m)[0m[0;34m[0m[0;34m[0m[0m
[1;32m      5[0m [0moutput_pkl[0m [0;34m=[0m [0mos[0m[0;34m.[0m[0mpath[0m[0;34m.[0m[0mjoin[0m[0;34m([0m[0mproject_dir[0m[0;34m,[0m [0;34m'data'[0m[0;34m,[0m [0;34m'internet_speed_test_data.pkl'[0m[0;34m)[0m[0;34m[0m[0;34m[0m[0m

[0;31mModuleNotFoundError[0m: No module named 'pandas'
ModuleNotFoundError: No module named 'pandas'


Container exited with status: {'Error': None, 'StatusCode': 1}
