[I 200706 13:58:30 inrepo:35] Testing notebook tutorial.ipynb
[I 200706 13:58:31 execute:404] Executing notebook with kernel: python3
Traceback (most recent call last):
  File "/src/inrepo.py", line 76, in <module>
    main()
  File "/src/inrepo.py", line 72, in main
    test_f(opts.test, opts.output_dir)
  File "/src/inrepo.py", line 38, in run_notebook
    exported = executenb(nb, cwd=os.path.dirname(nb_path))
  File "/srv/conda/envs/notebook/lib/python3.7/site-packages/nbconvert/preprocessors/execute.py", line 737, in executenb
    return ep.preprocess(nb, resources, km=km)[0]
  File "/srv/conda/envs/notebook/lib/python3.7/site-packages/nbconvert/preprocessors/execute.py", line 405, in preprocess
    nb, resources = super(ExecutePreprocessor, self).preprocess(nb, resources)
  File "/srv/conda/envs/notebook/lib/python3.7/site-packages/nbconvert/preprocessors/base.py", line 69, in preprocess
    nb.cells[index], resources = self.preprocess_cell(cell, resources, index)
  File "/srv/conda/envs/notebook/lib/python3.7/site-packages/nbconvert/preprocessors/execute.py", line 448, in preprocess_cell
    raise CellExecutionError.from_cell_and_msg(cell, out)
nbconvert.preprocessors.execute.CellExecutionError: An error occurred while executing the following cell:
------------------
for n,nbrs in FG.adjacency_iter():
    for nbr,eattr in nbrs.items():
        data = eattr['weight']
        if data < 0.5:
            print('(%d, %d, %.3f)' % (n, nbr, data))
------------------

[0;31m---------------------------------------------------------------------------[0m
[0;31mAttributeError[0m                            Traceback (most recent call last)
[0;32m<ipython-input-38-a7ce3a2d63f1>[0m in [0;36m<module>[0;34m[0m
[0;32m----> 1[0;31m [0;32mfor[0m [0mn[0m[0;34m,[0m[0mnbrs[0m [0;32min[0m [0mFG[0m[0;34m.[0m[0madjacency_iter[0m[0;34m([0m[0;34m)[0m[0;34m:[0m[0;34m[0m[0;34m[0m[0m
[0m[1;32m      2[0m     [0;32mfor[0m [0mnbr[0m[0;34m,[0m[0meattr[0m [0;32min[0m [0mnbrs[0m[0;34m.[0m[0mitems[0m[0;34m([0m[0;34m)[0m[0;34m:[0m[0;34m[0m[0;34m[0m[0m
[1;32m      3[0m         [0mdata[0m [0;34m=[0m [0meattr[0m[0;34m[[0m[0;34m'weight'[0m[0;34m][0m[0;34m[0m[0;34m[0m[0m
[1;32m      4[0m         [0;32mif[0m [0mdata[0m [0;34m<[0m [0;36m0.5[0m[0;34m:[0m[0;34m[0m[0;34m[0m[0m
[1;32m      5[0m             [0mprint[0m[0;34m([0m[0;34m'(%d, %d, %.3f)'[0m [0;34m%[0m [0;34m([0m[0mn[0m[0;34m,[0m [0mnbr[0m[0;34m,[0m [0mdata[0m[0;34m)[0m[0;34m)[0m[0;34m[0m[0;34m[0m[0m

[0;31mAttributeError[0m: 'Graph' object has no attribute 'adjacency_iter'
AttributeError: 'Graph' object has no attribute 'adjacency_iter'


Container exited with status: {'Error': None, 'StatusCode': 1}
