[I 200708 06:07:07 inrepo:36] Testing notebook rcv1.ipynb
[I 200708 06:07:08 inrepo:45] Found kernel python3
[I 200708 06:07:08 execute:404] Executing notebook with kernel: python3
Traceback (most recent call last):
  File "/src/inrepo.py", line 112, in <module>
    main()
  File "/src/inrepo.py", line 108, in main
    test_f(opts.test, opts.output_dir)
  File "/src/inrepo.py", line 74, in run_notebook
    exported = executenb(nb, cwd=os.path.dirname(nb_path), kernel_name=kernel_name)
  File "/srv/conda/envs/notebook/lib/python3.7/site-packages/nbconvert/preprocessors/execute.py", line 737, in executenb
    return ep.preprocess(nb, resources, km=km)[0]
  File "/srv/conda/envs/notebook/lib/python3.7/site-packages/nbconvert/preprocessors/execute.py", line 405, in preprocess
    nb, resources = super(ExecutePreprocessor, self).preprocess(nb, resources)
  File "/srv/conda/envs/notebook/lib/python3.7/site-packages/nbconvert/preprocessors/base.py", line 69, in preprocess
    nb.cells[index], resources = self.preprocess_cell(cell, resources, index)
  File "/srv/conda/envs/notebook/lib/python3.7/site-packages/nbconvert/preprocessors/execute.py", line 448, in preprocess_cell
    raise CellExecutionError.from_cell_and_msg(cell, out)
nbconvert.preprocessors.execute.CellExecutionError: An error occurred while executing the following cell:
------------------
flags = tf.app.flags
FLAGS = flags.FLAGS

# Graphs.
flags.DEFINE_integer('number_edges', 16, 'Graph: minimum number of edges per vertex.')
flags.DEFINE_string('metric', 'cosine', 'Graph: similarity measure (between features).')
# TODO: change cgcnn for combinatorial Laplacians.
flags.DEFINE_bool('normalized_laplacian', True, 'Graph Laplacian: normalized.')
flags.DEFINE_integer('coarsening_levels', 0, 'Number of coarsened graphs.')

flags.DEFINE_string('dir_data', os.path.join('data', 'rcv1'), 'Directory to store data.')
flags.DEFINE_integer('val_size', 400, 'Size of the validation set.')
------------------

[0;31m---------------------------------------------------------------------------[0m
[0;31mAttributeError[0m                            Traceback (most recent call last)
[0;32m<ipython-input-2-8db53221373a>[0m in [0;36m<module>[0;34m[0m
[0;32m----> 1[0;31m [0mflags[0m [0;34m=[0m [0mtf[0m[0;34m.[0m[0mapp[0m[0;34m.[0m[0mflags[0m[0;34m[0m[0;34m[0m[0m
[0m[1;32m      2[0m [0mFLAGS[0m [0;34m=[0m [0mflags[0m[0;34m.[0m[0mFLAGS[0m[0;34m[0m[0;34m[0m[0m
[1;32m      3[0m [0;34m[0m[0m
[1;32m      4[0m [0;31m# Graphs.[0m[0;34m[0m[0;34m[0m[0;34m[0m[0m
[1;32m      5[0m [0mflags[0m[0;34m.[0m[0mDEFINE_integer[0m[0;34m([0m[0;34m'number_edges'[0m[0;34m,[0m [0;36m16[0m[0;34m,[0m [0;34m'Graph: minimum number of edges per vertex.'[0m[0;34m)[0m[0;34m[0m[0;34m[0m[0m

[0;31mAttributeError[0m: module 'tensorflow' has no attribute 'app'
AttributeError: module 'tensorflow' has no attribute 'app'


Container exited with status: {'Error': None, 'StatusCode': 1}
