[I 200713 09:42:19 inrepo:36] Testing notebook notebooks/wikipedia-ie-example.ipynb
[I 200713 09:42:19 inrepo:45] Found kernel python3
[I 200713 09:42:20 execute:404] Executing notebook with kernel: python3
[W 200713 09:43:46 execute:599] Timeout waiting for IOPub output
Traceback (most recent call last):
  File "/src/inrepo.py", line 114, in <module>
    main()
  File "/src/inrepo.py", line 110, in main
    test_f(opts.test, opts.output_dir)
  File "/src/inrepo.py", line 75, in run_notebook
    nb, cwd=os.path.dirname(nb_path), kernel_name=kernel_name, timeout=600
  File "/srv/conda/envs/notebook/lib/python3.7/site-packages/nbconvert/preprocessors/execute.py", line 737, in executenb
    return ep.preprocess(nb, resources, km=km)[0]
  File "/srv/conda/envs/notebook/lib/python3.7/site-packages/nbconvert/preprocessors/execute.py", line 405, in preprocess
    nb, resources = super(ExecutePreprocessor, self).preprocess(nb, resources)
  File "/srv/conda/envs/notebook/lib/python3.7/site-packages/nbconvert/preprocessors/base.py", line 69, in preprocess
    nb.cells[index], resources = self.preprocess_cell(cell, resources, index)
  File "/srv/conda/envs/notebook/lib/python3.7/site-packages/nbconvert/preprocessors/execute.py", line 448, in preprocess_cell
    raise CellExecutionError.from_cell_and_msg(cell, out)
nbconvert.preprocessors.execute.CellExecutionError: An error occurred while executing the following cell:
------------------
rules_url = "https://gist.githubusercontent.com/myedibleenso/0c6a5c99070b506992c6343375cd7ebd/raw/8e08411078a6ddcc5bfb776ff9ac8555ad10db13/triples.yaml"
# pick a couple of paragraphs
sample_text = "\n".join(paragraph_text[4:6])
mentions = API.odin.extract_from_text(sample_text, rules_url)
------------------

[0;31m---------------------------------------------------------------------------[0m
[0;31mConnectionRefusedError[0m                    Traceback (most recent call last)
[0;32m/srv/conda/envs/notebook/lib/python3.7/site-packages/urllib3/connection.py[0m in [0;36m_new_conn[0;34m(self)[0m
[1;32m    156[0m             conn = connection.create_connection(
[0;32m--> 157[0;31m                 [0;34m([0m[0mself[0m[0;34m.[0m[0m_dns_host[0m[0;34m,[0m [0mself[0m[0;34m.[0m[0mport[0m[0;34m)[0m[0;34m,[0m [0mself[0m[0;34m.[0m[0mtimeout[0m[0;34m,[0m [0;34m**[0m[0mextra_kw[0m[0;34m[0m[0;34m[0m[0m
[0m[1;32m    158[0m             )

[0;32m/srv/conda/envs/notebook/lib/python3.7/site-packages/urllib3/util/connection.py[0m in [0;36mcreate_connection[0;34m(address, timeout, source_address, socket_options)[0m
[1;32m     83[0m     [0;32mif[0m [0merr[0m [0;32mis[0m [0;32mnot[0m [0;32mNone[0m[0;34m:[0m[0;34m[0m[0;34m[0m[0m
[0;32m---> 84[0;31m         [0;32mraise[0m [0merr[0m[0;34m[0m[0;34m[0m[0m
[0m[1;32m     85[0m [0;34m[0m[0m

[0;32m/srv/conda/envs/notebook/lib/python3.7/site-packages/urllib3/util/connection.py[0m in [0;36mcreate_connection[0;34m(address, timeout, source_address, socket_options)[0m
[1;32m     73[0m                 [0msock[0m[0;34m.[0m[0mbind[0m[0;34m([0m[0msource_address[0m[0;34m)[0m[0;34m[0m[0;34m[0m[0m
[0;32m---> 74[0;31m             [0msock[0m[0;34m.[0m[0mconnect[0m[0;34m([0m[0msa[0m[0;34m)[0m[0;34m[0m[0;34m[0m[0m
[0m[1;32m     75[0m             [0;32mreturn[0m [0msock[0m[0;34m[0m[0;34m[0m[0m

[0;31mConnectionRefusedError[0m: [Errno 111] Connection refused

During handling of the above exception, another exception occurred:

[0;31mNewConnectionError[0m                        Traceback (most recent call last)
[0;32m/srv/conda/envs/notebook/lib/python3.7/site-packages/urllib3/connectionpool.py[0m in [0;36murlopen[0;34m(self, method, url, body, headers, retries, redirect, assert_same_host, timeout, pool_timeout, release_conn, chunked, body_pos, **response_kw)[0m
[1;32m    671[0m                 [0mheaders[0m[0;34m=[0m[0mheaders[0m[0;34m,[0m[0;34m[0m[0;34m[0m[0m
[0;32m--> 672[0;31m                 [0mchunked[0m[0;34m=[0m[0mchunked[0m[0;34m,[0m[0;34m[0m[0;34m[0m[0m
[0m[1;32m    673[0m             )

[0;32m/srv/conda/envs/notebook/lib/python3.7/site-packages/urllib3/connectionpool.py[0m in [0;36m_make_request[0;34m(self, conn, method, url, timeout, chunked, **httplib_request_kw)[0m
[1;32m    386[0m         [0;32melse[0m[0;34m:[0m[0;34m[0m[0;34m[0m[0m
[0;32m--> 387[0;31m             [0mconn[0m[0;34m.[0m[0mrequest[0m[0;34m([0m[0mmethod[0m[0;34m,[0m [0murl[0m[0;34m,[0m [0;34m**[0m[0mhttplib_request_kw[0m[0;34m)[0m[0;34m[0m[0;34m[0m[0m
[0m[1;32m    388[0m [0;34m[0m[0m

[0;32m/srv/conda/envs/notebook/lib/python3.7/http/client.py[0m in [0;36mrequest[0;34m(self, method, url, body, headers, encode_chunked)[0m
[1;32m   1251[0m         [0;34m"""Send a complete request to the server."""[0m[0;34m[0m[0;34m[0m[0m
[0;32m-> 1252[0;31m         [0mself[0m[0;34m.[0m[0m_send_request[0m[0;34m([0m[0mmethod[0m[0;34m,[0m [0murl[0m[0;34m,[0m [0mbody[0m[0;34m,[0m [0mheaders[0m[0;34m,[0m [0mencode_chunked[0m[0;34m)[0m[0;34m[0m[0;34m[0m[0m
[0m[1;32m   1253[0m [0;34m[0m[0m

[0;32m/srv/conda/envs/notebook/lib/python3.7/http/client.py[0m in [0;36m_send_request[0;34m(self, method, url, body, headers, encode_chunked)[0m
[1;32m   1297[0m             [0mbody[0m [0;34m=[0m [0m_encode[0m[0;34m([0m[0mbody[0m[0;34m,[0m [0;34m'body'[0m[0;34m)[0m[0;34m[0m[0;34m[0m[0m
[0;32m-> 1298[0;31m         [0mself[0m[0;34m.[0m[0mendheaders[0m[0;34m([0m[0mbody[0m[0;34m,[0m [0mencode_chunked[0m[0;34m=[0m[0mencode_chunked[0m[0;34m)[0m[0;34m[0m[0;34m[0m[0m
[0m[1;32m   1299[0m [0;34m[0m[0m

[0;32m/srv/conda/envs/notebook/lib/python3.7/http/client.py[0m in [0;36mendheaders[0;34m(self, message_body, encode_chunked)[0m
[1;32m   1246[0m             [0;32mraise[0m [0mCannotSendHeader[0m[0;34m([0m[0;34m)[0m[0;34m[0m[0;34m[0m[0m
[0;32m-> 1247[0;31m         [0mself[0m[0;34m.[0m[0m_send_output[0m[0;34m([0m[0mmessage_body[0m[0;34m,[0m [0mencode_chunked[0m[0;34m=[0m[0mencode_chunked[0m[0;34m)[0m[0;34m[0m[0;34m[0m[0m
[0m[1;32m   1248[0m [0;34m[0m[0m

[0;32m/srv/conda/envs/notebook/lib/python3.7/http/client.py[0m in [0;36m_send_output[0;34m(self, message_body, encode_chunked)[0m
[1;32m   1025[0m         [0;32mdel[0m [0mself[0m[0;34m.[0m[0m_buffer[0m[0;34m[[0m[0;34m:[0m[0;34m][0m[0;34m[0m[0;34m[0m[0m
[0;32m-> 1026[0;31m         [0mself[0m[0;34m.[0m[0msend[0m[0;34m([0m[0mmsg[0m[0;34m)[0m[0;34m[0m[0;34m[0m[0m
[0m[1;32m   1027[0m [0;34m[0m[0m

[0;32m/srv/conda/envs/notebook/lib/python3.7/http/client.py[0m in [0;36msend[0;34m(self, data)[0m
[1;32m    965[0m             [0;32mif[0m [0mself[0m[0;34m.[0m[0mauto_open[0m[0;34m:[0m[0;34m[0m[0;34m[0m[0m
[0;32m--> 966[0;31m                 [0mself[0m[0;34m.[0m[0mconnect[0m[0;34m([0m[0;34m)[0m[0;34m[0m[0;34m[0m[0m
[0m[1;32m    967[0m             [0;32melse[0m[0;34m:[0m[0;34m[0m[0;34m[0m[0m

[0;32m/srv/conda/envs/notebook/lib/python3.7/site-packages/urllib3/connection.py[0m in [0;36mconnect[0;34m(self)[0m
[1;32m    183[0m     [0;32mdef[0m [0mconnect[0m[0;34m([0m[0mself[0m[0;34m)[0m[0;34m:[0m[0;34m[0m[0;34m[0m[0m
[0;32m--> 184[0;31m         [0mconn[0m [0;34m=[0m [0mself[0m[0;34m.[0m[0m_new_conn[0m[0;34m([0m[0;34m)[0m[0;34m[0m[0;34m[0m[0m
[0m[1;32m    185[0m         [0mself[0m[0;34m.[0m[0m_prepare_conn[0m[0;34m([0m[0mconn[0m[0;34m)[0m[0;34m[0m[0;34m[0m[0m

[0;32m/srv/conda/envs/notebook/lib/python3.7/site-packages/urllib3/connection.py[0m in [0;36m_new_conn[0;34m(self)[0m
[1;32m    168[0m             raise NewConnectionError(
[0;32m--> 169[0;31m                 [0mself[0m[0;34m,[0m [0;34m"Failed to establish a new connection: %s"[0m [0;34m%[0m [0me[0m[0;34m[0m[0;34m[0m[0m
[0m[1;32m    170[0m             )

[0;31mNewConnectionError[0m: <urllib3.connection.HTTPConnection object at 0x7f70f79ebf10>: Failed to establish a new connection: [Errno 111] Connection refused

During handling of the above exception, another exception occurred:

[0;31mMaxRetryError[0m                             Traceback (most recent call last)
[0;32m/srv/conda/envs/notebook/lib/python3.7/site-packages/requests/adapters.py[0m in [0;36msend[0;34m(self, request, stream, timeout, verify, cert, proxies)[0m
[1;32m    448[0m                     [0mretries[0m[0;34m=[0m[0mself[0m[0;34m.[0m[0mmax_retries[0m[0;34m,[0m[0;34m[0m[0;34m[0m[0m
[0;32m--> 449[0;31m                     [0mtimeout[0m[0;34m=[0m[0mtimeout[0m[0;34m[0m[0;34m[0m[0m
[0m[1;32m    450[0m                 )

[0;32m/srv/conda/envs/notebook/lib/python3.7/site-packages/urllib3/connectionpool.py[0m in [0;36murlopen[0;34m(self, method, url, body, headers, retries, redirect, assert_same_host, timeout, pool_timeout, release_conn, chunked, body_pos, **response_kw)[0m
[1;32m    719[0m             retries = retries.increment(
[0;32m--> 720[0;31m                 [0mmethod[0m[0;34m,[0m [0murl[0m[0;34m,[0m [0merror[0m[0;34m=[0m[0me[0m[0;34m,[0m [0m_pool[0m[0;34m=[0m[0mself[0m[0;34m,[0m [0m_stacktrace[0m[0;34m=[0m[0msys[0m[0;34m.[0m[0mexc_info[0m[0;34m([0m[0;34m)[0m[0;34m[[0m[0;36m2[0m[0;34m][0m[0;34m[0m[0;34m[0m[0m
[0m[1;32m    721[0m             )

[0;32m/srv/conda/envs/notebook/lib/python3.7/site-packages/urllib3/util/retry.py[0m in [0;36mincrement[0;34m(self, method, url, response, error, _pool, _stacktrace)[0m
[1;32m    435[0m         [0;32mif[0m [0mnew_retry[0m[0;34m.[0m[0mis_exhausted[0m[0;34m([0m[0;34m)[0m[0;34m:[0m[0;34m[0m[0;34m[0m[0m
[0;32m--> 436[0;31m             [0;32mraise[0m [0mMaxRetryError[0m[0;34m([0m[0m_pool[0m[0;34m,[0m [0murl[0m[0;34m,[0m [0merror[0m [0;32mor[0m [0mResponseError[0m[0;34m([0m[0mcause[0m[0;34m)[0m[0;34m)[0m[0;34m[0m[0;34m[0m[0m
[0m[1;32m    437[0m [0;34m[0m[0m

[0;31mMaxRetryError[0m: HTTPConnectionPool(host='localhost', port=8886): Max retries exceeded with url: /api/odin/extract (Caused by NewConnectionError('<urllib3.connection.HTTPConnection object at 0x7f70f79ebf10>: Failed to establish a new connection: [Errno 111] Connection refused'))

During handling of the above exception, another exception occurred:

[0;31mConnectionError[0m                           Traceback (most recent call last)
[0;32m<ipython-input-4-c3cad67140d0>[0m in [0;36m<module>[0;34m[0m
[1;32m      2[0m [0;31m# pick a couple of paragraphs[0m[0;34m[0m[0;34m[0m[0;34m[0m[0m
[1;32m      3[0m [0msample_text[0m [0;34m=[0m [0;34m"\n"[0m[0;34m.[0m[0mjoin[0m[0;34m([0m[0mparagraph_text[0m[0;34m[[0m[0;36m4[0m[0;34m:[0m[0;36m6[0m[0;34m][0m[0;34m)[0m[0;34m[0m[0;34m[0m[0m
[0;32m----> 4[0;31m [0mmentions[0m [0;34m=[0m [0mAPI[0m[0;34m.[0m[0modin[0m[0;34m.[0m[0mextract_from_text[0m[0;34m([0m[0msample_text[0m[0;34m,[0m [0mrules_url[0m[0;34m)[0m[0;34m[0m[0;34m[0m[0m
[0m
[0;32m/srv/conda/envs/notebook/lib/python3.7/site-packages/processors/api.py[0m in [0;36mextract_from_text[0;34m(self, text, rules)[0m
[1;32m    399[0m         [0;32melse[0m[0;34m:[0m[0;34m[0m[0;34m[0m[0m
[1;32m    400[0m             [0mcontainer[0m [0;34m=[0m [0mTextWithRules[0m[0;34m([0m[0mtext[0m[0;34m,[0m [0mrules[0m[0;34m)[0m[0;34m[0m[0;34m[0m[0m
[0;32m--> 401[0;31m         [0;32mreturn[0m [0mself[0m[0;34m.[0m[0m_extract[0m[0;34m([0m[0mcontainer[0m[0;34m.[0m[0mto_JSON[0m[0;34m([0m[0;34m)[0m[0;34m)[0m[0;34m[0m[0;34m[0m[0m
[0m[1;32m    402[0m [0;34m[0m[0m
[1;32m    403[0m     [0;32mdef[0m [0mextract_from_document[0m[0;34m([0m[0mself[0m[0;34m,[0m [0mdoc[0m[0;34m,[0m [0mrules[0m[0;34m)[0m[0;34m:[0m[0;34m[0m[0;34m[0m[0m

[0;32m/srv/conda/envs/notebook/lib/python3.7/site-packages/processors/api.py[0m in [0;36m_extract[0;34m(self, json_data)[0m
[1;32m    362[0m [0;34m[0m[0m
[1;32m    363[0m     [0;32mdef[0m [0m_extract[0m[0;34m([0m[0mself[0m[0;34m,[0m [0mjson_data[0m[0;34m)[0m[0;34m:[0m[0;34m[0m[0;34m[0m[0m
[0;32m--> 364[0;31m         [0mmns_json[0m [0;34m=[0m [0mpost_json[0m[0;34m([0m[0mself[0m[0;34m.[0m[0m_service[0m[0;34m,[0m [0mjson_data[0m[0;34m)[0m[0;34m[0m[0;34m[0m[0m
[0m[1;32m    365[0m         [0;32mif[0m [0;34m"error"[0m [0;32min[0m [0mmns_json[0m[0;34m:[0m[0;34m[0m[0;34m[0m[0m
[1;32m    366[0m             [0merror_msg[0m [0;34m=[0m [0mmns_json[0m[0;34m[[0m[0;34m"error"[0m[0;34m][0m[0;34m[0m[0;34m[0m[0m

[0;32m/srv/conda/envs/notebook/lib/python3.7/site-packages/processors/utils.py[0m in [0;36mpost_json[0;34m(service, json_data)[0m
[1;32m     16[0m                              [0mdata[0m[0;34m=[0m[0mjson_data[0m[0;34m,[0m[0;34m[0m[0;34m[0m[0m
[1;32m     17[0m                              [0mheaders[0m[0;34m=[0m[0;34m{[0m[0;34m'content-type'[0m[0;34m:[0m [0;34m'application/json; charset=utf-8'[0m[0;34m}[0m[0;34m,[0m[0;34m[0m[0;34m[0m[0m
[0;32m---> 18[0;31m                              [0mtimeout[0m[0;34m=[0m[0;32mNone[0m[0;34m[0m[0;34m[0m[0m
[0m[1;32m     19[0m                              )
[1;32m     20[0m     [0;31m# response content should be utf-8[0m[0;34m[0m[0;34m[0m[0;34m[0m[0m

[0;32m/srv/conda/envs/notebook/lib/python3.7/site-packages/requests/api.py[0m in [0;36mpost[0;34m(url, data, json, **kwargs)[0m
[1;32m    114[0m     """
[1;32m    115[0m [0;34m[0m[0m
[0;32m--> 116[0;31m     [0;32mreturn[0m [0mrequest[0m[0;34m([0m[0;34m'post'[0m[0;34m,[0m [0murl[0m[0;34m,[0m [0mdata[0m[0;34m=[0m[0mdata[0m[0;34m,[0m [0mjson[0m[0;34m=[0m[0mjson[0m[0;34m,[0m [0;34m**[0m[0mkwargs[0m[0;34m)[0m[0;34m[0m[0;34m[0m[0m
[0m[1;32m    117[0m [0;34m[0m[0m
[1;32m    118[0m [0;34m[0m[0m

[0;32m/srv/conda/envs/notebook/lib/python3.7/site-packages/requests/api.py[0m in [0;36mrequest[0;34m(method, url, **kwargs)[0m
[1;32m     58[0m     [0;31m# cases, and look like a memory leak in others.[0m[0;34m[0m[0;34m[0m[0;34m[0m[0m
[1;32m     59[0m     [0;32mwith[0m [0msessions[0m[0;34m.[0m[0mSession[0m[0;34m([0m[0;34m)[0m [0;32mas[0m [0msession[0m[0;34m:[0m[0;34m[0m[0;34m[0m[0m
[0;32m---> 60[0;31m         [0;32mreturn[0m [0msession[0m[0;34m.[0m[0mrequest[0m[0;34m([0m[0mmethod[0m[0;34m=[0m[0mmethod[0m[0;34m,[0m [0murl[0m[0;34m=[0m[0murl[0m[0;34m,[0m [0;34m**[0m[0mkwargs[0m[0;34m)[0m[0;34m[0m[0;34m[0m[0m
[0m[1;32m     61[0m [0;34m[0m[0m
[1;32m     62[0m [0;34m[0m[0m

[0;32m/srv/conda/envs/notebook/lib/python3.7/site-packages/requests/sessions.py[0m in [0;36mrequest[0;34m(self, method, url, params, data, headers, cookies, files, auth, timeout, allow_redirects, proxies, hooks, stream, verify, cert, json)[0m
[1;32m    531[0m         }
[1;32m    532[0m         [0msend_kwargs[0m[0;34m.[0m[0mupdate[0m[0;34m([0m[0msettings[0m[0;34m)[0m[0;34m[0m[0;34m[0m[0m
[0;32m--> 533[0;31m         [0mresp[0m [0;34m=[0m [0mself[0m[0;34m.[0m[0msend[0m[0;34m([0m[0mprep[0m[0;34m,[0m [0;34m**[0m[0msend_kwargs[0m[0;34m)[0m[0;34m[0m[0;34m[0m[0m
[0m[1;32m    534[0m [0;34m[0m[0m
[1;32m    535[0m         [0;32mreturn[0m [0mresp[0m[0;34m[0m[0;34m[0m[0m

[0;32m/srv/conda/envs/notebook/lib/python3.7/site-packages/requests/sessions.py[0m in [0;36msend[0;34m(self, request, **kwargs)[0m
[1;32m    644[0m [0;34m[0m[0m
[1;32m    645[0m         [0;31m# Send the request[0m[0;34m[0m[0;34m[0m[0;34m[0m[0m
[0;32m--> 646[0;31m         [0mr[0m [0;34m=[0m [0madapter[0m[0;34m.[0m[0msend[0m[0;34m([0m[0mrequest[0m[0;34m,[0m [0;34m**[0m[0mkwargs[0m[0;34m)[0m[0;34m[0m[0;34m[0m[0m
[0m[1;32m    647[0m [0;34m[0m[0m
[1;32m    648[0m         [0;31m# Total elapsed time of the request (approximately)[0m[0;34m[0m[0;34m[0m[0;34m[0m[0m

[0;32m/srv/conda/envs/notebook/lib/python3.7/site-packages/requests/adapters.py[0m in [0;36msend[0;34m(self, request, stream, timeout, verify, cert, proxies)[0m
[1;32m    514[0m                 [0;32mraise[0m [0mSSLError[0m[0;34m([0m[0me[0m[0;34m,[0m [0mrequest[0m[0;34m=[0m[0mrequest[0m[0;34m)[0m[0;34m[0m[0;34m[0m[0m
[1;32m    515[0m [0;34m[0m[0m
[0;32m--> 516[0;31m             [0;32mraise[0m [0mConnectionError[0m[0;34m([0m[0me[0m[0;34m,[0m [0mrequest[0m[0;34m=[0m[0mrequest[0m[0;34m)[0m[0;34m[0m[0;34m[0m[0m
[0m[1;32m    517[0m [0;34m[0m[0m
[1;32m    518[0m         [0;32mexcept[0m [0mClosedPoolError[0m [0;32mas[0m [0me[0m[0;34m:[0m[0;34m[0m[0;34m[0m[0m

[0;31mConnectionError[0m: HTTPConnectionPool(host='localhost', port=8886): Max retries exceeded with url: /api/odin/extract (Caused by NewConnectionError('<urllib3.connection.HTTPConnection object at 0x7f70f79ebf10>: Failed to establish a new connection: [Errno 111] Connection refused'))
ConnectionError: HTTPConnectionPool(host='localhost', port=8886): Max retries exceeded with url: /api/odin/extract (Caused by NewConnectionError('<urllib3.connection.HTTPConnection object at 0x7f70f79ebf10>: Failed to establish a new connection: [Errno 111] Connection refused'))


Container exited with status: {'Error': None, 'StatusCode': 1}
