[I 200713 07:57:31 inrepo:36] Testing notebook _doc/notebooks/spark_local/spark_matrix_3_columns.ipynb
[I 200713 07:57:31 inrepo:45] Found kernel python3
[I 200713 07:57:32 execute:404] Executing notebook with kernel: python3
Traceback (most recent call last):
  File "/src/inrepo.py", line 114, in <module>
    main()
  File "/src/inrepo.py", line 110, in main
    test_f(opts.test, opts.output_dir)
  File "/src/inrepo.py", line 75, in run_notebook
    nb, cwd=os.path.dirname(nb_path), kernel_name=kernel_name, timeout=600
  File "/srv/conda/envs/notebook/lib/python3.7/site-packages/nbconvert/preprocessors/execute.py", line 737, in executenb
    return ep.preprocess(nb, resources, km=km)[0]
  File "/srv/conda/envs/notebook/lib/python3.7/site-packages/nbconvert/preprocessors/execute.py", line 405, in preprocess
    nb, resources = super(ExecutePreprocessor, self).preprocess(nb, resources)
  File "/srv/conda/envs/notebook/lib/python3.7/site-packages/nbconvert/preprocessors/base.py", line 69, in preprocess
    nb.cells[index], resources = self.preprocess_cell(cell, resources, index)
  File "/srv/conda/envs/notebook/lib/python3.7/site-packages/nbconvert/preprocessors/execute.py", line 448, in preprocess_cell
    raise CellExecutionError.from_cell_and_msg(cell, out)
nbconvert.preprocessors.execute.CellExecutionError: An error occurred while executing the following cell:
------------------
mat1 = sc.textFile("rnd1.txt")
new_mat1 = mat1.flatMap(process_mat_row)
new_mat1.take(12)
------------------

[0;31m---------------------------------------------------------------------------[0m
[0;31mNameError[0m                                 Traceback (most recent call last)
[0;32m<ipython-input-7-a44cd72118bd>[0m in [0;36m<module>[0;34m[0m
[0;32m----> 1[0;31m [0mmat1[0m [0;34m=[0m [0msc[0m[0;34m.[0m[0mtextFile[0m[0;34m([0m[0;34m"rnd1.txt"[0m[0;34m)[0m[0;34m[0m[0;34m[0m[0m
[0m[1;32m      2[0m [0mnew_mat1[0m [0;34m=[0m [0mmat1[0m[0;34m.[0m[0mflatMap[0m[0;34m([0m[0mprocess_mat_row[0m[0;34m)[0m[0;34m[0m[0;34m[0m[0m
[1;32m      3[0m [0mnew_mat1[0m[0;34m.[0m[0mtake[0m[0;34m([0m[0;36m12[0m[0;34m)[0m[0;34m[0m[0;34m[0m[0m

[0;31mNameError[0m: name 'sc' is not defined
NameError: name 'sc' is not defined


Container exited with status: {'Error': None, 'StatusCode': 1}
