[I 200706 14:48:13 inrepo:35] Testing notebook cookbooks/8-organizations/2-Industry-Collaboration.ipynb
[I 200706 14:48:14 execute:404] Executing notebook with kernel: python3
Traceback (most recent call last):
  File "/src/inrepo.py", line 76, in <module>
    main()
  File "/src/inrepo.py", line 72, in main
    test_f(opts.test, opts.output_dir)
  File "/src/inrepo.py", line 38, in run_notebook
    exported = executenb(nb, cwd=os.path.dirname(nb_path))
  File "/srv/conda/envs/notebook/lib/python3.7/site-packages/nbconvert/preprocessors/execute.py", line 737, in executenb
    return ep.preprocess(nb, resources, km=km)[0]
  File "/srv/conda/envs/notebook/lib/python3.7/site-packages/nbconvert/preprocessors/execute.py", line 405, in preprocess
    nb, resources = super(ExecutePreprocessor, self).preprocess(nb, resources)
  File "/srv/conda/envs/notebook/lib/python3.7/site-packages/nbconvert/preprocessors/base.py", line 69, in preprocess
    nb.cells[index], resources = self.preprocess_cell(cell, resources, index)
  File "/srv/conda/envs/notebook/lib/python3.7/site-packages/nbconvert/preprocessors/execute.py", line 448, in preprocess_cell
    raise CellExecutionError.from_cell_and_msg(cell, out)
nbconvert.preprocessors.execute.CellExecutionError: An error occurred while executing the following cell:
------------------
# @markdown # Get the API library and login 
# @markdown Click the 'play' button on the left (or shift+enter) after entering your API credentials

username = "" #@param {type: "string"}
password = ""  #@param {type: "string"}
endpoint = "https://app.dimensions.ai" #@param {type: "string"}


!pip install dimcli plotly tqdm -U --quiet 
import dimcli
from dimcli.shortcuts import *
dimcli.login(username, password, endpoint)
dsl = dimcli.Dsl()

#
# load common libraries
import time
import sys
import json
import pandas as pd
from pandas.io.json import json_normalize
from tqdm.notebook import tqdm as progress

#
# charts libs
import plotly.express as px
if not 'google.colab' in sys.modules:
  # make js dependecies local / needed by html exports 
  from plotly.offline import init_notebook_mode
  init_notebook_mode(connected=True)
------------------

An exception has occurred, use %tb to see the full traceback.

[0;31m---------------------------------------------------------------------------[0m

During handling of the above exception, another exception occurred:

[0;31mSystemExit[0m[0;31m:[0m 0

SystemExit: 0


Container exited with status: {'Error': None, 'StatusCode': 1}
