[I 200721 08:30:25 inrepo:36] Testing notebook miniLabThung.ipynb
[W 200721 08:30:25 inrepo:48] No such kernel Python [Root], falling back on kernel language=python
[W 200721 08:30:25 inrepo:60] Using kernel python3 to provide language: python
[I 200721 08:30:26 execute:404] Executing notebook with kernel: python3
Traceback (most recent call last):
  File "/src/inrepo.py", line 114, in <module>
    main()
  File "/src/inrepo.py", line 110, in main
    test_f(opts.test, opts.output_dir)
  File "/src/inrepo.py", line 75, in run_notebook
    nb, cwd=os.path.dirname(nb_path), kernel_name=kernel_name, timeout=600
  File "/srv/conda/envs/notebook/lib/python3.7/site-packages/nbconvert/preprocessors/execute.py", line 737, in executenb
    return ep.preprocess(nb, resources, km=km)[0]
  File "/srv/conda/envs/notebook/lib/python3.7/site-packages/nbconvert/preprocessors/execute.py", line 405, in preprocess
    nb, resources = super(ExecutePreprocessor, self).preprocess(nb, resources)
  File "/srv/conda/envs/notebook/lib/python3.7/site-packages/nbconvert/preprocessors/base.py", line 69, in preprocess
    nb.cells[index], resources = self.preprocess_cell(cell, resources, index)
  File "/srv/conda/envs/notebook/lib/python3.7/site-packages/nbconvert/preprocessors/execute.py", line 448, in preprocess_cell
    raise CellExecutionError.from_cell_and_msg(cell, out)
nbconvert.preprocessors.execute.CellExecutionError: An error occurred while executing the following cell:
------------------
# Imports
from pandas.tools.plotting import parallel_coordinates
from pandas.tools.plotting import scatter_matrix
from pandas.tools.plotting import radviz
from mpl_toolkits.mplot3d import Axes3D
from sklearn.decomposition import PCA
from sklearn.lda import LDA
import pandas as pd
import numpy  as np
import seaborn as sns
import matplotlib.pyplot as plt
import warnings
warnings.simplefilter('ignore', DeprecationWarning)
pd.set_option('display.max_columns', None)    # set the max columns to show to unlimited

%matplotlib inline
------------------

[0;31m---------------------------------------------------------------------------[0m
[0;31mModuleNotFoundError[0m                       Traceback (most recent call last)
[0;32m<ipython-input-1-fa2e646586c9>[0m in [0;36m<module>[0;34m[0m
[1;32m      1[0m [0;31m# Imports[0m[0;34m[0m[0;34m[0m[0;34m[0m[0m
[0;32m----> 2[0;31m [0;32mfrom[0m [0mpandas[0m[0;34m.[0m[0mtools[0m[0;34m.[0m[0mplotting[0m [0;32mimport[0m [0mparallel_coordinates[0m[0;34m[0m[0;34m[0m[0m
[0m[1;32m      3[0m [0;32mfrom[0m [0mpandas[0m[0;34m.[0m[0mtools[0m[0;34m.[0m[0mplotting[0m [0;32mimport[0m [0mscatter_matrix[0m[0;34m[0m[0;34m[0m[0m
[1;32m      4[0m [0;32mfrom[0m [0mpandas[0m[0;34m.[0m[0mtools[0m[0;34m.[0m[0mplotting[0m [0;32mimport[0m [0mradviz[0m[0;34m[0m[0;34m[0m[0m
[1;32m      5[0m [0;32mfrom[0m [0mmpl_toolkits[0m[0;34m.[0m[0mmplot3d[0m [0;32mimport[0m [0mAxes3D[0m[0;34m[0m[0;34m[0m[0m

[0;31mModuleNotFoundError[0m: No module named 'pandas'
ModuleNotFoundError: No module named 'pandas'


Container exited with status: {'Error': None, 'StatusCode': 1}
