[I 200717 07:54:00 inrepo:36] Testing notebook notebooks/neonate_atlas_registration.ipynb
[W 200717 07:54:00 inrepo:48] No such kernel python2, falling back on kernel language=python
[W 200717 07:54:00 inrepo:60] Using kernel python3 to provide language: python
[I 200717 07:54:01 execute:404] Executing notebook with kernel: python3
Traceback (most recent call last):
  File "/src/inrepo.py", line 114, in <module>
    main()
  File "/src/inrepo.py", line 110, in main
    test_f(opts.test, opts.output_dir)
  File "/src/inrepo.py", line 75, in run_notebook
    nb, cwd=os.path.dirname(nb_path), kernel_name=kernel_name, timeout=600
  File "/srv/conda/envs/notebook/lib/python3.7/site-packages/nbconvert/preprocessors/execute.py", line 737, in executenb
    return ep.preprocess(nb, resources, km=km)[0]
  File "/srv/conda/envs/notebook/lib/python3.7/site-packages/nbconvert/preprocessors/execute.py", line 405, in preprocess
    nb, resources = super(ExecutePreprocessor, self).preprocess(nb, resources)
  File "/srv/conda/envs/notebook/lib/python3.7/site-packages/nbconvert/preprocessors/base.py", line 69, in preprocess
    nb.cells[index], resources = self.preprocess_cell(cell, resources, index)
  File "/srv/conda/envs/notebook/lib/python3.7/site-packages/nbconvert/preprocessors/execute.py", line 448, in preprocess_cell
    raise CellExecutionError.from_cell_and_msg(cell, out)
nbconvert.preprocessors.execute.CellExecutionError: An error occurred while executing the following cell:
------------------
# Standard modules
import numpy as np
import nibabel as nib
import dipy.viz.regtools as rt
from dipy.align import VerbosityLevels
from dipy.align.transforms import regtransforms
from dipy.align.imaffine import (AffineMap,
                                 transform_centers_of_mass,
                                 MutualInformationMetric,
                                 AffineRegistration)
# Our modules
from dataset_info.info import get_neobrain
import pickle
import os
%pylab inline
pylab.rcParams['figure.figsize'] = (14, 10)
------------------

[0;31m---------------------------------------------------------------------------[0m
[0;31mModuleNotFoundError[0m                       Traceback (most recent call last)
[0;32m<ipython-input-1-66a942d26202>[0m in [0;36m<module>[0;34m[0m
[1;32m      1[0m [0;31m# Standard modules[0m[0;34m[0m[0;34m[0m[0;34m[0m[0m
[0;32m----> 2[0;31m [0;32mimport[0m [0mnumpy[0m [0;32mas[0m [0mnp[0m[0;34m[0m[0;34m[0m[0m
[0m[1;32m      3[0m [0;32mimport[0m [0mnibabel[0m [0;32mas[0m [0mnib[0m[0;34m[0m[0;34m[0m[0m
[1;32m      4[0m [0;32mimport[0m [0mdipy[0m[0;34m.[0m[0mviz[0m[0;34m.[0m[0mregtools[0m [0;32mas[0m [0mrt[0m[0;34m[0m[0;34m[0m[0m
[1;32m      5[0m [0;32mfrom[0m [0mdipy[0m[0;34m.[0m[0malign[0m [0;32mimport[0m [0mVerbosityLevels[0m[0;34m[0m[0;34m[0m[0m

[0;31mModuleNotFoundError[0m: No module named 'numpy'
ModuleNotFoundError: No module named 'numpy'


Container exited with status: {'Error': None, 'StatusCode': 1}
