[I 200713 07:42:01 inrepo:36] Testing notebook Metrics/MS_Hackathon_PDF_TO_TEXT.ipynb
[I 200713 07:42:03 inrepo:45] Found kernel python3
[I 200713 07:42:05 execute:404] Executing notebook with kernel: python3
Traceback (most recent call last):
  File "/src/inrepo.py", line 114, in <module>
    main()
  File "/src/inrepo.py", line 110, in main
    test_f(opts.test, opts.output_dir)
  File "/src/inrepo.py", line 75, in run_notebook
    nb, cwd=os.path.dirname(nb_path), kernel_name=kernel_name, timeout=600
  File "/srv/conda/envs/notebook/lib/python3.7/site-packages/nbconvert/preprocessors/execute.py", line 737, in executenb
    return ep.preprocess(nb, resources, km=km)[0]
  File "/srv/conda/envs/notebook/lib/python3.7/site-packages/nbconvert/preprocessors/execute.py", line 405, in preprocess
    nb, resources = super(ExecutePreprocessor, self).preprocess(nb, resources)
  File "/srv/conda/envs/notebook/lib/python3.7/site-packages/nbconvert/preprocessors/base.py", line 69, in preprocess
    nb.cells[index], resources = self.preprocess_cell(cell, resources, index)
  File "/srv/conda/envs/notebook/lib/python3.7/site-packages/nbconvert/preprocessors/execute.py", line 448, in preprocess_cell
    raise CellExecutionError.from_cell_and_msg(cell, out)
nbconvert.preprocessors.execute.CellExecutionError: An error occurred while executing the following cell:
------------------
import io
from wand.image import Image as wi
from PIL import Image
from pytesseract import pytesseract


def pdf_covert (path):

    pdf = wi(filename=path, resolution=500)
    coverted_image = pdf.convert('jpeg')
    imageBlobs = []

    for img in coverted_image.sequence:
        img_page = wi(image = img)
        imageBlobs.append(img_page.make_blob('png'))
    return imageBlobs


def ocr_converted_pdf(checked_image):

    image_text = []

    for image in checked_image:
        im = Image.open(io.BytesIO(image))
        output_text = pytesseract.image_to_string(im, lang='eng')
        image_text.append(output_text)
    return image_text


path ='/home/de-admin/Blob_Company_House/administratorsprogress/pdf/02374461_annual-returns_2017-05-01_DOWNLOADED.pdf'
#path = '/home/de-admin/VMShare2/Data_Test1.pdf'
images = pdf_covert(path)
text = ocr_converted_pdf(images)

print(text)

------------------

[0;31m---------------------------------------------------------------------------[0m
[0;31mModuleNotFoundError[0m                       Traceback (most recent call last)
[0;32m<ipython-input-1-d42f9147bc4f>[0m in [0;36m<module>[0;34m[0m
[1;32m      1[0m [0;32mimport[0m [0mio[0m[0;34m[0m[0;34m[0m[0m
[0;32m----> 2[0;31m [0;32mfrom[0m [0mwand[0m[0;34m.[0m[0mimage[0m [0;32mimport[0m [0mImage[0m [0;32mas[0m [0mwi[0m[0;34m[0m[0;34m[0m[0m
[0m[1;32m      3[0m [0;32mfrom[0m [0mPIL[0m [0;32mimport[0m [0mImage[0m[0;34m[0m[0;34m[0m[0m
[1;32m      4[0m [0;32mfrom[0m [0mpytesseract[0m [0;32mimport[0m [0mpytesseract[0m[0;34m[0m[0;34m[0m[0m
[1;32m      5[0m [0;34m[0m[0m

[0;31mModuleNotFoundError[0m: No module named 'wand'
ModuleNotFoundError: No module named 'wand'


Container exited with status: {'Error': None, 'StatusCode': 1}
