Picked Local content provider.
Using local repo /tmp/r2d-test-2020-07-16T07.124j75sg7x/github.com/dvdwllc/stomping-grounds.
Using PythonBuildPack builder
Step 1/51 : FROM buildpack-deps:bionic
 ---> 5d109dc6d8a0
Step 2/51 : ENV DEBIAN_FRONTEND=noninteractive
 ---> Using cache
 ---> 84875aa039ff
Step 3/51 : RUN apt-get -qq update &&     apt-get -qq install --yes --no-install-recommends locales > /dev/null &&     apt-get -qq purge &&     apt-get -qq clean &&     rm -rf /var/lib/apt/lists/*
 ---> Using cache
 ---> 2c6f3445209c
Step 4/51 : RUN echo "en_US.UTF-8 UTF-8" > /etc/locale.gen &&     locale-gen
 ---> Using cache
 ---> 5ac40a1069ef
Step 5/51 : ENV LC_ALL en_US.UTF-8
 ---> Using cache
 ---> 0569ecd6efb3
Step 6/51 : ENV LANG en_US.UTF-8
 ---> Using cache
 ---> bd3372a8f400
Step 7/51 : ENV LANGUAGE en_US.UTF-8
 ---> Using cache
 ---> ab87a637d837
Step 8/51 : ENV SHELL /bin/bash
 ---> Using cache
 ---> 50ed7363eaf5
Step 9/51 : ARG NB_USER
 ---> Using cache
 ---> 0b8893bd6422
Step 10/51 : ARG NB_UID
 ---> Using cache
 ---> b9e6fa4ea16e
Step 11/51 : ENV USER ${NB_USER}
 ---> Using cache
 ---> b142a4c01942
Step 12/51 : ENV HOME /home/${NB_USER}
 ---> Using cache
 ---> e11d5723ab90
Step 13/51 : RUN groupadd         --gid ${NB_UID}         ${NB_USER} &&     useradd         --comment "Default user"         --create-home         --gid ${NB_UID}         --no-log-init         --shell /bin/bash         --uid ${NB_UID}         ${NB_USER}
 ---> Using cache
 ---> e20a5903ae77
Step 14/51 : RUN wget --quiet -O - https://deb.nodesource.com/gpgkey/nodesource.gpg.key |  apt-key add - &&     DISTRO="bionic" &&     echo "deb https://deb.nodesource.com/node_10.x $DISTRO main" >> /etc/apt/sources.list.d/nodesource.list &&     echo "deb-src https://deb.nodesource.com/node_10.x $DISTRO main" >> /etc/apt/sources.list.d/nodesource.list
 ---> Using cache
 ---> 730bb79c819d
Step 15/51 : RUN apt-get -qq update &&     apt-get -qq install --yes --no-install-recommends        less        nodejs        unzip        > /dev/null &&     apt-get -qq purge &&     apt-get -qq clean &&     rm -rf /var/lib/apt/lists/*
 ---> Using cache
 ---> 2be5b9d2edc7
Step 16/51 : EXPOSE 8888
 ---> Using cache
 ---> 7fcdbaf0fe40
Step 17/51 : ENV APP_BASE /srv
 ---> Using cache
 ---> ee51ea8ec11a
Step 18/51 : ENV NPM_DIR ${APP_BASE}/npm
 ---> Using cache
 ---> f34fdbe18446
Step 19/51 : ENV NPM_CONFIG_GLOBALCONFIG ${NPM_DIR}/npmrc
 ---> Using cache
 ---> 833e25d9d235
Step 20/51 : ENV CONDA_DIR ${APP_BASE}/conda
 ---> Using cache
 ---> 8ee468f15616
Step 21/51 : ENV NB_PYTHON_PREFIX ${CONDA_DIR}/envs/notebook
 ---> Using cache
 ---> 971c9391c0ab
Step 22/51 : ENV KERNEL_PYTHON_PREFIX ${NB_PYTHON_PREFIX}
 ---> Using cache
 ---> 7fa50abe8e21
Step 23/51 : ENV PATH ${NB_PYTHON_PREFIX}/bin:${CONDA_DIR}/bin:${NPM_DIR}/bin:${PATH}
 ---> Using cache
 ---> eaa621b5d97f
Step 24/51 : COPY build_script_files/-2fusr-2flocal-2flib-2fpython3-2e8-2fdist-2dpackages-2frepo2docker-2fbuildpacks-2fconda-2factivate-2dconda-2esh-1be18e /etc/profile.d/activate-conda.sh
 ---> Using cache
 ---> 9ffab983afa0
Step 25/51 : COPY build_script_files/-2fusr-2flocal-2flib-2fpython3-2e8-2fdist-2dpackages-2frepo2docker-2fbuildpacks-2fconda-2fenvironment-2epy-2d3-2e7-2efrozen-2eyml-26bd38 /tmp/environment.yml
 ---> Using cache
 ---> 9b3e6c528ba6
Step 26/51 : COPY build_script_files/-2fusr-2flocal-2flib-2fpython3-2e8-2fdist-2dpackages-2frepo2docker-2fbuildpacks-2fconda-2finstall-2dminiconda-2ebash-813f10 /tmp/install-miniconda.bash
 ---> Using cache
 ---> e52d3b4016a9
Step 27/51 : RUN mkdir -p ${NPM_DIR} && chown -R ${NB_USER}:${NB_USER} ${NPM_DIR}
 ---> Using cache
 ---> 0a8f7bcc0bd7
Step 28/51 : USER ${NB_USER}
 ---> Using cache
 ---> e295fca18e9d
Step 29/51 : RUN npm config --global set prefix ${NPM_DIR}
 ---> Using cache
 ---> b3629329dd8f
Step 30/51 : USER root
 ---> Using cache
 ---> 5ba3698f0957
Step 31/51 : RUN bash /tmp/install-miniconda.bash && rm /tmp/install-miniconda.bash /tmp/environment.yml
 ---> Using cache
 ---> ecb18ec9bb2f
Step 32/51 : ARG REPO_DIR=${HOME}
 ---> Using cache
 ---> 8f78500beba3
Step 33/51 : ENV REPO_DIR ${REPO_DIR}
 ---> Using cache
 ---> 300bfe3eb940
Step 34/51 : WORKDIR ${REPO_DIR}
 ---> Using cache
 ---> ab56d4c94aaf
Step 35/51 : ENV PATH ${HOME}/.local/bin:${REPO_DIR}/.local/bin:${PATH}
 ---> Using cache
 ---> 26a826700420
Step 36/51 : ENV CONDA_DEFAULT_ENV ${KERNEL_PYTHON_PREFIX}
 ---> Using cache
 ---> ebb7f28a23e9
Step 37/51 : COPY src/requirements.txt ${REPO_DIR}/requirements.txt
 ---> 349ba1f642f7
Step 38/51 : USER root
 ---> Running in b653ba0ad5ed
Removing intermediate container b653ba0ad5ed
 ---> 4396f4a34a82
Step 39/51 : RUN chown -R ${NB_USER}:${NB_USER} ${REPO_DIR}
 ---> Running in 30d06fbd0751
Removing intermediate container 30d06fbd0751
 ---> 73de781271b2
Step 40/51 : USER ${NB_USER}
 ---> Running in e51d6692c46b
Removing intermediate container e51d6692c46b
 ---> 31550a33baf9
Step 41/51 : RUN ${KERNEL_PYTHON_PREFIX}/bin/pip install --no-cache-dir -r "requirements.txt"
 ---> Running in f1622c286e8a
[91mWARNING: pip is being invoked by an old script wrapper. This will fail in a future version of pip.
Please see https://github.com/pypa/pip/issues/5599 for advice on fixing the underlying issue.
To avoid this problem you can invoke Python with '-m pip' instead of running pip directly.
[0mCollecting Flask==0.10.1
  Downloading Flask-0.10.1.tar.gz (544 kB)
Collecting geocoder==1.6.4
  Downloading geocoder-1.6.4-py2.py3-none-any.whl (52 kB)
Collecting pandas==0.17.0
  Downloading pandas-0.17.0.tar.gz (6.5 MB)
Collecting gunicorn==19.3.0
  Downloading gunicorn-19.3.0-py2.py3-none-any.whl (110 kB)
Collecting dill==0.2.1
  Downloading dill-0.2.1.tgz (45 kB)
Collecting Werkzeug>=0.7
  Downloading Werkzeug-1.0.1-py2.py3-none-any.whl (298 kB)
Requirement already satisfied: Jinja2>=2.4 in /srv/conda/envs/notebook/lib/python3.7/site-packages (from Flask==0.10.1->-r requirements.txt (line 1)) (2.11.0)
Collecting itsdangerous>=0.21
  Downloading itsdangerous-1.1.0-py2.py3-none-any.whl (16 kB)
Requirement already satisfied: six in /srv/conda/envs/notebook/lib/python3.7/site-packages (from geocoder==1.6.4->-r requirements.txt (line 2)) (1.14.0)
Collecting click
  Downloading click-7.1.2-py2.py3-none-any.whl (82 kB)
Requirement already satisfied: requests in /srv/conda/envs/notebook/lib/python3.7/site-packages (from geocoder==1.6.4->-r requirements.txt (line 2)) (2.22.0)
Collecting ratelim
  Downloading ratelim-0.1.6-py2.py3-none-any.whl (4.0 kB)
Requirement already satisfied: python-dateutil>=2 in /srv/conda/envs/notebook/lib/python3.7/site-packages (from pandas==0.17.0->-r requirements.txt (line 3)) (2.8.1)
Collecting pytz>=2011k
  Downloading pytz-2020.1-py2.py3-none-any.whl (510 kB)
Collecting numpy>=1.7.0
  Downloading numpy-1.19.0-cp37-cp37m-manylinux2010_x86_64.whl (14.6 MB)
Requirement already satisfied: MarkupSafe>=0.23 in /srv/conda/envs/notebook/lib/python3.7/site-packages (from Jinja2>=2.4->Flask==0.10.1->-r requirements.txt (line 1)) (1.1.1)
Requirement already satisfied: chardet<3.1.0,>=3.0.2 in /srv/conda/envs/notebook/lib/python3.7/site-packages (from requests->geocoder==1.6.4->-r requirements.txt (line 2)) (3.0.4)
Requirement already satisfied: urllib3!=1.25.0,!=1.25.1,<1.26,>=1.21.1 in /srv/conda/envs/notebook/lib/python3.7/site-packages (from requests->geocoder==1.6.4->-r requirements.txt (line 2)) (1.25.7)
Requirement already satisfied: certifi>=2017.4.17 in /srv/conda/envs/notebook/lib/python3.7/site-packages (from requests->geocoder==1.6.4->-r requirements.txt (line 2)) (2019.11.28)
Requirement already satisfied: idna<2.9,>=2.5 in /srv/conda/envs/notebook/lib/python3.7/site-packages (from requests->geocoder==1.6.4->-r requirements.txt (line 2)) (2.8)
Requirement already satisfied: decorator in /srv/conda/envs/notebook/lib/python3.7/site-packages (from ratelim->geocoder==1.6.4->-r requirements.txt (line 2)) (4.4.1)
Building wheels for collected packages: Flask, pandas, dill
  Building wheel for Flask (setup.py): started
  Building wheel for Flask (setup.py): finished with status 'done'
  Created wheel for Flask: filename=Flask-0.10.1-py3-none-any.whl size=116106 sha256=33b960aaf6a386ea6d86414907d44535133045049a1045e3c73033e0c6842148
  Stored in directory: /tmp/pip-ephem-wheel-cache-j5_0oxvj/wheels/6b/50/fe/c83ec37cab443d8ce6211dd15b011c21fb8a4f5daaf93aaa1d
  Building wheel for pandas (setup.py): started
  Building wheel for pandas (setup.py): finished with status 'error'
[91m  ERROR: Command errored out with exit status 1:
   command: /srv/conda/envs/notebook/bin/python -u -c 'import sys, setuptools, tokenize; sys.argv[0] = '"'"'/tmp/pip-install-pulgm0su/pandas/setup.py'"'"'; __file__='"'"'/tmp/pip-install-pulgm0su/pandas/setup.py'"'"';f=getattr(tokenize, '"'"'open'"'"', open)(__file__);code=f.read().replace('"'"'\r\n'"'"', '"'"'\n'"'"');f.close();exec(compile(code, __file__, '"'"'exec'"'"'))' bdist_wheel -d /tmp/pip-wheel-cx2brz51
       cwd: /tmp/pip-install-pulgm0su/pandas/
  Complete output (875 lines):
  running bdist_wheel
  running build
  running build_py
  creating build
  creating build/lib.linux-x86_64-3.7
  creating build/lib.linux-x86_64-3.7/pandas
  copying pandas/info.py -> build/lib.linux-x86_64-3.7/pandas
  copying pandas/__init__.py -> build/lib.linux-x86_64-3.7/pandas
  copying pandas/_version.py -> build/lib.linux-x86_64-3.7/pandas
  creating build/lib.linux-x86_64-3.7/pandas/compat
  copying pandas/compat/__init__.py -> build/lib.linux-x86_64-3.7/pandas/compat
  copying pandas/compat/pickle_compat.py -> build/lib.linux-x86_64-3.7/pandas/compat
  copying pandas/compat/chainmap_impl.py -> build/lib.linux-x86_64-3.7/pandas/compat
  copying pandas/compat/chainmap.py -> build/lib.linux-x86_64-3.7/pandas/compat
  copying pandas/compat/openpyxl_compat.py -> build/lib.linux-x86_64-3.7/pandas/compat
  creating build/lib.linux-x86_64-3.7/pandas/computation
  copying pandas/computation/ops.py -> build/lib.linux-x86_64-3.7/pandas/computation
  copying pandas/computation/__init__.py -> build/lib.linux-x86_64-3.7/pandas/computation
  copying pandas/computation/expr.py -> build/lib.linux-x86_64-3.7/pandas/computation
  copying pandas/computation/align.py -> build/lib.linux-x86_64-3.7/pandas/computation
  copying pandas/computation/common.py -> build/lib.linux-x86_64-3.7/pandas/computation
  copying pandas/computation/api.py -> build/lib.linux-x86_64-3.7/pandas/computation
  copying pandas/computation/scope.py -> build/lib.linux-x86_64-3.7/pandas/computation
  copying pandas/computation/expressions.py -> build/lib.linux-x86_64-3.7/pandas/computation
  copying pandas/computation/pytables.py -> build/lib.linux-x86_64-3.7/pandas/computation
  copying pandas/computation/engines.py -> build/lib.linux-x86_64-3.7/pandas/computation
  copying pandas/computation/eval.py -> build/lib.linux-x86_64-3.7/pandas/computation
  creating build/lib.linux-x86_64-3.7/pandas/computation/tests
  copying pandas/computation/tests/__init__.py -> build/lib.linux-x86_64-3.7/pandas/computation/tests
  copying pandas/computation/tests/test_eval.py -> build/lib.linux-x86_64-3.7/pandas/computation/tests
  creating build/lib.linux-x86_64-3.7/pandas/core
  copying pandas/core/ops.py -> build/lib.linux-x86_64-3.7/pandas/core
  copying pandas/core/__init__.py -> build/lib.linux-x86_64-3.7/pandas/core
  copying pandas/core/nanops.py -> build/lib.linux-x86_64-3.7/pandas/core
  copying pandas/core/algorithms.py -> build/lib.linux-x86_64-3.7/pandas/core
  copying pandas/core/common.py -> build/lib.linux-x86_64-3.7/pandas/core
  copying pandas/core/panel4d.py -> build/lib.linux-x86_64-3.7/pandas/core
  copying pandas/core/panelnd.py -> build/lib.linux-x86_64-3.7/pandas/core
  copying pandas/core/frame.py -> build/lib.linux-x86_64-3.7/pandas/core
  copying pandas/core/base.py -> build/lib.linux-x86_64-3.7/pandas/core
  copying pandas/core/api.py -> build/lib.linux-x86_64-3.7/pandas/core
  copying pandas/core/datetools.py -> build/lib.linux-x86_64-3.7/pandas/core
  copying pandas/core/config_init.py -> build/lib.linux-x86_64-3.7/pandas/core
  copying pandas/core/internals.py -> build/lib.linux-x86_64-3.7/pandas/core
  copying pandas/core/convert.py -> build/lib.linux-x86_64-3.7/pandas/core
  copying pandas/core/format.py -> build/lib.linux-x86_64-3.7/pandas/core
  copying pandas/core/sparse.py -> build/lib.linux-x86_64-3.7/pandas/core
  copying pandas/core/index.py -> build/lib.linux-x86_64-3.7/pandas/core
  copying pandas/core/categorical.py -> build/lib.linux-x86_64-3.7/pandas/core
  copying pandas/core/reshape.py -> build/lib.linux-x86_64-3.7/pandas/core
  copying pandas/core/indexing.py -> build/lib.linux-x86_64-3.7/pandas/core
  copying pandas/core/config.py -> build/lib.linux-x86_64-3.7/pandas/core
  copying pandas/core/panel.py -> build/lib.linux-x86_64-3.7/pandas/core
  copying pandas/core/groupby.py -> build/lib.linux-x86_64-3.7/pandas/core
  copying pandas/core/series.py -> build/lib.linux-x86_64-3.7/pandas/core
  copying pandas/core/generic.py -> build/lib.linux-x86_64-3.7/pandas/core
  copying pandas/core/dtypes.py -> build/lib.linux-x86_64-3.7/pandas/core
  copying pandas/core/strings.py -> build/lib.linux-x86_64-3.7/pandas/core
  copying pandas/core/matrix.py -> build/lib.linux-x86_64-3.7/pandas/core
  creating build/lib.linux-x86_64-3.7/pandas/io
  copying pandas/io/data.py -> build/lib.linux-x86_64-3.7/pandas/io
  copying pandas/io/__init__.py -> build/lib.linux-x86_64-3.7/pandas/io
  copying pandas/io/auth.py -> build/lib.linux-x86_64-3.7/pandas/io
  copying pandas/io/clipboard.py -> build/lib.linux-x86_64-3.7/pandas/io
  copying pandas/io/parsers.py -> build/lib.linux-x86_64-3.7/pandas/io
  copying pandas/io/pickle.py -> build/lib.linux-x86_64-3.7/pandas/io
  copying pandas/io/html.py -> build/lib.linux-x86_64-3.7/pandas/io
  copying pandas/io/common.py -> build/lib.linux-x86_64-3.7/pandas/io
  copying pandas/io/sas.py -> build/lib.linux-x86_64-3.7/pandas/io
  copying pandas/io/api.py -> build/lib.linux-x86_64-3.7/pandas/io
  copying pandas/io/excel.py -> build/lib.linux-x86_64-3.7/pandas/io
  copying pandas/io/stata.py -> build/lib.linux-x86_64-3.7/pandas/io
  copying pandas/io/json.py -> build/lib.linux-x86_64-3.7/pandas/io
  copying pandas/io/packers.py -> build/lib.linux-x86_64-3.7/pandas/io
  copying pandas/io/gbq.py -> build/lib.linux-x86_64-3.7/pandas/io
  copying pandas/io/ga.py -> build/lib.linux-x86_64-3.7/pandas/io
  copying pandas/io/wb.py -> build/lib.linux-x86_64-3.7/pandas/io
  copying pandas/io/date_converters.py -> build/lib.linux-x86_64-3.7/pandas/io
  copying pandas/io/pytables.py -> build/lib.linux-x86_64-3.7/pandas/io
  copying pandas/io/sql.py -> build/lib.linux-x86_64-3.7/pandas/io
  creating build/lib.linux-x86_64-3.7/pandas/rpy
  copying pandas/rpy/__init__.py -> build/lib.linux-x86_64-3.7/pandas/rpy
  copying pandas/rpy/vars.py -> build/lib.linux-x86_64-3.7/pandas/rpy
  copying pandas/rpy/common.py -> build/lib.linux-x86_64-3.7/pandas/rpy
  copying pandas/rpy/base.py -> build/lib.linux-x86_64-3.7/pandas/rpy
  copying pandas/rpy/mass.py -> build/lib.linux-x86_64-3.7/pandas/rpy
  creating build/lib.linux-x86_64-3.7/pandas/sandbox
  copying pandas/sandbox/__init__.py -> build/lib.linux-x86_64-3.7/pandas/sandbox
  copying pandas/sandbox/qtpandas.py -> build/lib.linux-x86_64-3.7/pandas/sandbox
  creating build/lib.linux-x86_64-3.7/pandas/sparse
  copying pandas/sparse/__init__.py -> build/lib.linux-x86_64-3.7/pandas/sparse
  copying pandas/sparse/frame.py -> build/lib.linux-x86_64-3.7/pandas/sparse
  copying pandas/sparse/list.py -> build/lib.linux-x86_64-3.7/pandas/sparse
  copying pandas/sparse/api.py -> build/lib.linux-x86_64-3.7/pandas/sparse
  copying pandas/sparse/scipy_sparse.py -> build/lib.linux-x86_64-3.7/pandas/sparse
  copying pandas/sparse/array.py -> build/lib.linux-x86_64-3.7/pandas/sparse
  copying pandas/sparse/panel.py -> build/lib.linux-x86_64-3.7/pandas/sparse
  copying pandas/sparse/series.py -> build/lib.linux-x86_64-3.7/pandas/sparse
  creating build/lib.linux-x86_64-3.7/pandas/sparse/tests
  copying pandas/sparse/tests/test_array.py -> build/lib.linux-x86_64-3.7/pandas/sparse/tests
  copying pandas/sparse/tests/__init__.py -> build/lib.linux-x86_64-3.7/pandas/sparse/tests
  copying pandas/sparse/tests/test_libsparse.py -> build/lib.linux-x86_64-3.7/pandas/sparse/tests
  copying pandas/sparse/tests/test_list.py -> build/lib.linux-x86_64-3.7/pandas/sparse/tests
  copying pandas/sparse/tests/test_sparse.py -> build/lib.linux-x86_64-3.7/pandas/sparse/tests
  creating build/lib.linux-x86_64-3.7/pandas/stats
  copying pandas/stats/misc.py -> build/lib.linux-x86_64-3.7/pandas/stats
  copying pandas/stats/plm.py -> build/lib.linux-x86_64-3.7/pandas/stats
  copying pandas/stats/__init__.py -> build/lib.linux-x86_64-3.7/pandas/stats
  copying pandas/stats/interface.py -> build/lib.linux-x86_64-3.7/pandas/stats
  copying pandas/stats/common.py -> build/lib.linux-x86_64-3.7/pandas/stats
  copying pandas/stats/api.py -> build/lib.linux-x86_64-3.7/pandas/stats
  copying pandas/stats/fama_macbeth.py -> build/lib.linux-x86_64-3.7/pandas/stats
  copying pandas/stats/var.py -> build/lib.linux-x86_64-3.7/pandas/stats
  copying pandas/stats/math.py -> build/lib.linux-x86_64-3.7/pandas/stats
  copying pandas/stats/moments.py -> build/lib.linux-x86_64-3.7/pandas/stats
  copying pandas/stats/ols.py -> build/lib.linux-x86_64-3.7/pandas/stats
  creating build/lib.linux-x86_64-3.7/pandas/util
  copying pandas/util/misc.py -> build/lib.linux-x86_64-3.7/pandas/util
  copying pandas/util/__init__.py -> build/lib.linux-x86_64-3.7/pandas/util
  copying pandas/util/print_versions.py -> build/lib.linux-x86_64-3.7/pandas/util
  copying pandas/util/clipboard.py -> build/lib.linux-x86_64-3.7/pandas/util
  copying pandas/util/terminal.py -> build/lib.linux-x86_64-3.7/pandas/util
  copying pandas/util/doctools.py -> build/lib.linux-x86_64-3.7/pandas/util
  copying pandas/util/testing.py -> build/lib.linux-x86_64-3.7/pandas/util
  copying pandas/util/decorators.py -> build/lib.linux-x86_64-3.7/pandas/util
  creating build/lib.linux-x86_64-3.7/pandas/tests
  copying pandas/tests/test_testing.py -> build/lib.linux-x86_64-3.7/pandas/tests
  copying pandas/tests/test_compat.py -> build/lib.linux-x86_64-3.7/pandas/tests
  copying pandas/tests/test_panel4d.py -> build/lib.linux-x86_64-3.7/pandas/tests
  copying pandas/tests/__init__.py -> build/lib.linux-x86_64-3.7/pandas/tests
  copying pandas/tests/test_multilevel.py -> build/lib.linux-x86_64-3.7/pandas/tests
  copying pandas/tests/test_generic.py -> build/lib.linux-x86_64-3.7/pandas/tests
  copying pandas/tests/test_rplot.py -> build/lib.linux-x86_64-3.7/pandas/tests
  copying pandas/tests/test_indexing.py -> build/lib.linux-x86_64-3.7/pandas/tests
  copying pandas/tests/test_tseries.py -> build/lib.linux-x86_64-3.7/pandas/tests
  copying pandas/tests/test_strings.py -> build/lib.linux-x86_64-3.7/pandas/tests
  copying pandas/tests/test_panel.py -> build/lib.linux-x86_64-3.7/pandas/tests
  copying pandas/tests/test_util.py -> build/lib.linux-x86_64-3.7/pandas/tests
  copying pandas/tests/test_format.py -> build/lib.linux-x86_64-3.7/pandas/tests
  copying pandas/tests/test_index.py -> build/lib.linux-x86_64-3.7/pandas/tests
  copying pandas/tests/test_expressions.py -> build/lib.linux-x86_64-3.7/pandas/tests
  copying pandas/tests/test_nanops.py -> build/lib.linux-x86_64-3.7/pandas/tests
  copying pandas/tests/test_dtypes.py -> build/lib.linux-x86_64-3.7/pandas/tests
  copying pandas/tests/test_categorical.py -> build/lib.linux-x86_64-3.7/pandas/tests
  copying pandas/tests/test_internals.py -> build/lib.linux-x86_64-3.7/pandas/tests
  copying pandas/tests/test_reshape.py -> build/lib.linux-x86_64-3.7/pandas/tests
  copying pandas/tests/test_algos.py -> build/lib.linux-x86_64-3.7/pandas/tests
  copying pandas/tests/test_panelnd.py -> build/lib.linux-x86_64-3.7/pandas/tests
  copying pandas/tests/test_graphics.py -> build/lib.linux-x86_64-3.7/pandas/tests
  copying pandas/tests/test_config.py -> build/lib.linux-x86_64-3.7/pandas/tests
  copying pandas/tests/test_groupby.py -> build/lib.linux-x86_64-3.7/pandas/tests
  copying pandas/tests/test_stats.py -> build/lib.linux-x86_64-3.7/pandas/tests
  copying pandas/tests/test_series.py -> build/lib.linux-x86_64-3.7/pandas/tests
  copying pandas/tests/test_graphics_others.py -> build/lib.linux-x86_64-3.7/pandas/tests
  copying pandas/tests/test_lib.py -> build/lib.linux-x86_64-3.7/pandas/tests
  copying pandas/tests/test_base.py -> build/lib.linux-x86_64-3.7/pandas/tests
  copying pandas/tests/test_frame.py -> build/lib.linux-x86_64-3.7/pandas/tests
  copying pandas/tests/test_common.py -> build/lib.linux-x86_64-3.7/pandas/tests
  creating build/lib.linux-x86_64-3.7/pandas/tests/test_msgpack
  copying pandas/tests/test_msgpack/test_pack.py -> build/lib.linux-x86_64-3.7/pandas/tests/test_msgpack
  copying pandas/tests/test_msgpack/test_limits.py -> build/lib.linux-x86_64-3.7/pandas/tests/test_msgpack
  copying pandas/tests/test_msgpack/__init__.py -> build/lib.linux-x86_64-3.7/pandas/tests/test_msgpack
  copying pandas/tests/test_msgpack/test_obj.py -> build/lib.linux-x86_64-3.7/pandas/tests/test_msgpack
  copying pandas/tests/test_msgpack/test_seq.py -> build/lib.linux-x86_64-3.7/pandas/tests/test_msgpack
  copying pandas/tests/test_msgpack/test_extension.py -> build/lib.linux-x86_64-3.7/pandas/tests/test_msgpack
  copying pandas/tests/test_msgpack/test_read_size.py -> build/lib.linux-x86_64-3.7/pandas/tests/test_msgpack
  copying pandas/tests/test_msgpack/test_case.py -> build/lib.linux-x86_64-3.7/pandas/tests/test_msgpack
  copying pandas/tests/test_msgpack/test_format.py -> build/lib.linux-x86_64-3.7/pandas/tests/test_msgpack
  copying pandas/tests/test_msgpack/test_sequnpack.py -> build/lib.linux-x86_64-3.7/pandas/tests/test_msgpack
  copying pandas/tests/test_msgpack/test_except.py -> build/lib.linux-x86_64-3.7/pandas/tests/test_msgpack
  copying pandas/tests/test_msgpack/test_subtype.py -> build/lib.linux-x86_64-3.7/pandas/tests/test_msgpack
  copying pandas/tests/test_msgpack/test_newspec.py -> build/lib.linux-x86_64-3.7/pandas/tests/test_msgpack
  copying pandas/tests/test_msgpack/test_unpack_raw.py -> build/lib.linux-x86_64-3.7/pandas/tests/test_msgpack
  copying pandas/tests/test_msgpack/test_buffer.py -> build/lib.linux-x86_64-3.7/pandas/tests/test_msgpack
  copying pandas/tests/test_msgpack/test_unpack.py -> build/lib.linux-x86_64-3.7/pandas/tests/test_msgpack
  creating build/lib.linux-x86_64-3.7/pandas/tools
  copying pandas/tools/__init__.py -> build/lib.linux-x86_64-3.7/pandas/tools
  copying pandas/tools/plotting.py -> build/lib.linux-x86_64-3.7/pandas/tools
  copying pandas/tools/tile.py -> build/lib.linux-x86_64-3.7/pandas/tools
  copying pandas/tools/util.py -> build/lib.linux-x86_64-3.7/pandas/tools
  copying pandas/tools/rplot.py -> build/lib.linux-x86_64-3.7/pandas/tools
  copying pandas/tools/merge.py -> build/lib.linux-x86_64-3.7/pandas/tools
  copying pandas/tools/pivot.py -> build/lib.linux-x86_64-3.7/pandas/tools
  creating build/lib.linux-x86_64-3.7/pandas/tools/tests
  copying pandas/tools/tests/__init__.py -> build/lib.linux-x86_64-3.7/pandas/tools/tests
  copying pandas/tools/tests/test_util.py -> build/lib.linux-x86_64-3.7/pandas/tools/tests
  copying pandas/tools/tests/test_merge.py -> build/lib.linux-x86_64-3.7/pandas/tools/tests
  copying pandas/tools/tests/test_tile.py -> build/lib.linux-x86_64-3.7/pandas/tools/tests
  copying pandas/tools/tests/test_pivot.py -> build/lib.linux-x86_64-3.7/pandas/tools/tests
  creating build/lib.linux-x86_64-3.7/pandas/tseries
  copying pandas/tseries/holiday.py -> build/lib.linux-x86_64-3.7/pandas/tseries
  copying pandas/tseries/__init__.py -> build/lib.linux-x86_64-3.7/pandas/tseries
  copying pandas/tseries/plotting.py -> build/lib.linux-x86_64-3.7/pandas/tseries
  copying pandas/tseries/interval.py -> build/lib.linux-x86_64-3.7/pandas/tseries
  copying pandas/tseries/common.py -> build/lib.linux-x86_64-3.7/pandas/tseries
  copying pandas/tseries/tdi.py -> build/lib.linux-x86_64-3.7/pandas/tseries
  copying pandas/tseries/util.py -> build/lib.linux-x86_64-3.7/pandas/tseries
  copying pandas/tseries/base.py -> build/lib.linux-x86_64-3.7/pandas/tseries
  copying pandas/tseries/api.py -> build/lib.linux-x86_64-3.7/pandas/tseries
  copying pandas/tseries/resample.py -> build/lib.linux-x86_64-3.7/pandas/tseries
  copying pandas/tseries/index.py -> build/lib.linux-x86_64-3.7/pandas/tseries
  copying pandas/tseries/period.py -> build/lib.linux-x86_64-3.7/pandas/tseries
  copying pandas/tseries/tools.py -> build/lib.linux-x86_64-3.7/pandas/tseries
  copying pandas/tseries/converter.py -> build/lib.linux-x86_64-3.7/pandas/tseries
  copying pandas/tseries/offsets.py -> build/lib.linux-x86_64-3.7/pandas/tseries
  copying pandas/tseries/frequencies.py -> build/lib.linux-x86_64-3.7/pandas/tseries
  copying pandas/tseries/timedeltas.py -> build/lib.linux-x86_64-3.7/pandas/tseries
  creating build/lib.linux-x86_64-3.7/pandas/tseries/tests
  copying pandas/tseries/tests/test_frequencies.py -> build/lib.linux-x86_64-3.7/pandas/tseries/tests
  copying pandas/tseries/tests/__init__.py -> build/lib.linux-x86_64-3.7/pandas/tseries/tests
  copying pandas/tseries/tests/test_daterange.py -> build/lib.linux-x86_64-3.7/pandas/tseries/tests
  copying pandas/tseries/tests/test_tslib.py -> build/lib.linux-x86_64-3.7/pandas/tseries/tests
  copying pandas/tseries/tests/test_period.py -> build/lib.linux-x86_64-3.7/pandas/tseries/tests
  copying pandas/tseries/tests/test_converter.py -> build/lib.linux-x86_64-3.7/pandas/tseries/tests
  copying pandas/tseries/tests/test_util.py -> build/lib.linux-x86_64-3.7/pandas/tseries/tests
  copying pandas/tseries/tests/test_timeseries_legacy.py -> build/lib.linux-x86_64-3.7/pandas/tseries/tests
  copying pandas/tseries/tests/test_plotting.py -> build/lib.linux-x86_64-3.7/pandas/tseries/tests
  copying pandas/tseries/tests/test_timeseries.py -> build/lib.linux-x86_64-3.7/pandas/tseries/tests
  copying pandas/tseries/tests/test_timedeltas.py -> build/lib.linux-x86_64-3.7/pandas/tseries/tests
  copying pandas/tseries/tests/test_holiday.py -> build/lib.linux-x86_64-3.7/pandas/tseries/tests
  copying pandas/tseries/tests/test_timezones.py -> build/lib.linux-x86_64-3.7/pandas/tseries/tests
  copying pandas/tseries/tests/test_resample.py -> build/lib.linux-x86_64-3.7/pandas/tseries/tests
  copying pandas/tseries/tests/test_offsets.py -> build/lib.linux-x86_64-3.7/pandas/tseries/tests
  copying pandas/tseries/tests/test_base.py -> build/lib.linux-x86_64-3.7/pandas/tseries/tests
  creating build/lib.linux-x86_64-3.7/pandas/io/tests
  copying pandas/io/tests/test_sas.py -> build/lib.linux-x86_64-3.7/pandas/io/tests
  copying pandas/io/tests/test_packers.py -> build/lib.linux-x86_64-3.7/pandas/io/tests
  copying pandas/io/tests/__init__.py -> build/lib.linux-x86_64-3.7/pandas/io/tests
  copying pandas/io/tests/test_html.py -> build/lib.linux-x86_64-3.7/pandas/io/tests
  copying pandas/io/tests/test_wb.py -> build/lib.linux-x86_64-3.7/pandas/io/tests
  copying pandas/io/tests/test_parsers.py -> build/lib.linux-x86_64-3.7/pandas/io/tests
  copying pandas/io/tests/test_cparser.py -> build/lib.linux-x86_64-3.7/pandas/io/tests
  copying pandas/io/tests/test_clipboard.py -> build/lib.linux-x86_64-3.7/pandas/io/tests
  copying pandas/io/tests/test_excel.py -> build/lib.linux-x86_64-3.7/pandas/io/tests
  copying pandas/io/tests/test_ga.py -> build/lib.linux-x86_64-3.7/pandas/io/tests
  copying pandas/io/tests/test_date_converters.py -> build/lib.linux-x86_64-3.7/pandas/io/tests
  copying pandas/io/tests/test_stata.py -> build/lib.linux-x86_64-3.7/pandas/io/tests
  copying pandas/io/tests/generate_legacy_storage_files.py -> build/lib.linux-x86_64-3.7/pandas/io/tests
  copying pandas/io/tests/test_json_norm.py -> build/lib.linux-x86_64-3.7/pandas/io/tests
  copying pandas/io/tests/test_pickle.py -> build/lib.linux-x86_64-3.7/pandas/io/tests
  copying pandas/io/tests/test_gbq.py -> build/lib.linux-x86_64-3.7/pandas/io/tests
  copying pandas/io/tests/test_data.py -> build/lib.linux-x86_64-3.7/pandas/io/tests
  copying pandas/io/tests/test_pytables.py -> build/lib.linux-x86_64-3.7/pandas/io/tests
  copying pandas/io/tests/test_sql.py -> build/lib.linux-x86_64-3.7/pandas/io/tests
  copying pandas/io/tests/test_common.py -> build/lib.linux-x86_64-3.7/pandas/io/tests
  creating build/lib.linux-x86_64-3.7/pandas/io/tests/test_json
  copying pandas/io/tests/test_json/__init__.py -> build/lib.linux-x86_64-3.7/pandas/io/tests/test_json
  copying pandas/io/tests/test_json/test_ujson.py -> build/lib.linux-x86_64-3.7/pandas/io/tests/test_json
  copying pandas/io/tests/test_json/test_pandas.py -> build/lib.linux-x86_64-3.7/pandas/io/tests/test_json
  creating build/lib.linux-x86_64-3.7/pandas/stats/tests
  copying pandas/stats/tests/__init__.py -> build/lib.linux-x86_64-3.7/pandas/stats/tests
  copying pandas/stats/tests/common.py -> build/lib.linux-x86_64-3.7/pandas/stats/tests
  copying pandas/stats/tests/test_math.py -> build/lib.linux-x86_64-3.7/pandas/stats/tests
  copying pandas/stats/tests/test_moments.py -> build/lib.linux-x86_64-3.7/pandas/stats/tests
  copying pandas/stats/tests/test_fama_macbeth.py -> build/lib.linux-x86_64-3.7/pandas/stats/tests
  copying pandas/stats/tests/test_var.py -> build/lib.linux-x86_64-3.7/pandas/stats/tests
  copying pandas/stats/tests/test_ols.py -> build/lib.linux-x86_64-3.7/pandas/stats/tests
  creating build/lib.linux-x86_64-3.7/pandas/msgpack
  copying pandas/msgpack/__init__.py -> build/lib.linux-x86_64-3.7/pandas/msgpack
  copying pandas/msgpack/exceptions.py -> build/lib.linux-x86_64-3.7/pandas/msgpack
  copying pandas/msgpack/_version.py -> build/lib.linux-x86_64-3.7/pandas/msgpack
  creating build/lib.linux-x86_64-3.7/pandas/io/tests/data
  creating build/lib.linux-x86_64-3.7/pandas/io/tests/data/legacy_hdf
  copying pandas/io/tests/data/legacy_hdf/legacy_0.10.h5 -> build/lib.linux-x86_64-3.7/pandas/io/tests/data/legacy_hdf
  copying pandas/io/tests/data/legacy_hdf/pytables_native2.h5 -> build/lib.linux-x86_64-3.7/pandas/io/tests/data/legacy_hdf
  copying pandas/io/tests/data/legacy_hdf/datetimetz_object.h5 -> build/lib.linux-x86_64-3.7/pandas/io/tests/data/legacy_hdf
  copying pandas/io/tests/data/legacy_hdf/legacy_table.h5 -> build/lib.linux-x86_64-3.7/pandas/io/tests/data/legacy_hdf
  copying pandas/io/tests/data/legacy_hdf/pytables_native.h5 -> build/lib.linux-x86_64-3.7/pandas/io/tests/data/legacy_hdf
  copying pandas/io/tests/data/legacy_hdf/legacy.h5 -> build/lib.linux-x86_64-3.7/pandas/io/tests/data/legacy_hdf
  copying pandas/io/tests/data/legacy_hdf/legacy_table_0.11.h5 -> build/lib.linux-x86_64-3.7/pandas/io/tests/data/legacy_hdf
  creating build/lib.linux-x86_64-3.7/pandas/io/tests/data/legacy_pickle
  creating build/lib.linux-x86_64-3.7/pandas/io/tests/data/legacy_pickle/0.14.0
  copying pandas/io/tests/data/legacy_pickle/0.14.0/0.14.0_x86_64_linux_2.7.8.pickle -> build/lib.linux-x86_64-3.7/pandas/io/tests/data/legacy_pickle/0.14.0
  copying pandas/io/tests/data/legacy_pickle/0.14.0/0.14.0_x86_64_darwin_2.7.6.pickle -> build/lib.linux-x86_64-3.7/pandas/io/tests/data/legacy_pickle/0.14.0
  creating build/lib.linux-x86_64-3.7/pandas/io/tests/data/legacy_pickle/0.15.2
  copying pandas/io/tests/data/legacy_pickle/0.15.2/0.15.2_x86_64_darwin_2.7.9.pickle -> build/lib.linux-x86_64-3.7/pandas/io/tests/data/legacy_pickle/0.15.2
  creating build/lib.linux-x86_64-3.7/pandas/io/tests/data/legacy_pickle/0.15.0
  copying pandas/io/tests/data/legacy_pickle/0.15.0/0.15.0_x86_64_linux_2.7.8.pickle -> build/lib.linux-x86_64-3.7/pandas/io/tests/data/legacy_pickle/0.15.0
  creating build/lib.linux-x86_64-3.7/pandas/io/tests/data/legacy_pickle/0.12.0
  copying pandas/io/tests/data/legacy_pickle/0.12.0/0.12.0_x86_64_linux_2.7.3.pickle -> build/lib.linux-x86_64-3.7/pandas/io/tests/data/legacy_pickle/0.12.0
  copying pandas/io/tests/data/legacy_pickle/0.12.0/0.12.0_AMD64_windows_2.7.3.pickle -> build/lib.linux-x86_64-3.7/pandas/io/tests/data/legacy_pickle/0.12.0
  creating build/lib.linux-x86_64-3.7/pandas/io/tests/data/legacy_pickle/0.16.2
  copying pandas/io/tests/data/legacy_pickle/0.16.2/0.16.2_AMD64_windows_3.4.3.pickle -> build/lib.linux-x86_64-3.7/pandas/io/tests/data/legacy_pickle/0.16.2
  copying pandas/io/tests/data/legacy_pickle/0.16.2/0.16.2_x86_64_linux_2.7.10.pickle -> build/lib.linux-x86_64-3.7/pandas/io/tests/data/legacy_pickle/0.16.2
  copying pandas/io/tests/data/legacy_pickle/0.16.2/0.16.2_x86_64_darwin_2.7.9.pickle -> build/lib.linux-x86_64-3.7/pandas/io/tests/data/legacy_pickle/0.16.2
  copying pandas/io/tests/data/legacy_pickle/0.16.2/0.16.2_x86_64_linux_3.4.3.pickle -> build/lib.linux-x86_64-3.7/pandas/io/tests/data/legacy_pickle/0.16.2
  copying pandas/io/tests/data/legacy_pickle/0.16.2/0.16.2_x86_64_darwin_3.4.3.pickle -> build/lib.linux-x86_64-3.7/pandas/io/tests/data/legacy_pickle/0.16.2
  copying pandas/io/tests/data/legacy_pickle/0.16.2/0.16.2_x86_64_darwin_2.7.10.pickle -> build/lib.linux-x86_64-3.7/pandas/io/tests/data/legacy_pickle/0.16.2
  copying pandas/io/tests/data/legacy_pickle/0.16.2/0.16.2_AMD64_windows_2.7.10.pickle -> build/lib.linux-x86_64-3.7/pandas/io/tests/data/legacy_pickle/0.16.2
  creating build/lib.linux-x86_64-3.7/pandas/io/tests/data/legacy_pickle/0.14.1
  copying pandas/io/tests/data/legacy_pickle/0.14.1/0.14.1_x86_64_linux_2.7.8.pickle -> build/lib.linux-x86_64-3.7/pandas/io/tests/data/legacy_pickle/0.14.1
  creating build/lib.linux-x86_64-3.7/pandas/io/tests/data/legacy_pickle/0.10.1
  copying pandas/io/tests/data/legacy_pickle/0.10.1/AMD64_windows_2.7.3.pickle -> build/lib.linux-x86_64-3.7/pandas/io/tests/data/legacy_pickle/0.10.1
  copying pandas/io/tests/data/legacy_pickle/0.10.1/x86_64_linux_2.7.3.pickle -> build/lib.linux-x86_64-3.7/pandas/io/tests/data/legacy_pickle/0.10.1
  creating build/lib.linux-x86_64-3.7/pandas/io/tests/data/legacy_pickle/0.13.0
  copying pandas/io/tests/data/legacy_pickle/0.13.0/0.13.0_x86_64_darwin_2.7.6.pickle -> build/lib.linux-x86_64-3.7/pandas/io/tests/data/legacy_pickle/0.13.0
  copying pandas/io/tests/data/legacy_pickle/0.13.0/0.13.0_x86_64_linux_3.3.0.pickle -> build/lib.linux-x86_64-3.7/pandas/io/tests/data/legacy_pickle/0.13.0
  copying pandas/io/tests/data/legacy_pickle/0.13.0/0.13.0_x86_64_linux_2.7.8.pickle -> build/lib.linux-x86_64-3.7/pandas/io/tests/data/legacy_pickle/0.13.0
  copying pandas/io/tests/data/legacy_pickle/0.13.0/0.13.0_x86_64_linux_2.7.3.pickle -> build/lib.linux-x86_64-3.7/pandas/io/tests/data/legacy_pickle/0.13.0
  copying pandas/io/tests/data/legacy_pickle/0.13.0/0.13.0_i686_linux_2.6.5.pickle -> build/lib.linux-x86_64-3.7/pandas/io/tests/data/legacy_pickle/0.13.0
  copying pandas/io/tests/data/legacy_pickle/0.13.0/0.13.0_AMD64_windows_2.7.3.pickle -> build/lib.linux-x86_64-3.7/pandas/io/tests/data/legacy_pickle/0.13.0
  copying pandas/io/tests/data/legacy_pickle/0.13.0/0.13.0_x86_64_darwin_2.7.5.pickle -> build/lib.linux-x86_64-3.7/pandas/io/tests/data/legacy_pickle/0.13.0
  copying pandas/io/tests/data/legacy_pickle/0.13.0/0.13.0_i686_linux_3.2.3.pickle -> build/lib.linux-x86_64-3.7/pandas/io/tests/data/legacy_pickle/0.13.0
  copying pandas/io/tests/data/legacy_pickle/0.13.0/0.13.0_i686_linux_2.7.3.pickle -> build/lib.linux-x86_64-3.7/pandas/io/tests/data/legacy_pickle/0.13.0
  creating build/lib.linux-x86_64-3.7/pandas/io/tests/data/legacy_pickle/0.11.0
  copying pandas/io/tests/data/legacy_pickle/0.11.0/x86_64_linux_3.3.0.pickle -> build/lib.linux-x86_64-3.7/pandas/io/tests/data/legacy_pickle/0.11.0
  copying pandas/io/tests/data/legacy_pickle/0.11.0/x86_64_linux_2.7.3.pickle -> build/lib.linux-x86_64-3.7/pandas/io/tests/data/legacy_pickle/0.11.0
  copying pandas/io/tests/data/legacy_pickle/0.11.0/0.11.0_x86_64_linux_3.3.0.pickle -> build/lib.linux-x86_64-3.7/pandas/io/tests/data/legacy_pickle/0.11.0
  creating build/lib.linux-x86_64-3.7/pandas/io/tests/data/legacy_pickle/0.16.0
  copying pandas/io/tests/data/legacy_pickle/0.16.0/0.16.0_x86_64_darwin_2.7.9.pickle -> build/lib.linux-x86_64-3.7/pandas/io/tests/data/legacy_pickle/0.16.0
  creating build/lib.linux-x86_64-3.7/pandas/io/tests/data/legacy_msgpack
  creating build/lib.linux-x86_64-3.7/pandas/io/tests/data/legacy_msgpack/0.16.2
  copying pandas/io/tests/data/legacy_msgpack/0.16.2/0.16.2_x86_64_darwin_2.7.9.msgpack -> build/lib.linux-x86_64-3.7/pandas/io/tests/data/legacy_msgpack/0.16.2
  copying pandas/io/tests/data/legacy_msgpack/0.16.2/0.16.2_AMD64_windows_2.7.10.msgpack -> build/lib.linux-x86_64-3.7/pandas/io/tests/data/legacy_msgpack/0.16.2
  copying pandas/io/tests/data/legacy_msgpack/0.16.2/0.16.2_x86_64_linux_3.4.3.msgpack -> build/lib.linux-x86_64-3.7/pandas/io/tests/data/legacy_msgpack/0.16.2
  copying pandas/io/tests/data/legacy_msgpack/0.16.2/0.16.2_AMD64_windows_3.4.3.msgpack -> build/lib.linux-x86_64-3.7/pandas/io/tests/data/legacy_msgpack/0.16.2
  copying pandas/io/tests/data/legacy_msgpack/0.16.2/0.16.2_x86_64_darwin_2.7.10.msgpack -> build/lib.linux-x86_64-3.7/pandas/io/tests/data/legacy_msgpack/0.16.2
  copying pandas/io/tests/data/legacy_msgpack/0.16.2/0.16.2_x86_64_darwin_3.4.3.msgpack -> build/lib.linux-x86_64-3.7/pandas/io/tests/data/legacy_msgpack/0.16.2
  copying pandas/io/tests/data/legacy_msgpack/0.16.2/0.16.2_x86_64_linux_2.7.10.msgpack -> build/lib.linux-x86_64-3.7/pandas/io/tests/data/legacy_msgpack/0.16.2
  creating build/lib.linux-x86_64-3.7/pandas/io/tests/data/legacy_msgpack/0.16.0
  copying pandas/io/tests/data/legacy_msgpack/0.16.0/0.16.0_x86_64_darwin_2.7.9.msgpack -> build/lib.linux-x86_64-3.7/pandas/io/tests/data/legacy_msgpack/0.16.0
  copying pandas/io/tests/data/DRXFCD_G.csv -> build/lib.linux-x86_64-3.7/pandas/io/tests/data
  copying pandas/io/tests/data/test1.csv -> build/lib.linux-x86_64-3.7/pandas/io/tests/data
  copying pandas/io/tests/data/banklist.csv -> build/lib.linux-x86_64-3.7/pandas/io/tests/data
  copying pandas/io/tests/data/test1.csv.gz -> build/lib.linux-x86_64-3.7/pandas/io/tests/data
  copying pandas/io/tests/data/stata6.csv -> build/lib.linux-x86_64-3.7/pandas/io/tests/data
  copying pandas/io/tests/data/test1.csv.bz2 -> build/lib.linux-x86_64-3.7/pandas/io/tests/data
  copying pandas/io/tests/data/iris.csv -> build/lib.linux-x86_64-3.7/pandas/io/tests/data
  copying pandas/io/tests/data/test2.csv -> build/lib.linux-x86_64-3.7/pandas/io/tests/data
  copying pandas/io/tests/data/unicode_series.csv -> build/lib.linux-x86_64-3.7/pandas/io/tests/data
  copying pandas/io/tests/data/stata3.csv -> build/lib.linux-x86_64-3.7/pandas/io/tests/data
  copying pandas/io/tests/data/SSHSV1_A.csv -> build/lib.linux-x86_64-3.7/pandas/io/tests/data
  copying pandas/io/tests/data/tips.csv -> build/lib.linux-x86_64-3.7/pandas/io/tests/data
  copying pandas/io/tests/data/DEMO_G.csv -> build/lib.linux-x86_64-3.7/pandas/io/tests/data
  copying pandas/io/tests/data/stata5.csv -> build/lib.linux-x86_64-3.7/pandas/io/tests/data
  copying pandas/io/tests/data/DEMO_G.XPT -> build/lib.linux-x86_64-3.7/pandas/io/tests/data
  copying pandas/io/tests/data/SSHSV1_A.XPT -> build/lib.linux-x86_64-3.7/pandas/io/tests/data
  copying pandas/io/tests/data/DRXFCD_G.XPT -> build/lib.linux-x86_64-3.7/pandas/io/tests/data
  copying pandas/io/tests/data/stata4_117.dta -> build/lib.linux-x86_64-3.7/pandas/io/tests/data
  copying pandas/io/tests/data/stata3_117.dta -> build/lib.linux-x86_64-3.7/pandas/io/tests/data
  copying pandas/io/tests/data/stata4_115.dta -> build/lib.linux-x86_64-3.7/pandas/io/tests/data
  copying pandas/io/tests/data/stata5_113.dta -> build/lib.linux-x86_64-3.7/pandas/io/tests/data
  copying pandas/io/tests/data/stata8_115.dta -> build/lib.linux-x86_64-3.7/pandas/io/tests/data
  copying pandas/io/tests/data/stata5_117.dta -> build/lib.linux-x86_64-3.7/pandas/io/tests/data
  copying pandas/io/tests/data/stata3_114.dta -> build/lib.linux-x86_64-3.7/pandas/io/tests/data
  copying pandas/io/tests/data/stata7_117.dta -> build/lib.linux-x86_64-3.7/pandas/io/tests/data
  copying pandas/io/tests/data/stata8_113.dta -> build/lib.linux-x86_64-3.7/pandas/io/tests/data
  copying pandas/io/tests/data/stata1_encoding.dta -> build/lib.linux-x86_64-3.7/pandas/io/tests/data
  copying pandas/io/tests/data/stata6_113.dta -> build/lib.linux-x86_64-3.7/pandas/io/tests/data
  copying pandas/io/tests/data/stata6_114.dta -> build/lib.linux-x86_64-3.7/pandas/io/tests/data
  copying pandas/io/tests/data/stata1_114.dta -> build/lib.linux-x86_64-3.7/pandas/io/tests/data
  copying pandas/io/tests/data/stata6_117.dta -> build/lib.linux-x86_64-3.7/pandas/io/tests/data
  copying pandas/io/tests/data/stata6_115.dta -> build/lib.linux-x86_64-3.7/pandas/io/tests/data
  copying pandas/io/tests/data/stata3_115.dta -> build/lib.linux-x86_64-3.7/pandas/io/tests/data
  copying pandas/io/tests/data/stata9_117.dta -> build/lib.linux-x86_64-3.7/pandas/io/tests/data
  copying pandas/io/tests/data/stata2_114.dta -> build/lib.linux-x86_64-3.7/pandas/io/tests/data
  copying pandas/io/tests/data/stata10_115.dta -> build/lib.linux-x86_64-3.7/pandas/io/tests/data
  copying pandas[0m[91m/io/tests/data/stata2_117.dta -> build/lib.linux-x86_64-3.7/pandas/io/tests/data
  copying pandas/io/tests/data/stata11_115.dta -> build/lib.linux-x86_64-3.7/pandas/io/tests/data
  copying pandas/io/tests/data/stata12_117.dta -> build/lib.linux-x86_64-3.7/pandas/io/tests/data
  copying pandas/io/tests/data/stata14_118.dta -> build/lib.linux-x86_64-3.7/pandas/io/tests/data
  copying pandas/io/tests/data/stata1_117.dta -> build/lib.linux-x86_64-3.7/pandas/io/tests/data
  copying pandas/io/tests/data/stata2_115.dta -> build/lib.linux-x86_64-3.7/pandas/io/tests/data
  copying pandas/io/tests/data/stata9_115.dta -> build/lib.linux-x86_64-3.7/pandas/io/tests/data
  copying pandas/io/tests/data/stata5_115.dta -> build/lib.linux-x86_64-3.7/pandas/io/tests/data
  copying pandas/io/tests/data/stata5_114.dta -> build/lib.linux-x86_64-3.7/pandas/io/tests/data
  copying pandas/io/tests/data/stata4_113.dta -> build/lib.linux-x86_64-3.7/pandas/io/tests/data
  copying pandas/io/tests/data/stata2_113.dta -> build/lib.linux-x86_64-3.7/pandas/io/tests/data
  copying pandas/io/tests/data/stata11_117.dta -> build/lib.linux-x86_64-3.7/pandas/io/tests/data
  copying pandas/io/tests/data/stata10_117.dta -> build/lib.linux-x86_64-3.7/pandas/io/tests/data
  copying pandas/io/tests/data/stata4_114.dta -> build/lib.linux-x86_64-3.7/pandas/io/tests/data
  copying pandas/io/tests/data/stata8_117.dta -> build/lib.linux-x86_64-3.7/pandas/io/tests/data
  copying pandas/io/tests/data/stata7_115.dta -> build/lib.linux-x86_64-3.7/pandas/io/tests/data
  copying pandas/io/tests/data/stata3_113.dta -> build/lib.linux-x86_64-3.7/pandas/io/tests/data
  copying pandas/io/tests/data/gbq_fake_job.txt -> build/lib.linux-x86_64-3.7/pandas/io/tests/data
  copying pandas/io/tests/data/utf16_ex.txt -> build/lib.linux-x86_64-3.7/pandas/io/tests/data
  copying pandas/io/tests/data/times_1904.xls -> build/lib.linux-x86_64-3.7/pandas/io/tests/data
  copying pandas/io/tests/data/blank.xls -> build/lib.linux-x86_64-3.7/pandas/io/tests/data
  copying pandas/io/tests/data/times_1900.xls -> build/lib.linux-x86_64-3.7/pandas/io/tests/data
  copying pandas/io/tests/data/test_converters.xls -> build/lib.linux-x86_64-3.7/pandas/io/tests/data
  copying pandas/io/tests/data/test1.xls -> build/lib.linux-x86_64-3.7/pandas/io/tests/data
  copying pandas/io/tests/data/test3.xls -> build/lib.linux-x86_64-3.7/pandas/io/tests/data
  copying pandas/io/tests/data/test4.xls -> build/lib.linux-x86_64-3.7/pandas/io/tests/data
  copying pandas/io/tests/data/testmultiindex.xls -> build/lib.linux-x86_64-3.7/pandas/io/tests/data
  copying pandas/io/tests/data/test2.xls -> build/lib.linux-x86_64-3.7/pandas/io/tests/data
  copying pandas/io/tests/data/test_types.xls -> build/lib.linux-x86_64-3.7/pandas/io/tests/data
  copying pandas/io/tests/data/test_index_name_pre17.xls -> build/lib.linux-x86_64-3.7/pandas/io/tests/data
  copying pandas/io/tests/data/blank_with_header.xls -> build/lib.linux-x86_64-3.7/pandas/io/tests/data
  copying pandas/io/tests/data/test_multisheet.xls -> build/lib.linux-x86_64-3.7/pandas/io/tests/data
  copying pandas/io/tests/data/test3.xlsx -> build/lib.linux-x86_64-3.7/pandas/io/tests/data
  copying pandas/io/tests/data/blank.xlsx -> build/lib.linux-x86_64-3.7/pandas/io/tests/data
  copying pandas/io/tests/data/testmultiindex.xlsx -> build/lib.linux-x86_64-3.7/pandas/io/tests/data
  copying pandas/io/tests/data/test1.xlsx -> build/lib.linux-x86_64-3.7/pandas/io/tests/data
  copying pandas/io/tests/data/test_types.xlsx -> build/lib.linux-x86_64-3.7/pandas/io/tests/data
  copying pandas/io/tests/data/test_converters.xlsx -> build/lib.linux-x86_64-3.7/pandas/io/tests/data
  copying pandas/io/tests/data/test2.xlsx -> build/lib.linux-x86_64-3.7/pandas/io/tests/data
  copying pandas/io/tests/data/test_index_name_pre17.xlsx -> build/lib.linux-x86_64-3.7/pandas/io/tests/data
  copying pandas/io/tests/data/test_multisheet.xlsx -> build/lib.linux-x86_64-3.7/pandas/io/tests/data
  copying pandas/io/tests/data/blank_with_header.xlsx -> build/lib.linux-x86_64-3.7/pandas/io/tests/data
  copying pandas/io/tests/data/test4.xlsx -> build/lib.linux-x86_64-3.7/pandas/io/tests/data
  copying pandas/io/tests/data/times_1904.xlsx -> build/lib.linux-x86_64-3.7/pandas/io/tests/data
  copying pandas/io/tests/data/times_1900.xlsx -> build/lib.linux-x86_64-3.7/pandas/io/tests/data
  copying pandas/io/tests/data/test_types.xlsm -> build/lib.linux-x86_64-3.7/pandas/io/tests/data
  copying pandas/io/tests/data/test1.xlsm -> build/lib.linux-x86_64-3.7/pandas/io/tests/data
  copying pandas/io/tests/data/test_converters.xlsm -> build/lib.linux-x86_64-3.7/pandas/io/tests/data
  copying pandas/io/tests/data/test2.xlsm -> build/lib.linux-x86_64-3.7/pandas/io/tests/data
  copying pandas/io/tests/data/test3.xlsm -> build/lib.linux-x86_64-3.7/pandas/io/tests/data
  copying pandas/io/tests/data/test_index_name_pre17.xlsm -> build/lib.linux-x86_64-3.7/pandas/io/tests/data
  copying pandas/io/tests/data/times_1904.xlsm -> build/lib.linux-x86_64-3.7/pandas/io/tests/data
  copying pandas/io/tests/data/test4.xlsm -> build/lib.linux-x86_64-3.7/pandas/io/tests/data
  copying pandas/io/tests/data/testmultiindex.xlsm -> build/lib.linux-x86_64-3.7/pandas/io/tests/data
  copying pandas/io/tests/data/test_multisheet.xlsm -> build/lib.linux-x86_64-3.7/pandas/io/tests/data
  copying pandas/io/tests/data/times_1900.xlsm -> build/lib.linux-x86_64-3.7/pandas/io/tests/data
  copying pandas/io/tests/data/blank_with_header.xlsm -> build/lib.linux-x86_64-3.7/pandas/io/tests/data
  copying pandas/io/tests/data/blank.xlsm -> build/lib.linux-x86_64-3.7/pandas/io/tests/data
  copying pandas/io/tests/data/salary.table -> build/lib.linux-x86_64-3.7/pandas/io/tests/data
  copying pandas/io/tests/data/valid_markup.html -> build/lib.linux-x86_64-3.7/pandas/io/tests/data
  copying pandas/io/tests/data/yahoo_options1.html -> build/lib.linux-x86_64-3.7/pandas/io/tests/data
  copying pandas/io/tests/data/yahoo_options2.html -> build/lib.linux-x86_64-3.7/pandas/io/tests/data
  copying pandas/io/tests/data/yahoo_options3.html -> build/lib.linux-x86_64-3.7/pandas/io/tests/data
  copying pandas/io/tests/data/computer_sales_page.html -> build/lib.linux-x86_64-3.7/pandas/io/tests/data
  copying pandas/io/tests/data/nyse_wsj.html -> build/lib.linux-x86_64-3.7/pandas/io/tests/data
  copying pandas/io/tests/data/wikipedia_states.html -> build/lib.linux-x86_64-3.7/pandas/io/tests/data
  copying pandas/io/tests/data/banklist.html -> build/lib.linux-x86_64-3.7/pandas/io/tests/data
  copying pandas/io/tests/data/spam.html -> build/lib.linux-x86_64-3.7/pandas/io/tests/data
  copying pandas/io/tests/data/macau.html -> build/lib.linux-x86_64-3.7/pandas/io/tests/data
  creating build/lib.linux-x86_64-3.7/pandas/io/tests/data/html_encoding
  copying pandas/io/tests/data/html_encoding/letz_latin1.html -> build/lib.linux-x86_64-3.7/pandas/io/tests/data/html_encoding
  copying pandas/io/tests/data/html_encoding/chinese_utf-8.html -> build/lib.linux-x86_64-3.7/pandas/io/tests/data/html_encoding
  copying pandas/io/tests/data/html_encoding/chinese_utf-32.html -> build/lib.linux-x86_64-3.7/pandas/io/tests/data/html_encoding
  copying pandas/io/tests/data/html_encoding/chinese_utf-16.html -> build/lib.linux-x86_64-3.7/pandas/io/tests/data/html_encoding
  creating build/lib.linux-x86_64-3.7/pandas/io/tests/test_json/data
  copying pandas/io/tests/test_json/data/tsframe_iso_v012.json -> build/lib.linux-x86_64-3.7/pandas/io/tests/test_json/data
  copying pandas/io/tests/test_json/data/tsframe_v012.json -> build/lib.linux-x86_64-3.7/pandas/io/tests/test_json/data
  creating build/lib.linux-x86_64-3.7/pandas/tests/data
  copying pandas/tests/data/s1-0.12.0.pickle -> build/lib.linux-x86_64-3.7/pandas/tests/data
  copying pandas/tests/data/multiindex_v1.pickle -> build/lib.linux-x86_64-3.7/pandas/tests/data
  copying pandas/tests/data/categorical_0_15_2.pickle -> build/lib.linux-x86_64-3.7/pandas/tests/data
  copying pandas/tests/data/s2-0.12.0.pickle -> build/lib.linux-x86_64-3.7/pandas/tests/data
  copying pandas/tests/data/mindex_073.pickle -> build/lib.linux-x86_64-3.7/pandas/tests/data
  copying pandas/tests/data/categorical_0_14_1.pickle -> build/lib.linux-x86_64-3.7/pandas/tests/data
  copying pandas/tests/data/iris.csv -> build/lib.linux-x86_64-3.7/pandas/tests/data
  copying pandas/tests/data/unicode_series.csv -> build/lib.linux-x86_64-3.7/pandas/tests/data
  copying pandas/tests/data/tips.csv -> build/lib.linux-x86_64-3.7/pandas/tests/data
  copying pandas/tools/tests/cut_data.csv -> build/lib.linux-x86_64-3.7/pandas/tools/tests
  creating build/lib.linux-x86_64-3.7/pandas/tseries/tests/data
  copying pandas/tseries/tests/data/cday-0.14.1.pickle -> build/lib.linux-x86_64-3.7/pandas/tseries/tests/data
  copying pandas/tseries/tests/data/daterange_073.pickle -> build/lib.linux-x86_64-3.7/pandas/tseries/tests/data
  copying pandas/tseries/tests/data/frame.pickle -> build/lib.linux-x86_64-3.7/pandas/tseries/tests/data
  copying pandas/tseries/tests/data/series_daterange0.pickle -> build/lib.linux-x86_64-3.7/pandas/tseries/tests/data
  copying pandas/tseries/tests/data/series.pickle -> build/lib.linux-x86_64-3.7/pandas/tseries/tests/data
  copying pandas/tseries/tests/data/dateoffset_0_15_2.pickle -> build/lib.linux-x86_64-3.7/pandas/tseries/tests/data
  UPDATING build/lib.linux-x86_64-3.7/pandas/_version.py
  set build/lib.linux-x86_64-3.7/pandas/_version.py to '0.17.0'
  running build_ext
  building 'pandas.lib' extension
  creating build/temp.linux-x86_64-3.7
  creating build/temp.linux-x86_64-3.7/pandas
  gcc -pthread -B /srv/conda/envs/notebook/compiler_compat -Wl,--sysroot=/ -Wsign-compare -DNDEBUG -g -fwrapv -O3 -Wall -Wstrict-prototypes -fPIC -Ipandas/src/klib -Ipandas/src -I/tmp/pip-install-pulgm0su/pandas/.eggs/numpy-1.19.0-py3.7-linux-x86_64.egg/numpy/core/include -I/srv/conda/envs/notebook/include/python3.7m -c pandas/lib.c -o build/temp.linux-x86_64-3.7/pandas/lib.o
  In file included from /tmp/pip-install-pulgm0su/pandas/.eggs/numpy-1.19.0-py3.7-linux-x86_64.egg/numpy/core/include/numpy/ndarraytypes.h:1822:0,
                   from /tmp/pip-install-pulgm0su/pandas/.eggs/numpy-1.19.0-py3.7-linux-x86_64.egg/numpy/core/include/numpy/ndarrayobject.h:12,
                   from /tmp/pip-install-pulgm0su/pandas/.eggs/numpy-1.19.0-py3.7-linux-x86_64.egg/numpy/core/include/numpy/arrayobject.h:4,
                   from pandas/lib.c:242:
  /tmp/pip-install-pulgm0su/pandas/.eggs/numpy-1.19.0-py3.7-linux-x86_64.egg/numpy/core/include/numpy/npy_1_7_deprecated_api.h:17:2: warning: #warning "Using deprecated NumPy API, disable it with " "#define NPY_NO_DEPRECATED_API NPY_1_7_API_VERSION" [-Wcpp]
   #warning "Using deprecated NumPy API, disable it with " \
    ^~~~~~~
  In file included from pandas/lib.c:247:0:
  pandas/src/datetime_helper.h:7:0: warning: "PyInt_AS_LONG" redefined
   #define PyInt_AS_LONG PyLong_AsLong
  
  pandas/lib.c:141:0: note: this is the location of the previous definition
     #define PyInt_AS_LONG                PyLong_AS_LONG
  
  In file included from pandas/lib.c:249:0:
  pandas/src/numpy_helper.h: In function ‘transfer_object_column’:
  pandas/src/numpy_helper.h:148:19: warning: comparison between signed and unsigned integer expressions [-Wsign-compare]
       for (i = 0; i < length; ++i)
                     ^
  In file included from /srv/conda/envs/notebook/include/python3.7m/Python.h:120:0,
                   from pandas/lib.c:4:
  pandas/lib.c: In function ‘__pyx_f_6pandas_3lib_slice_get_indices_ex’:
  /srv/conda/envs/notebook/include/python3.7m/sliceobject.h:49:20: warning: passing argument 1 of ‘PySlice_Unpack’ from incompatible pointer type [-Wincompatible-pointer-types]
       PySlice_Unpack((slice), (start), (stop), (step)) < 0 ?                  \
                      ^
  pandas/lib.c:27984:15: note: in expansion of macro ‘PySlice_GetIndicesEx’
     __pyx_t_4 = PySlice_GetIndicesEx(((PySliceObject *)__pyx_v_slc), __pyx_v_objlen, (&__pyx_v_start), (&__pyx_v_stop), (&__pyx_v_step), (&__pyx_v_length)); if (unlikely(__pyx_t_4 == -1)) {__pyx_filename = __pyx_f[0]; __pyx_lineno = 1639; __pyx_clineno = __LINE__; goto __pyx_L1_error;}
                 ^~~~~~~~~~~~~~~~~~~~
  /srv/conda/envs/notebook/include/python3.7m/sliceobject.h:53:17: note: expected ‘PyObject * {aka struct _object *}’ but argument is of type ‘PySliceObject * {aka struct <anonymous> *}’
   PyAPI_FUNC(int) PySlice_Unpack(PyObject *slice,
                   ^~~~~~~~~~~~~~
  pandas/lib.c: In function ‘__pyx_f_6pandas_3lib_slice_len’:
  /srv/conda/envs/notebook/include/python3.7m/sliceobject.h:49:20: warning: passing argument 1 of ‘PySlice_Unpack’ from incompatible pointer type [-Wincompatible-pointer-types]
       PySlice_Unpack((slice), (start), (stop), (step)) < 0 ?                  \
                      ^
  pandas/lib.c:28216:15: note: in expansion of macro ‘PySlice_GetIndicesEx’
     __pyx_t_4 = PySlice_GetIndicesEx(((PySliceObject *)__pyx_v_slc), __pyx_v_objlen, (&__pyx_v_start), (&__pyx_v_stop), (&__pyx_v_step), (&__pyx_v_length)); if (unlikely(__pyx_t_4 == -1)) {__pyx_filename = __pyx_f[0]; __pyx_lineno = 1662; __pyx_clineno = __LINE__; goto __pyx_L1_error;}
                 ^~~~~~~~~~~~~~~~~~~~
  /srv/conda/envs/notebook/include/python3.7m/sliceobject.h:53:17: note: expected ‘PyObject * {aka struct _object *}’ but argument is of type ‘PySliceObject * {aka struct <anonymous> *}’
   PyAPI_FUNC(int) PySlice_Unpack(PyObject *slice,
                   ^~~~~~~~~~~~~~
  pandas/lib.c: In function ‘__Pyx_ExceptionSave’:
  pandas/lib.c:88551:21: error: ‘PyThreadState {aka struct _ts}’ has no member named ‘exc_type’; did you mean ‘curexc_type’?
       *type = tstate->exc_type;
                       ^~~~~~~~
                       curexc_type
  pandas/lib.c:88552:22: error: ‘PyThreadState {aka struct _ts}’ has no member named ‘exc_value’; did you mean ‘curexc_value’?
       *value = tstate->exc_value;
                        ^~~~~~~~~
                        curexc_value
  pandas/lib.c:88553:19: error: ‘PyThreadState {aka struct _ts}’ has no member named ‘exc_traceback’; did you mean ‘curexc_traceback’?
       *tb = tstate->exc_traceback;
                     ^~~~~~~~~~~~~
                     curexc_traceback
  pandas/lib.c: In function ‘__Pyx_ExceptionReset’:
  pandas/lib.c:88565:24: error: ‘PyThreadState {aka struct _ts}’ has no member named ‘exc_type’; did you mean ‘curexc_type’?
       tmp_type = tstate->exc_type;
                          ^~~~~~~~
                          curexc_type
  pandas/lib.c:88566:25: error: ‘PyThreadState {aka struct _ts}’ has no member named ‘exc_value’; did you mean ‘curexc_value’?
       tmp_value = tstate->exc_value;
                           ^~~~~~~~~
                           curexc_value
  pandas/lib.c:88567:22: error: ‘PyThreadState {aka struct _ts}’ has no member named ‘exc_traceback’; did you mean ‘curexc_traceback’?
       tmp_tb = tstate->exc_traceback;
                        ^~~~~~~~~~~~~
                        curexc_traceback
  pandas/lib.c:88568:13: error: ‘PyThreadState {aka struct _ts}’ has no member named ‘exc_type’; did you mean ‘curexc_type’?
       tstate->exc_type = type;
               ^~~~~~~~
               curexc_type
  pandas/lib.c:88569:13: error: ‘PyThreadState {aka struct _ts}’ has no member named ‘exc_value’; did you mean ‘curexc_value’?
       tstate->exc_value = value;
               ^~~~~~~~~
               curexc_value
  pandas/lib.c:88570:13: error: ‘PyThreadState {aka struct _ts}’ has no member named ‘exc_traceback’; did you mean ‘curexc_traceback’?
       tstate->exc_traceback = tb;
               ^~~~~~~~~~~~~
               curexc_traceback
  pandas/lib.c: In function ‘__Pyx_GetException’:
  pandas/lib.c:88859:24: error: ‘PyThreadState {aka struct _ts}’ has no member named ‘exc_type’; did you mean ‘curexc_type’?
       tmp_type = tstate->exc_type;
                          ^~~~~~~~
                          curexc_type
  pandas/lib.c:88860:25: error: ‘PyThreadState {aka struct _ts}’ has no member named ‘exc_value’; did you mean ‘curexc_value’?
       tmp_value = tstate->exc_value;
                           ^~~~~~~~~
                           curexc_value
  pandas/lib.c:88861:22: error: ‘PyThreadState {aka struct _ts}’ has no member named ‘exc_traceback’; did you mean ‘curexc_traceback’?
       tmp_tb = tstate->exc_traceback;
                        ^~~~~~~~~~~~~
                        curexc_traceback
  pandas/lib.c:88862:13: error: ‘PyThreadState {aka struct _ts}’ has no member named ‘exc_type’; did you mean ‘curexc_type’?
       tstate->exc_type = local_type;
               ^~~~~~~~
               curexc_type
  pandas/lib.c:88863:13: error: ‘PyThreadState {aka struct _ts}’ has no member named ‘exc_value’; did you mean ‘curexc_value’?
       tstate->exc_value = local_value;
               ^~~~~~~~~
               curexc_value
  pandas/lib.c:88864:13: error: ‘PyThreadState {aka struct _ts}’ has no member named ‘exc_traceback’; did you mean ‘curexc_traceback’?
       tstate->exc_traceback = local_tb;
               ^~~~~~~~~~~~~
               curexc_traceback
  pandas/lib.c: In function ‘__Pyx_ExceptionSwap’:
  pandas/lib.c:89688:24: error: ‘PyThreadState {aka struct _ts}’ has no member named ‘exc_type’; did you mean ‘curexc_type’?
       tmp_type = tstate->exc_type;
                          ^~~~~~~~
                          curexc_type
  pandas/lib.c:89689:25: error: ‘PyThreadState {aka struct _ts}’ has no member named ‘exc_value’; did you mean ‘curexc_value’?
       tmp_value = tstate->exc_value;
                           ^~~~~~~~~
                           curexc_value
  pandas/lib.c:89690:22: error: ‘PyThreadState {aka struct _ts}’ has no member named ‘exc_traceback’; did you mean ‘curexc_traceback’?
       tmp_tb = tstate->exc_traceback;
                        ^~~~~~~~~~~~~
                        curexc_traceback
  pandas/lib.c:89691:13: error: ‘PyThreadState {aka struct _ts}’ has no member named ‘exc_type’; did you mean ‘curexc_type’?
       tstate->exc_type = *type;
               ^~~~~~~~
               curexc_type
  pandas/lib.c:89692:13: error: ‘PyThreadState {aka struct _ts}’ has no member named ‘exc_value’; did you mean ‘curexc_value’?
       tstate->exc_value = *value;
               ^~~~~~~~~
               curexc_value
  pandas/lib.c:89693:13: error: ‘PyThreadState {aka struct _ts}’ has no member named ‘exc_traceback’; did you mean ‘curexc_traceback’?
       tstate->exc_traceback = *tb;
               ^~~~~~~~~~~~~
               curexc_traceback
  In file included from /tmp/pip-install-pulgm0su/pandas/.eggs/numpy-1.19.0-py3.7-linux-x86_64.egg/numpy/core/include/numpy/ndarrayobject.h:21:0,
                   from /tmp/pip-install-pulgm0su/pandas/.eggs/numpy-1.19.0-py3.7-linux-x86_64.egg/numpy/core/include/numpy/arrayobject.h:4,
                   from pandas/lib.c:242:
  pandas/lib.c: At top level:
  /tmp/pip-install-pulgm0su/pandas/.eggs/numpy-1.19.0-py3.7-linux-x86_64.egg/numpy/core/include/numpy/__multiarray_api.h:742:10: warning: ‘PyArray_API’ is static but used in inline function ‘unbox_if_zerodim’ which is not static
            PyArray_API[60])
            ^
  /tmp/pip-install-pulgm0su/pandas/.eggs/numpy-1.19.0-py3.7-linux-x86_64.egg/numpy/core/include/numpy/ndarrayobject.h:129:9: note: in expansion of macro ‘PyArray_Scalar’
           PyArray_Scalar(data, PyArray_DESCR(arr), (PyObject *)arr)
           ^~~~~~~~~~~~~~
  pandas/src/numpy_helper.h:176:15: note: in expansion of macro ‘PyArray_ToScalar’
           ret = PyArray_ToScalar(PyArray_DATA(arr), arr);
                 ^~~~~~~~~~~~~~~~
  In file included from /srv/conda/envs/notebook/include/python3.7m/pytime.h:6:0,
                   from /srv/conda/envs/notebook/include/python3.7m/Python.h:87,
                   from pandas/lib.c:4:
  /tmp/pip-install-pulgm0su/pandas/.eggs/numpy-1.19.0-py3.7-linux-x86_64.egg/numpy/core/include/numpy/__multiarray_api.h:642:40: warning: ‘PyArray_API’ is static but used in inline function ‘unbox_if_zerodim’ which is not static
   #define PyArray_Type (*(PyTypeObject *)PyArray_API[2])
                                          ^
  /srv/conda/envs/notebook/include/python3.7m/object.h:487:60: note: in definition of macro ‘PyObject_TypeCheck’
       (Py_TYPE(ob) == (tp) || PyType_IsSubtype(Py_TYPE(ob), (tp)))
                                                              ^~
  /tmp/pip-install-pulgm0su/pandas/.eggs/numpy-1.19.0-py3.7-linux-x86_64.egg/numpy/core/include/numpy/ndarrayobject.h:28:51: note: in expansion of macro ‘PyArray_Type’
   #define PyArray_Check(op) PyObject_TypeCheck(op, &PyArray_Type)
                                                     ^~~~~~~~~~~~
  /tmp/pip-install-pulgm0su/pandas/.eggs/numpy-1.19.0-py3.7-linux-x86_64.egg/numpy/core/include/numpy/ndarrayobject.h:40:32: note: in expansion of macro ‘PyArray_Check’
   #define PyArray_IsZeroDim(op) (PyArray_Check(op) && \
                                  ^~~~~~~~~~~~~
  pandas/src/numpy_helper.h:174:9: note: in expansion of macro ‘PyArray_IsZeroDim’
       if (PyArray_IsZeroDim(arr)) {
           ^~~~~~~~~~~~~~~~~
  /tmp/pip-install-pulgm0su/pandas/.eggs/numpy-1.19.0-py3.7-linux-x86_64.egg/numpy/core/include/numpy/__multiarray_api.h:642:40: warning: ‘PyArray_API’ is static but used in inline function ‘unbox_if_zerodim’ which is not static
   #define PyArray_Type (*(PyTypeObject *)PyArray_API[2])
                                          ^
  /srv/conda/envs/notebook/include/python3.7m/object.h:487:22: note: in definition of macro ‘PyObject_TypeCheck’
       (Py_TYPE(ob) == (tp) || PyType_IsSubtype(Py_TYPE(ob), (tp)))
                        ^~
  /tmp/pip-install-pulgm0su/pandas/.eggs/numpy-1.19.0-py3.7-linux-x86_64.egg/numpy/core/include/numpy/ndarrayobject.h:28:51: note: in expansion of macro ‘PyArray_Type’
   #define PyArray_Check(op) PyObject_TypeCheck(op, &PyArray_Type)
                                                     ^~~~~~~~~~~~
  /tmp/pip-install-pulgm0su/pandas/.eggs/numpy-1.19.0-py3.7-linux-x86_64.egg/numpy/core/include/numpy/ndarrayobject.h:40:32: note: in expansion of macro ‘PyArray_Check’
   #define PyArray_IsZeroDim(op) (PyArray_Check(op) && \
                                  ^~~~~~~~~~~~~
  pandas/src/numpy_helper.h:174:9: note: in expansion of macro ‘PyArray_IsZeroDim’
       if (PyArray_IsZeroDim(arr)) {
           ^~~~~~~~~~~~~~~~~
  In file included from /tmp/pip-install-pulgm0su/pandas/.eggs/numpy-1.19.0-py3.7-linux-x86_64.egg/numpy/core/include/numpy/ndarrayobject.h:21:0,
                   from /tmp/pip-install-pulgm0su/pandas/.eggs/numpy-1.19.0-py3.7-linux-x86_64.egg/numpy/core/include/numpy/arrayobject.h:4,
                   from pandas/lib.c:242:
  /tmp/pip-install-pulgm0su/pandas/.eggs/numpy-1.19.0-py3.7-linux-x86_64.egg/numpy/core/include/numpy/__multiarray_api.h:742:10: warning: ‘PyArray_API’ is static but used in inline function ‘get_value_1d’ which is not static
            PyArray_API[60])
            ^
  pandas/src/numpy_helper.h:91:10: note: in expansion of macro ‘PyArray_Scalar’
     return PyArray_Scalar(item, PyArray_DESCR(ap), (PyObject*) ap);
            ^~~~~~~~~~~~~~
  In file included from /srv/conda/envs/notebook/include/python3.7m/pytime.h:6:0,
                   from /srv/conda/envs/notebook/include/python3.7m/Python.h:87,
                   from pandas/lib.c:4:
  /tmp/pip-install-pulgm0su/pandas/.eggs/numpy-1.19.0-py3.7-linux-x86_64.egg/numpy/core/include/numpy/__multiarray_api.h:1204:51: warning: ‘PyArray_API’ is static but used in inline function ‘is_timedelta64_object’ which is not static
   #define PyTimedeltaArrType_Type (*(PyTypeObject *)PyArray_API[216])
                                                     ^
  /srv/conda/envs/notebook/include/python3.7m/object.h:487:60: note: in definition of macro ‘PyObject_TypeCheck’
       (Py_TYPE(ob) == (tp) || PyType_IsSubtype(Py_TYPE(ob), (tp)))
                                                              ^~
  /tmp/pip-install-pulgm0su/pandas/.eggs/numpy-1.19.0-py3.7-linux-x86_64.egg/numpy/core/include/numpy/ndarrayobject.h:44:35: note: in expansion of macro ‘PyTimedeltaArrType_Type’
           (PyObject_TypeCheck(obj, &Py##cls##ArrType_Type))
                                     ^~
  pandas/src/numpy_helper.h:78:10: note: in expansion of macro ‘PyArray_IsScalar’
     return PyArray_IsScalar(obj, Timedelta);
            ^~~~~~~~~~~~~~~~
  /tmp/pip-install-pulgm0su/pandas/.eggs/numpy-1.19.0-py3.7-linux-x86_64.egg/numpy/core/include/numpy/__multiarray_api.h:1204:51: warning: ‘PyArray_API’ is static but used in inline function ‘is_timedelta64_object’ which is not static
   #define PyTimedeltaArrType_Type (*(PyTypeObject *)PyArray_API[216])
                                                     ^
  /srv/conda/envs/notebook/include/python3.7m/object.h:487:22: note: in definition of macro ‘PyObject_TypeCheck’
       (Py_TYPE(ob) == (tp) || PyType_IsSubtype(Py_TYPE(ob), (tp)))
                        ^~
  /tmp/pip-install-pulgm0su/pandas/.eggs/numpy-1.19.0-py3.7-linux-x86_64.egg/numpy/core/include/numpy/ndarrayobject.h:44:35: note: in expansion of macro ‘PyTimedeltaArrType_Type’
           (PyObject_TypeCheck(obj, &Py##cls##ArrType_Type))
                                     ^~
  pandas/src/numpy_helper.h:78:10: note: in expansion of macro ‘PyArray_IsScalar’
     return PyArray_IsScalar(obj, Timedelta);
            ^~~~~~~~~~~~~~~~
  /tmp/pip-install-pulgm0su/pandas/.eggs/numpy-1.19.0-py3.7-linux-x86_64.egg/numpy/core/include/numpy/__multiarray_api.h:1203:50: warning: ‘PyArray_API’ is static but used in inline function ‘is_datetime64_object’ which is not static
   #define PyDatetimeArrType_Type (*(PyTypeObject *)PyArray_API[215])
                                                    ^
  /srv/conda/envs/notebook/include/python3.7m/object.h:487:60: note: in definition of macro ‘PyObject_TypeCheck’
       (Py_TYPE(ob) == (tp) || PyType_IsSubtype(Py_TYPE(ob), (tp)))
                                                              ^~
  /tmp/pip-install-pulgm0su/pandas/.eggs/numpy-1.19.0-py3.7-linux-x86_64.egg/numpy/core/include/numpy/ndarrayobject.h:44:35: note: in expansion of macro ‘PyDatetimeArrType_Type’
           (PyObject_TypeCheck(obj, &Py##cls##ArrType_Type))
                                     ^~
  pandas/src/numpy_helper.h:73:10: note: in expansion of macro ‘PyArray_IsScalar’
     return PyArray_IsScalar(obj, Datetime);
            ^~~~~~~~~~~~~~~~
  /tmp/pip-install-pulgm0su/pandas/.eggs/numpy-1.19.0-py3.7-linux-x86_64.egg/numpy/core/include/numpy/__multiarray_api.h:1203:50: warning: ‘PyArray_API’ is static but used in inline function ‘is_datetime64_object’ which is not static
   #define PyDatetimeArrType_Type (*(PyTypeObject *)PyArray_API[215])
                                                    ^
  /srv/conda/envs/notebook/include/python3.7m/object.h:487:22: note: in definition of macro ‘PyObject_TypeCheck’
       (Py_TYPE(ob) == (tp) || PyType_IsSubtype(Py_TYPE(ob), (tp)))
                        ^~
  /tmp/pip-install-pulgm0su/pandas/.eggs/numpy-1.19.0-py3.7-linux-x86_64.egg/numpy/core/include/numpy/ndarrayobject.h:44:35: note: in expansion of macro ‘PyDatetimeArrType_Type’
           (PyObject_TypeCheck(obj, &Py##cls##ArrType_Type))
                                     ^~
  pandas/src/numpy_helper.h:73:10: note: in expansion of macro ‘PyArray_IsScalar’
     return PyArray_IsScalar(obj, Datetime);
            ^~~~~~~~~~~~~~~~
  /tmp/pip-install-pulgm0su/pandas/.eggs/numpy-1.19.0-py3.7-linux-x86_64.egg/numpy/core/include/numpy/__multiarray_api.h:648:46: warning: ‘PyArray_API’ is static but used in inline function ‘is_bool_object’ which is not static
   #define PyBoolArrType_Type (*(PyTypeObject *)PyArray_API[8])
                                                ^
  /srv/conda/envs/notebook/include/python3.7m/object.h:487:60: note: in definition of macro ‘PyObject_TypeCheck’
       (Py_TYPE(ob) == (tp) || PyType_IsSubtype(Py_TYPE(ob), (tp)))
                                                              ^~
  /tmp/pip-install-pulgm0su/pandas/.eggs/numpy-1.19.0-py3.7-linux-x86_64.egg/numpy/core/include/numpy/ndarrayobject.h:44:35: note: in expansion of macro ‘PyBoolArrType_Type’
           (PyObject_TypeCheck(obj, &Py##cls##ArrType_Type))
                                     ^~
  pandas/src/numpy_helper.h:63:32: note: in expansion of macro ‘PyArray_IsScalar’
     return (PyBool_Check(obj) || PyArray_IsScalar(obj, Bool));
                                  ^~~~~~~~~~~~~~~~
  /tmp/pip-install-pulgm0su/pandas/.eggs/numpy-1.19.0-py3.7-linux-x86_64.egg/numpy/core/include/numpy/__multiarray_api.h:648:46: warning: ‘PyArray_API’ is static but used in inline function ‘is_bool_object’ which is not static
   #define PyBoolArrType_Type (*(PyTypeObject *)PyArray_API[8])
                                                ^
  /srv/conda/envs/notebook/include/python3.7m/object.h:487:22: note: in definition of macro ‘PyObject_TypeCheck’
       (Py_TYPE(ob) == (tp) || PyType_IsSubtype(Py_TYPE(ob), (tp)))
                        ^~
  /tmp/pip-install-pulgm0su/pandas/.eggs/numpy-1.19.0-py3.7-linux-x86_64.egg/numpy/core/include/numpy/ndarrayobject.h:44:35: note: in expansion of macro ‘PyBoolArrType_Type’
           (PyObject_TypeCheck(obj, &Py##cls##ArrType_Type))
                                     ^~
  pandas/src/numpy_helper.h:63:32: note: in expansion of macro ‘PyArray_IsScalar’
     return (PyBool_Check(obj) || PyArray_IsScalar(obj, Bool));
                                  ^~~~~~~~~~~~~~~~
  /tmp/pip-install-pulgm0su/pandas/.eggs/numpy-1.19.0-py3.7-linux-x86_64.egg/numpy/core/include/numpy/__multiarray_api.h:657:57: warning: ‘PyArray_API’ is static but used in inline function ‘is_complex_object’ which is not static
   #define PyComplexFloatingArrType_Type (*(PyTypeObject *)PyArray_API[17])
                                                           ^
  /srv/conda/envs/notebook/include/python3.7m/object.h:487:60: note: in definition of macro ‘PyObject_TypeCheck’
       (Py_TYPE(ob) == (tp) || PyType_IsSubtype(Py_TYPE(ob), (tp)))
                                                              ^~
  /tmp/pip-install-pulgm0su/pandas/.eggs/numpy-1.19.0-py3.7-linux-x86_64.egg/numpy/core/include/numpy/ndarrayobject.h:44:35: note: in expansion of macro ‘PyComplexFloatingArrType_Type’
           (PyObject_TypeCheck(obj, &Py##cls##ArrType_Type))
                                     ^~
  pandas/src/numpy_helper.h:58:35: note: in expansion of macro ‘PyArray_IsScalar’
     return (PyComplex_Check(obj) || PyArray_IsScalar(obj, ComplexFloating));
                                     ^~~~~~~~~~~~~~~~
  /tmp/pip-install-pulgm0su/pandas/.eggs/numpy-1.19.0-py3.7-linux-x86_64.egg/numpy/core/include/numpy/__multiarray_api.h:657:57: warning: ‘PyArray_API’ is static but used in inline function ‘is_complex_object’ which is not static
   #define PyComplexFloatingArrType_Type (*(PyTypeObject *)PyArray_API[17])
                                                           ^
  /srv/conda/envs/notebook/include/python3.7m/object.h:487:22: note: in definition of macro ‘PyObject_TypeCheck’
       (Py_TYPE(ob) == (tp) || PyType_IsSubtype(Py_TYPE(ob), (tp)))
                        ^~
  /tmp/pip-install-pulgm0su/pandas/.eggs/numpy-1.19.0-py3.7-linux-x86_64.egg/numpy/core/include/numpy/ndarrayobject.h:44:35: note: in expansion of macro ‘PyComplexFloatingArrType_Type’
           (PyObject_TypeCheck(obj, &Py##cls##ArrType_Type))
                                     ^~
  pandas/src/numpy_helper.h:58:35: note: in expansion of macro ‘PyArray_IsScalar’
     return (PyComplex_Check(obj) || PyArray_IsScalar(obj, ComplexFloating));
                                     ^~~~~~~~~~~~~~~~
  /tmp/pip-install-pulgm0su/pandas/.eggs/numpy-1.19.0-py3.7-linux-x86_64.egg/numpy/core/include/numpy/__multiarray_api.h:656:50: warning: ‘PyArray_API’ is static but used in inline function ‘is_float_object’ which is not static
   #define PyFloatingArrType_Type (*(PyTypeObject *)PyArray_API[16])
                                                    ^
  /srv/conda/envs/notebook/include/py[0m[91mthon3.7m/object.h:487:60: note: in definition of macro ‘PyObject_TypeCheck’
       (Py_TYPE(ob) == (tp) || PyType_IsSubtype(Py_TYPE(ob), (tp)))
                                                              ^~
  /tmp/pip-install-pulgm0su/pandas/.eggs/numpy-1.19.0-py3.7-linux-x86_64.egg/numpy/core/include/numpy/ndarrayobject.h:44:35: note: in expansion of macro ‘PyFloatingArrType_Type’
           (PyObject_TypeCheck(obj, &Py##cls##ArrType_Type))
                                     ^~
  pandas/src/numpy_helper.h:54:33: note: in expansion of macro ‘PyArray_IsScalar’
     return (PyFloat_Check(obj) || PyArray_IsScalar(obj, Floating));
                                   ^~~~~~~~~~~~~~~~
  /tmp/pip-install-pulgm0su/pandas/.eggs/numpy-1.19.0-py3.7-linux-x86_64.egg/numpy/core/include/numpy/__multiarray_api.h:656:50: warning: ‘PyArray_API’ is static but used in inline function ‘is_float_object’ which is not static
   #define PyFloatingArrType_Type (*(PyTypeObject *)PyArray_API[16])
                                                    ^
  /srv/conda/envs/notebook/include/python3.7m/object.h:487:22: note: in definition of macro ‘PyObject_TypeCheck’
       (Py_TYPE(ob) == (tp) || PyType_IsSubtype(Py_TYPE(ob), (tp)))
                        ^~
  /tmp/pip-install-pulgm0su/pandas/.eggs/numpy-1.19.0-py3.7-linux-x86_64.egg/numpy/core/include/numpy/ndarrayobject.h:44:35: note: in expansion of macro ‘PyFloatingArrType_Type’
           (PyObject_TypeCheck(obj, &Py##cls##ArrType_Type))
                                     ^~
  pandas/src/numpy_helper.h:54:33: note: in expansion of macro ‘PyArray_IsScalar’
     return (PyFloat_Check(obj) || PyArray_IsScalar(obj, Floating));
                                   ^~~~~~~~~~~~~~~~
  /tmp/pip-install-pulgm0su/pandas/.eggs/numpy-1.19.0-py3.7-linux-x86_64.egg/numpy/core/include/numpy/__multiarray_api.h:652:49: warning: ‘PyArray_API’ is static but used in inline function ‘is_integer_object’ which is not static
   #define PyIntegerArrType_Type (*(PyTypeObject *)PyArray_API[12])
                                                   ^
  /srv/conda/envs/notebook/include/python3.7m/object.h:487:60: note: in definition of macro ‘PyObject_TypeCheck’
       (Py_TYPE(ob) == (tp) || PyType_IsSubtype(Py_TYPE(ob), (tp)))
                                                              ^~
  /tmp/pip-install-pulgm0su/pandas/.eggs/numpy-1.19.0-py3.7-linux-x86_64.egg/numpy/core/include/numpy/ndarrayobject.h:44:35: note: in expansion of macro ‘PyIntegerArrType_Type’
           (PyObject_TypeCheck(obj, &Py##cls##ArrType_Type))
                                     ^~
  /tmp/pip-install-pulgm0su/pandas/.eggs/numpy-1.19.0-py3.7-linux-x86_64.egg/numpy/core/include/numpy/ndarrayobject.h:52:18: note: in expansion of macro ‘PyArray_IsScalar’
                 || PyArray_IsScalar((obj), Integer))
                    ^~~~~~~~~~~~~~~~
  pandas/src/numpy_helper.h:48:34: note: in expansion of macro ‘PyArray_IsIntegerScalar’
     return (!PyBool_Check(obj)) && PyArray_IsIntegerScalar(obj);
                                    ^~~~~~~~~~~~~~~~~~~~~~~
  /tmp/pip-install-pulgm0su/pandas/.eggs/numpy-1.19.0-py3.7-linux-x86_64.egg/numpy/core/include/numpy/__multiarray_api.h:652:49: warning: ‘PyArray_API’ is static but used in inline function ‘is_integer_object’ which is not static
   #define PyIntegerArrType_Type (*(PyTypeObject *)PyArray_API[12])
                                                   ^
  /srv/conda/envs/notebook/include/python3.7m/object.h:487:22: note: in definition of macro ‘PyObject_TypeCheck’
       (Py_TYPE(ob) == (tp) || PyType_IsSubtype(Py_TYPE(ob), (tp)))
                        ^~
  /tmp/pip-install-pulgm0su/pandas/.eggs/numpy-1.19.0-py3.7-linux-x86_64.egg/numpy/core/include/numpy/ndarrayobject.h:44:35: note: in expansion of macro ‘PyIntegerArrType_Type’
           (PyObject_TypeCheck(obj, &Py##cls##ArrType_Type))
                                     ^~
  /tmp/pip-install-pulgm0su/pandas/.eggs/numpy-1.19.0-py3.7-linux-x86_64.egg/numpy/core/include/numpy/ndarrayobject.h:52:18: note: in expansion of macro ‘PyArray_IsScalar’
                 || PyArray_IsScalar((obj), Integer))
                    ^~~~~~~~~~~~~~~~
  pandas/src/numpy_helper.h:48:34: note: in expansion of macro ‘PyArray_IsIntegerScalar’
     return (!PyBool_Check(obj)) && PyArray_IsIntegerScalar(obj);
                                    ^~~~~~~~~~~~~~~~~~~~~~~
  /tmp/pip-install-pulgm0su/pandas/.eggs/numpy-1.19.0-py3.7-linux-x86_64.egg/numpy/core/include/numpy/__multiarray_api.h:656:50: warning: ‘PyArray_API’ is static but used in inline function ‘infer_type’ which is not static
   #define PyFloatingArrType_Type (*(PyTypeObject *)PyArray_API[16])
                                                    ^
  /srv/conda/envs/notebook/include/python3.7m/object.h:487:60: note: in definition of macro ‘PyObject_TypeCheck’
       (Py_TYPE(ob) == (tp) || PyType_IsSubtype(Py_TYPE(ob), (tp)))
                                                              ^~
  /tmp/pip-install-pulgm0su/pandas/.eggs/numpy-1.19.0-py3.7-linux-x86_64.egg/numpy/core/include/numpy/ndarrayobject.h:44:35: note: in expansion of macro ‘PyFloatingArrType_Type’
           (PyObject_TypeCheck(obj, &Py##cls##ArrType_Type))
                                     ^~
  pandas/src/numpy_helper.h:24:34: note: in expansion of macro ‘PyArray_IsScalar’
     else if (PyFloat_Check(obj) || PyArray_IsScalar(obj, Floating)) {
                                    ^~~~~~~~~~~~~~~~
  /tmp/pip-install-pulgm0su/pandas/.eggs/numpy-1.19.0-py3.7-linux-x86_64.egg/numpy/core/include/numpy/__multiarray_api.h:656:50: warning: ‘PyArray_API’ is static but used in inline function ‘infer_type’ which is not static
   #define PyFloatingArrType_Type (*(PyTypeObject *)PyArray_API[16])
                                                    ^
  /srv/conda/envs/notebook/include/python3.7m/object.h:487:22: note: in definition of macro ‘PyObject_TypeCheck’
       (Py_TYPE(ob) == (tp) || PyType_IsSubtype(Py_TYPE(ob), (tp)))
                        ^~
  /tmp/pip-install-pulgm0su/pandas/.eggs/numpy-1.19.0-py3.7-linux-x86_64.egg/numpy/core/include/numpy/ndarrayobject.h:44:35: note: in expansion of macro ‘PyFloatingArrType_Type’
           (PyObject_TypeCheck(obj, &Py##cls##ArrType_Type))
                                     ^~
  pandas/src/numpy_helper.h:24:34: note: in expansion of macro ‘PyArray_IsScalar’
     else if (PyFloat_Check(obj) || PyArray_IsScalar(obj, Floating)) {
                                    ^~~~~~~~~~~~~~~~
  /tmp/pip-install-pulgm0su/pandas/.eggs/numpy-1.19.0-py3.7-linux-x86_64.egg/numpy/core/include/numpy/__multiarray_api.h:1203:50: warning: ‘PyArray_API’ is static but used in inline function ‘infer_type’ which is not static
   #define PyDatetimeArrType_Type (*(PyTypeObject *)PyArray_API[215])
                                                    ^
  /srv/conda/envs/notebook/include/python3.7m/object.h:487:60: note: in definition of macro ‘PyObject_TypeCheck’
       (Py_TYPE(ob) == (tp) || PyType_IsSubtype(Py_TYPE(ob), (tp)))
                                                              ^~
  /tmp/pip-install-pulgm0su/pandas/.eggs/numpy-1.19.0-py3.7-linux-x86_64.egg/numpy/core/include/numpy/ndarrayobject.h:44:35: note: in expansion of macro ‘PyDatetimeArrType_Type’
           (PyObject_TypeCheck(obj, &Py##cls##ArrType_Type))
                                     ^~
  pandas/src/numpy_helper.h:21:12: note: in expansion of macro ‘PyArray_IsScalar’
     else if (PyArray_IsScalar(obj, Datetime)) {
              ^~~~~~~~~~~~~~~~
  /tmp/pip-install-pulgm0su/pandas/.eggs/numpy-1.19.0-py3.7-linux-x86_64.egg/numpy/core/include/numpy/__multiarray_api.h:1203:50: warning: ‘PyArray_API’ is static but used in inline function ‘infer_type’ which is not static
   #define PyDatetimeArrType_Type (*(PyTypeObject *)PyArray_API[215])
                                                    ^
  /srv/conda/envs/notebook/include/python3.7m/object.h:487:22: note: in definition of macro ‘PyObject_TypeCheck’
       (Py_TYPE(ob) == (tp) || PyType_IsSubtype(Py_TYPE(ob), (tp)))
                        ^~
  /tmp/pip-install-pulgm0su/pandas/.eggs/numpy-1.19.0-py3.7-linux-x86_64.egg/numpy/core/include/numpy/ndarrayobject.h:44:35: note: in expansion of macro ‘PyDatetimeArrType_Type’
           (PyObject_TypeCheck(obj, &Py##cls##ArrType_Type))
                                     ^~
  pandas/src/numpy_helper.h:21:12: note: in expansion of macro ‘PyArray_IsScalar’
     else if (PyArray_IsScalar(obj, Datetime)) {
              ^~~~~~~~~~~~~~~~
  /tmp/pip-install-pulgm0su/pandas/.eggs/numpy-1.19.0-py3.7-linux-x86_64.egg/numpy/core/include/numpy/__multiarray_api.h:652:49: warning: ‘PyArray_API’ is static but used in inline function ‘infer_type’ which is not static
   #define PyIntegerArrType_Type (*(PyTypeObject *)PyArray_API[12])
                                                   ^
  /srv/conda/envs/notebook/include/python3.7m/object.h:487:60: note: in definition of macro ‘PyObject_TypeCheck’
       (Py_TYPE(ob) == (tp) || PyType_IsSubtype(Py_TYPE(ob), (tp)))
                                                              ^~
  /tmp/pip-install-pulgm0su/pandas/.eggs/numpy-1.19.0-py3.7-linux-x86_64.egg/numpy/core/include/numpy/ndarrayobject.h:44:35: note: in expansion of macro ‘PyIntegerArrType_Type’
           (PyObject_TypeCheck(obj, &Py##cls##ArrType_Type))
                                     ^~
  /tmp/pip-install-pulgm0su/pandas/.eggs/numpy-1.19.0-py3.7-linux-x86_64.egg/numpy/core/include/numpy/ndarrayobject.h:52:18: note: in expansion of macro ‘PyArray_IsScalar’
                 || PyArray_IsScalar((obj), Integer))
                    ^~~~~~~~~~~~~~~~
  pandas/src/numpy_helper.h:18:12: note: in expansion of macro ‘PyArray_IsIntegerScalar’
     else if (PyArray_IsIntegerScalar(obj)) {
              ^~~~~~~~~~~~~~~~~~~~~~~
  /tmp/pip-install-pulgm0su/pandas/.eggs/numpy-1.19.0-py3.7-linux-x86_64.egg/numpy/core/include/numpy/__multiarray_api.h:652:49: warning: ‘PyArray_API’ is static but used in inline function ‘infer_type’ which is not static
   #define PyIntegerArrType_Type (*(PyTypeObject *)PyArray_API[12])
                                                   ^
  /srv/conda/envs/notebook/include/python3.7m/object.h:487:22: note: in definition of macro ‘PyObject_TypeCheck’
       (Py_TYPE(ob) == (tp) || PyType_IsSubtype(Py_TYPE(ob), (tp)))
                        ^~
  /tmp/pip-install-pulgm0su/pandas/.eggs/numpy-1.19.0-py3.7-linux-x86_64.egg/numpy/core/include/numpy/ndarrayobject.h:44:35: note: in expansion of macro ‘PyIntegerArrType_Type’
           (PyObject_TypeCheck(obj, &Py##cls##ArrType_Type))
                                     ^~
  /tmp/pip-install-pulgm0su/pandas/.eggs/numpy-1.19.0-py3.7-linux-x86_64.egg/numpy/core/include/numpy/ndarrayobject.h:52:18: note: in expansion of macro ‘PyArray_IsScalar’
                 || PyArray_IsScalar((obj), Integer))
                    ^~~~~~~~~~~~~~~~
  pandas/src/numpy_helper.h:18:12: note: in expansion of macro ‘PyArray_IsIntegerScalar’
     else if (PyArray_IsIntegerScalar(obj)) {
              ^~~~~~~~~~~~~~~~~~~~~~~
  error: command 'gcc' failed with exit status 1
  ----------------------------------------
  ERROR: Failed building wheel for pandas
[0m  Running setup.py clean for pandas
  Building wheel for dill (setup.py): started
  Building wheel for dill (setup.py): finished with status 'done'
  Created wheel for dill: filename=dill-0.2.1-py3-none-any.whl size=42623 sha256=342eb85199b85b24ba2d70071986f29fc4aa43fe3261ecd838965a1afd554196
  Stored in directory: /tmp/pip-ephem-wheel-cache-j5_0oxvj/wheels/1f/a6/eb/a3f222a88d8aba6ca192cf5c0e401892a7533b254504135897
Successfully built Flask dill
Failed to build pandas
Installing collected packages: Werkzeug, itsdangerous, Flask, click, ratelim, geocoder, pytz, numpy, pandas, gunicorn, dill
    Running setup.py install for pandas: started
    Running setup.py install for pandas: finished with status 'error'
[91m    ERROR: Command errored out with exit status 1:
     command: /srv/conda/envs/notebook/bin/python -u -c 'import sys, setuptools, tokenize; sys.argv[0] = '"'"'/tmp/pip-install-pulgm0su/pandas/setup.py'"'"'; __file__='"'"'/tmp/pip-install-pulgm0su/pandas/setup.py'"'"';f=getattr(tokenize, '"'"'open'"'"', open)(__file__);code=f.read().replace('"'"'\r\n'"'"', '"'"'\n'"'"');f.close();exec(compile(code, __file__, '"'"'exec'"'"'))' install --record /tmp/pip-record-9ivkogod/install-record.txt --single-version-externally-managed --compile --install-headers /srv/conda/envs/notebook/include/python3.7m/pandas
         cwd: /tmp/pip-install-pulgm0su/pandas/
    Complete output (491 lines):
    running install
    running build
    running build_py
    creating build
    creating build/lib.linux-x86_64-3.7
    creating build/lib.linux-x86_64-3.7/pandas
    copying pandas/info.py -> build/lib.linux-x86_64-3.7/pandas
    copying pandas/__init__.py -> build/lib.linux-x86_64-3.7/pandas
    copying pandas/_version.py -> build/lib.linux-x86_64-3.7/pandas
    creating build/lib.linux-x86_64-3.7/pandas/compat
    copying pandas/compat/__init__.py -> build/lib.linux-x86_64-3.7/pandas/compat
    copying pandas/compat/pickle_compat.py -> build/lib.linux-x86_64-3.7/pandas/compat
    copying pandas/compat/chainmap_impl.py -> build/lib.linux-x86_64-3.7/pandas/compat
    copying pandas/compat/chainmap.py -> build/lib.linux-x86_64-3.7/pandas/compat
    copying pandas/compat/openpyxl_compat.py -> build/lib.linux-x86_64-3.7/pandas/compat
    creating build/lib.linux-x86_64-3.7/pandas/computation
    copying pandas/computation/ops.py -> build/lib.linux-x86_64-3.7/pandas/computation
    copying pandas/computation/__init__.py -> build/lib.linux-x86_64-3.7/pandas/computation
    copying pandas/computation/expr.py -> build/lib.linux-x86_64-3.7/pandas/computation
    copying pandas/computation/align.py -> build/lib.linux-x86_64-3.7/pandas/computation
    copying pandas/computation/common.py -> build/lib.linux-x86_64-3.7/pandas/computation
    copying pandas/computation/api.py -> build/lib.linux-x86_64-3.7/pandas/computation
    copying pandas/computation/scope.py -> build/lib.linux-x86_64-3.7/pandas/computation
    copying pandas/computation/expressions.py -> build/lib.linux-x86_64-3.7/pandas/computation
    copying pandas/computation/pytables.py -> build/lib.linux-x86_64-3.7/pandas/computation
    copying pandas/computation/engines.py -> build/lib.linux-x86_64-3.7/pandas/computation
    copying pandas/computation/eval.py -> build/lib.linux-x86_64-3.7/pandas/computation
    creating build/lib.linux-x86_64-3.7/pandas/computation/tests
    copying pandas/computation/tests/__init__.py -> build/lib.linux-x86_64-3.7/pandas/computation/tests
    copying pandas/computation/tests/test_eval.py -> build/lib.linux-x86_64-3.7/pandas/computation/tests
    creating build/lib.linux-x86_64-3.7/pandas/core
    copying pandas/core/ops.py -> build/lib.linux-x86_64-3.7/pandas/core
    copying pandas/core/__init__.py -> build/lib.linux-x86_64-3.7/pandas/core
    copying pandas/core/nanops.py -> build/lib.linux-x86_64-3.7/pandas/core
    copying pandas/core/algorithms.py -> build/lib.linux-x86_64-3.7/pandas/core
    copying pandas/core/common.py -> build/lib.linux-x86_64-3.7/pandas/core
    copying pandas/core/panel4d.py -> build/lib.linux-x86_64-3.7/pandas/core
    copying pandas/core/panelnd.py -> build/lib.linux-x86_64-3.7/pandas/core
    copying pandas/core/frame.py -> build/lib.linux-x86_64-3.7/pandas/core
    copying pandas/core/base.py -> build/lib.linux-x86_64-3.7/pandas/core
    copying pandas/core/api.py -> build/lib.linux-x86_64-3.7/pandas/core
    copying pandas/core/datetools.py -> build/lib.linux-x86_64-3.7/pandas/core
    copying pandas/core/config_init.py -> build/lib.linux-x86_64-3.7/pandas/core
    copying pandas/core/internals.py -> build/lib.linux-x86_64-3.7/pandas/core
    copying pandas/core/convert.py -> build/lib.linux-x86_64-3.7/pandas/core
    copying pandas/core/format.py -> build/lib.linux-x86_64-3.7/pandas/core
    copying pandas/core/sparse.py -> build/lib.linux-x86_64-3.7/pandas/core
    copying pandas/core/index.py -> build/lib.linux-x86_64-3.7/pandas/core
    copying pandas/core/categorical.py -> build/lib.linux-x86_64-3.7/pandas/core
    copying pandas/core/reshape.py -> build/lib.linux-x86_64-3.7/pandas/core
    copying pandas/core/indexing.py -> build/lib.linux-x86_64-3.7/pandas/core
    copying pandas/core/config.py -> build/lib.linux-x86_64-3.7/pandas/core
    copying pandas/core/panel.py -> build/lib.linux-x86_64-3.7/pandas/core
    copying pandas/core/groupby.py -> build/lib.linux-x86_64-3.7/pandas/core
    copying pandas/core/series.py -> build/lib.linux-x86_64-3.7/pandas/core
    copying pandas/core/generic.py -> build/lib.linux-x86_64-3.7/pandas/core
    copying pandas/core/dtypes.py -> build/lib.linux-x86_64-3.7/pandas/core
    copying pandas/core/strings.py -> build/lib.linux-x86_64-3.7/pandas/core
    copying pandas/core/matrix.py -> build/lib.linux-x86_64-3.7/pandas/core
    creating build/lib.linux-x86_64-3.7/pandas/io
    copying pandas/io/data.py -> build/lib.linux-x86_64-3.7/pandas/io
    copying pandas/io/__init__.py -> build/lib.linux-x86_64-3.7/pandas/io
    copying pandas/io/auth.py -> build/lib.linux-x86_64-3.7/pandas/io
    copying pandas/io/clipboard.py -> build/lib.linux-x86_64-3.7/pandas/io
    copying pandas/io/parsers.py -> build/lib.linux-x86_64-3.7/pandas/io
    copying pandas/io/pickle.py -> build/lib.linux-x86_64-3.7/pandas/io
    copying pandas/io/html.py -> build/lib.linux-x86_64-3.7/pandas/io
    copying pandas/io/common.py -> build/lib.linux-x86_64-3.7/pandas/io
    copying pandas/io/sas.py -> build/lib.linux-x86_64-3.7/pandas/io
    copying pandas/io/api.py -> build/lib.linux-x86_64-3.7/pandas/io
    copying pandas/io/excel.py -> build/lib.linux-x86_64-3.7/pandas/io
    copying pandas/io/stata.py -> build/lib.linux-x86_64-3.7/pandas/io
    copying pandas/io/json.py -> build/lib.linux-x86_64-3.7/pandas/io
    copying pandas/io/packers.py -> build/lib.linux-x86_64-3.7/pandas/io
    copying pandas/io/gbq.py -> build/lib.linux-x86_64-3.7/pandas/io
    copying pandas/io/ga.py -> build/lib.linux-x86_64-3.7/pandas/io
    copying pandas/io/wb.py -> build/lib.linux-x86_64-3.7/pandas/io
    copying pandas/io/date_converters.py -> build/lib.linux-x86_64-3.7/pandas/io
    copying pandas/io/pytables.py -> build/lib.linux-x86_64-3.7/pandas/io
    copying pandas/io/sql.py -> build/lib.linux-x86_64-3.7/pandas/io
    creating build/lib.linux-x86_64-3.7/pandas/rpy
    copying pandas/rpy/__init__.py -> build/lib.linux-x86_64-3.7/pandas/rpy
    copying pandas/rpy/vars.py -> build/lib.linux-x86_64-3.7/pandas/rpy
    copying pandas/rpy/common.py -> build/lib.linux-x86_64-3.7/pandas/rpy
    copying pandas/rpy/base.py -> build/lib.linux-x86_64-3.7/pandas/rpy
    copying pandas/rpy/mass.py -> build/lib.linux-x86_64-3.7/pandas/rpy
    creating build/lib.linux-x86_64-3.7/pandas/sandbox
    copying pandas/sandbox/__init__.py -> build/lib.linux-x86_64-3.7/pandas/sandbox
    copying pandas/sandbox/qtpandas.py -> build/lib.linux-x86_64-3.7/pandas/sandbox
    creating build/lib.linux-x86_64-3.7/pandas/sparse
    copying pandas/sparse/__init__.py -> build/lib.linux-x86_64-3.7/pandas/sparse
    copying pandas/sparse/frame.py -> build/lib.linux-x86_64-3.7/pandas/sparse
    copying pandas/sparse/list.py -> build/lib.linux-x86_64-3.7/pandas/sparse
    copying pandas/sparse/api.py -> build/lib.linux-x86_64-3.7/pandas/sparse
    copying pandas/sparse/scipy_sparse.py -> build/lib.linux-x86_64-3.7/pandas/sparse
    copying pandas/sparse/array.py -> build/lib.linux-x86_64-3.7/pandas/sparse
    copying pandas/sparse/panel.py -> build/lib.linux-x86_64-3.7/pandas/sparse
    copying pandas/sparse/series.py -> build/lib.linux-x86_64-3.7/pandas/sparse
    creating build/lib.linux-x86_64-3.7/pandas/sparse/tests
    copying pandas/sparse/tests/test_array.py -> build/lib.linux-x86_64-3.7/pandas/sparse/tests
    copying pandas/sparse/tests/__init__.py -> build/lib.linux-x86_64-3.7/pandas/sparse/tests
    copying pandas/sparse/tests/test_libsparse.py -> build/lib.linux-x86_64-3.7/pandas/sparse/tests
    copying pandas/sparse/tests/test_list.py -> build/lib.linux-x86_64-3.7/pandas/sparse/tests
    copying pandas/sparse/tests/test_sparse.py -> build/lib.linux-x86_64-3.7/pandas/sparse/tests
    creating build/lib.linux-x86_64-3.7/pandas/stats
    copying pandas/stats/misc.py -> build/lib.linux-x86_64-3.7/pandas/stats
    copying pandas/stats/plm.py -> build/lib.linux-x86_64-3.7/pandas/stats
    copying pandas/stats/__init__.py -> build/lib.linux-x86_64-3.7/pandas/stats
    copying pandas/stats/interface.py -> build/lib.linux-x86_64-3.7/pandas/stats
    copying pandas/stats/common.py -> build/lib.linux-x86_64-3.7/pandas/stats
    copying pandas/stats/api.py -> build/lib.linux-x86_64-3.7/pandas/stats
    copying pandas/stats/fama_macbeth.py -> build/lib.linux-x86_64-3.7/pandas/stats
    copying pandas/stats/var.py -> build/lib.linux-x86_64-3.7/pandas/stats
    copying pandas/stats/math.py -> build/lib.linux-x86_64-3.7/pandas/stats
    copying pandas/stats/moments.py -> build/lib.linux-x86_64-3.7/pandas/stats
    copying pandas/stats/ols.py -> build/lib.linux-x86_64-3.7/pandas/stats
    creating build/lib.linux-x86_64-3.7/pandas/util
    copying pandas/util/misc.py -> build/lib.linux-x86_64-3.7/pandas/util
    copying pandas/util/__init__.py -> build/lib.linux-x86_64-3.7/pandas/util
    copying pandas/util/print_versions.py -> build/lib.linux-x86_64-3.7/pandas/util
    copying pandas/util/clipboard.py -> build/lib.linux-x86_64-3.7/pandas/util
    copying pandas/util/terminal.py -> build/lib.linux-x86_64-3.7/pandas/util
    copying pandas/util/doctools.py -> build/lib.linux-x86_64-3.7/pandas/util
    copying pandas/util/testing.py -> build/lib.linux-x86_64-3.7/pandas/util
    copying pandas/util/decorators.py -> build/lib.linux-x86_64-3.7/pandas/util
    creating build/lib.linux-x86_64-3.7/pandas/tests
    copying pandas/tests/test_testing.py -> build/lib.linux-x86_64-3.7/pandas/tests
    copying pandas/tests/test_compat.py -> build/lib.linux-x86_64-3.7/pandas/tests
    copying pandas/tests/test_panel4d.py -> build/lib.linux-x86_64-3.7/pandas/tests
    copying pandas/tests/__init__.py -> build/lib.linux-x86_64-3.7/pandas/tests
    copying pandas/tests/test_multilevel.py -> build/lib.linux-x86_64-3.7/pandas/tests
    copying pandas/tests/test_generic.py -> build/lib.linux-x86_64-3.7/pandas/tests
    copying pandas/tests/test_rplot.py -> build/lib.linux-x86_64-3.7/pandas/tests
    copying pandas/tests/test_indexing.py -> build/lib.linux-x86_64-3.7/pandas/tests
    copying pandas/tests/test_tseries.py -> build/lib.linux-x86_64-3.7/pandas/tests
    copying pandas/tests/test_strings.py -> build/lib.linux-x86_64-3.7/pandas/tests
    copying pandas/tests/test_panel.py -> build/lib.linux-x86_64-3.7/pandas/tests
    copying pandas/tests/test_util.py -> build/lib.linux-x86_64-3.7/pandas/tests
    copying pandas/tests/test_format.py -> build/lib.linux-x86_64-3.7/pandas/tests
    copying pandas/tests/test_index.py -> build/lib.linux-x86_64-3.7/pandas/tests
    copying pandas/tests/test_expressions.py -> build/lib.linux-x86_64-3.7/pandas/tests
    copying pandas/tests/test_nanops.py -> build/lib.linux-x86_64-3.7/pandas/tests
    copying pandas/tests/test_dtypes.py -> build/lib.linux-x86_64-3.7/pandas/tests
    copying pandas/tests/test_categorical.py -> build/lib.linux-x86_64-3.7/pandas/tests
    copying pandas/tests/test_internals.py -> build/lib.linux-x86_64-3.7/pandas/tests
    copying pandas/tests/test_reshape.py -> build/lib.linux-x86_64-3.7/pandas/tests
    copying pandas/tests/test_algos.py -> build/lib.linux-x86_64-3.7/pandas/tests
    copying pandas/tests/test_panelnd.py -> build/lib.linux-x86_64-3.7/pandas/tests
    copying pandas/tests/test_graphics.py -> build/lib.linux-x86_64-3.7/pandas/tests
    copying pandas/tests/test_config.py -> build/lib.linux-x86_64-3.7/pandas/tests
    copying pandas/tests/test_groupby.py -> build/lib.linux-x86_64-3.7/pandas/tests
    copying pandas/tests/test_stats.py -> build/lib.linux-x86_64-3.7/pandas/tests
    copying pandas/tests/test_series.py -> build/lib.linux-x86_64-3.7/pandas/tests
    copying pandas/tests/test_graphics_others.py -> build/lib.linux-x86_64-3.7/pandas/tests
    copying pandas/tests/test_lib.py -> build/lib.linux-x86_64-3.7/pandas/tests
    copying pandas/tests/test_base.py -> build/lib.linux-x86_64-3.7/pandas/tests
    copying pandas/tests/test_frame.py -> build/lib.linux-x86_64-3.7/pandas/tests
    copying pandas/tests/test_common.py -> build/lib.linux-x86_64-3.7/pandas/tests
    creating build/lib.linux-x86_64-3.7/pandas/tests/test_msgpack
    copying pandas/tests/test_msgpack/test_pack.py -> build/lib.linux-x86_64-3.7/pandas/tests/test_msgpack
    copying pandas/tests/test_msgpack/test_limits.py -> build/lib.linux-x86_64-3.7/pandas/tests/test_msgpack
    copying pandas/tests/test_msgpack/__init__.py -> build/lib.linux-x86_64-3.7/pandas/tests/test_msgpack
    copying pandas/tests/test_msgpack/test_obj.py -> build/lib.linux-x86_64-3.7/pandas/tests/test_msgpack
    copying pandas/tests/test_msgpack/test_seq.py -> build/lib.linux-x86_64-3.7/pandas/tests/test_msgpack
    copying pandas/tests/test_msgpack/test_extension.py -> build/lib.linux-x86_64-3.7/pandas/tests/test_msgpack
    copying pandas/tests/test_msgpack/test_read_size.py -> build/lib.linux-x86_64-3.7/pandas/tests/test_msgpack
    copying pandas/tests/test_msgpack/test_case.py -> build/lib.linux-x86_64-3.7/pandas/tests/test_msgpack
    copying pandas/tests/test_msgpack/test_format.py -> build/lib.linux-x86_64-3.7/pandas/tests/test_msgpack
    copying pandas/tests/test_msgpack/test_sequnpack.py -> build/lib.linux-x86_64-3.7/pandas/tests/test_msgpack
    copying pandas/tests/test_msgpack/test_except.py -> build/lib.linux-x86_64-3.7/pandas/tests/test_msgpack
    copying pandas/tests/test_msgpack/test_subtype.py -> build/lib.linux-x86_64-3.7/pandas/tests/test_msgpack
    copying pandas/tests/test_msgpack/test_newspec.py -> build/lib.linux-x86_64-3.7/pandas/tests/test_msgpack
    copying pandas/tests/test_msgpack/test_unpack_raw.py -> build/lib.linux-x86_64-3.7/pandas/tests/test_msgpack
    copying pandas/tests/test_msgpack/test_buffer.py -> build/lib.linux-x86_64-3.7/pandas/tests/test_msgpack
    copying pandas/tests/test_msgpack/test_unpack.py -> build/lib.linux-x86_64-3.7/pandas/tests/test_msgpack
    creating build/lib.linux-x86_64-3.7/pandas/tools
    copying pandas/tools/__init__.py -> build/lib.linux-x86_64-3.7/pandas/tools
    copying pandas/tools/plotting.py -> build/lib.linux-x86_64-3.7/pandas/tools
    copying pandas/tools/tile.py -> build/lib.linux-x86_64-3.7/pandas/tools
    copying pandas/tools/util.py -> build/lib.linux-x86_64-3.7/pandas/tools
    copying pandas/tools/rplot.py -> build/lib.linux-x86_64-3.7/pandas/tools
    copying pandas/tools/merge.py -> build/lib.linux-x86_64-3.7/pandas/tools
    copying pandas/tools/pivot.py -> build/lib.linux-x86_64-3.7/pandas/tools
    creating build/lib.linux-x86_64-3.7/pandas/tools/tests
    copying pandas/tools/tests/__init__.py -> build/lib.linux-x86_64-3.7/pandas/tools/tests
    copying pandas/tools/tests/test_util.py -> build/lib.linux-x86_64-3.7/pandas/tools/tests
    copying pandas/tools/tests/test_merge.py -> build/lib.linux-x86_64-3.7/pandas/tools/tests
    copying pandas/tools/tests/test_tile.py -> build/lib.linux-x86_64-3.7/pandas/tools/tests
    copying pandas/tools/tests/test_pivot.py -> build/lib.linux-x86_64-3.7/pandas/tools/tests
    creating build/lib.linux-x86_64-3.7/pandas/tseries
    copying pandas/tseries/holiday.py -> build/lib.linux-x86_64-3.7/pandas/tseries
    copying pandas/tseries/__init__.py -> build/lib.linux-x86_64-3.7/pandas/tseries
    copying pandas/tseries/plotting.py -> build/lib.linux-x86_64-3.7/pandas/tseries
    copying pandas/tseries/interval.py -> build/lib.linux-x86_64-3.7/pandas/tseries
    copying pandas/tseries/common.py -> build/lib.linux-x86_64-3.7/pandas/tseries
    copying pandas/tseries/tdi.py -> build/lib.linux-x86_64-3.7/pandas/tseries
    copying pandas/tseries/util.py -> build/lib.linux-x86_64-3.7/pandas/tseries
    copying pandas/tseries/base.py -> build/lib.linux-x86_64-3.7/pandas/tseries
    copying pandas/tseries/api.py -> build/lib.linux-x86_64-3.7/pandas/tseries
    copying pandas/tseries/resample.py -> build/lib.linux-x86_64-3.7/pandas/tseries
    copying pandas/tseries/index.py -> build/lib.linux-x86_64-3.7/pandas/tseries
    copying pandas/tseries/period.py -> build/lib.linux-x86_64-3.7/pandas/tseries
    copying pandas/tseries/tools.py -> build/lib.linux-x86_64-3.7/pandas/tseries
    copying pandas/tseries/converter.py -> build/lib.linux-x86_64-3.7/pandas/tseries
    copying pandas/tseries/offsets.py -> build/lib.linux-x86_64-3.7/pandas/tseries
    copying pandas/tseries/frequencies.py -> build/lib.linux-x86_64-3.7/pandas/tseries
    copying pandas/tseries/timedeltas.py -> build/lib.linux-x86_64-3.7/pandas/tseries
    creating build/lib.linux-x86_64-3.7/pandas/tseries/tests
    copying pandas/tseries/tests/test_frequencies.py -> build/lib.linux-x86_64-3.7/pandas/tseries/tests
    copying pandas/tseries/tests/__init__.py -> build/lib.linux-x86_64-3.7/pandas/tseries/tests
    copying pandas/tseries/tests/test_daterange.py -> build/lib.linux-x86_64-3.7/pandas/tseries/tests
    copying pandas/tseries/tests/test_tslib.py -> build/lib.linux-x86_64-3.7/pandas/tseries/tests
    copying pandas/tseries/tests/test_period.py -> build/lib.linux-x86_64-3.7/pandas/tseries/tests
    copying pandas/tseries/tests/test_converter.py -> build/lib.linux-x86_64-3.7/pandas/tseries/tests
    copying pandas/tseries/tests/test_util.py -> build/lib.linux-x86_64-3.7/pandas/tseries/tests
    copying pandas/tseries/tests/test_timeseries_legacy.py -> build/lib.linux-x86_64-3.7/pandas/tseries/tests
    copying pandas/tseries/tests/test_plotting.py -> build/lib.linux-x86_64-3.7/pandas/tseries/tests
    copying pandas/tseries/tests/test_timeseries.py -> build/lib.linux-x86_64-3.7/pandas/tseries/tests
    copying pandas/tseries/tests/test_timedeltas.py -> build/lib.linux-x86_64-3.7/pandas/tseries/tests
    copying pandas/tseries/tests/test_holiday.py -> build/lib.linux-x86_64-3.7/pandas/tseries/tests
    copying pandas/tseries/tests/test_timezones.py -> build/lib.linux-x86_64-3.7/pandas/tseries/tests
    copying pandas/tseries/tests/test_resample.py -> build/lib.linux-x86_64-3.7/pandas/tseries/tests
    copying pandas/tseries/tests/test_offsets.py -> build/lib.linux-x86_64-3.7/pandas/tseries/tests
    copying pandas/tseries/tests/test_base.py -> build/lib.linux-x86_64-3.7/pandas/tseries/tests
    creating build/lib.linux-x86_64-3.7/pandas/io/tests
    copying pandas/io/tests/test_sas.py -> build/lib.linux-x86_64-3.7/pandas/io/tests
    copying pandas/io/tests/test_packers.py -> build/lib.linux-x86_64-3.7/pandas/io/tests
    copying pandas/io/tests/__init__.py -> build/lib.linux-x86_64-3.7/pandas/io/tests
    copying pandas/io/tests/test_html.py -> build/lib.linux-x86_64-3.7/pandas/io/tests
    copying pandas/io/tests/test_wb.py -> build/lib.linux-x86_64-3.7/pandas/io/tests
    copying pandas/io/tests/test_parsers.py -> build/lib.linux-x86_64-3.7/pandas/io/tests
    copying pandas/io/tests/test_cparser.py -> build/lib.linux-x86_64-3.7/pandas/io/tests
    copying pandas/io/tests/test_clipboard.py -> build/lib.linux-x86_64-3.7/pandas/io/tests
    copying pandas/io/tests/test_excel.py -> build/lib.linux-x86_64-3.7/pandas/io/tests
    copying pandas/io/tests/test_ga.py -> build/lib.linux-x86_64-3.7/pandas/io/tests
    copying pandas/io/tests/test_date_converters.py -> build/lib.linux-x86_64-3.7/pandas/io/tests
    copying pandas/io/tests/test_stata.py -> build/lib.linux-x86_64-3.7/pandas/io/tests
    copying pandas/io/tests/generate_legacy_storage_files.py -> build/lib.linux-x86_64-3.7/pandas/io/tests
    copying pandas/io/tests/test_json_norm.py -> build/lib.linux-x86_64-3.7/pandas/io/tests
    copying pandas/io/tests/test_pickle.py -> build/lib.linux-x86_64-3.7/pandas/io/tests
    copying pandas/io/tests/test_gbq.py -> build/lib.linux-x86_64-3.7/pandas/io/tests
    copying pandas/io/tests/test_data.py -> build/lib.linux-x86_64-3.7/pandas/io/tests
    copying pandas/io/tests/test_pytables.py -> build/lib.linux-x86_64-3.7/pandas/io/tests
    copying pandas/io/tests/test_sql.py -> build/lib.linux-x86_64-3.7/pandas/io/tests
    copying pandas/io/tests/test_common.py -> build/lib.linux-x86_64-3.7/pandas/io/tests
    creating build/lib.linux-x86_64-3.7/pandas/io/tests/test_json
    copying pandas/io/tests/test_json/__init__.py -> build/lib.linux-x86_64-3.7/pandas/io/tests/test_json
    copying pandas/io/tests/test_json/test_ujson.py -> build/lib.linux-x86_64-3.7/pandas/io/tests/test_json
    copying pandas/io/tests/test_json/test_pandas.py -> build/lib.linux-x86_64-3.7/pandas/io/tests/test_json
    creating build/lib.linux-x86_64-3.7/pandas/stats/tests
    copying pandas/stats/tests/__init__.py -> build/lib.linux-x86_64-3.7/pandas/stats/tests
    copying pandas/stats/tests/common.py -> build/lib.linux-x86_64-3.7/pandas/stats/tests
    copying pandas/stats/tests/test_math.py -> build/lib.linux-x86_64-3.7/pandas/stats/tests
    copying pandas/stats/tests/test_moments.py -> build/lib.linux-x86_64-3.7/pandas/stats/tests
    copying pandas/stats/tests/test_fama_macbeth.py -> build/lib.linux-x86_64-3.7/pandas/stats/tests
    copying pandas/stats/tests/test_var.py -> build/lib.linux-x86_64-3.7/pandas/stats/tests
    copying pandas/stats/tests/test_ols.py -> build/lib.linux-x86_64-3.7/pandas/stats/tests
    creating build/lib.linux-x86_64-3.7/pandas/msgpack
    copying pandas/msgpack/__init__.py -> build/lib.linux-x86_64-3.7/pandas/msgpack
    copying pandas/msgpack/exceptions.py -> build/lib.linux-x86_64-3.7/pandas/msgpack
    copying pandas/msgpack/_version.py -> build/lib.linux-x86_64-3.7/pandas/msgpack
    creating build/lib.linux-x86_64-3.7/pandas/io/tests/data
    creating build/lib.linux-x86_64-3.7/pandas/io/tests/data/legacy_hdf
    copying pandas/io/tests/data/legacy_hdf/legacy_0.10.h5 -> build/lib.linux-x86_64-3.7/pandas/io/tests/data/legacy_hdf
    copying pandas/io/tests/data/legacy_hdf/pytables_native2.h5 -> build/lib.linux-x86_64-3.7/pandas/io/tests/data/legacy_hdf
    copying pandas/io/tests/data/legacy_hdf/datetimetz_object.h5 -> build/lib.linux-x86_64-3.7/pandas/io/tests/data/legacy_hdf
    copying pandas/io/tests/data/legacy_hdf/legacy_table.h5 -> build/lib.linux-x86_64-3.7/pandas/io/tests/data/legacy_hdf
    copying pandas/io/tests/data/legacy_hdf/pytables_native.h5 -> build/lib.linux-x86_64-3.7/pandas/io/tests/data/legacy_hdf
    copying pandas/io/tests/data/legacy_hdf/legacy.h5 -> build/lib.linux-x86_64-3.7/pandas/io/tests/data/legacy_hdf
    copying pandas/io/tests/data/legacy_hdf/legacy_table_0.11.h5 -> build/lib.linux-x86_64-3.7/pandas/io/tests/data/legacy_hdf
    creating build/lib.linux-x86_64-3.7/pandas/io/tests/data/legacy_pickle
    creating build/lib.linux-x86_64-3.7/pandas/io/tests/data/legacy_pickle/0.14.0
    copying pandas/io/tests/data/legacy_pickle/0.14.0/0.14.0_x86_64_linux_2.7.8.pickle -> build/lib.linux-x86_64-3.7/pandas/io/tests/data/legacy_pickle/0.14.0
    copying pandas/io/tests/data/legacy_pickle/0.14.0/0.14.0_x86_64_darwin_2.7.6.pickle -> build/lib.linux-x86_64-3.7/pandas/io/tests/data/legacy_pickle/0.14.0
    creating build/lib.linux-x86_64-3.7/pandas/io/tests/data/legacy_pickle/0.15.2
    copying pandas/io/tests/data/legacy_pickle/0.15.2/0.15.2_x86_64_darwin_2.7.9.pickle -> build/lib.linux-x86_64-3.7/pandas/io/tests/data/legacy_pickle/0.15.2
    creating build/lib.linux-x86_64-3.7/pandas/io/tests/data/legacy_pickle/0.15.0
    copying pandas/io/tests/data/legacy_pickle/0.15.0/0.15.0_x86_64_linux_2.7.8.pickle -> build/lib.linux-x86_64-3.7/pandas/io/tests/data/legacy_pickle/0.15.0
    creating build/lib.linux-x86_64-3.7/pandas/io/tests/data/legacy_pickle/0.12.0
    copying pandas/io/tests/data/legacy_pickle/0.12.0/0.12.0_x86_64_linux_2.7.3.pickle -> build/lib.linux-x86_64-3.7/pandas/io/tests/data/legacy_pickle/0.12.0
    copying pandas/io/tests/data/legacy_pickle/0.12.0/0.12.0_AMD64_windows_2.7.3.pickle -> build/lib.linux-x86_64-3.7/pandas/io/tests/data/legacy_pickle/0.12.0
    creating build/lib.linux-x86_64-3.7/pandas/io/tests/data/legacy_pickle/0.16.2
    copying pandas/io/tests/data/legacy_pickle/0.16.2/0.16.2_AMD64_windows_3.4.3.pickle -> build/lib.linux-x86_64-3.7/pandas/io/tests/data/legacy_pickle/0.16.2
    copying pandas/io/tests/data/legacy_pickle/0.16.2/0.16.2_x86_64_linux_2.7.10.pickle -> build/lib.linux-x86_64-3.7/pandas/io/tests/data/legacy_pickle/0.16.2
    copying pandas/io/tests/data/legacy_pickle/0.16.2/0.16.2_x86_64_darwin_2.7.9.pickle -> build/lib.linux-x86_64-3.7/pandas/io/tests/data/legacy_pickle/0.16.2
    copying pandas/io/tests/data/legacy_pickle/0.16.2/0.16.2_x86_64_linux_3.4.3.pickle -> build/lib.linux-x86_64-3.7/pandas/io/tests/data/legacy_pickle/0.16.2
    copying pandas/io/tests/data/legacy_pickle/0.16.2/0.16.2_x86_64_darwin_3.4.3.pickle -> build/lib.linux-x86_64-3.7/pandas/io/tests/data/legacy_pickle/0.16.2
    copying pandas/io/tests/data/legacy_pickle/0.16.2/0.16.2_x86_64_darwin_2.7.10.pickle -> build/lib.linux-x86_64-3.7/pandas/io/tests/data/legacy_pickle/0.16.2
    copying pandas/io/tests/data/legacy_pickle/0.16.2/0.16.2_AMD64_windows_2.7.10.pickle -> build/lib.linux-x86_64-3.7/pandas/io/tests/data/legacy_pickle/0.16.2
    creating build/lib.linux-x86_64-3.7/pandas/io/tests/data/legacy_pickle/0.14.1
    copying pandas/io/tests/data/legacy_pickle/0.14.1/0.14.1_x86_64_linux_2.7.8.pickle -> build/lib.linux-x86_64-3.7/pandas/io/tests/data/legacy_pickle/0.14.1
    creating build/lib.linux-x86_64-3.7/pandas/io/tests/data/legacy_pickle/0.10.1
    copying pandas/io/tests/data/legacy_pickle/0.10.1/AMD64_windows_2.7.3.pickle -> build/lib.linux-x86_64-3.7/pandas/io/tests/data/legacy_pickle/0.10.1
    copying pandas/io/tests/data/legacy_pickle/0.10.1/x86_64_linux_2.7.3.pickle -> build/lib.linux-x86_64-3.7/pandas/io/tests/data/legacy_pickle/0.10.1
    creating build/lib.linux-x86_64-3.7/pandas/io/tests/data/legacy_pickle/0.13.0
    copying pandas/io/tests/data/legacy_pickle/0.13.0/0.13.0_x86_64_darwin_2.7.6.pickle -> build/lib.linux-x86_64-3.7/pandas/io/tests/data/legacy_pickle/0.13.0
    copying pandas/io/tests/data/legacy_pickle/0.13.0/0.13.0_x86_64_linux_3.3.0.pickle -> build/lib.linux-x86_64-3.7/pandas/io/tests/data/legacy_pickle/0.13.0
    copying pandas/io/tests/data/legacy_pickle/0.13.0/0.13.0_x86_64_linux_2.7.8.pickle -> build/lib.linux-x86_64-3.7/pandas/io/tests/data/legacy_pickle/0.13.0
    copying pandas/io/tests/data/legacy_pickle/0.13.0/0.13.0_x86_64_linux_2.7.3.pickle -> build/lib.linux-x86_64-3.7/pandas/io/tests/data/legacy_pickle/0.13.0
    copying pandas/io/tests/data/legacy_pickle/0.13.0/0.13.0_i686_linux_2.6.5.pickle -> build/lib.linux-x86_64-3.7/pandas/io/tests/data/legacy_pickle/0.13.0
    copying pandas/io/tests/data/legacy_pickle/0.13.0/0.13.0_AMD64_windows_2.7.3.pickle -> build/lib.linux-x86_64-3.7/pandas/io/tests/data/legacy_pickle/0.13.0
    copying pandas/io/tests/data/legacy_pickle/0.13.0/0.13.0_x86_64_darwin_2.7.5.pickle -> build/lib.linux-x86_64-3.7/pandas/io/tests/data/legacy_pickle/0.13.0
    copying pandas/io/tests/data/legacy_pickle/0.13.0/0.13.0_i686_linux_3.2.3.pickle -> build/lib.linux-x86_64-3.7/pandas/io/tests/data/legacy_pickle/0.13.0
    copying pandas/io/tests/data/legacy_pickle/0.13.0/0.13.0_i686_linux_2.7.3.pickle -> build/lib.linux-x86_64-3.7/pandas/io/tests/data/legacy_pickle/0.13.0
    creating build/lib.linux-x86_64-3.7/pandas/io/tests/data/legacy_pickle/0.11.0
    copying pandas/io/tests/data/legacy_pickle/0.11.0/x86_64_linux_3.3.0.pickle -> build/lib.linux-x86_64-3.7/pandas/io/tests/data/legacy_pickle/0.11.0
    copying pandas/io/tests/data/legacy_pickle/0.11.0/x86_64_linux_2.7.3.pickle -> build/lib.linux-x86_64-3.7/pandas/io/tests/data/legacy_pickle/0.11.0
    copying pandas/io/tests/data/legacy_pickle/0.11.0/0.11.0_x86_64_linux_3.3.0.pickle -> build/lib.linux-x86_64-3.7/pandas/io/tests/data/legacy_pickle/0.11.0
    creating build/lib.linux-x86_64-3.7/pandas/io/tests/data/legacy_pickle/0.16.0
    copying pandas/io/tests/data/legacy_pickle/0.16.0/0.16.0_x86_64_darwin_2.7.9.pickle -> build/lib.linux-x86_64-3.7/pandas/io/tests/data/legacy_pickle/0.16.0
    creating build/lib.linux-x86_64-3.7/pandas/io/tests/data/legacy_msgpack
    creating build/lib.linux-x86_64-3.7/pandas/io/tests/data/legacy_msgpack/0.16.2
    copying pandas/io/tests/data/legacy_msgpack/0.16.2/0.16.2_x86_64_darwin_2.7.9.msgpack -> build/lib.linux-x86_64-3.7/pandas/io/tests/data/legacy_msgpack/0.16.2
    copying pandas/io/tests/data/legacy_msgpack/0.16.2/0.16.2_AMD64_windows_2.7.10.msgpack -> build/lib.linux-x86_64-3.7/pandas/io/tests/data/legacy_msgpack/0.16.2
    copying pandas/io/tests/data/legacy_msgpack/0.16.2/0.16.2_x86_64_linux_3.4.3.msgpack -> build/lib.linux-x86_64-3.7/pandas/io/tests/data/legacy_msgpack/0.16.2
    copying pandas/io/tests/data/legacy_msgpack/0.16.2/0.16.2_AMD64_windows_3.4.3.msgpack -> build/lib.linux-x86_64-3.7/pandas/io/tests/data/legacy_msgpack/0.16.2
    copying pandas/io/tests/data/legacy_msgpack/0.16.2/0.16.2_x86_64_darwin_2.7.10.msgpack -> build/lib.linux-x86_64-3.7/pandas/io/tests/data/legacy_msgpack/0.16.2
    copying pandas/io/tests/data/legacy_msgpack/0.16.2/0.16.2_x86_64_darwin_3.4.3.msgpack -> build/lib.linux-x86_64-3.7/pandas/io/tests/data/legacy_msgpack/0.16.2
    copying pandas/io/tests/data/legacy_msgpack/0.16.2/0.16.2_x86_64_linux_2.7.10.msgpack -> build/lib.linux-x86_64-3.7/pandas/io/tests/data/legacy_msgpack/0.16.2
    creating build/lib.linux-x86_64-3.7/pandas/io/tests/data/legacy_msgpack/0.16.0
    copying pandas/io/tests/data/legacy_msgpack/0.16.0/0.16.0_x86_64_darwin_2.7.9.msgpack -> build/lib.linux-x86_64-3.7/pandas/io/tests/data/legacy_msgpack/0.16.0
    copying pandas/io/tests/data/DRXFCD_G.csv -> build/lib.linux-x86_64-3.7/pandas/io/tests/data
    copying pandas/io/tests/data/test1.csv -> build/lib.linux-x86_64-3.7/pandas/io/tests/data
    copying pandas/io/tests/data/banklist.csv -> build/lib.linux-x86_64-3.7/pandas/io/tests/data
    copying pandas/io/tests/data/test1.csv.gz -> build/lib.linux-x86_64-3.7/pandas/io/tests/data
    copying pandas/io/tests/data/stata6.csv -> build/lib.linux-x86_64-3.7/pandas/io/tests/data
    copying pandas/io/tests/data/test1.csv.bz2 -> build/lib.linux-x86_64-3.7/pandas/io/tests/data
    copying pandas/io/tests/data/iris.csv -> build/lib.linux-x86_64-3.7/pandas/io/tests/data
    copying pandas/io/tests/data/test2.csv -> build/lib.linux-x86_64-3.7/pandas/io/tests/data
    copying pandas/io/tests/data/unicode_series.csv -> build/lib.linux-x86_64-3.7/pandas/io/tests/data
    copying pandas/io/tests/data/stata3.csv -> build/lib.linux-x86_64-3.7/pandas/io/tests/data
    copying pandas/io/tests/data/SSHSV1_A.csv -> build/lib.linux-x86_64-3.7/pandas/io/tests/data
    copying pandas/io/tests/data/tips.csv -> build/lib.linux-x86_64-3.7/pandas/io/tests/data
    copying pandas/io/tests/data/DEMO_G.csv -> build/lib.linux-x86_64-3.7/pandas/io/tests/data
    copying pandas/io/tests/data/stata5.csv -> build/lib.linux-x86_64-3.7/pandas/io/tests/data
    copying pandas/io/tests/data/DEMO_G.XPT -> build/lib.linux-x86_64-3.7/pandas/io/tests/data
    copying pandas/io/tests/data/SSHSV1_A.XPT -> build/lib.linux-x86_64-3.7/pandas/io/tests/data
    copying pandas/io/tests/data/DRXFCD_G.XPT -> build/lib.linux-x86_64-3.7/pandas/io/tests/data
    copying pandas/io/tests/data/stata4_117.dta -> build/lib.linux-x86_64-3.7/pandas/io/tests/data
    copying pandas/io/tests/data/stata3_117.dta -> build/lib.linux-x86_64-3.7/pandas/io/tests/data
    copying pandas/io/tests/data/stata4_115.dta -> build/lib.linux-x86_64-3.7/pandas/io/tests/data
    copying pandas/io/tests/data/stata5_113.dta -> build/lib.linux-x86_64-3.7/pandas/io/tests/data
    copying pandas/io/tests/data/stata8_115.dta -> build/lib.linux-x86_64-3.7/pandas/io/tests/data
    copying pandas/io/tests/data/stata5_117.dta -> build/lib.linux-x86_64-3.7/pandas/io/tests/data
    copying pandas/io/tests/data/stata3_114.dta -> build/lib.linux-x86_64-3.7/pandas/io/tests/data
    copying pandas/io/tests/data/stata7_117.dta -> build/lib.linux-x86_64-3.7/pandas/io/tests/data
    copying pandas/io/tests/data/stata8_113.dta -> build/lib.linux-x86_64-3.7/pandas/io/tests/data
    copying pandas/io/tests/data/stata1_encoding.dta -> build/lib.linux-x86_64-3.7/pandas/io/tests/data
    copying pandas/io/tests/data/stata6_113.dta -> bu[0m[91mild/lib.linux-x86_64-3.7/pandas/io/tests/data
    copying pandas/io/tests/data/stata6_114.dta -> build/lib.linux-x86_64-3.7/pandas/io/tests/data
    copying pandas/io/tests/data/stata1_114.dta -> build/lib.linux-x86_64-3.7/pandas/io/tests/data
    copying pandas/io/tests/data/stata6_117.dta -> build/lib.linux-x86_64-3.7/pandas/io/tests/data
    copying pandas/io/tests/data/stata6_115.dta -> build/lib.linux-x86_64-3.7/pandas/io/tests/data
    copying pandas/io/tests/data/stata3_115.dta -> build/lib.linux-x86_64-3.7/pandas/io/tests/data
    copying pandas/io/tests/data/stata9_117.dta -> build/lib.linux-x86_64-3.7/pandas/io/tests/data
    copying pandas/io/tests/data/stata2_114.dta -> build/lib.linux-x86_64-3.7/pandas/io/tests/data
    copying pandas/io/tests/data/stata10_115.dta -> build/lib.linux-x86_64-3.7/pandas/io/tests/data
    copying pandas/io/tests/data/stata2_117.dta -> build/lib.linux-x86_64-3.7/pandas/io/tests/data
    copying pandas/io/tests/data/stata11_115.dta -> build/lib.linux-x86_64-3.7/pandas/io/tests/data
    copying pandas/io/tests/data/stata12_117.dta -> build/lib.linux-x86_64-3.7/pandas/io/tests/data
    copying pandas/io/tests/data/stata14_118.dta -> build/lib.linux-x86_64-3.7/pandas/io/tests/data
    copying pandas/io/tests/data/stata1_117.dta -> build/lib.linux-x86_64-3.7/pandas/io/tests/data
    copying pandas/io/tests/data/stata2_115.dta -> build/lib.linux-x86_64-3.7/pandas/io/tests/data
    copying pandas/io/tests/data/stata9_115.dta -> build/lib.linux-x86_64-3.7/pandas/io/tests/data
    copying pandas/io/tests/data/stata5_115.dta -> build/lib.linux-x86_64-3.7/pandas/io/tests/data
    copying pandas/io/tests/data/stata5_114.dta -> build/lib.linux-x86_64-3.7/pandas/io/tests/data
    copying pandas/io/tests/data/stata4_113.dta -> build/lib.linux-x86_64-3.7/pandas/io/tests/data
    copying pandas/io/tests/data/stata2_113.dta -> build/lib.linux-x86_64-3.7/pandas/io/tests/data
    copying pandas/io/tests/data/stata11_117.dta -> build/lib.linux-x86_64-3.7/pandas/io/tests/data
    copying pandas/io/tests/data/stata10_117.dta -> build/lib.linux-x86_64-3.7/pandas/io/tests/data
    copying pandas/io/tests/data/stata4_114.dta -> build/lib.linux-x86_64-3.7/pandas/io/tests/data
    copying pandas/io/tests/data/stata8_117.dta -> build/lib.linux-x86_64-3.7/pandas/io/tests/data
    copying pandas/io/tests/data/stata7_115.dta -> build/lib.linux-x86_64-3.7/pandas/io/tests/data
    copying pandas/io/tests/data/stata3_113.dta -> build/lib.linux-x86_64-3.7/pandas/io/tests/data
    copying pandas/io/tests/data/gbq_fake_job.txt -> build/lib.linux-x86_64-3.7/pandas/io/tests/data
    copying pandas/io/tests/data/utf16_ex.txt -> build/lib.linux-x86_64-3.7/pandas/io/tests/data
    copying pandas/io/tests/data/times_1904.xls -> build/lib.linux-x86_64-3.7/pandas/io/tests/data
    copying pandas/io/tests/data/blank.xls -> build/lib.linux-x86_64-3.7/pandas/io/tests/data
    copying pandas/io/tests/data/times_1900.xls -> build/lib.linux-x86_64-3.7/pandas/io/tests/data
    copying pandas/io/tests/data/test_converters.xls -> build/lib.linux-x86_64-3.7/pandas/io/tests/data
    copying pandas/io/tests/data/test1.xls -> build/lib.linux-x86_64-3.7/pandas/io/tests/data
    copying pandas/io/tests/data/test3.xls -> build/lib.linux-x86_64-3.7/pandas/io/tests/data
    copying pandas/io/tests/data/test4.xls -> build/lib.linux-x86_64-3.7/pandas/io/tests/data
    copying pandas/io/tests/data/testmultiindex.xls -> build/lib.linux-x86_64-3.7/pandas/io/tests/data
    copying pandas/io/tests/data/test2.xls -> build/lib.linux-x86_64-3.7/pandas/io/tests/data
    copying pandas/io/tests/data/test_types.xls -> build/lib.linux-x86_64-3.7/pandas/io/tests/data
    copying pandas/io/tests/data/test_index_name_pre17.xls -> build/lib.linux-x86_64-3.7/pandas/io/tests/data
    copying pandas/io/tests/data/blank_with_header.xls -> build/lib.linux-x86_64-3.7/pandas/io/tests/data
    copying pandas/io/tests/data/test_multisheet.xls -> build/lib.linux-x86_64-3.7/pandas/io/tests/data
    copying pandas/io/tests/data/test3.xlsx -> build/lib.linux-x86_64-3.7/pandas/io/tests/data
    copying pandas/io/tests/data/blank.xlsx -> build/lib.linux-x86_64-3.7/pandas/io/tests/data
    copying pandas/io/tests/data/testmultiindex.xlsx -> build/lib.linux-x86_64-3.7/pandas/io/tests/data
    copying pandas/io/tests/data/test1.xlsx -> build/lib.linux-x86_64-3.7/pandas/io/tests/data
    copying pandas/io/tests/data/test_types.xlsx -> build/lib.linux-x86_64-3.7/pandas/io/tests/data
    copying pandas/io/tests/data/test_converters.xlsx -> build/lib.linux-x86_64-3.7/pandas/io/tests/data
    copying pandas/io/tests/data/test2.xlsx -> build/lib.linux-x86_64-3.7/pandas/io/tests/data
    copying pandas/io/tests/data/test_index_name_pre17.xlsx -> build/lib.linux-x86_64-3.7/pandas/io/tests/data
    copying pandas/io/tests/data/test_multisheet.xlsx -> build/lib.linux-x86_64-3.7/pandas/io/tests/data
    copying pandas/io/tests/data/blank_with_header.xlsx -> build/lib.linux-x86_64-3.7/pandas/io/tests/data
    copying pandas/io/tests/data/test4.xlsx -> build/lib.linux-x86_64-3.7/pandas/io/tests/data
    copying pandas/io/tests/data/times_1904.xlsx -> build/lib.linux-x86_64-3.7/pandas/io/tests/data
    copying pandas/io/tests/data/times_1900.xlsx -> build/lib.linux-x86_64-3.7/pandas/io/tests/data
    copying pandas/io/tests/data/test_types.xlsm -> build/lib.linux-x86_64-3.7/pandas/io/tests/data
    copying pandas/io/tests/data/test1.xlsm -> build/lib.linux-x86_64-3.7/pandas/io/tests/data
    copying pandas/io/tests/data/test_converters.xlsm -> build/lib.linux-x86_64-3.7/pandas/io/tests/data
    copying pandas/io/tests/data/test2.xlsm -> build/lib.linux-x86_64-3.7/pandas/io/tests/data
    copying pandas/io/tests/data/test3.xlsm -> build/lib.linux-x86_64-3.7/pandas/io/tests/data
    copying pandas/io/tests/data/test_index_name_pre17.xlsm -> build/lib.linux-x86_64-3.7/pandas/io/tests/data
    copying pandas/io/tests/data/times_1904.xlsm -> build/lib.linux-x86_64-3.7/pandas/io/tests/data
    copying pandas/io/tests/data/test4.xlsm -> build/lib.linux-x86_64-3.7/pandas/io/tests/data
    copying pandas/io/tests/data/testmultiindex.xlsm -> build/lib.linux-x86_64-3.7/pandas/io/tests/data
    copying pandas/io/tests/data/test_multisheet.xlsm -> build/lib.linux-x86_64-3.7/pandas/io/tests/data
    copying pandas/io/tests/data/times_1900.xlsm -> build/lib.linux-x86_64-3.7/pandas/io/tests/data
    copying pandas/io/tests/data/blank_with_header.xlsm -> build/lib.linux-x86_64-3.7/pandas/io/tests/data
    copying pandas/io/tests/data/blank.xlsm -> build/lib.linux-x86_64-3.7/pandas/io/tests/data
    copying pandas/io/tests/data/salary.table -> build/lib.linux-x86_64-3.7/pandas/io/tests/data
    copying pandas/io/tests/data/valid_markup.html -> build/lib.linux-x86_64-3.7/pandas/io/tests/data
    copying pandas/io/tests/data/yahoo_options1.html -> build/lib.linux-x86_64-3.7/pandas/io/tests/data
    copying pandas/io/tests/data/yahoo_options2.html -> build/lib.linux-x86_64-3.7/pandas/io/tests/data
    copying pandas/io/tests/data/yahoo_options3.html -> build/lib.linux-x86_64-3.7/pandas/io/tests/data
    copying pandas/io/tests/data/computer_sales_page.html -> build/lib.linux-x86_64-3.7/pandas/io/tests/data
    copying pandas/io/tests/data/nyse_wsj.html -> build/lib.linux-x86_64-3.7/pandas/io/tests/data
    copying pandas/io/tests/data/wikipedia_states.html -> build/lib.linux-x86_64-3.7/pandas/io/tests/data
    copying pandas/io/tests/data/banklist.html -> build/lib.linux-x86_64-3.7/pandas/io/tests/data
    copying pandas/io/tests/data/spam.html -> build/lib.linux-x86_64-3.7/pandas/io/tests/data
    copying pandas/io/tests/data/macau.html -> build/lib.linux-x86_64-3.7/pandas/io/tests/data
    creating build/lib.linux-x86_64-3.7/pandas/io/tests/data/html_encoding
    copying pandas/io/tests/data/html_encoding/letz_latin1.html -> build/lib.linux-x86_64-3.7/pandas/io/tests/data/html_encoding
    copying pandas/io/tests/data/html_encoding/chinese_utf-8.html -> build/lib.linux-x86_64-3.7/pandas/io/tests/data/html_encoding
    copying pandas/io/tests/data/html_encoding/chinese_utf-32.html -> build/lib.linux-x86_64-3.7/pandas/io/tests/data/html_encoding
    copying pandas/io/tests/data/html_encoding/chinese_utf-16.html -> build/lib.linux-x86_64-3.7/pandas/io/tests/data/html_encoding
    creating build/lib.linux-x86_64-3.7/pandas/io/tests/test_json/data
    copying pandas/io/tests/test_json/data/tsframe_iso_v012.json -> build/lib.linux-x86_64-3.7/pandas/io/tests/test_json/data
    copying pandas/io/tests/test_json/data/tsframe_v012.json -> build/lib.linux-x86_64-3.7/pandas/io/tests/test_json/data
    creating build/lib.linux-x86_64-3.7/pandas/tests/data
    copying pandas/tests/data/s1-0.12.0.pickle -> build/lib.linux-x86_64-3.7/pandas/tests/data
    copying pandas/tests/data/multiindex_v1.pickle -> build/lib.linux-x86_64-3.7/pandas/tests/data
    copying pandas/tests/data/categorical_0_15_2.pickle -> build/lib.linux-x86_64-3.7/pandas/tests/data
    copying pandas/tests/data/s2-0.12.0.pickle -> build/lib.linux-x86_64-3.7/pandas/tests/data
    copying pandas/tests/data/mindex_073.pickle -> build/lib.linux-x86_64-3.7/pandas/tests/data
    copying pandas/tests/data/categorical_0_14_1.pickle -> build/lib.linux-x86_64-3.7/pandas/tests/data
    copying pandas/tests/data/iris.csv -> build/lib.linux-x86_64-3.7/pandas/tests/data
    copying pandas/tests/data/unicode_series.csv -> build/lib.linux-x86_64-3.7/pandas/tests/data
    copying pandas/tests/data/tips.csv -> build/lib.linux-x86_64-3.7/pandas/tests/data
    copying pandas/tools/tests/cut_data.csv -> build/lib.linux-x86_64-3.7/pandas/tools/tests
    creating build/lib.linux-x86_64-3.7/pandas/tseries/tests/data
    copying pandas/tseries/tests/data/cday-0.14.1.pickle -> build/lib.linux-x86_64-3.7/pandas/tseries/tests/data
    copying pandas/tseries/tests/data/daterange_073.pickle -> build/lib.linux-x86_64-3.7/pandas/tseries/tests/data
    copying pandas/tseries/tests/data/frame.pickle -> build/lib.linux-x86_64-3.7/pandas/tseries/tests/data
    copying pandas/tseries/tests/data/series_daterange0.pickle -> build/lib.linux-x86_64-3.7/pandas/tseries/tests/data
    copying pandas/tseries/tests/data/series.pickle -> build/lib.linux-x86_64-3.7/pandas/tseries/tests/data
    copying pandas/tseries/tests/data/dateoffset_0_15_2.pickle -> build/lib.linux-x86_64-3.7/pandas/tseries/tests/data
    UPDATING build/lib.linux-x86_64-3.7/pandas/_version.py
    set build/lib.linux-x86_64-3.7/pandas/_version.py to '0.17.0'
    running build_ext
    Traceback (most recent call last):
      File "<string>", line 1, in <module>
      File "/tmp/pip-install-pulgm0su/pandas/setup.py", line 566, in <module>
        **setuptools_kwargs)
      File "/srv/conda/envs/notebook/lib/python3.7/site-packages/setuptools/__init__.py", line 145, in setup
        return distutils.core.setup(**attrs)
      File "/srv/conda/envs/notebook/lib/python3.7/distutils/core.py", line 148, in setup
        dist.run_commands()
      File "/srv/conda/envs/notebook/lib/python3.7/distutils/dist.py", line 966, in run_commands
        self.run_command(cmd)
      File "/srv/conda/envs/notebook/lib/python3.7/distutils/dist.py", line 985, in run_command
        cmd_obj.run()
      File "/srv/conda/envs/notebook/lib/python3.7/site-packages/setuptools/command/install.py", line 61, in run
        return orig.install.run(self)
      File "/srv/conda/envs/notebook/lib/python3.7/distutils/command/install.py", line 545, in run
        self.run_command('build')
      File "/srv/conda/envs/notebook/lib/python3.7/distutils/cmd.py", line 313, in run_command
        self.distribution.run_command(command)
      File "/srv/conda/envs/notebook/lib/python3.7/distutils/dist.py", line 985, in run_command
        cmd_obj.run()
      File "/srv/conda/envs/notebook/lib/python3.7/distutils/command/build.py", line 135, in run
        self.run_command(cmd_name)
      File "/srv/conda/envs/notebook/lib/python3.7/distutils/cmd.py", line 313, in run_command
        self.distribution.run_command(command)
      File "/srv/conda/envs/notebook/lib/python3.7/distutils/dist.py", line 985, in run_command
        cmd_obj.run()
      File "/srv/conda/envs/notebook/lib/python3.7/distutils/command/build_ext.py", line 340, in run
        self.build_extensions()
      File "/tmp/pip-install-pulgm0su/pandas/setup.py", line 304, in build_extensions
        self.check_cython_extensions(self.extensions)
      File "/tmp/pip-install-pulgm0su/pandas/setup.py", line 301, in check_cython_extensions
        """ % src)
    Exception: Cython-generated file 'pandas/lib.c' not found.
                    Cython is required to compile pandas from a development branch.
                    Please install Cython or download a release package of pandas.
    
    ----------------------------------------
[0m[91mERROR: Command errored out with exit status 1: /srv/conda/envs/notebook/bin/python -u -c 'import sys, setuptools, tokenize; sys.argv[0] = '"'"'/tmp/pip-install-pulgm0su/pandas/setup.py'"'"'; __file__='"'"'/tmp/pip-install-pulgm0su/pandas/setup.py'"'"';f=getattr(tokenize, '"'"'open'"'"', open)(__file__);code=f.read().replace('"'"'\r\n'"'"', '"'"'\n'"'"');f.close();exec(compile(code, __file__, '"'"'exec'"'"'))' install --record /tmp/pip-record-9ivkogod/install-record.txt --single-version-externally-managed --compile --install-headers /srv/conda/envs/notebook/include/python3.7m/pandas Check the logs for full command output.
[0mRemoving intermediate container f1622c286e8a
The command '/bin/sh -c ${KERNEL_PYTHON_PREFIX}/bin/pip install --no-cache-dir -r "requirements.txt"' returned a non-zero code: 1Traceback (most recent call last):
  File "/usr/local/lib/python3.8/dist-packages/repo2docker_checker/checker.py", line 318, in test_one_repo
    image, checkout_path = build_repo(
  File "/usr/local/lib/python3.8/dist-packages/repo2docker_checker/checker.py", line 128, in build_repo
    run(
  File "/usr/lib/python3.8/subprocess.py", line 512, in run
    raise CalledProcessError(retcode, process.args,
subprocess.CalledProcessError: Command '['jupyter-repo2docker', '--no-run', '--no-clean', '--image-name', 'r2d-test-github.com-dvdwllc-stomping-grounds:dafd419', '/tmp/r2d-test-2020-07-16T07.124j75sg7x/github.com/dvdwllc/stomping-grounds']' returned non-zero exit status 1.
